<?xml version="1.0" encoding="UTF-8"?>
<coverage generated="1784191020491" clover="3.2.0">
  <project timestamp="1784191020491" name="All files">
    <metrics statements="1402" coveredstatements="882" conditionals="956" coveredconditionals="615" methods="437" coveredmethods="238" elements="2795" coveredelements="1735" complexity="0" loc="1402" ncloc="1402" packages="18" files="78" classes="78"/>
    <package name="src">
      <metrics statements="1" coveredstatements="0" conditionals="0" coveredconditionals="0" methods="1" coveredmethods="0"/>
      <file name="App.jsx" path="/Users/kenneth/Claude/Code/loyalty-admin-dashboard/src/App.jsx">
        <metrics statements="1" coveredstatements="0" conditionals="0" coveredconditionals="0" methods="1" coveredmethods="0"/>
        <line num="18" count="0" type="stmt"/>
      </file>
    </package>
    <package name="src.api">
      <metrics statements="92" coveredstatements="3" conditionals="61" coveredconditionals="0" methods="53" coveredmethods="1"/>
      <file name="authToken.js" path="/Users/kenneth/Claude/Code/loyalty-admin-dashboard/src/api/authToken.js">
        <metrics statements="6" coveredstatements="3" conditionals="0" coveredconditionals="0" methods="5" coveredmethods="1"/>
        <line num="14" count="8" type="stmt"/>
        <line num="15" count="8" type="stmt"/>
        <line num="18" count="0" type="stmt"/>
        <line num="22" count="0" type="stmt"/>
        <line num="26" count="128" type="stmt"/>
        <line num="30" count="0" type="stmt"/>
      </file>
      <file name="client.js" path="/Users/kenneth/Claude/Code/loyalty-admin-dashboard/src/api/client.js">
        <metrics statements="86" coveredstatements="0" conditionals="61" coveredconditionals="0" methods="48" coveredmethods="0"/>
        <line num="4" count="0" type="cond" truecount="0" falsecount="2"/>
        <line num="9" count="0" type="stmt"/>
        <line num="16" count="0" type="stmt"/>
        <line num="20" count="0" type="stmt"/>
        <line num="21" count="0" type="stmt"/>
        <line num="22" count="0" type="stmt"/>
        <line num="30" count="0" type="stmt"/>
        <line num="31" count="0" type="stmt"/>
        <line num="32" count="0" type="cond" truecount="0" falsecount="2"/>
        <line num="33" count="0" type="stmt"/>
        <line num="35" count="0" type="cond" truecount="0" falsecount="2"/>
        <line num="36" count="0" type="stmt"/>
        <line num="40" count="0" type="stmt"/>
        <line num="41" count="0" type="stmt"/>
        <line num="47" count="0" type="stmt"/>
        <line num="50" count="0" type="cond" truecount="0" falsecount="4"/>
        <line num="51" count="0" type="stmt"/>
        <line num="54" count="0" type="cond" truecount="0" falsecount="2"/>
        <line num="55" count="0" type="stmt"/>
        <line num="56" count="0" type="stmt"/>
        <line num="57" count="0" type="stmt"/>
        <line num="58" count="0" type="cond" truecount="0" falsecount="2"/>
        <line num="62" count="0" type="stmt"/>
        <line num="65" count="0" type="cond" truecount="0" falsecount="2"/>
        <line num="66" count="0" type="stmt"/>
        <line num="68" count="0" type="stmt"/>
        <line num="76" count="0" type="stmt"/>
        <line num="87" count="0" type="stmt"/>
        <line num="95" count="0" type="stmt"/>
        <line num="111" count="0" type="stmt"/>
        <line num="125" count="0" type="stmt"/>
        <line num="130" count="0" type="stmt"/>
        <line num="133" count="0" type="stmt"/>
        <line num="135" count="0" type="stmt"/>
        <line num="136" count="0" type="stmt"/>
        <line num="137" count="0" type="stmt"/>
        <line num="138" count="0" type="stmt"/>
        <line num="140" count="0" type="stmt"/>
        <line num="152" count="0" type="stmt"/>
        <line num="156" count="0" type="stmt"/>
        <line num="160" count="0" type="stmt"/>
        <line num="164" count="0" type="stmt"/>
        <line num="172" count="0" type="stmt"/>
        <line num="176" count="0" type="stmt"/>
        <line num="183" count="0" type="stmt"/>
        <line num="191" count="0" type="stmt"/>
        <line num="204" count="0" type="stmt"/>
        <line num="212" count="0" type="stmt"/>
        <line num="220" count="0" type="stmt"/>
        <line num="231" count="0" type="stmt"/>
        <line num="243" count="0" type="stmt"/>
        <line num="247" count="0" type="stmt"/>
        <line num="254" count="0" type="stmt"/>
        <line num="262" count="0" type="stmt"/>
        <line num="270" count="0" type="stmt"/>
        <line num="282" count="0" type="stmt"/>
        <line num="289" count="0" type="stmt"/>
        <line num="306" count="0" type="stmt"/>
        <line num="314" count="0" type="cond" truecount="0" falsecount="2"/>
        <line num="315" count="0" type="stmt"/>
        <line num="323" count="0" type="stmt"/>
        <line num="327" count="0" type="stmt"/>
        <line num="340" count="0" type="stmt"/>
        <line num="348" count="0" type="stmt"/>
        <line num="352" count="0" type="stmt"/>
        <line num="353" count="0" type="stmt"/>
        <line num="371" count="0" type="stmt"/>
        <line num="375" count="0" type="stmt"/>
        <line num="383" count="0" type="stmt"/>
        <line num="395" count="0" type="stmt"/>
        <line num="407" count="0" type="stmt"/>
        <line num="415" count="0" type="stmt"/>
        <line num="419" count="0" type="stmt"/>
        <line num="431" count="0" type="stmt"/>
        <line num="435" count="0" type="stmt"/>
        <line num="440" count="0" type="stmt"/>
        <line num="441" count="0" type="stmt"/>
        <line num="467" count="0" type="stmt"/>
        <line num="468" count="0" type="stmt"/>
        <line num="485" count="0" type="stmt"/>
        <line num="492" count="0" type="stmt"/>
        <line num="496" count="0" type="stmt"/>
        <line num="497" count="0" type="stmt"/>
        <line num="509" count="0" type="stmt"/>
        <line num="510" count="0" type="stmt"/>
        <line num="521" count="0" type="stmt"/>
      </file>
    </package>
    <package name="src.components.auth">
      <metrics statements="16" coveredstatements="16" conditionals="8" coveredconditionals="8" methods="2" coveredmethods="2"/>
      <file name="ProtectedRoute.jsx" path="/Users/kenneth/Claude/Code/loyalty-admin-dashboard/src/components/auth/ProtectedRoute.jsx">
        <metrics statements="8" coveredstatements="8" conditionals="4" coveredconditionals="4" methods="1" coveredmethods="1"/>
        <line num="20" count="7" type="stmt"/>
        <line num="21" count="7" type="stmt"/>
        <line num="23" count="7" type="cond" truecount="2" falsecount="0"/>
        <line num="24" count="4" type="stmt"/>
        <line num="26" count="3" type="cond" truecount="2" falsecount="0"/>
        <line num="27" count="1" type="stmt"/>
        <line num="30" count="2" type="stmt"/>
        <line num="33" count="1" type="stmt"/>
      </file>
      <file name="SuperAdminRoute.jsx" path="/Users/kenneth/Claude/Code/loyalty-admin-dashboard/src/components/auth/SuperAdminRoute.jsx">
        <metrics statements="8" coveredstatements="8" conditionals="4" coveredconditionals="4" methods="1" coveredmethods="1"/>
        <line num="12" count="8" type="stmt"/>
        <line num="13" count="8" type="stmt"/>
        <line num="15" count="8" type="cond" truecount="2" falsecount="0"/>
        <line num="16" count="2" type="stmt"/>
        <line num="18" count="6" type="cond" truecount="2" falsecount="0"/>
        <line num="19" count="4" type="stmt"/>
        <line num="22" count="2" type="stmt"/>
        <line num="25" count="1" type="stmt"/>
      </file>
    </package>
    <package name="src.components.campaigns">
      <metrics statements="39" coveredstatements="23" conditionals="55" coveredconditionals="35" methods="10" coveredmethods="8"/>
      <file name="CampaignCard.jsx" path="/Users/kenneth/Claude/Code/loyalty-admin-dashboard/src/components/campaigns/CampaignCard.jsx">
        <metrics statements="4" coveredstatements="4" conditionals="14" coveredconditionals="13" methods="1" coveredmethods="1"/>
        <line num="11" count="14" type="stmt"/>
        <line num="12" count="14" type="cond" truecount="2" falsecount="0"/>
        <line num="14" count="14" type="stmt"/>
        <line num="75" count="1" type="stmt"/>
      </file>
      <file name="CampaignForm.jsx" path="/Users/kenneth/Claude/Code/loyalty-admin-dashboard/src/components/campaigns/CampaignForm.jsx">
        <metrics statements="26" coveredstatements="10" conditionals="25" coveredconditionals="6" methods="6" coveredmethods="4"/>
        <line num="9" count="1" type="stmt"/>
        <line num="18" count="0" type="cond" truecount="0" falsecount="2"/>
        <line num="19" count="0" type="cond" truecount="0" falsecount="4"/>
        <line num="20" count="0" type="cond" truecount="0" falsecount="2"/>
        <line num="21" count="0" type="cond" truecount="0" falsecount="2"/>
        <line num="22" count="0" type="cond" truecount="0" falsecount="4"/>
        <line num="23" count="0" type="stmt"/>
        <line num="25" count="0" type="stmt"/>
        <line num="29" count="26" type="stmt"/>
        <line num="30" count="26" type="stmt"/>
        <line num="31" count="26" type="stmt"/>
        <line num="33" count="130" type="stmt"/>
        <line num="34" count="13" type="stmt"/>
        <line num="35" count="13" type="stmt"/>
        <line num="38" count="26" type="stmt"/>
        <line num="39" count="0" type="stmt"/>
        <line num="40" count="0" type="stmt"/>
        <line num="41" count="0" type="cond" truecount="0" falsecount="2"/>
        <line num="42" count="0" type="stmt"/>
        <line num="43" count="0" type="stmt"/>
        <line num="45" count="0" type="stmt"/>
        <line num="46" count="0" type="stmt"/>
        <line num="47" count="0" type="stmt"/>
        <line num="54" count="0" type="stmt"/>
        <line num="60" count="26" type="stmt"/>
        <line num="138" count="1" type="stmt"/>
      </file>
      <file name="CampaignList.jsx" path="/Users/kenneth/Claude/Code/loyalty-admin-dashboard/src/components/campaigns/CampaignList.jsx">
        <metrics statements="9" coveredstatements="9" conditionals="16" coveredconditionals="16" methods="3" coveredmethods="3"/>
        <line num="12" count="12" type="stmt"/>
        <line num="13" count="12" type="stmt"/>
        <line num="17" count="12" type="cond" truecount="4" falsecount="0"/>
        <line num="18" count="1" type="stmt"/>
        <line num="21" count="11" type="cond" truecount="4" falsecount="0"/>
        <line num="22" count="1" type="stmt"/>
        <line num="31" count="10" type="stmt"/>
        <line num="59" count="19" type="stmt"/>
        <line num="71" count="1" type="stmt"/>
      </file>
    </package>
    <package name="src.components.common">
      <metrics statements="71" coveredstatements="70" conditionals="117" coveredconditionals="111" methods="21" coveredmethods="20"/>
      <file name="Badge.jsx" path="/Users/kenneth/Claude/Code/loyalty-admin-dashboard/src/components/common/Badge.jsx">
        <metrics statements="3" coveredstatements="3" conditionals="7" coveredconditionals="6" methods="1" coveredmethods="1"/>
        <line num="4" count="4" type="stmt"/>
        <line num="14" count="163" type="stmt"/>
        <line num="30" count="4" type="stmt"/>
      </file>
      <file name="Button.jsx" path="/Users/kenneth/Claude/Code/loyalty-admin-dashboard/src/components/common/Button.jsx">
        <metrics statements="3" coveredstatements="3" conditionals="18" coveredconditionals="17" methods="1" coveredmethods="1"/>
        <line num="5" count="8" type="stmt"/>
        <line num="27" count="2854" type="stmt"/>
        <line num="49" count="8" type="stmt"/>
      </file>
      <file name="Card.jsx" path="/Users/kenneth/Claude/Code/loyalty-admin-dashboard/src/components/common/Card.jsx">
        <metrics statements="4" coveredstatements="4" conditionals="15" coveredconditionals="14" methods="2" coveredmethods="2"/>
        <line num="15" count="76" type="stmt"/>
        <line num="31" count="5" type="stmt"/>
        <line num="39" count="42" type="stmt"/>
        <line num="57" count="5" type="stmt"/>
      </file>
      <file name="EmptyState.jsx" path="/Users/kenneth/Claude/Code/loyalty-admin-dashboard/src/components/common/EmptyState.jsx">
        <metrics statements="2" coveredstatements="2" conditionals="6" coveredconditionals="6" methods="1" coveredmethods="1"/>
        <line num="5" count="26" type="stmt"/>
        <line num="18" count="5" type="stmt"/>
      </file>
      <file name="Input.jsx" path="/Users/kenneth/Claude/Code/loyalty-admin-dashboard/src/components/common/Input.jsx">
        <metrics statements="2" coveredstatements="2" conditionals="19" coveredconditionals="18" methods="1" coveredmethods="1"/>
        <line num="14" count="1452" type="stmt"/>
        <line num="50" count="4" type="stmt"/>
      </file>
      <file name="LoadingSpinner.jsx" path="/Users/kenneth/Claude/Code/loyalty-admin-dashboard/src/components/common/LoadingSpinner.jsx">
        <metrics statements="2" coveredstatements="2" conditionals="5" coveredconditionals="5" methods="1" coveredmethods="1"/>
        <line num="6" count="18" type="stmt"/>
        <line num="18" count="6" type="stmt"/>
      </file>
      <file name="Modal.jsx" path="/Users/kenneth/Claude/Code/loyalty-admin-dashboard/src/components/common/Modal.jsx">
        <metrics statements="9" coveredstatements="9" conditionals="9" coveredconditionals="9" methods="4" coveredmethods="4"/>
        <line num="6" count="1391" type="stmt"/>
        <line num="7" count="1390" type="cond" truecount="2" falsecount="0"/>
        <line num="8" count="1386" type="stmt"/>
        <line num="9" count="1503" type="cond" truecount="2" falsecount="0"/>
        <line num="11" count="1386" type="stmt"/>
        <line num="12" count="1386" type="stmt"/>
        <line num="15" count="1391" type="cond" truecount="2" falsecount="0"/>
        <line num="17" count="1387" type="stmt"/>
        <line num="45" count="4" type="stmt"/>
      </file>
      <file name="Pagination.jsx" path="/Users/kenneth/Claude/Code/loyalty-admin-dashboard/src/components/common/Pagination.jsx">
        <metrics statements="6" coveredstatements="6" conditionals="5" coveredconditionals="5" methods="3" coveredmethods="3"/>
        <line num="6" count="41" type="cond" truecount="2" falsecount="0"/>
        <line num="7" count="41" type="cond" truecount="2" falsecount="0"/>
        <line num="9" count="41" type="stmt"/>
        <line num="21" count="1" type="stmt"/>
        <line num="30" count="2" type="stmt"/>
        <line num="41" count="3" type="stmt"/>
      </file>
      <file name="RateConfigModal.jsx" path="/Users/kenneth/Claude/Code/loyalty-admin-dashboard/src/components/common/RateConfigModal.jsx">
        <metrics statements="40" coveredstatements="39" conditionals="33" coveredconditionals="31" methods="7" coveredmethods="6"/>
        <line num="19" count="33" type="stmt"/>
        <line num="20" count="33" type="stmt"/>
        <line num="21" count="33" type="stmt"/>
        <line num="22" count="33" type="stmt"/>
        <line num="23" count="33" type="stmt"/>
        <line num="26" count="33" type="cond" truecount="2" falsecount="0"/>
        <line num="27" count="33" type="cond" truecount="2" falsecount="0"/>
        <line num="28" count="33" type="cond" truecount="2" falsecount="0"/>
        <line num="31" count="33" type="cond" truecount="2" falsecount="0"/>
        <line num="35" count="33" type="stmt"/>
        <line num="36" count="12" type="cond" truecount="2" falsecount="0"/>
        <line num="37" count="11" type="stmt"/>
        <line num="38" count="11" type="stmt"/>
        <line num="39" count="11" type="stmt"/>
        <line num="40" count="11" type="stmt"/>
        <line num="41" count="11" type="stmt"/>
        <line num="47" count="33" type="cond" truecount="2" falsecount="0"/>
        <line num="49" count="32" type="stmt"/>
        <line num="50" count="2" type="stmt"/>
        <line num="51" count="2" type="stmt"/>
        <line num="54" count="32" type="stmt"/>
        <line num="55" count="3" type="stmt"/>
        <line num="56" count="3" type="stmt"/>
        <line num="57" count="3" type="stmt"/>
        <line num="58" count="3" type="stmt"/>
        <line num="59" count="3" type="cond" truecount="6" falsecount="0"/>
        <line num="60" count="1" type="stmt"/>
        <line num="61" count="1" type="stmt"/>
        <line num="63" count="2" type="cond" truecount="4" falsecount="0"/>
        <line num="64" count="1" type="stmt"/>
        <line num="65" count="1" type="stmt"/>
        <line num="67" count="1" type="stmt"/>
        <line num="68" count="1" type="stmt"/>
        <line num="69" count="1" type="stmt"/>
        <line num="74" count="1" type="stmt"/>
        <line num="80" count="32" type="stmt"/>
        <line num="96" count="3" type="stmt"/>
        <line num="107" count="0" type="stmt"/>
        <line num="118" count="2" type="stmt"/>
        <line num="142" count="1" type="stmt"/>
      </file>
    </package>
    <package name="src.components.exchange">
      <metrics statements="97" coveredstatements="62" conditionals="70" coveredconditionals="47" methods="22" coveredmethods="17"/>
      <file name="CreateExchangeProviderModal.jsx" path="/Users/kenneth/Claude/Code/loyalty-admin-dashboard/src/components/exchange/CreateExchangeProviderModal.jsx">
        <metrics statements="36" coveredstatements="15" conditionals="12" coveredconditionals="2" methods="7" coveredmethods="4"/>
        <line num="10" count="1" type="stmt"/>
        <line num="11" count="1" type="stmt"/>
        <line num="14" count="32" type="stmt"/>
        <line num="15" count="32" type="stmt"/>
        <line num="16" count="32" type="stmt"/>
        <line num="17" count="32" type="stmt"/>
        <line num="18" count="32" type="stmt"/>
        <line num="19" count="32" type="stmt"/>
        <line num="21" count="32" type="stmt"/>
        <line num="22" count="0" type="stmt"/>
        <line num="23" count="0" type="stmt"/>
        <line num="24" count="0" type="stmt"/>
        <line num="25" count="0" type="stmt"/>
        <line num="26" count="0" type="stmt"/>
        <line num="27" count="0" type="stmt"/>
        <line num="28" count="0" type="stmt"/>
        <line num="31" count="32" type="stmt"/>
        <line num="32" count="0" type="stmt"/>
        <line num="33" count="0" type="cond" truecount="0" falsecount="4"/>
        <line num="34" count="0" type="stmt"/>
        <line num="35" count="0" type="stmt"/>
        <line num="37" count="0" type="stmt"/>
        <line num="38" count="0" type="stmt"/>
        <line num="39" count="0" type="cond" truecount="0" falsecount="4"/>
        <line num="40" count="0" type="stmt"/>
        <line num="41" count="0" type="stmt"/>
        <line num="43" count="0" type="stmt"/>
        <line num="44" count="0" type="stmt"/>
        <line num="45" count="0" type="stmt"/>
        <line num="51" count="0" type="stmt"/>
        <line num="57" count="32" type="stmt"/>
        <line num="71" count="8" type="stmt"/>
        <line num="81" count="8" type="stmt"/>
        <line num="92" count="2" type="stmt"/>
        <line num="104" count="0" type="stmt"/>
        <line num="124" count="1" type="stmt"/>
      </file>
      <file name="EditExchangeProviderModal.jsx" path="/Users/kenneth/Claude/Code/loyalty-admin-dashboard/src/components/exchange/EditExchangeProviderModal.jsx">
        <metrics statements="39" coveredstatements="25" conditionals="15" coveredconditionals="6" methods="8" coveredmethods="6"/>
        <line num="10" count="1" type="stmt"/>
        <line num="13" count="52" type="stmt"/>
        <line num="14" count="52" type="stmt"/>
        <line num="15" count="52" type="stmt"/>
        <line num="16" count="52" type="stmt"/>
        <line num="17" count="52" type="stmt"/>
        <line num="18" count="52" type="stmt"/>
        <line num="20" count="52" type="stmt"/>
        <line num="21" count="16" type="cond" truecount="2" falsecount="0"/>
        <line num="22" count="15" type="stmt"/>
        <line num="23" count="15" type="stmt"/>
        <line num="24" count="15" type="stmt"/>
        <line num="25" count="15" type="stmt"/>
        <line num="26" count="15" type="stmt"/>
        <line num="27" count="15" type="stmt"/>
        <line num="33" count="52" type="cond" truecount="2" falsecount="0"/>
        <line num="35" count="51" type="stmt"/>
        <line num="36" count="1" type="stmt"/>
        <line num="37" count="1" type="stmt"/>
        <line num="40" count="51" type="stmt"/>
        <line num="41" count="0" type="stmt"/>
        <line num="42" count="0" type="cond" truecount="0" falsecount="2"/>
        <line num="43" count="0" type="stmt"/>
        <line num="44" count="0" type="stmt"/>
        <line num="46" count="0" type="stmt"/>
        <line num="47" count="0" type="stmt"/>
        <line num="48" count="0" type="cond" truecount="0" falsecount="4"/>
        <line num="49" count="0" type="stmt"/>
        <line num="50" count="0" type="stmt"/>
        <line num="52" count="0" type="stmt"/>
        <line num="53" count="0" type="stmt"/>
        <line num="54" count="0" type="stmt"/>
        <line num="60" count="0" type="stmt"/>
        <line num="66" count="51" type="stmt"/>
        <line num="79" count="17" type="stmt"/>
        <line num="91" count="3" type="stmt"/>
        <line num="102" count="0" type="stmt"/>
        <line num="108" count="1" type="stmt"/>
        <line num="130" count="1" type="stmt"/>
      </file>
      <file name="ExchangeProviderCard.jsx" path="/Users/kenneth/Claude/Code/loyalty-admin-dashboard/src/components/exchange/ExchangeProviderCard.jsx">
        <metrics statements="6" coveredstatements="6" conditionals="12" coveredconditionals="12" methods="3" coveredmethods="3"/>
        <line num="9" count="26" type="cond" truecount="2" falsecount="0"/>
        <line num="10" count="26" type="stmt"/>
        <line num="24" count="1" type="stmt"/>
        <line num="31" count="13" type="stmt"/>
        <line num="61" count="1" type="stmt"/>
        <line num="69" count="1" type="stmt"/>
      </file>
      <file name="ExchangeProviderGrid.jsx" path="/Users/kenneth/Claude/Code/loyalty-admin-dashboard/src/components/exchange/ExchangeProviderGrid.jsx">
        <metrics statements="7" coveredstatements="7" conditionals="9" coveredconditionals="9" methods="2" coveredmethods="2"/>
        <line num="9" count="10" type="cond" truecount="4" falsecount="0"/>
        <line num="10" count="1" type="stmt"/>
        <line num="13" count="9" type="cond" truecount="4" falsecount="0"/>
        <line num="14" count="1" type="stmt"/>
        <line num="23" count="8" type="stmt"/>
        <line num="26" count="15" type="stmt"/>
        <line num="32" count="1" type="stmt"/>
      </file>
      <file name="ExchangeRequestsTable.jsx" path="/Users/kenneth/Claude/Code/loyalty-admin-dashboard/src/components/exchange/ExchangeRequestsTable.jsx">
        <metrics statements="9" coveredstatements="9" conditionals="22" coveredconditionals="18" methods="2" coveredmethods="2"/>
        <line num="11" count="1" type="stmt"/>
        <line num="17" count="1" type="stmt"/>
        <line num="23" count="17" type="cond" truecount="2" falsecount="0"/>
        <line num="24" count="17" type="cond" truecount="2" falsecount="0"/>
        <line num="26" count="17" type="stmt"/>
        <line num="47" count="42" type="cond" truecount="1" falsecount="1"/>
        <line num="48" count="42" type="stmt"/>
        <line num="49" count="42" type="stmt"/>
        <line num="98" count="1" type="stmt"/>
      </file>
    </package>
    <package name="src.components.gifts">
      <metrics statements="68" coveredstatements="29" conditionals="67" coveredconditionals="27" methods="22" coveredmethods="11"/>
      <file name="GiftForm.jsx" path="/Users/kenneth/Claude/Code/loyalty-admin-dashboard/src/components/gifts/GiftForm.jsx">
        <metrics statements="32" coveredstatements="12" conditionals="48" coveredconditionals="18" methods="7" coveredmethods="4"/>
        <line num="5" count="52" type="stmt"/>
        <line num="15" count="52" type="stmt"/>
        <line num="17" count="52" type="stmt"/>
        <line num="18" count="20" type="cond" truecount="2" falsecount="0"/>
        <line num="19" count="3" type="stmt"/>
        <line num="31" count="52" type="stmt"/>
        <line num="32" count="0" type="stmt"/>
        <line num="34" count="0" type="cond" truecount="0" falsecount="2"/>
        <line num="35" count="0" type="stmt"/>
        <line num="38" count="0" type="cond" truecount="0" falsecount="4"/>
        <line num="39" count="0" type="stmt"/>
        <line num="42" count="0" type="cond" truecount="0" falsecount="2"/>
        <line num="43" count="0" type="stmt"/>
        <line num="46" count="0" type="cond" truecount="0" falsecount="2"/>
        <line num="47" count="0" type="stmt"/>
        <line num="50" count="0" type="cond" truecount="0" falsecount="4"/>
        <line num="51" count="0" type="stmt"/>
        <line num="52" count="0" type="stmt"/>
        <line num="53" count="0" type="cond" truecount="0" falsecount="2"/>
        <line num="54" count="0" type="stmt"/>
        <line num="58" count="0" type="stmt"/>
        <line num="59" count="0" type="stmt"/>
        <line num="62" count="52" type="stmt"/>
        <line num="63" count="29" type="stmt"/>
        <line num="64" count="29" type="stmt"/>
        <line num="69" count="29" type="cond" truecount="1" falsecount="1"/>
        <line num="70" count="0" type="stmt"/>
        <line num="77" count="52" type="stmt"/>
        <line num="78" count="0" type="stmt"/>
        <line num="79" count="0" type="cond" truecount="0" falsecount="2"/>
        <line num="80" count="0" type="stmt"/>
        <line num="84" count="52" type="stmt"/>
      </file>
      <file name="GiftRulesPanel.jsx" path="/Users/kenneth/Claude/Code/loyalty-admin-dashboard/src/components/gifts/GiftRulesPanel.jsx">
        <metrics statements="36" coveredstatements="17" conditionals="19" coveredconditionals="9" methods="15" coveredmethods="7"/>
        <line num="5" count="23" type="stmt"/>
        <line num="6" count="23" type="stmt"/>
        <line num="7" count="23" type="stmt"/>
        <line num="12" count="23" type="cond" truecount="1" falsecount="0"/>
        <line num="13" count="6" type="cond" truecount="1" falsecount="1"/>
        <line num="14" count="0" type="stmt"/>
        <line num="15" count="0" type="stmt"/>
        <line num="20" count="6" type="stmt"/>
        <line num="21" count="6" type="stmt"/>
        <line num="26" count="6" type="stmt"/>
        <line num="29" count="23" type="stmt"/>
        <line num="30" count="0" type="stmt"/>
        <line num="31" count="0" type="stmt"/>
        <line num="34" count="23" type="stmt"/>
        <line num="35" count="0" type="stmt"/>
        <line num="37" count="0" type="cond" truecount="0" falsecount="4"/>
        <line num="38" count="0" type="stmt"/>
        <line num="39" count="0" type="stmt"/>
        <line num="42" count="0" type="stmt"/>
        <line num="43" count="0" type="cond" truecount="0" falsecount="2"/>
        <line num="44" count="0" type="stmt"/>
        <line num="48" count="0" type="stmt"/>
        <line num="50" count="0" type="stmt"/>
        <line num="52" count="0" type="stmt"/>
        <line num="56" count="23" type="stmt"/>
        <line num="57" count="65" type="stmt"/>
        <line num="58" count="43" type="cond" truecount="2" falsecount="0"/>
        <line num="61" count="23" type="stmt"/>
        <line num="65" count="6" type="stmt"/>
        <line num="79" count="0" type="stmt"/>
        <line num="84" count="12" type="stmt"/>
        <line num="98" count="0" type="stmt"/>
        <line num="122" count="43" type="stmt"/>
        <line num="131" count="0" type="stmt"/>
        <line num="137" count="0" type="cond" truecount="0" falsecount="2"/>
        <line num="138" count="0" type="stmt"/>
      </file>
    </package>
    <package name="src.components.institutions">
      <metrics statements="158" coveredstatements="61" conditionals="108" coveredconditionals="45" methods="38" coveredmethods="12"/>
      <file name="CreateInstitutionModal.jsx" path="/Users/kenneth/Claude/Code/loyalty-admin-dashboard/src/components/institutions/CreateInstitutionModal.jsx">
        <metrics statements="36" coveredstatements="11" conditionals="15" coveredconditionals="2" methods="7" coveredmethods="1"/>
        <line num="9" count="1" type="stmt"/>
        <line num="12" count="5" type="stmt"/>
        <line num="13" count="5" type="stmt"/>
        <line num="14" count="5" type="stmt"/>
        <line num="15" count="5" type="stmt"/>
        <line num="16" count="5" type="stmt"/>
        <line num="17" count="5" type="stmt"/>
        <line num="19" count="5" type="stmt"/>
        <line num="20" count="0" type="stmt"/>
        <line num="21" count="0" type="stmt"/>
        <line num="22" count="0" type="stmt"/>
        <line num="23" count="0" type="stmt"/>
        <line num="24" count="0" type="stmt"/>
        <line num="25" count="0" type="stmt"/>
        <line num="26" count="0" type="stmt"/>
        <line num="29" count="5" type="stmt"/>
        <line num="30" count="0" type="stmt"/>
        <line num="31" count="0" type="cond" truecount="0" falsecount="6"/>
        <line num="32" count="0" type="stmt"/>
        <line num="33" count="0" type="stmt"/>
        <line num="35" count="0" type="cond" truecount="0" falsecount="2"/>
        <line num="36" count="0" type="stmt"/>
        <line num="39" count="0" type="stmt"/>
        <line num="41" count="0" type="cond" truecount="0" falsecount="2"/>
        <line num="42" count="0" type="stmt"/>
        <line num="43" count="0" type="stmt"/>
        <line num="45" count="0" type="stmt"/>
        <line num="46" count="0" type="stmt"/>
        <line num="47" count="0" type="stmt"/>
        <line num="48" count="0" type="stmt"/>
        <line num="54" count="5" type="stmt"/>
        <line num="67" count="0" type="stmt"/>
        <line num="76" count="0" type="stmt"/>
        <line num="85" count="0" type="stmt"/>
        <line num="94" count="0" type="stmt"/>
        <line num="114" count="1" type="stmt"/>
      </file>
      <file name="EditBrandingModal.jsx" path="/Users/kenneth/Claude/Code/loyalty-admin-dashboard/src/components/institutions/EditBrandingModal.jsx">
        <metrics statements="53" coveredstatements="21" conditionals="33" coveredconditionals="13" methods="11" coveredmethods="2"/>
        <line num="9" count="1" type="stmt"/>
        <line num="10" count="1" type="stmt"/>
        <line num="13" count="1" type="stmt"/>
        <line num="16" count="8" type="stmt"/>
        <line num="17" count="8" type="stmt"/>
        <line num="18" count="8" type="stmt"/>
        <line num="19" count="8" type="stmt"/>
        <line num="20" count="8" type="stmt"/>
        <line num="21" count="8" type="stmt"/>
        <line num="26" count="8" type="stmt"/>
        <line num="27" count="5" type="cond" truecount="4" falsecount="0"/>
        <line num="28" count="3" type="stmt"/>
        <line num="29" count="3" type="cond" truecount="2" falsecount="0"/>
        <line num="30" count="3" type="cond" truecount="1" falsecount="1"/>
        <line num="31" count="3" type="stmt"/>
        <line num="35" count="8" type="stmt"/>
        <line num="36" count="0" type="stmt"/>
        <line num="37" count="0" type="stmt"/>
        <line num="38" count="0" type="stmt"/>
        <line num="41" count="8" type="stmt"/>
        <line num="42" count="0" type="stmt"/>
        <line num="43" count="0" type="cond" truecount="0" falsecount="2"/>
        <line num="44" count="0" type="cond" truecount="0" falsecount="2"/>
        <line num="45" count="0" type="stmt"/>
        <line num="46" count="0" type="stmt"/>
        <line num="48" count="0" type="cond" truecount="0" falsecount="2"/>
        <line num="49" count="0" type="stmt"/>
        <line num="50" count="0" type="stmt"/>
        <line num="52" count="0" type="stmt"/>
        <line num="53" count="0" type="stmt"/>
        <line num="54" count="0" type="stmt"/>
        <line num="55" count="0" type="stmt"/>
        <line num="58" count="8" type="stmt"/>
        <line num="59" count="0" type="stmt"/>
        <line num="60" count="0" type="cond" truecount="0" falsecount="2"/>
        <line num="63" count="8" type="stmt"/>
        <line num="64" count="0" type="stmt"/>
        <line num="65" count="0" type="cond" truecount="0" falsecount="2"/>
        <line num="66" count="0" type="stmt"/>
        <line num="67" count="0" type="stmt"/>
        <line num="69" count="0" type="cond" truecount="0" falsecount="2"/>
        <line num="70" count="0" type="stmt"/>
        <line num="71" count="0" type="stmt"/>
        <line num="73" count="0" type="stmt"/>
        <line num="74" count="0" type="stmt"/>
        <line num="75" count="0" type="stmt"/>
        <line num="76" count="0" type="stmt"/>
        <line num="82" count="8" type="stmt"/>
        <line num="95" count="0" type="stmt"/>
        <line num="118" count="0" type="stmt"/>
        <line num="151" count="0" type="stmt"/>
        <line num="157" count="0" type="stmt"/>
        <line num="181" count="1" type="stmt"/>
      </file>
      <file name="EditInstitutionModal.jsx" path="/Users/kenneth/Claude/Code/loyalty-admin-dashboard/src/components/institutions/EditInstitutionModal.jsx">
        <metrics statements="35" coveredstatements="15" conditionals="21" coveredconditionals="7" methods="7" coveredmethods="2"/>
        <line num="13" count="8" type="stmt"/>
        <line num="14" count="8" type="stmt"/>
        <line num="15" count="8" type="stmt"/>
        <line num="16" count="8" type="stmt"/>
        <line num="17" count="8" type="stmt"/>
        <line num="21" count="8" type="stmt"/>
        <line num="22" count="5" type="cond" truecount="4" falsecount="0"/>
        <line num="23" count="3" type="stmt"/>
        <line num="24" count="3" type="cond" truecount="1" falsecount="1"/>
        <line num="25" count="3" type="stmt"/>
        <line num="26" count="3" type="stmt"/>
        <line num="30" count="8" type="stmt"/>
        <line num="31" count="0" type="stmt"/>
        <line num="32" count="0" type="stmt"/>
        <line num="33" count="0" type="stmt"/>
        <line num="36" count="8" type="stmt"/>
        <line num="37" count="0" type="stmt"/>
        <line num="38" count="0" type="cond" truecount="0" falsecount="2"/>
        <line num="39" count="0" type="stmt"/>
        <line num="40" count="0" type="stmt"/>
        <line num="42" count="0" type="cond" truecount="0" falsecount="2"/>
        <line num="43" count="0" type="stmt"/>
        <line num="44" count="0" type="stmt"/>
        <line num="46" count="0" type="cond" truecount="0" falsecount="4"/>
        <line num="47" count="0" type="stmt"/>
        <line num="50" count="0" type="stmt"/>
        <line num="52" count="0" type="stmt"/>
        <line num="53" count="0" type="stmt"/>
        <line num="54" count="0" type="stmt"/>
        <line num="59" count="0" type="stmt"/>
        <line num="65" count="8" type="stmt"/>
        <line num="78" count="0" type="stmt"/>
        <line num="88" count="0" type="stmt"/>
        <line num="97" count="0" type="stmt"/>
        <line num="117" count="1" type="stmt"/>
      </file>
      <file name="FeatureFlagsModal.jsx" path="/Users/kenneth/Claude/Code/loyalty-admin-dashboard/src/components/institutions/FeatureFlagsModal.jsx">
        <metrics statements="20" coveredstatements="0" conditionals="14" coveredconditionals="0" methods="6" coveredmethods="0"/>
        <line num="7" count="0" type="stmt"/>
        <line num="23" count="0" type="cond" truecount="0" falsecount="2"/>
        <line num="24" count="0" type="stmt"/>
        <line num="32" count="0" type="stmt"/>
        <line num="46" count="0" type="stmt"/>
        <line num="56" count="0" type="stmt"/>
        <line num="57" count="0" type="stmt"/>
        <line num="59" count="0" type="stmt"/>
        <line num="60" count="0" type="cond" truecount="0" falsecount="2"/>
        <line num="61" count="0" type="stmt"/>
        <line num="65" count="0" type="stmt"/>
        <line num="66" count="0" type="stmt"/>
        <line num="67" count="0" type="stmt"/>
        <line num="68" count="0" type="stmt"/>
        <line num="69" count="0" type="stmt"/>
        <line num="71" count="0" type="cond" truecount="0" falsecount="2"/>
        <line num="73" count="0" type="stmt"/>
        <line num="77" count="0" type="stmt"/>
        <line num="81" count="0" type="stmt"/>
        <line num="89" count="0" type="stmt"/>
      </file>
      <file name="InstitutionCard.jsx" path="/Users/kenneth/Claude/Code/loyalty-admin-dashboard/src/components/institutions/InstitutionCard.jsx">
        <metrics statements="7" coveredstatements="7" conditionals="15" coveredconditionals="14" methods="5" coveredmethods="5"/>
        <line num="17" count="19" type="stmt"/>
        <line num="19" count="19" type="stmt"/>
        <line num="54" count="1" type="stmt"/>
        <line num="62" count="1" type="stmt"/>
        <line num="70" count="1" type="stmt"/>
        <line num="79" count="2" type="cond" truecount="2" falsecount="0"/>
        <line num="88" count="1" type="stmt"/>
      </file>
      <file name="InstitutionGrid.jsx" path="/Users/kenneth/Claude/Code/loyalty-admin-dashboard/src/components/institutions/InstitutionGrid.jsx">
        <metrics statements="7" coveredstatements="7" conditionals="10" coveredconditionals="9" methods="2" coveredmethods="2"/>
        <line num="17" count="12" type="cond" truecount="4" falsecount="0"/>
        <line num="18" count="1" type="stmt"/>
        <line num="21" count="11" type="cond" truecount="4" falsecount="0"/>
        <line num="22" count="1" type="stmt"/>
        <line num="31" count="10" type="stmt"/>
        <line num="34" count="19" type="stmt"/>
        <line num="48" count="1" type="stmt"/>
      </file>
    </package>
    <package name="src.components.ledger">
      <metrics statements="44" coveredstatements="44" conditionals="61" coveredconditionals="56" methods="16" coveredmethods="16"/>
      <file name="ApiUsageCard.jsx" path="/Users/kenneth/Claude/Code/loyalty-admin-dashboard/src/components/ledger/ApiUsageCard.jsx">
        <metrics statements="14" coveredstatements="14" conditionals="17" coveredconditionals="15" methods="4" coveredmethods="4"/>
        <line num="8" count="1" type="stmt"/>
        <line num="24" count="20" type="stmt"/>
        <line num="25" count="20" type="stmt"/>
        <line num="29" count="13" type="cond" truecount="2" falsecount="0"/>
        <line num="30" count="12" type="stmt"/>
        <line num="38" count="14" type="cond" truecount="4" falsecount="0"/>
        <line num="39" count="1" type="stmt"/>
        <line num="46" count="13" type="cond" truecount="2" falsecount="0"/>
        <line num="47" count="13" type="stmt"/>
        <line num="48" count="13" type="stmt"/>
        <line num="50" count="13" type="stmt"/>
        <line num="71" count="20" type="stmt"/>
        <line num="122" count="1" type="stmt"/>
        <line num="131" count="1" type="stmt"/>
      </file>
      <file name="LedgerTable.jsx" path="/Users/kenneth/Claude/Code/loyalty-admin-dashboard/src/components/ledger/LedgerTable.jsx">
        <metrics statements="9" coveredstatements="9" conditionals="18" coveredconditionals="16" methods="3" coveredmethods="3"/>
        <line num="12" count="1" type="stmt"/>
        <line num="22" count="24" type="cond" truecount="2" falsecount="0"/>
        <line num="29" count="1" type="stmt"/>
        <line num="32" count="17" type="cond" truecount="2" falsecount="0"/>
        <line num="34" count="17" type="stmt"/>
        <line num="54" count="24" type="cond" truecount="1" falsecount="1"/>
        <line num="55" count="24" type="stmt"/>
        <line num="56" count="24" type="stmt"/>
        <line num="109" count="1" type="stmt"/>
      </file>
      <file name="MetricsGrid.jsx" path="/Users/kenneth/Claude/Code/loyalty-admin-dashboard/src/components/ledger/MetricsGrid.jsx">
        <metrics statements="10" coveredstatements="10" conditionals="10" coveredconditionals="9" methods="6" coveredmethods="6"/>
        <line num="7" count="1" type="stmt"/>
        <line num="13" count="9" type="stmt"/>
        <line num="20" count="9" type="stmt"/>
        <line num="27" count="9" type="stmt"/>
        <line num="34" count="9" type="stmt"/>
        <line num="39" count="12" type="cond" truecount="4" falsecount="0"/>
        <line num="40" count="2" type="stmt"/>
        <line num="47" count="10" type="stmt"/>
        <line num="50" count="40" type="stmt"/>
        <line num="66" count="1" type="stmt"/>
      </file>
      <file name="ValuePreview.jsx" path="/Users/kenneth/Claude/Code/loyalty-admin-dashboard/src/components/ledger/ValuePreview.jsx">
        <metrics statements="11" coveredstatements="11" conditionals="16" coveredconditionals="16" methods="3" coveredmethods="3"/>
        <line num="5" count="24" type="cond" truecount="4" falsecount="0"/>
        <line num="6" count="13" type="cond" truecount="2" falsecount="0"/>
        <line num="7" count="2" type="stmt"/>
        <line num="8" count="4" type="stmt"/>
        <line num="11" count="11" type="stmt"/>
        <line num="15" count="12" type="stmt"/>
        <line num="16" count="12" type="stmt"/>
        <line num="18" count="12" type="cond" truecount="4" falsecount="0"/>
        <line num="19" count="4" type="stmt"/>
        <line num="22" count="8" type="stmt"/>
        <line num="34" count="1" type="stmt"/>
      </file>
    </package>
    <package name="src.components.partners">
      <metrics statements="77" coveredstatements="44" conditionals="55" coveredconditionals="34" methods="20" coveredmethods="13"/>
      <file name="CreatePartnerModal.jsx" path="/Users/kenneth/Claude/Code/loyalty-admin-dashboard/src/components/partners/CreatePartnerModal.jsx">
        <metrics statements="25" coveredstatements="25" conditionals="4" coveredconditionals="4" methods="5" coveredmethods="5"/>
        <line num="9" count="1" type="stmt"/>
        <line num="10" count="1" type="stmt"/>
        <line num="13" count="680" type="stmt"/>
        <line num="14" count="680" type="stmt"/>
        <line num="15" count="680" type="stmt"/>
        <line num="16" count="680" type="stmt"/>
        <line num="18" count="680" type="stmt"/>
        <line num="19" count="5" type="stmt"/>
        <line num="20" count="5" type="stmt"/>
        <line num="21" count="5" type="stmt"/>
        <line num="22" count="5" type="stmt"/>
        <line num="23" count="5" type="stmt"/>
        <line num="26" count="680" type="stmt"/>
        <line num="27" count="6" type="stmt"/>
        <line num="28" count="6" type="cond" truecount="2" falsecount="0"/>
        <line num="29" count="2" type="stmt"/>
        <line num="30" count="2" type="stmt"/>
        <line num="32" count="4" type="stmt"/>
        <line num="33" count="4" type="stmt"/>
        <line num="34" count="4" type="stmt"/>
        <line num="35" count="3" type="stmt"/>
        <line num="41" count="680" type="stmt"/>
        <line num="55" count="88" type="stmt"/>
        <line num="68" count="559" type="stmt"/>
        <line num="89" count="1" type="stmt"/>
      </file>
      <file name="CreatePartnerServiceAccountModal.jsx" path="/Users/kenneth/Claude/Code/loyalty-admin-dashboard/src/components/partners/CreatePartnerServiceAccountModal.jsx">
        <metrics statements="32" coveredstatements="0" conditionals="18" coveredconditionals="0" methods="6" coveredmethods="0"/>
        <line num="10" count="0" type="stmt"/>
        <line num="11" count="0" type="stmt"/>
        <line num="12" count="0" type="stmt"/>
        <line num="13" count="0" type="stmt"/>
        <line num="14" count="0" type="stmt"/>
        <line num="16" count="0" type="stmt"/>
        <line num="17" count="0" type="cond" truecount="0" falsecount="2"/>
        <line num="18" count="0" type="stmt"/>
        <line num="19" count="0" type="stmt"/>
        <line num="20" count="0" type="stmt"/>
        <line num="21" count="0" type="stmt"/>
        <line num="22" count="0" type="stmt"/>
        <line num="28" count="0" type="cond" truecount="0" falsecount="2"/>
        <line num="30" count="0" type="stmt"/>
        <line num="31" count="0" type="stmt"/>
        <line num="32" count="0" type="stmt"/>
        <line num="35" count="0" type="stmt"/>
        <line num="36" count="0" type="stmt"/>
        <line num="37" count="0" type="cond" truecount="0" falsecount="4"/>
        <line num="38" count="0" type="stmt"/>
        <line num="39" count="0" type="stmt"/>
        <line num="41" count="0" type="cond" truecount="0" falsecount="2"/>
        <line num="42" count="0" type="stmt"/>
        <line num="43" count="0" type="stmt"/>
        <line num="45" count="0" type="stmt"/>
        <line num="46" count="0" type="stmt"/>
        <line num="47" count="0" type="stmt"/>
        <line num="48" count="0" type="stmt"/>
        <line num="54" count="0" type="stmt"/>
        <line num="83" count="0" type="stmt"/>
        <line num="93" count="0" type="stmt"/>
        <line num="114" count="0" type="stmt"/>
      </file>
      <file name="PartnerCard.jsx" path="/Users/kenneth/Claude/Code/loyalty-admin-dashboard/src/components/partners/PartnerCard.jsx">
        <metrics statements="12" coveredstatements="12" conditionals="24" coveredconditionals="22" methods="6" coveredmethods="6"/>
        <line num="10" count="34" type="cond" truecount="2" falsecount="0"/>
        <line num="11" count="34" type="stmt"/>
        <line num="33" count="1" type="stmt"/>
        <line num="41" count="17" type="cond" truecount="2" falsecount="0"/>
        <line num="45" count="17" type="cond" truecount="2" falsecount="0"/>
        <line num="46" count="17" type="cond" truecount="2" falsecount="0"/>
        <line num="47" count="17" type="stmt"/>
        <line num="66" count="1" type="stmt"/>
        <line num="72" count="17" type="stmt"/>
        <line num="109" count="1" type="stmt"/>
        <line num="117" count="1" type="stmt"/>
        <line num="126" count="1" type="stmt"/>
      </file>
      <file name="PartnerGrid.jsx" path="/Users/kenneth/Claude/Code/loyalty-admin-dashboard/src/components/partners/PartnerGrid.jsx">
        <metrics statements="7" coveredstatements="7" conditionals="9" coveredconditionals="8" methods="2" coveredmethods="2"/>
        <line num="14" count="11" type="cond" truecount="4" falsecount="0"/>
        <line num="15" count="1" type="stmt"/>
        <line num="18" count="10" type="cond" truecount="4" falsecount="0"/>
        <line num="19" count="2" type="stmt"/>
        <line num="28" count="8" type="stmt"/>
        <line num="31" count="16" type="stmt"/>
        <line num="42" count="1" type="stmt"/>
      </file>
      <file name="PartnerRateConfigModal.jsx" path="/Users/kenneth/Claude/Code/loyalty-admin-dashboard/src/components/partners/PartnerRateConfigModal.jsx">
        <metrics statements="1" coveredstatements="0" conditionals="0" coveredconditionals="0" methods="1" coveredmethods="0"/>
        <line num="7" count="0" type="stmt"/>
      </file>
    </package>
    <package name="src.components.profiles">
      <metrics statements="122" coveredstatements="44" conditionals="78" coveredconditionals="37" methods="38" coveredmethods="12"/>
      <file name="CreateProfileModal.jsx" path="/Users/kenneth/Claude/Code/loyalty-admin-dashboard/src/components/profiles/CreateProfileModal.jsx">
        <metrics statements="25" coveredstatements="25" conditionals="4" coveredconditionals="4" methods="5" coveredmethods="5"/>
        <line num="9" count="1" type="stmt"/>
        <line num="10" count="1" type="stmt"/>
        <line num="13" count="663" type="stmt"/>
        <line num="14" count="663" type="stmt"/>
        <line num="15" count="663" type="stmt"/>
        <line num="16" count="663" type="stmt"/>
        <line num="18" count="663" type="stmt"/>
        <line num="19" count="5" type="stmt"/>
        <line num="20" count="5" type="stmt"/>
        <line num="21" count="5" type="stmt"/>
        <line num="22" count="5" type="stmt"/>
        <line num="23" count="5" type="stmt"/>
        <line num="26" count="663" type="stmt"/>
        <line num="27" count="6" type="stmt"/>
        <line num="28" count="6" type="cond" truecount="2" falsecount="0"/>
        <line num="29" count="2" type="stmt"/>
        <line num="30" count="2" type="stmt"/>
        <line num="32" count="4" type="stmt"/>
        <line num="33" count="4" type="stmt"/>
        <line num="34" count="4" type="stmt"/>
        <line num="35" count="3" type="stmt"/>
        <line num="41" count="663" type="stmt"/>
        <line num="55" count="82" type="stmt"/>
        <line num="68" count="548" type="stmt"/>
        <line num="89" count="1" type="stmt"/>
      </file>
      <file name="CreateTierRuleModal.jsx" path="/Users/kenneth/Claude/Code/loyalty-admin-dashboard/src/components/profiles/CreateTierRuleModal.jsx">
        <metrics statements="50" coveredstatements="0" conditionals="26" coveredconditionals="0" methods="13" coveredmethods="0"/>
        <line num="10" count="0" type="stmt"/>
        <line num="14" count="0" type="stmt"/>
        <line num="27" count="0" type="stmt"/>
        <line num="44" count="0" type="stmt"/>
        <line num="45" count="0" type="stmt"/>
        <line num="46" count="0" type="stmt"/>
        <line num="47" count="0" type="stmt"/>
        <line num="48" count="0" type="stmt"/>
        <line num="49" count="0" type="stmt"/>
        <line num="50" count="0" type="stmt"/>
        <line num="52" count="0" type="stmt"/>
        <line num="54" count="0" type="stmt"/>
        <line num="55" count="0" type="cond" truecount="0" falsecount="2"/>
        <line num="56" count="0" type="cond" truecount="0" falsecount="2"/>
        <line num="57" count="0" type="stmt"/>
        <line num="58" count="0" type="stmt"/>
        <line num="59" count="0" type="stmt"/>
        <line num="60" count="0" type="stmt"/>
        <line num="61" count="0" type="stmt"/>
        <line num="62" count="0" type="stmt"/>
        <line num="68" count="0" type="cond" truecount="0" falsecount="2"/>
        <line num="70" count="0" type="stmt"/>
        <line num="71" count="0" type="stmt"/>
        <line num="72" count="0" type="stmt"/>
        <line num="75" count="0" type="stmt"/>
        <line num="76" count="0" type="stmt"/>
        <line num="77" count="0" type="stmt"/>
        <line num="78" count="0" type="stmt"/>
        <line num="79" count="0" type="cond" truecount="0" falsecount="2"/>
        <line num="80" count="0" type="stmt"/>
        <line num="81" count="0" type="stmt"/>
        <line num="83" count="0" type="cond" truecount="0" falsecount="4"/>
        <line num="84" count="0" type="stmt"/>
        <line num="85" count="0" type="stmt"/>
        <line num="87" count="0" type="cond" truecount="0" falsecount="4"/>
        <line num="88" count="0" type="stmt"/>
        <line num="89" count="0" type="stmt"/>
        <line num="91" count="0" type="stmt"/>
        <line num="92" count="0" type="stmt"/>
        <line num="93" count="0" type="stmt"/>
        <line num="100" count="0" type="stmt"/>
        <line num="106" count="0" type="stmt"/>
        <line num="118" count="0" type="stmt"/>
        <line num="121" count="0" type="stmt"/>
        <line num="131" count="0" type="stmt"/>
        <line num="141" count="0" type="stmt"/>
        <line num="146" count="0" type="stmt"/>
        <line num="160" count="0" type="stmt"/>
        <line num="170" count="0" type="stmt"/>
        <line num="190" count="0" type="stmt"/>
      </file>
      <file name="ProfileCard.jsx" path="/Users/kenneth/Claude/Code/loyalty-admin-dashboard/src/components/profiles/ProfileCard.jsx">
        <metrics statements="12" coveredstatements="12" conditionals="26" coveredconditionals="24" methods="5" coveredmethods="5"/>
        <line num="11" count="32" type="cond" truecount="2" falsecount="0"/>
        <line num="12" count="32" type="stmt"/>
        <line num="34" count="1" type="stmt"/>
        <line num="42" count="16" type="cond" truecount="2" falsecount="0"/>
        <line num="46" count="16" type="cond" truecount="2" falsecount="0"/>
        <line num="47" count="16" type="cond" truecount="2" falsecount="0"/>
        <line num="48" count="16" type="stmt"/>
        <line num="67" count="1" type="stmt"/>
        <line num="73" count="16" type="cond" truecount="2" falsecount="0"/>
        <line num="75" count="16" type="stmt"/>
        <line num="116" count="1" type="stmt"/>
        <line num="126" count="1" type="stmt"/>
      </file>
      <file name="ProfileGrid.jsx" path="/Users/kenneth/Claude/Code/loyalty-admin-dashboard/src/components/profiles/ProfileGrid.jsx">
        <metrics statements="7" coveredstatements="7" conditionals="10" coveredconditionals="9" methods="2" coveredmethods="2"/>
        <line num="9" count="9" type="cond" truecount="4" falsecount="0"/>
        <line num="10" count="1" type="stmt"/>
        <line num="13" count="8" type="cond" truecount="4" falsecount="0"/>
        <line num="14" count="1" type="stmt"/>
        <line num="23" count="7" type="stmt"/>
        <line num="26" count="14" type="stmt"/>
        <line num="38" count="1" type="stmt"/>
      </file>
      <file name="RateConfigModal.jsx" path="/Users/kenneth/Claude/Code/loyalty-admin-dashboard/src/components/profiles/RateConfigModal.jsx">
        <metrics statements="0" coveredstatements="0" conditionals="0" coveredconditionals="0" methods="0" coveredmethods="0"/>
      </file>
      <file name="TierRulesSection.jsx" path="/Users/kenneth/Claude/Code/loyalty-admin-dashboard/src/components/profiles/TierRulesSection.jsx">
        <metrics statements="28" coveredstatements="0" conditionals="12" coveredconditionals="0" methods="13" coveredmethods="0"/>
        <line num="10" count="0" type="stmt"/>
        <line num="16" count="0" type="cond" truecount="0" falsecount="2"/>
        <line num="20" count="0" type="cond" truecount="0" falsecount="2"/>
        <line num="21" count="0" type="cond" truecount="0" falsecount="2"/>
        <line num="25" count="0" type="stmt"/>
        <line num="26" count="0" type="stmt"/>
        <line num="27" count="0" type="stmt"/>
        <line num="28" count="0" type="stmt"/>
        <line num="30" count="0" type="stmt"/>
        <line num="31" count="0" type="stmt"/>
        <line num="32" count="0" type="stmt"/>
        <line num="33" count="0" type="stmt"/>
        <line num="34" count="0" type="stmt"/>
        <line num="36" count="0" type="stmt"/>
        <line num="40" count="0" type="stmt"/>
        <line num="41" count="0" type="stmt"/>
        <line num="44" count="0" type="stmt"/>
        <line num="45" count="0" type="stmt"/>
        <line num="46" count="0" type="stmt"/>
        <line num="49" count="0" type="stmt"/>
        <line num="50" count="0" type="stmt"/>
        <line num="51" count="0" type="stmt"/>
        <line num="54" count="0" type="stmt"/>
        <line num="63" count="0" type="stmt"/>
        <line num="79" count="0" type="stmt"/>
        <line num="96" count="0" type="stmt"/>
        <line num="109" count="0" type="stmt"/>
        <line num="119" count="0" type="stmt"/>
      </file>
    </package>
    <package name="src.components.wallets">
      <metrics statements="23" coveredstatements="22" conditionals="39" coveredconditionals="36" methods="8" coveredmethods="7"/>
      <file name="WalletHistoryTable.jsx" path="/Users/kenneth/Claude/Code/loyalty-admin-dashboard/src/components/wallets/WalletHistoryTable.jsx">
        <metrics statements="8" coveredstatements="8" conditionals="16" coveredconditionals="15" methods="2" coveredmethods="2"/>
        <line num="12" count="1" type="stmt"/>
        <line num="19" count="21" type="cond" truecount="2" falsecount="0"/>
        <line num="20" count="21" type="cond" truecount="2" falsecount="0"/>
        <line num="22" count="21" type="stmt"/>
        <line num="42" count="52" type="cond" truecount="1" falsecount="1"/>
        <line num="43" count="52" type="stmt"/>
        <line num="44" count="52" type="stmt"/>
        <line num="101" count="1" type="stmt"/>
      </file>
      <file name="WalletsTable.jsx" path="/Users/kenneth/Claude/Code/loyalty-admin-dashboard/src/components/wallets/WalletsTable.jsx">
        <metrics statements="15" coveredstatements="14" conditionals="23" coveredconditionals="21" methods="6" coveredmethods="5"/>
        <line num="12" count="1" type="stmt"/>
        <line num="19" count="36" type="stmt"/>
        <line num="20" count="36" type="cond" truecount="3" falsecount="1"/>
        <line num="21" count="36" type="stmt"/>
        <line num="25" count="1" type="stmt"/>
        <line num="38" count="1" type="stmt"/>
        <line num="54" count="12" type="stmt"/>
        <line num="55" count="12" type="cond" truecount="2" falsecount="0"/>
        <line num="56" count="12" type="cond" truecount="2" falsecount="0"/>
        <line num="58" count="12" type="stmt"/>
        <line num="69" count="36" type="stmt"/>
        <line num="82" count="20" type="cond" truecount="2" falsecount="0"/>
        <line num="83" count="20" type="stmt"/>
        <line num="86" count="0" type="stmt"/>
        <line num="128" count="1" type="stmt"/>
      </file>
    </package>
    <package name="src.constants">
      <metrics statements="11" coveredstatements="11" conditionals="0" coveredconditionals="0" methods="0" coveredmethods="0"/>
      <file name="index.js" path="/Users/kenneth/Claude/Code/loyalty-admin-dashboard/src/constants/index.js">
        <metrics statements="11" coveredstatements="11" conditionals="0" coveredconditionals="0" methods="0" coveredmethods="0"/>
        <line num="1" count="8" type="stmt"/>
        <line num="11" count="8" type="stmt"/>
        <line num="16" count="8" type="stmt"/>
        <line num="50" count="8" type="stmt"/>
        <line num="56" count="8" type="stmt"/>
        <line num="62" count="8" type="stmt"/>
        <line num="68" count="8" type="stmt"/>
        <line num="74" count="8" type="stmt"/>
        <line num="81" count="8" type="stmt"/>
        <line num="87" count="8" type="stmt"/>
        <line num="88" count="8" type="stmt"/>
      </file>
    </package>
    <package name="src.context">
      <metrics statements="183" coveredstatements="138" conditionals="15" coveredconditionals="2" methods="56" coveredmethods="34"/>
      <file name="AdminContext.jsx" path="/Users/kenneth/Claude/Code/loyalty-admin-dashboard/src/context/AdminContext.jsx">
        <metrics statements="53" coveredstatements="24" conditionals="7" coveredconditionals="0" methods="12" coveredmethods="2"/>
        <line num="7" count="1" type="stmt"/>
        <line num="16" count="8" type="stmt"/>
        <line num="17" count="8" type="stmt"/>
        <line num="19" count="8" type="stmt"/>
        <line num="20" count="8" type="stmt"/>
        <line num="22" count="8" type="stmt"/>
        <line num="23" count="8" type="stmt"/>
        <line num="25" count="8" type="stmt"/>
        <line num="26" count="8" type="stmt"/>
        <line num="28" count="8" type="stmt"/>
        <line num="35" count="8" type="stmt"/>
        <line num="37" count="8" type="stmt"/>
        <line num="41" count="8" type="stmt"/>
        <line num="43" count="8" type="stmt"/>
        <line num="44" count="0" type="stmt"/>
        <line num="45" count="0" type="stmt"/>
        <line num="46" count="0" type="stmt"/>
        <line num="47" count="0" type="stmt"/>
        <line num="49" count="0" type="stmt"/>
        <line num="53" count="8" type="stmt"/>
        <line num="54" count="0" type="stmt"/>
        <line num="55" count="0" type="stmt"/>
        <line num="56" count="0" type="stmt"/>
        <line num="57" count="0" type="stmt"/>
        <line num="59" count="0" type="stmt"/>
        <line num="63" count="8" type="stmt"/>
        <line num="65" count="0" type="stmt"/>
        <line num="66" count="0" type="cond" truecount="0" falsecount="2"/>
        <line num="67" count="0" type="stmt"/>
        <line num="72" count="8" type="stmt"/>
        <line num="73" count="0" type="stmt"/>
        <line num="74" count="0" type="stmt"/>
        <line num="75" count="0" type="stmt"/>
        <line num="76" count="0" type="stmt"/>
        <line num="78" count="0" type="stmt"/>
        <line num="85" count="8" type="stmt"/>
        <line num="86" count="0" type="cond" truecount="0" falsecount="2"/>
        <line num="90" count="8" type="cond" truecount="0" falsecount="1"/>
        <line num="91" count="0" type="stmt"/>
        <line num="92" count="0" type="stmt"/>
        <line num="93" count="0" type="stmt"/>
        <line num="94" count="0" type="stmt"/>
        <line num="96" count="0" type="stmt"/>
        <line num="100" count="8" type="cond" truecount="0" falsecount="2"/>
        <line num="101" count="0" type="stmt"/>
        <line num="102" count="0" type="stmt"/>
        <line num="103" count="0" type="stmt"/>
        <line num="104" count="0" type="stmt"/>
        <line num="106" count="0" type="stmt"/>
        <line num="110" count="8" type="stmt"/>
        <line num="111" count="8" type="stmt"/>
        <line num="153" count="8" type="stmt"/>
        <line num="156" count="1" type="stmt"/>
      </file>
      <file name="AuthContext.jsx" path="/Users/kenneth/Claude/Code/loyalty-admin-dashboard/src/context/AuthContext.jsx">
        <metrics statements="28" coveredstatements="24" conditionals="0" coveredconditionals="0" methods="9" coveredmethods="7"/>
        <line num="7" count="9" type="stmt"/>
        <line num="13" count="73" type="stmt"/>
        <line num="14" count="73" type="stmt"/>
        <line num="16" count="73" type="stmt"/>
        <line num="17" count="1" type="stmt"/>
        <line num="18" count="1" type="stmt"/>
        <line num="19" count="1" type="stmt"/>
        <line num="22" count="1" type="stmt"/>
        <line num="30" count="1" type="stmt"/>
        <line num="31" count="1" type="stmt"/>
        <line num="32" count="1" type="stmt"/>
        <line num="35" count="73" type="stmt"/>
        <line num="36" count="1" type="stmt"/>
        <line num="37" count="1" type="stmt"/>
        <line num="38" count="1" type="stmt"/>
        <line num="44" count="73" type="stmt"/>
        <line num="45" count="0" type="stmt"/>
        <line num="46" count="0" type="stmt"/>
        <line num="47" count="0" type="stmt"/>
        <line num="48" count="0" type="stmt"/>
        <line num="51" count="73" type="stmt"/>
        <line num="52" count="72" type="stmt"/>
        <line num="53" count="72" type="stmt"/>
        <line num="56" count="73" type="stmt"/>
        <line num="58" count="73" type="stmt"/>
        <line num="59" count="73" type="stmt"/>
        <line num="70" count="73" type="stmt"/>
        <line num="73" count="9" type="stmt"/>
      </file>
      <file name="CampaignContext.jsx" path="/Users/kenneth/Claude/Code/loyalty-admin-dashboard/src/context/CampaignContext.jsx">
        <metrics statements="20" coveredstatements="20" conditionals="0" coveredconditionals="0" methods="6" coveredmethods="6"/>
        <line num="6" count="2" type="stmt"/>
        <line num="9" count="24" type="stmt"/>
        <line num="10" count="24" type="stmt"/>
        <line num="12" count="24" type="stmt"/>
        <line num="13" count="24" type="stmt"/>
        <line num="15" count="24" type="stmt"/>
        <line num="16" count="4" type="stmt"/>
        <line num="17" count="4" type="stmt"/>
        <line num="18" count="4" type="stmt"/>
        <line num="19" count="3" type="stmt"/>
        <line num="21" count="4" type="stmt"/>
        <line num="25" count="24" type="stmt"/>
        <line num="27" count="6" type="stmt"/>
        <line num="28" count="5" type="stmt"/>
        <line num="29" count="5" type="stmt"/>
        <line num="31" count="5" type="stmt"/>
        <line num="36" count="24" type="stmt"/>
        <line num="37" count="23" type="stmt"/>
        <line num="46" count="24" type="stmt"/>
        <line num="49" count="2" type="stmt"/>
      </file>
      <file name="ExchangeContext.jsx" path="/Users/kenneth/Claude/Code/loyalty-admin-dashboard/src/context/ExchangeContext.jsx">
        <metrics statements="32" coveredstatements="32" conditionals="4" coveredconditionals="2" methods="10" coveredmethods="8"/>
        <line num="6" count="2" type="stmt"/>
        <line num="9" count="32" type="stmt"/>
        <line num="10" count="32" type="stmt"/>
        <line num="12" count="32" type="stmt"/>
        <line num="13" count="32" type="stmt"/>
        <line num="15" count="32" type="stmt"/>
        <line num="19" count="32" type="stmt"/>
        <line num="21" count="32" type="stmt"/>
        <line num="22" count="3" type="stmt"/>
        <line num="23" count="3" type="stmt"/>
        <line num="24" count="3" type="stmt"/>
        <line num="25" count="2" type="stmt"/>
        <line num="27" count="3" type="stmt"/>
        <line num="31" count="32" type="cond" truecount="2" falsecount="0"/>
        <line num="32" count="3" type="stmt"/>
        <line num="33" count="3" type="stmt"/>
        <line num="34" count="3" type="stmt"/>
        <line num="35" count="2" type="stmt"/>
        <line num="37" count="3" type="stmt"/>
        <line num="41" count="32" type="stmt"/>
        <line num="43" count="4" type="stmt"/>
        <line num="44" count="3" type="stmt"/>
        <line num="45" count="3" type="stmt"/>
        <line num="47" count="3" type="stmt"/>
        <line num="52" count="32" type="stmt"/>
        <line num="54" count="3" type="stmt"/>
        <line num="55" count="2" type="cond" truecount="0" falsecount="2"/>
        <line num="56" count="2" type="stmt"/>
        <line num="61" count="32" type="stmt"/>
        <line num="62" count="30" type="stmt"/>
        <line num="84" count="32" type="stmt"/>
        <line num="87" count="2" type="stmt"/>
      </file>
      <file name="PartnerContext.jsx" path="/Users/kenneth/Claude/Code/loyalty-admin-dashboard/src/context/PartnerContext.jsx">
        <metrics statements="26" coveredstatements="26" conditionals="2" coveredconditionals="0" methods="10" coveredmethods="9"/>
        <line num="6" count="2" type="stmt"/>
        <line num="9" count="31" type="stmt"/>
        <line num="10" count="31" type="stmt"/>
        <line num="12" count="31" type="stmt"/>
        <line num="13" count="31" type="stmt"/>
        <line num="15" count="31" type="stmt"/>
        <line num="16" count="3" type="stmt"/>
        <line num="17" count="3" type="stmt"/>
        <line num="18" count="3" type="stmt"/>
        <line num="19" count="2" type="stmt"/>
        <line num="21" count="3" type="stmt"/>
        <line num="25" count="31" type="stmt"/>
        <line num="27" count="6" type="stmt"/>
        <line num="28" count="5" type="stmt"/>
        <line num="29" count="5" type="stmt"/>
        <line num="31" count="5" type="stmt"/>
        <line num="36" count="31" type="stmt"/>
        <line num="38" count="3" type="stmt"/>
        <line num="39" count="2" type="cond" truecount="0" falsecount="2"/>
        <line num="40" count="2" type="stmt"/>
        <line num="45" count="31" type="stmt"/>
        <line num="47" count="3" type="stmt"/>
        <line num="52" count="31" type="stmt"/>
        <line num="53" count="30" type="stmt"/>
        <line num="71" count="31" type="stmt"/>
        <line num="74" count="2" type="stmt"/>
      </file>
      <file name="ProfileContext.jsx" path="/Users/kenneth/Claude/Code/loyalty-admin-dashboard/src/context/ProfileContext.jsx">
        <metrics statements="24" coveredstatements="12" conditionals="2" coveredconditionals="0" methods="9" coveredmethods="2"/>
        <line num="6" count="1" type="stmt"/>
        <line num="9" count="3" type="stmt"/>
        <line num="10" count="3" type="stmt"/>
        <line num="12" count="3" type="stmt"/>
        <line num="13" count="3" type="stmt"/>
        <line num="15" count="3" type="stmt"/>
        <line num="16" count="0" type="stmt"/>
        <line num="17" count="0" type="stmt"/>
        <line num="18" count="0" type="stmt"/>
        <line num="19" count="0" type="stmt"/>
        <line num="21" count="0" type="stmt"/>
        <line num="25" count="3" type="stmt"/>
        <line num="27" count="0" type="stmt"/>
        <line num="28" count="0" type="stmt"/>
        <line num="29" count="0" type="stmt"/>
        <line num="31" count="0" type="stmt"/>
        <line num="36" count="3" type="stmt"/>
        <line num="38" count="0" type="stmt"/>
        <line num="39" count="0" type="cond" truecount="0" falsecount="2"/>
        <line num="40" count="0" type="stmt"/>
        <line num="45" count="3" type="stmt"/>
        <line num="46" count="3" type="stmt"/>
        <line num="56" count="3" type="stmt"/>
        <line num="59" count="1" type="stmt"/>
      </file>
    </package>
    <package name="src.hooks">
      <metrics statements="42" coveredstatements="42" conditionals="14" coveredconditionals="14" methods="9" coveredmethods="9"/>
      <file name="useAdminContext.js" path="/Users/kenneth/Claude/Code/loyalty-admin-dashboard/src/hooks/useAdminContext.js">
        <metrics statements="4" coveredstatements="4" conditionals="2" coveredconditionals="2" methods="1" coveredmethods="1"/>
        <line num="5" count="10" type="stmt"/>
        <line num="6" count="10" type="cond" truecount="2" falsecount="0"/>
        <line num="7" count="2" type="stmt"/>
        <line num="9" count="8" type="stmt"/>
      </file>
      <file name="useAsyncAction.js" path="/Users/kenneth/Claude/Code/loyalty-admin-dashboard/src/hooks/useAsyncAction.js">
        <metrics statements="18" coveredstatements="18" conditionals="2" coveredconditionals="2" methods="3" coveredmethods="3"/>
        <line num="8" count="1402" type="stmt"/>
        <line num="9" count="1402" type="stmt"/>
        <line num="10" count="1402" type="stmt"/>
        <line num="12" count="1402" type="stmt"/>
        <line num="14" count="21" type="stmt"/>
        <line num="15" count="21" type="stmt"/>
        <line num="16" count="21" type="stmt"/>
        <line num="17" count="21" type="stmt"/>
        <line num="18" count="21" type="stmt"/>
        <line num="19" count="15" type="stmt"/>
        <line num="20" count="15" type="stmt"/>
        <line num="22" count="6" type="cond" truecount="2" falsecount="0"/>
        <line num="23" count="6" type="stmt"/>
        <line num="25" count="21" type="stmt"/>
        <line num="31" count="1402" type="stmt"/>
        <line num="32" count="24" type="stmt"/>
        <line num="33" count="24" type="stmt"/>
        <line num="36" count="1402" type="stmt"/>
      </file>
      <file name="useAuth.js" path="/Users/kenneth/Claude/Code/loyalty-admin-dashboard/src/hooks/useAuth.js">
        <metrics statements="4" coveredstatements="4" conditionals="2" coveredconditionals="2" methods="1" coveredmethods="1"/>
        <line num="5" count="31" type="stmt"/>
        <line num="6" count="31" type="cond" truecount="2" falsecount="0"/>
        <line num="7" count="2" type="stmt"/>
        <line num="9" count="29" type="stmt"/>
      </file>
      <file name="useCampaignContext.js" path="/Users/kenneth/Claude/Code/loyalty-admin-dashboard/src/hooks/useCampaignContext.js">
        <metrics statements="4" coveredstatements="4" conditionals="2" coveredconditionals="2" methods="1" coveredmethods="1"/>
        <line num="5" count="27" type="stmt"/>
        <line num="6" count="27" type="cond" truecount="2" falsecount="0"/>
        <line num="7" count="4" type="stmt"/>
        <line num="9" count="23" type="stmt"/>
      </file>
      <file name="useExchangeContext.js" path="/Users/kenneth/Claude/Code/loyalty-admin-dashboard/src/hooks/useExchangeContext.js">
        <metrics statements="4" coveredstatements="4" conditionals="2" coveredconditionals="2" methods="1" coveredmethods="1"/>
        <line num="5" count="34" type="stmt"/>
        <line num="6" count="34" type="cond" truecount="2" falsecount="0"/>
        <line num="7" count="4" type="stmt"/>
        <line num="9" count="30" type="stmt"/>
      </file>
      <file name="usePartnerContext.js" path="/Users/kenneth/Claude/Code/loyalty-admin-dashboard/src/hooks/usePartnerContext.js">
        <metrics statements="4" coveredstatements="4" conditionals="2" coveredconditionals="2" methods="1" coveredmethods="1"/>
        <line num="5" count="34" type="stmt"/>
        <line num="6" count="34" type="cond" truecount="2" falsecount="0"/>
        <line num="7" count="4" type="stmt"/>
        <line num="9" count="30" type="stmt"/>
      </file>
      <file name="useProfileContext.js" path="/Users/kenneth/Claude/Code/loyalty-admin-dashboard/src/hooks/useProfileContext.js">
        <metrics statements="4" coveredstatements="4" conditionals="2" coveredconditionals="2" methods="1" coveredmethods="1"/>
        <line num="5" count="5" type="stmt"/>
        <line num="6" count="5" type="cond" truecount="2" falsecount="0"/>
        <line num="7" count="2" type="stmt"/>
        <line num="9" count="3" type="stmt"/>
      </file>
    </package>
    <package name="src.layouts">
      <metrics statements="15" coveredstatements="14" conditionals="21" coveredconditionals="18" methods="6" coveredmethods="5"/>
      <file name="DashboardLayout.jsx" path="/Users/kenneth/Claude/Code/loyalty-admin-dashboard/src/layouts/DashboardLayout.jsx">
        <metrics statements="2" coveredstatements="2" conditionals="3" coveredconditionals="3" methods="1" coveredmethods="1"/>
        <line num="6" count="6" type="stmt"/>
        <line num="20" count="1" type="stmt"/>
      </file>
      <file name="Sidebar.jsx" path="/Users/kenneth/Claude/Code/loyalty-admin-dashboard/src/layouts/Sidebar.jsx">
        <metrics statements="13" coveredstatements="12" conditionals="18" coveredconditionals="15" methods="5" coveredmethods="4"/>
        <line num="20" count="1" type="stmt"/>
        <line num="23" count="1" type="cond" truecount="3" falsecount="0"/>
        <line num="26" count="10" type="stmt"/>
        <line num="27" count="10" type="stmt"/>
        <line num="32" count="10" type="stmt"/>
        <line num="33" count="10" type="cond" truecount="2" falsecount="0"/>
        <line num="34" count="9" type="stmt"/>
        <line num="39" count="10" type="stmt"/>
        <line num="41" count="80" type="cond" truecount="3" falsecount="0"/>
        <line num="44" count="10" type="stmt"/>
        <line num="75" count="64" type="stmt"/>
        <line num="76" count="64" type="stmt"/>
        <line num="82" count="0" type="stmt"/>
      </file>
    </package>
    <package name="src.utils">
      <metrics statements="68" coveredstatements="68" conditionals="76" coveredconditionals="74" methods="23" coveredmethods="23"/>
      <file name="dateUtils.js" path="/Users/kenneth/Claude/Code/loyalty-admin-dashboard/src/utils/dateUtils.js">
        <metrics statements="34" coveredstatements="34" conditionals="38" coveredconditionals="36" methods="10" coveredmethods="10"/>
        <line num="7" count="76" type="cond" truecount="2" falsecount="0"/>
        <line num="8" count="72" type="stmt"/>
        <line num="9" count="72" type="cond" truecount="2" falsecount="0"/>
        <line num="10" count="71" type="stmt"/>
        <line num="20" count="9" type="cond" truecount="2" falsecount="0"/>
        <line num="21" count="7" type="stmt"/>
        <line num="22" count="7" type="stmt"/>
        <line num="23" count="7" type="stmt"/>
        <line num="24" count="7" type="stmt"/>
        <line num="26" count="7" type="cond" truecount="2" falsecount="0"/>
        <line num="27" count="6" type="cond" truecount="4" falsecount="0"/>
        <line num="28" count="4" type="stmt"/>
        <line num="29" count="4" type="cond" truecount="4" falsecount="0"/>
        <line num="30" count="2" type="stmt"/>
        <line num="31" count="2" type="cond" truecount="2" falsecount="0"/>
        <line num="38" count="5" type="cond" truecount="2" falsecount="0"/>
        <line num="39" count="2" type="stmt"/>
        <line num="43" count="6" type="cond" truecount="2" falsecount="0"/>
        <line num="44" count="3" type="stmt"/>
        <line num="45" count="12" type="stmt"/>
        <line num="46" count="3" type="stmt"/>
        <line num="54" count="18" type="stmt"/>
        <line num="55" count="18" type="stmt"/>
        <line num="56" count="18" type="cond" truecount="2" falsecount="0"/>
        <line num="57" count="17" type="cond" truecount="2" falsecount="0"/>
        <line num="58" count="14" type="stmt"/>
        <line num="68" count="12" type="stmt"/>
        <line num="69" count="8" type="cond" truecount="2" falsecount="0"/>
        <line num="70" count="2" type="stmt"/>
        <line num="72" count="6" type="stmt"/>
        <line num="73" count="10" type="cond" truecount="4" falsecount="0"/>
        <line num="76" count="6" type="stmt"/>
        <line num="77" count="10" type="cond" truecount="3" falsecount="1"/>
        <line num="80" count="6" type="stmt"/>
      </file>
      <file name="formConverters.js" path="/Users/kenneth/Claude/Code/loyalty-admin-dashboard/src/utils/formConverters.js">
        <metrics statements="3" coveredstatements="3" conditionals="9" coveredconditionals="9" methods="2" coveredmethods="2"/>
        <line num="4" count="39" type="cond" truecount="4" falsecount="0"/>
        <line num="8" count="18" type="cond" truecount="5" falsecount="0"/>
        <line num="9" count="14" type="stmt"/>
      </file>
      <file name="formatters.js" path="/Users/kenneth/Claude/Code/loyalty-admin-dashboard/src/utils/formatters.js">
        <metrics statements="16" coveredstatements="16" conditionals="25" coveredconditionals="25" methods="8" coveredmethods="8"/>
        <line num="2" count="60" type="cond" truecount="2" falsecount="0"/>
        <line num="3" count="60" type="cond" truecount="2" falsecount="0"/>
        <line num="4" count="60" type="stmt"/>
        <line num="10" count="25" type="cond" truecount="2" falsecount="0"/>
        <line num="11" count="25" type="stmt"/>
        <line num="15" count="6" type="cond" truecount="2" falsecount="0"/>
        <line num="16" count="6" type="stmt"/>
        <line num="20" count="6" type="cond" truecount="5" falsecount="0"/>
        <line num="21" count="3" type="stmt"/>
        <line num="25" count="5" type="cond" truecount="5" falsecount="0"/>
        <line num="26" count="2" type="stmt"/>
        <line num="30" count="6" type="cond" truecount="2" falsecount="0"/>
        <line num="31" count="4" type="cond" truecount="2" falsecount="0"/>
        <line num="35" count="20" type="cond" truecount="2" falsecount="0"/>
        <line num="36" count="17" type="stmt"/>
        <line num="40" count="23" type="stmt"/>
      </file>
      <file name="theme.js" path="/Users/kenneth/Claude/Code/loyalty-admin-dashboard/src/utils/theme.js">
        <metrics statements="15" coveredstatements="15" conditionals="4" coveredconditionals="4" methods="3" coveredmethods="3"/>
        <line num="5" count="9" type="stmt"/>
        <line num="10" count="28" type="stmt"/>
        <line num="11" count="28" type="stmt"/>
        <line num="12" count="28" type="stmt"/>
        <line num="13" count="28" type="stmt"/>
        <line num="14" count="28" type="stmt"/>
        <line num="18" count="28" type="cond" truecount="4" falsecount="0"/>
        <line num="19" count="28" type="stmt"/>
        <line num="20" count="28" type="stmt"/>
        <line num="21" count="28" type="stmt"/>
        <line num="22" count="28" type="stmt"/>
        <line num="23" count="28" type="stmt"/>
        <line num="24" count="28" type="stmt"/>
        <line num="25" count="28" type="stmt"/>
        <line num="29" count="3" type="stmt"/>
      </file>
    </package>
    <package name="src.views">
      <metrics statements="275" coveredstatements="191" conditionals="111" coveredconditionals="71" methods="92" coveredmethods="48"/>
      <file name="CampaignEditorView.jsx" path="/Users/kenneth/Claude/Code/loyalty-admin-dashboard/src/views/CampaignEditorView.jsx">
        <metrics statements="5" coveredstatements="5" conditionals="0" coveredconditionals="0" methods="2" coveredmethods="2"/>
        <line num="9" count="14" type="stmt"/>
        <line num="10" count="14" type="stmt"/>
        <line num="12" count="14" type="stmt"/>
        <line num="13" count="14" type="stmt"/>
        <line num="18" count="14" type="stmt"/>
      </file>
      <file name="GiftManagerView.jsx" path="/Users/kenneth/Claude/Code/loyalty-admin-dashboard/src/views/GiftManagerView.jsx">
        <metrics statements="65" coveredstatements="32" conditionals="28" coveredconditionals="13" methods="19" coveredmethods="6"/>
        <line num="18" count="41" type="stmt"/>
        <line num="19" count="41" type="stmt"/>
        <line num="20" count="41" type="stmt"/>
        <line num="21" count="41" type="stmt"/>
        <line num="22" count="41" type="stmt"/>
        <line num="23" count="41" type="stmt"/>
        <line num="24" count="41" type="stmt"/>
        <line num="26" count="41" type="stmt"/>
        <line num="27" count="20" type="stmt"/>
        <line num="30" count="41" type="stmt"/>
        <line num="31" count="20" type="stmt"/>
        <line num="32" count="20" type="stmt"/>
        <line num="33" count="20" type="stmt"/>
        <line num="34" count="19" type="stmt"/>
        <line num="35" count="19" type="stmt"/>
        <line num="36" count="19" type="stmt"/>
        <line num="38" count="0" type="stmt"/>
        <line num="40" count="19" type="stmt"/>
        <line num="44" count="41" type="stmt"/>
        <line num="45" count="0" type="stmt"/>
        <line num="46" count="0" type="cond" truecount="0" falsecount="2"/>
        <line num="47" count="0" type="stmt"/>
        <line num="48" count="0" type="cond" truecount="0" falsecount="2"/>
        <line num="50" count="0" type="stmt"/>
        <line num="51" count="0" type="stmt"/>
        <line num="53" count="0" type="stmt"/>
        <line num="54" count="0" type="stmt"/>
        <line num="56" count="0" type="stmt"/>
        <line num="60" count="41" type="stmt"/>
        <line num="61" count="0" type="cond" truecount="0" falsecount="2"/>
        <line num="62" count="0" type="stmt"/>
        <line num="63" count="0" type="stmt"/>
        <line num="64" count="0" type="stmt"/>
        <line num="65" count="0" type="stmt"/>
        <line num="67" count="0" type="stmt"/>
        <line num="72" count="41" type="stmt"/>
        <line num="73" count="0" type="stmt"/>
        <line num="74" count="0" type="stmt"/>
        <line num="77" count="41" type="stmt"/>
        <line num="78" count="1" type="stmt"/>
        <line num="79" count="1" type="stmt"/>
        <line num="82" count="41" type="stmt"/>
        <line num="83" count="0" type="stmt"/>
        <line num="84" count="0" type="stmt"/>
        <line num="85" count="0" type="stmt"/>
        <line num="87" count="0" type="stmt"/>
        <line num="91" count="41" type="stmt"/>
        <line num="92" count="0" type="stmt"/>
        <line num="93" count="0" type="stmt"/>
        <line num="94" count="0" type="cond" truecount="0" falsecount="2"/>
        <line num="96" count="0" type="stmt"/>
        <line num="100" count="41" type="stmt"/>
        <line num="101" count="0" type="cond" truecount="0" falsecount="2"/>
        <line num="102" count="0" type="stmt"/>
        <line num="103" count="0" type="stmt"/>
        <line num="104" count="0" type="stmt"/>
        <line num="106" count="0" type="stmt"/>
        <line num="111" count="41" type="cond" truecount="2" falsecount="0"/>
        <line num="112" count="20" type="stmt"/>
        <line num="115" count="21" type="stmt"/>
        <line num="122" count="2" type="stmt"/>
        <line num="123" count="2" type="stmt"/>
        <line num="144" count="20" type="stmt"/>
        <line num="148" count="0" type="stmt"/>
        <line num="153" count="0" type="stmt"/>
      </file>
      <file name="GlobalSettingsView.jsx" path="/Users/kenneth/Claude/Code/loyalty-admin-dashboard/src/views/GlobalSettingsView.jsx">
        <metrics statements="27" coveredstatements="17" conditionals="12" coveredconditionals="7" methods="8" coveredmethods="5"/>
        <line num="15" count="1" type="stmt"/>
        <line num="34" count="25" type="cond" truecount="1" falsecount="1"/>
        <line num="38" count="25" type="stmt"/>
        <line num="39" count="25" type="stmt"/>
        <line num="40" count="25" type="stmt"/>
        <line num="42" count="25" type="stmt"/>
        <line num="43" count="25" type="stmt"/>
        <line num="44" count="25" type="stmt"/>
        <line num="45" count="25" type="stmt"/>
        <line num="50" count="25" type="stmt"/>
        <line num="51" count="0" type="stmt"/>
        <line num="52" count="0" type="stmt"/>
        <line num="53" count="0" type="cond" truecount="0" falsecount="4"/>
        <line num="54" count="0" type="stmt"/>
        <line num="55" count="0" type="stmt"/>
        <line num="57" count="0" type="stmt"/>
        <line num="58" count="0" type="stmt"/>
        <line num="59" count="0" type="stmt"/>
        <line num="68" count="25" type="stmt"/>
        <line num="82" count="0" type="stmt"/>
        <line num="94" count="1" type="stmt"/>
        <line num="105" count="11" type="stmt"/>
        <line num="107" count="11" type="stmt"/>
        <line num="108" count="11" type="stmt"/>
        <line num="113" count="11" type="stmt"/>
        <line num="130" count="25" type="stmt"/>
        <line num="133" count="0" type="stmt"/>
      </file>
      <file name="InstitutionManagerView.jsx" path="/Users/kenneth/Claude/Code/loyalty-admin-dashboard/src/views/InstitutionManagerView.jsx">
        <metrics statements="46" coveredstatements="23" conditionals="10" coveredconditionals="1" methods="20" coveredmethods="4"/>
        <line num="17" count="26" type="stmt"/>
        <line num="18" count="26" type="stmt"/>
        <line num="19" count="26" type="stmt"/>
        <line num="20" count="26" type="stmt"/>
        <line num="21" count="26" type="stmt"/>
        <line num="22" count="26" type="stmt"/>
        <line num="23" count="26" type="stmt"/>
        <line num="24" count="26" type="stmt"/>
        <line num="25" count="26" type="stmt"/>
        <line num="27" count="26" type="stmt"/>
        <line num="28" count="11" type="stmt"/>
        <line num="29" count="11" type="stmt"/>
        <line num="30" count="11" type="stmt"/>
        <line num="31" count="10" type="stmt"/>
        <line num="33" count="10" type="stmt"/>
        <line num="37" count="26" type="stmt"/>
        <line num="38" count="11" type="stmt"/>
        <line num="41" count="26" type="stmt"/>
        <line num="42" count="0" type="stmt"/>
        <line num="43" count="0" type="stmt"/>
        <line num="44" count="0" type="stmt"/>
        <line num="47" count="26" type="stmt"/>
        <line num="48" count="0" type="stmt"/>
        <line num="49" count="0" type="stmt"/>
        <line num="50" count="0" type="cond" truecount="0" falsecount="2"/>
        <line num="52" count="0" type="stmt"/>
        <line num="55" count="26" type="stmt"/>
        <line num="56" count="0" type="stmt"/>
        <line num="57" count="0" type="stmt"/>
        <line num="58" count="0" type="cond" truecount="0" falsecount="2"/>
        <line num="60" count="0" type="stmt"/>
        <line num="63" count="26" type="stmt"/>
        <line num="64" count="0" type="stmt"/>
        <line num="65" count="0" type="stmt"/>
        <line num="66" count="0" type="stmt"/>
        <line num="67" count="0" type="stmt"/>
        <line num="72" count="0" type="stmt"/>
        <line num="73" count="0" type="cond" truecount="0" falsecount="2"/>
        <line num="76" count="0" type="cond" truecount="0" falsecount="2"/>
        <line num="78" count="0" type="stmt"/>
        <line num="82" count="26" type="stmt"/>
        <line num="91" count="1" type="stmt"/>
        <line num="110" count="0" type="stmt"/>
        <line num="115" count="0" type="stmt"/>
        <line num="121" count="0" type="stmt"/>
        <line num="127" count="0" type="stmt"/>
      </file>
      <file name="LiveTransactionsView.jsx" path="/Users/kenneth/Claude/Code/loyalty-admin-dashboard/src/views/LiveTransactionsView.jsx">
        <metrics statements="5" coveredstatements="5" conditionals="0" coveredconditionals="0" methods="2" coveredmethods="2"/>
        <line num="16" count="14" type="stmt"/>
        <line num="18" count="14" type="stmt"/>
        <line num="19" count="14" type="stmt"/>
        <line num="20" count="14" type="stmt"/>
        <line num="25" count="14" type="stmt"/>
      </file>
      <file name="LoginView.jsx" path="/Users/kenneth/Claude/Code/loyalty-admin-dashboard/src/views/LoginView.jsx">
        <metrics statements="20" coveredstatements="20" conditionals="14" coveredconditionals="14" methods="4" coveredmethods="4"/>
        <line num="11" count="182" type="stmt"/>
        <line num="12" count="182" type="stmt"/>
        <line num="13" count="182" type="stmt"/>
        <line num="15" count="182" type="stmt"/>
        <line num="16" count="182" type="stmt"/>
        <line num="17" count="182" type="stmt"/>
        <line num="21" count="182" type="cond" truecount="2" falsecount="0"/>
        <line num="22" count="2" type="stmt"/>
        <line num="25" count="180" type="stmt"/>
        <line num="26" count="3" type="stmt"/>
        <line num="27" count="3" type="stmt"/>
        <line num="28" count="3" type="stmt"/>
        <line num="32" count="3" type="cond" truecount="2" falsecount="0"/>
        <line num="33" count="3" type="cond" truecount="2" falsecount="0"/>
        <line num="34" count="3" type="stmt"/>
        <line num="40" count="180" type="stmt"/>
        <line num="65" count="104" type="stmt"/>
        <line num="66" count="104" type="cond" truecount="2" falsecount="0"/>
        <line num="77" count="55" type="stmt"/>
        <line num="78" count="55" type="cond" truecount="2" falsecount="0"/>
      </file>
      <file name="PartnerManagerView.jsx" path="/Users/kenneth/Claude/Code/loyalty-admin-dashboard/src/views/PartnerManagerView.jsx">
        <metrics statements="12" coveredstatements="8" conditionals="2" coveredconditionals="2" methods="6" coveredmethods="2"/>
        <line num="20" count="15" type="stmt"/>
        <line num="21" count="15" type="stmt"/>
        <line num="22" count="15" type="stmt"/>
        <line num="23" count="15" type="stmt"/>
        <line num="24" count="15" type="stmt"/>
        <line num="26" count="15" type="stmt"/>
        <line num="27" count="15" type="stmt"/>
        <line num="32" count="15" type="stmt"/>
        <line num="47" count="0" type="stmt"/>
        <line num="64" count="0" type="stmt"/>
        <line num="71" count="0" type="stmt"/>
        <line num="77" count="0" type="stmt"/>
      </file>
      <file name="PointsExchangeView.jsx" path="/Users/kenneth/Claude/Code/loyalty-admin-dashboard/src/views/PointsExchangeView.jsx">
        <metrics statements="10" coveredstatements="8" conditionals="0" coveredconditionals="0" methods="5" coveredmethods="3"/>
        <line num="21" count="16" type="stmt"/>
        <line num="22" count="16" type="stmt"/>
        <line num="23" count="16" type="stmt"/>
        <line num="25" count="16" type="stmt"/>
        <line num="26" count="15" type="stmt"/>
        <line num="27" count="15" type="stmt"/>
        <line num="32" count="16" type="stmt"/>
        <line num="39" count="1" type="stmt"/>
        <line num="59" count="0" type="stmt"/>
        <line num="65" count="0" type="stmt"/>
      </file>
      <file name="ProfileManagerView.jsx" path="/Users/kenneth/Claude/Code/loyalty-admin-dashboard/src/views/ProfileManagerView.jsx">
        <metrics statements="11" coveredstatements="11" conditionals="0" coveredconditionals="0" methods="5" coveredmethods="5"/>
        <line num="13" count="30" type="stmt"/>
        <line num="14" count="30" type="stmt"/>
        <line num="15" count="30" type="stmt"/>
        <line num="16" count="30" type="stmt"/>
        <line num="18" count="30" type="stmt"/>
        <line num="19" count="19" type="stmt"/>
        <line num="23" count="19" type="stmt"/>
        <line num="27" count="30" type="stmt"/>
        <line num="34" count="2" type="stmt"/>
        <line num="49" count="1" type="stmt"/>
        <line num="56" count="3" type="stmt"/>
      </file>
      <file name="WalletDetailView.jsx" path="/Users/kenneth/Claude/Code/loyalty-admin-dashboard/src/views/WalletDetailView.jsx">
        <metrics statements="60" coveredstatements="48" conditionals="41" coveredconditionals="30" methods="16" coveredmethods="10"/>
        <line num="17" count="1" type="stmt"/>
        <line num="21" count="17" type="stmt"/>
        <line num="22" count="17" type="stmt"/>
        <line num="23" count="17" type="stmt"/>
        <line num="24" count="17" type="stmt"/>
        <line num="26" count="17" type="stmt"/>
        <line num="27" count="17" type="cond" truecount="2" falsecount="0"/>
        <line num="28" count="1" type="stmt"/>
        <line num="34" count="31" type="stmt"/>
        <line num="36" count="17" type="stmt"/>
        <line num="37" count="0" type="cond" truecount="0" falsecount="2"/>
        <line num="38" count="0" type="stmt"/>
        <line num="39" count="0" type="stmt"/>
        <line num="40" count="0" type="stmt"/>
        <line num="41" count="0" type="stmt"/>
        <line num="44" count="17" type="cond" truecount="2" falsecount="0"/>
        <line num="46" count="16" type="stmt"/>
        <line num="50" count="0" type="stmt"/>
        <line num="55" count="31" type="stmt"/>
        <line num="75" count="1" type="stmt"/>
        <line num="91" count="0" type="stmt"/>
        <line num="92" count="0" type="stmt"/>
        <line num="93" count="0" type="stmt"/>
        <line num="97" count="60" type="stmt"/>
        <line num="98" count="60" type="stmt"/>
        <line num="100" count="60" type="stmt"/>
        <line num="101" count="60" type="stmt"/>
        <line num="102" count="60" type="stmt"/>
        <line num="104" count="60" type="stmt"/>
        <line num="106" count="60" type="stmt"/>
        <line num="107" count="60" type="stmt"/>
        <line num="109" count="60" type="stmt"/>
        <line num="111" count="21" type="stmt"/>
        <line num="112" count="21" type="stmt"/>
        <line num="113" count="21" type="stmt"/>
        <line num="114" count="21" type="stmt"/>
        <line num="116" count="21" type="stmt"/>
        <line num="122" count="60" type="stmt"/>
        <line num="123" count="0" type="stmt"/>
        <line num="124" count="0" type="stmt"/>
        <line num="127" count="60" type="stmt"/>
        <line num="128" count="21" type="stmt"/>
        <line num="129" count="21" type="stmt"/>
        <line num="130" count="21" type="stmt"/>
        <line num="131" count="21" type="stmt"/>
        <line num="132" count="21" type="stmt"/>
        <line num="133" count="21" type="stmt"/>
        <line num="134" count="19" type="cond" truecount="1" falsecount="1"/>
        <line num="135" count="19" type="stmt"/>
        <line num="138" count="19" type="stmt"/>
        <line num="141" count="19" type="cond" truecount="1" falsecount="1"/>
        <line num="145" count="1" type="cond" truecount="1" falsecount="1"/>
        <line num="146" count="1" type="stmt"/>
        <line num="150" count="20" type="cond" truecount="1" falsecount="1"/>
        <line num="153" count="21" type="stmt"/>
        <line num="154" count="21" type="stmt"/>
        <line num="155" count="21" type="stmt"/>
        <line num="160" count="60" type="cond" truecount="2" falsecount="0"/>
        <line num="164" count="60" type="stmt"/>
        <line num="170" count="0" type="stmt"/>
      </file>
      <file name="WalletsListView.jsx" path="/Users/kenneth/Claude/Code/loyalty-admin-dashboard/src/views/WalletsListView.jsx">
        <metrics statements="14" coveredstatements="14" conditionals="4" coveredconditionals="4" methods="5" coveredmethods="5"/>
        <line num="8" count="1" type="stmt"/>
        <line num="15" count="29" type="stmt"/>
        <line num="16" count="29" type="stmt"/>
        <line num="17" count="29" type="stmt"/>
        <line num="19" count="29" type="stmt"/>
        <line num="20" count="29" type="stmt"/>
        <line num="25" count="29" type="stmt"/>
        <line num="26" count="9" type="cond" truecount="2" falsecount="0"/>
        <line num="27" count="5" type="cond" truecount="2" falsecount="0"/>
        <line num="29" count="4" type="stmt"/>
        <line num="30" count="4" type="stmt"/>
        <line num="34" count="29" type="stmt"/>
        <line num="35" count="2" type="stmt"/>
        <line num="38" count="29" type="stmt"/>
      </file>
    </package>
  </project>
</coverage>
