{"/Users/kenneth/Claude/Code/loyalty-admin-dashboard/src/App.jsx": {"path":"/Users/kenneth/Claude/Code/loyalty-admin-dashboard/src/App.jsx","statementMap":{"0":{"start":{"line":18,"column":2},"end":{"line":103,"column":4}}},"fnMap":{"0":{"name":"App","decl":{"start":{"line":17,"column":16},"end":{"line":17,"column":19}},"loc":{"start":{"line":17,"column":22},"end":{"line":104,"column":1}},"line":17}},"branchMap":{},"s":{"0":0},"f":{"0":0},"b":{}}
,"/Users/kenneth/Claude/Code/loyalty-admin-dashboard/src/api/authToken.js": {"path":"/Users/kenneth/Claude/Code/loyalty-admin-dashboard/src/api/authToken.js","statementMap":{"0":{"start":{"line":14,"column":19},"end":{"line":14,"column":23}},"1":{"start":{"line":15,"column":26},"end":{"line":15,"column":34}},"2":{"start":{"line":18,"column":2},"end":{"line":18,"column":22}},"3":{"start":{"line":22,"column":2},"end":{"line":22,"column":23}},"4":{"start":{"line":26,"column":2},"end":{"line":26,"column":32}},"5":{"start":{"line":30,"column":2},"end":{"line":30,"column":24}}},"fnMap":{"0":{"name":"(anonymous_0)","decl":{"start":{"line":15,"column":26},"end":{"line":15,"column":27}},"loc":{"start":{"line":15,"column":32},"end":{"line":15,"column":34}},"line":15},"1":{"name":"getToken","decl":{"start":{"line":17,"column":16},"end":{"line":17,"column":24}},"loc":{"start":{"line":17,"column":27},"end":{"line":19,"column":1}},"line":17},"2":{"name":"setToken","decl":{"start":{"line":21,"column":16},"end":{"line":21,"column":24}},"loc":{"start":{"line":21,"column":32},"end":{"line":23,"column":1}},"line":21},"3":{"name":"setUnauthorizedHandler","decl":{"start":{"line":25,"column":16},"end":{"line":25,"column":38}},"loc":{"start":{"line":25,"column":48},"end":{"line":27,"column":1}},"line":25},"4":{"name":"notifyUnauthorized","decl":{"start":{"line":29,"column":16},"end":{"line":29,"column":34}},"loc":{"start":{"line":29,"column":37},"end":{"line":31,"column":1}},"line":29}},"branchMap":{},"s":{"0":6,"1":6,"2":0,"3":0,"4":62,"5":0},"f":{"0":0,"1":0,"2":0,"3":62,"4":0},"b":{},"_coverageSchema":"1a1c01bbd47fc00a2c39e90264f33305004495a9","hash":"a77d97e610d4624c8eee72f684d46ebd0094d43b"}
,"/Users/kenneth/Claude/Code/loyalty-admin-dashboard/src/api/client.js": {"path":"/Users/kenneth/Claude/Code/loyalty-admin-dashboard/src/api/client.js","statementMap":{"0":{"start":{"line":4,"column":21},"end":{"line":4,"column":81}},"1":{"start":{"line":9,"column":25},"end":{"line":9,"column":37}},"2":{"start":{"line":16,"column":33},"end":{"line":16,"column":36}},"3":{"start":{"line":20,"column":4},"end":{"line":20,"column":19}},"4":{"start":{"line":21,"column":4},"end":{"line":21,"column":27}},"5":{"start":{"line":22,"column":4},"end":{"line":22,"column":25}},"6":{"start":{"line":30,"column":18},"end":{"line":30,"column":56}},"7":{"start":{"line":31,"column":16},"end":{"line":31,"column":26}},"8":{"start":{"line":32,"column":2},"end":{"line":34,"column":3}},"9":{"start":{"line":33,"column":4},"end":{"line":33,"column":46}},"10":{"start":{"line":35,"column":2},"end":{"line":37,"column":3}},"11":{"start":{"line":36,"column":4},"end":{"line":36,"column":36}},"12":{"start":{"line":40,"column":2},"end":{"line":48,"column":3}},"13":{"start":{"line":41,"column":4},"end":{"line":45,"column":7}},"14":{"start":{"line":47,"column":4},"end":{"line":47,"column":100}},"15":{"start":{"line":50,"column":2},"end":{"line":52,"column":3}},"16":{"start":{"line":51,"column":4},"end":{"line":51,"column":25}},"17":{"start":{"line":54,"column":2},"end":{"line":63,"column":3}},"18":{"start":{"line":55,"column":18},"end":{"line":55,"column":37}},"19":{"start":{"line":56,"column":4},"end":{"line":61,"column":5}},"20":{"start":{"line":57,"column":24},"end":{"line":57,"column":45}},"21":{"start":{"line":58,"column":6},"end":{"line":58,"column":45}},"22":{"start":{"line":62,"column":4},"end":{"line":62,"column":49}},"23":{"start":{"line":65,"column":2},"end":{"line":67,"column":3}},"24":{"start":{"line":66,"column":4},"end":{"line":66,"column":16}},"25":{"start":{"line":68,"column":2},"end":{"line":68,"column":25}},"26":{"start":{"line":76,"column":2},"end":{"line":79,"column":5}},"27":{"start":{"line":87,"column":2},"end":{"line":87,"column":39}},"28":{"start":{"line":95,"column":2},"end":{"line":107,"column":4}},"29":{"start":{"line":111,"column":2},"end":{"line":121,"column":4}},"30":{"start":{"line":125,"column":34},"end":{"line":128,"column":4}},"31":{"start":{"line":130,"column":17},"end":{"line":133,"column":85}},"32":{"start":{"line":133,"column":19},"end":{"line":133,"column":84}},"33":{"start":{"line":135,"column":24},"end":{"line":135,"column":37}},"34":{"start":{"line":136,"column":21},"end":{"line":136,"column":69}},"35":{"start":{"line":137,"column":16},"end":{"line":137,"column":31}},"36":{"start":{"line":138,"column":18},"end":{"line":138,"column":55}},"37":{"start":{"line":140,"column":2},"end":{"line":140,"column":64}},"38":{"start":{"line":152,"column":2},"end":{"line":152,"column":78}},"39":{"start":{"line":156,"column":2},"end":{"line":156,"column":46}},"40":{"start":{"line":160,"column":2},"end":{"line":160,"column":100}},"41":{"start":{"line":164,"column":2},"end":{"line":164,"column":63}},"42":{"start":{"line":172,"column":2},"end":{"line":172,"column":43}},"43":{"start":{"line":176,"column":18},"end":{"line":180,"column":4}},"44":{"start":{"line":183,"column":2},"end":{"line":183,"column":54}},"45":{"start":{"line":191,"column":2},"end":{"line":195,"column":5}},"46":{"start":{"line":204,"column":2},"end":{"line":204,"column":67}},"47":{"start":{"line":212,"column":2},"end":{"line":216,"column":5}},"48":{"start":{"line":220,"column":2},"end":{"line":223,"column":5}},"49":{"start":{"line":231,"column":2},"end":{"line":235,"column":5}},"50":{"start":{"line":243,"column":2},"end":{"line":243,"column":43}},"51":{"start":{"line":247,"column":18},"end":{"line":251,"column":4}},"52":{"start":{"line":254,"column":2},"end":{"line":254,"column":38}},"53":{"start":{"line":262,"column":2},"end":{"line":266,"column":5}},"54":{"start":{"line":270,"column":2},"end":{"line":274,"column":5}},"55":{"start":{"line":282,"column":2},"end":{"line":282,"column":53}},"56":{"start":{"line":289,"column":2},"end":{"line":298,"column":5}},"57":{"start":{"line":306,"column":2},"end":{"line":310,"column":5}},"58":{"start":{"line":314,"column":22},"end":{"line":314,"column":55}},"59":{"start":{"line":315,"column":2},"end":{"line":315,"column":89}},"60":{"start":{"line":323,"column":2},"end":{"line":323,"column":46}},"61":{"start":{"line":327,"column":2},"end":{"line":331,"column":5}},"62":{"start":{"line":340,"column":2},"end":{"line":340,"column":45}},"63":{"start":{"line":348,"column":2},"end":{"line":348,"column":41}},"64":{"start":{"line":352,"column":79},"end":{"line":352,"column":86}},"65":{"start":{"line":353,"column":2},"end":{"line":363,"column":5}},"66":{"start":{"line":371,"column":2},"end":{"line":371,"column":49}},"67":{"start":{"line":375,"column":2},"end":{"line":379,"column":5}},"68":{"start":{"line":383,"column":2},"end":{"line":387,"column":5}},"69":{"start":{"line":395,"column":2},"end":{"line":399,"column":5}},"70":{"start":{"line":407,"column":2},"end":{"line":411,"column":5}},"71":{"start":{"line":415,"column":2},"end":{"line":415,"column":80}},"72":{"start":{"line":419,"column":2},"end":{"line":423,"column":5}},"73":{"start":{"line":431,"column":2},"end":{"line":431,"column":40}},"74":{"start":{"line":435,"column":2},"end":{"line":435,"column":50}},"75":{"start":{"line":440,"column":4},"end":{"line":440,"column":11}},"76":{"start":{"line":441,"column":2},"end":{"line":454,"column":5}},"77":{"start":{"line":467,"column":6},"end":{"line":467,"column":13}},"78":{"start":{"line":468,"column":2},"end":{"line":481,"column":5}},"79":{"start":{"line":485,"column":2},"end":{"line":488,"column":5}},"80":{"start":{"line":492,"column":2},"end":{"line":492,"column":46}},"81":{"start":{"line":496,"column":36},"end":{"line":496,"column":43}},"82":{"start":{"line":497,"column":2},"end":{"line":505,"column":5}},"83":{"start":{"line":509,"column":36},"end":{"line":509,"column":43}},"84":{"start":{"line":510,"column":2},"end":{"line":517,"column":5}},"85":{"start":{"line":521,"column":2},"end":{"line":524,"column":5}}},"fnMap":{"0":{"name":"(anonymous_0)","decl":{"start":{"line":19,"column":2},"end":{"line":19,"column":3}},"loc":{"start":{"line":19,"column":31},"end":{"line":23,"column":3}},"line":19},"1":{"name":"request","decl":{"start":{"line":29,"column":15},"end":{"line":29,"column":22}},"loc":{"start":{"line":29,"column":69},"end":{"line":69,"column":1}},"line":29},"2":{"name":"login","decl":{"start":{"line":75,"column":22},"end":{"line":75,"column":27}},"loc":{"start":{"line":75,"column":45},"end":{"line":80,"column":1}},"line":75},"3":{"name":"fetchMetrics","decl":{"start":{"line":86,"column":22},"end":{"line":86,"column":34}},"loc":{"start":{"line":86,"column":37},"end":{"line":88,"column":1}},"line":86},"4":{"name":"ledgerEntryToFeedRow","decl":{"start":{"line":94,"column":9},"end":{"line":94,"column":29}},"loc":{"start":{"line":94,"column":37},"end":{"line":108,"column":1}},"line":94},"5":{"name":"auditLogToFeedRow","decl":{"start":{"line":110,"column":9},"end":{"line":110,"column":26}},"loc":{"start":{"line":110,"column":34},"end":{"line":122,"column":1}},"line":110},"6":{"name":"fetchActivityFeed","decl":{"start":{"line":124,"column":22},"end":{"line":124,"column":39}},"loc":{"start":{"line":124,"column":88},"end":{"line":141,"column":1}},"line":124},"7":{"name":"(anonymous_7)","decl":{"start":{"line":133,"column":9},"end":{"line":133,"column":10}},"loc":{"start":{"line":133,"column":19},"end":{"line":133,"column":84}},"line":133},"8":{"name":"fetchWallets","decl":{"start":{"line":147,"column":22},"end":{"line":147,"column":34}},"loc":{"start":{"line":151,"column":8},"end":{"line":153,"column":1}},"line":151},"9":{"name":"fetchWallet","decl":{"start":{"line":155,"column":22},"end":{"line":155,"column":33}},"loc":{"start":{"line":155,"column":42},"end":{"line":157,"column":1}},"line":155},"10":{"name":"fetchWalletHistory","decl":{"start":{"line":159,"column":22},"end":{"line":159,"column":40}},"loc":{"start":{"line":159,"column":94},"end":{"line":161,"column":1}},"line":159},"11":{"name":"fetchExpiringSummary","decl":{"start":{"line":163,"column":22},"end":{"line":163,"column":42}},"loc":{"start":{"line":163,"column":51},"end":{"line":165,"column":1}},"line":163},"12":{"name":"fetchProfiles","decl":{"start":{"line":171,"column":22},"end":{"line":171,"column":35}},"loc":{"start":{"line":171,"column":38},"end":{"line":173,"column":1}},"line":171},"13":{"name":"createProfile","decl":{"start":{"line":175,"column":22},"end":{"line":175,"column":35}},"loc":{"start":{"line":175,"column":75},"end":{"line":184,"column":1}},"line":175},"14":{"name":"configureProfileRates","decl":{"start":{"line":186,"column":22},"end":{"line":186,"column":43}},"loc":{"start":{"line":190,"column":2},"end":{"line":196,"column":1}},"line":190},"15":{"name":"fetchTierRules","decl":{"start":{"line":203,"column":22},"end":{"line":203,"column":36}},"loc":{"start":{"line":203,"column":48},"end":{"line":205,"column":1}},"line":203},"16":{"name":"createTierRule","decl":{"start":{"line":207,"column":22},"end":{"line":207,"column":36}},"loc":{"start":{"line":211,"column":2},"end":{"line":217,"column":1}},"line":211},"17":{"name":"deleteTierRule","decl":{"start":{"line":219,"column":22},"end":{"line":219,"column":36}},"loc":{"start":{"line":219,"column":65},"end":{"line":224,"column":1}},"line":219},"18":{"name":"changeWalletProfile","decl":{"start":{"line":230,"column":22},"end":{"line":230,"column":41}},"loc":{"start":{"line":230,"column":70},"end":{"line":236,"column":1}},"line":230},"19":{"name":"fetchPartners","decl":{"start":{"line":242,"column":22},"end":{"line":242,"column":35}},"loc":{"start":{"line":242,"column":38},"end":{"line":244,"column":1}},"line":242},"20":{"name":"createPartner","decl":{"start":{"line":246,"column":22},"end":{"line":246,"column":35}},"loc":{"start":{"line":246,"column":75},"end":{"line":255,"column":1}},"line":246},"21":{"name":"configurePartnerRates","decl":{"start":{"line":257,"column":22},"end":{"line":257,"column":43}},"loc":{"start":{"line":261,"column":2},"end":{"line":267,"column":1}},"line":261},"22":{"name":"createPartnerServiceAccount","decl":{"start":{"line":269,"column":22},"end":{"line":269,"column":49}},"loc":{"start":{"line":269,"column":91},"end":{"line":275,"column":1}},"line":269},"23":{"name":"fetchExchangeProviders","decl":{"start":{"line":281,"column":22},"end":{"line":281,"column":44}},"loc":{"start":{"line":281,"column":47},"end":{"line":283,"column":1}},"line":281},"24":{"name":"createExchangeProvider","decl":{"start":{"line":285,"column":22},"end":{"line":285,"column":44}},"loc":{"start":{"line":288,"column":2},"end":{"line":299,"column":1}},"line":288},"25":{"name":"updateExchangeProvider","decl":{"start":{"line":301,"column":22},"end":{"line":301,"column":44}},"loc":{"start":{"line":305,"column":2},"end":{"line":311,"column":1}},"line":305},"26":{"name":"fetchExchangeRequests","decl":{"start":{"line":313,"column":22},"end":{"line":313,"column":43}},"loc":{"start":{"line":313,"column":97},"end":{"line":316,"column":1}},"line":313},"27":{"name":"fetchConfigurations","decl":{"start":{"line":322,"column":22},"end":{"line":322,"column":41}},"loc":{"start":{"line":322,"column":44},"end":{"line":324,"column":1}},"line":322},"28":{"name":"updateConfiguration","decl":{"start":{"line":326,"column":22},"end":{"line":326,"column":41}},"loc":{"start":{"line":326,"column":92},"end":{"line":332,"column":1}},"line":326},"29":{"name":"fetchFeatureFlags","decl":{"start":{"line":339,"column":22},"end":{"line":339,"column":39}},"loc":{"start":{"line":339,"column":42},"end":{"line":341,"column":1}},"line":339},"30":{"name":"fetchCampaigns","decl":{"start":{"line":347,"column":22},"end":{"line":347,"column":36}},"loc":{"start":{"line":347,"column":39},"end":{"line":349,"column":1}},"line":347},"31":{"name":"createCampaign","decl":{"start":{"line":351,"column":22},"end":{"line":351,"column":36}},"loc":{"start":{"line":351,"column":55},"end":{"line":364,"column":1}},"line":351},"32":{"name":"fetchInstitutions","decl":{"start":{"line":370,"column":22},"end":{"line":370,"column":39}},"loc":{"start":{"line":370,"column":42},"end":{"line":372,"column":1}},"line":370},"33":{"name":"createInstitution","decl":{"start":{"line":374,"column":22},"end":{"line":374,"column":39}},"loc":{"start":{"line":374,"column":92},"end":{"line":380,"column":1}},"line":374},"34":{"name":"updateInstitutionStatus","decl":{"start":{"line":382,"column":22},"end":{"line":382,"column":45}},"loc":{"start":{"line":382,"column":78},"end":{"line":388,"column":1}},"line":382},"35":{"name":"updateInstitutionBranding","decl":{"start":{"line":390,"column":22},"end":{"line":390,"column":47}},"loc":{"start":{"line":394,"column":2},"end":{"line":400,"column":1}},"line":394},"36":{"name":"updateInstitutionDetails","decl":{"start":{"line":402,"column":22},"end":{"line":402,"column":46}},"loc":{"start":{"line":406,"column":2},"end":{"line":412,"column":1}},"line":406},"37":{"name":"fetchInstitutionFeatureFlags","decl":{"start":{"line":414,"column":22},"end":{"line":414,"column":50}},"loc":{"start":{"line":414,"column":66},"end":{"line":416,"column":1}},"line":414},"38":{"name":"updateInstitutionFeatureFlag","decl":{"start":{"line":418,"column":22},"end":{"line":418,"column":50}},"loc":{"start":{"line":418,"column":96},"end":{"line":424,"column":1}},"line":418},"39":{"name":"fetchGifts","decl":{"start":{"line":430,"column":22},"end":{"line":430,"column":32}},"loc":{"start":{"line":430,"column":35},"end":{"line":432,"column":1}},"line":430},"40":{"name":"fetchValidGifts","decl":{"start":{"line":434,"column":22},"end":{"line":434,"column":37}},"loc":{"start":{"line":434,"column":40},"end":{"line":436,"column":1}},"line":434},"41":{"name":"createGift","decl":{"start":{"line":438,"column":22},"end":{"line":438,"column":32}},"loc":{"start":{"line":438,"column":51},"end":{"line":455,"column":1}},"line":438},"42":{"name":"updateGift","decl":{"start":{"line":457,"column":22},"end":{"line":457,"column":32}},"loc":{"start":{"line":457,"column":59},"end":{"line":482,"column":1}},"line":457},"43":{"name":"deleteGift","decl":{"start":{"line":484,"column":22},"end":{"line":484,"column":32}},"loc":{"start":{"line":484,"column":50},"end":{"line":489,"column":1}},"line":484},"44":{"name":"fetchGiftRules","decl":{"start":{"line":491,"column":22},"end":{"line":491,"column":36}},"loc":{"start":{"line":491,"column":39},"end":{"line":493,"column":1}},"line":491},"45":{"name":"createGiftRule","decl":{"start":{"line":495,"column":22},"end":{"line":495,"column":36}},"loc":{"start":{"line":495,"column":55},"end":{"line":506,"column":1}},"line":495},"46":{"name":"updateGiftRule","decl":{"start":{"line":508,"column":22},"end":{"line":508,"column":36}},"loc":{"start":{"line":508,"column":63},"end":{"line":518,"column":1}},"line":508},"47":{"name":"deleteGiftRule","decl":{"start":{"line":520,"column":22},"end":{"line":520,"column":36}},"loc":{"start":{"line":520,"column":54},"end":{"line":525,"column":1}},"line":520}},"branchMap":{"0":{"loc":{"start":{"line":4,"column":21},"end":{"line":4,"column":81}},"type":"binary-expr","locations":[{"start":{"line":4,"column":21},"end":{"line":4,"column":54}},{"start":{"line":4,"column":58},"end":{"line":4,"column":81}}],"line":4},"1":{"loc":{"start":{"line":29,"column":29},"end":{"line":29,"column":67}},"type":"default-arg","locations":[{"start":{"line":29,"column":65},"end":{"line":29,"column":67}}],"line":29},"2":{"loc":{"start":{"line":29,"column":31},"end":{"line":29,"column":45}},"type":"default-arg","locations":[{"start":{"line":29,"column":40},"end":{"line":29,"column":45}}],"line":29},"3":{"loc":{"start":{"line":32,"column":2},"end":{"line":34,"column":3}},"type":"if","locations":[{"start":{"line":32,"column":2},"end":{"line":34,"column":3}},{"start":{},"end":{}}],"line":32},"4":{"loc":{"start":{"line":35,"column":2},"end":{"line":37,"column":3}},"type":"if","locations":[{"start":{"line":35,"column":2},"end":{"line":37,"column":3}},{"start":{},"end":{}}],"line":35},"5":{"loc":{"start":{"line":44,"column":12},"end":{"line":44,"column":65}},"type":"cond-expr","locations":[{"start":{"line":44,"column":33},"end":{"line":44,"column":53}},{"start":{"line":44,"column":56},"end":{"line":44,"column":65}}],"line":44},"6":{"loc":{"start":{"line":50,"column":2},"end":{"line":52,"column":3}},"type":"if","locations":[{"start":{"line":50,"column":2},"end":{"line":52,"column":3}},{"start":{},"end":{}}],"line":50},"7":{"loc":{"start":{"line":50,"column":6},"end":{"line":50,"column":67}},"type":"binary-expr","locations":[{"start":{"line":50,"column":6},"end":{"line":50,"column":29}},{"start":{"line":50,"column":33},"end":{"line":50,"column":67}}],"line":50},"8":{"loc":{"start":{"line":54,"column":2},"end":{"line":63,"column":3}},"type":"if","locations":[{"start":{"line":54,"column":2},"end":{"line":63,"column":3}},{"start":{},"end":{}}],"line":54},"9":{"loc":{"start":{"line":58,"column":16},"end":{"line":58,"column":44}},"type":"binary-expr","locations":[{"start":{"line":58,"column":16},"end":{"line":58,"column":33}},{"start":{"line":58,"column":37},"end":{"line":58,"column":44}}],"line":58},"10":{"loc":{"start":{"line":65,"column":2},"end":{"line":67,"column":3}},"type":"if","locations":[{"start":{"line":65,"column":2},"end":{"line":67,"column":3}},{"start":{},"end":{}}],"line":65},"11":{"loc":{"start":{"line":124,"column":40},"end":{"line":124,"column":86}},"type":"default-arg","locations":[{"start":{"line":124,"column":84},"end":{"line":124,"column":86}}],"line":124},"12":{"loc":{"start":{"line":124,"column":42},"end":{"line":124,"column":50}},"type":"default-arg","locations":[{"start":{"line":124,"column":49},"end":{"line":124,"column":50}}],"line":124},"13":{"loc":{"start":{"line":124,"column":52},"end":{"line":124,"column":79}},"type":"default-arg","locations":[{"start":{"line":124,"column":63},"end":{"line":124,"column":79}}],"line":124},"14":{"loc":{"start":{"line":147,"column":35},"end":{"line":151,"column":6}},"type":"default-arg","locations":[{"start":{"line":151,"column":4},"end":{"line":151,"column":6}}],"line":147},"15":{"loc":{"start":{"line":148,"column":2},"end":{"line":148,"column":10}},"type":"default-arg","locations":[{"start":{"line":148,"column":9},"end":{"line":148,"column":10}}],"line":148},"16":{"loc":{"start":{"line":149,"column":2},"end":{"line":149,"column":26}},"type":"default-arg","locations":[{"start":{"line":149,"column":9},"end":{"line":149,"column":26}}],"line":149},"17":{"loc":{"start":{"line":150,"column":2},"end":{"line":150,"column":21}},"type":"default-arg","locations":[{"start":{"line":150,"column":9},"end":{"line":150,"column":21}}],"line":150},"18":{"loc":{"start":{"line":159,"column":49},"end":{"line":159,"column":92}},"type":"default-arg","locations":[{"start":{"line":159,"column":90},"end":{"line":159,"column":92}}],"line":159},"19":{"loc":{"start":{"line":159,"column":51},"end":{"line":159,"column":59}},"type":"default-arg","locations":[{"start":{"line":159,"column":58},"end":{"line":159,"column":59}}],"line":159},"20":{"loc":{"start":{"line":159,"column":61},"end":{"line":159,"column":85}},"type":"default-arg","locations":[{"start":{"line":159,"column":68},"end":{"line":159,"column":85}}],"line":159},"21":{"loc":{"start":{"line":179,"column":38},"end":{"line":179,"column":57}},"type":"binary-expr","locations":[{"start":{"line":179,"column":38},"end":{"line":179,"column":49}},{"start":{"line":179,"column":53},"end":{"line":179,"column":57}}],"line":179},"22":{"loc":{"start":{"line":215,"column":48},"end":{"line":215,"column":65}},"type":"binary-expr","locations":[{"start":{"line":215,"column":48},"end":{"line":215,"column":57}},{"start":{"line":215,"column":61},"end":{"line":215,"column":65}}],"line":215},"23":{"loc":{"start":{"line":250,"column":38},"end":{"line":250,"column":57}},"type":"binary-expr","locations":[{"start":{"line":250,"column":38},"end":{"line":250,"column":49}},{"start":{"line":250,"column":53},"end":{"line":250,"column":57}}],"line":250},"24":{"loc":{"start":{"line":313,"column":44},"end":{"line":313,"column":95}},"type":"default-arg","locations":[{"start":{"line":313,"column":93},"end":{"line":313,"column":95}}],"line":313},"25":{"loc":{"start":{"line":313,"column":46},"end":{"line":313,"column":54}},"type":"default-arg","locations":[{"start":{"line":313,"column":53},"end":{"line":313,"column":54}}],"line":313},"26":{"loc":{"start":{"line":313,"column":56},"end":{"line":313,"column":80}},"type":"default-arg","locations":[{"start":{"line":313,"column":63},"end":{"line":313,"column":80}}],"line":313},"27":{"loc":{"start":{"line":314,"column":22},"end":{"line":314,"column":55}},"type":"cond-expr","locations":[{"start":{"line":314,"column":31},"end":{"line":314,"column":50}},{"start":{"line":314,"column":53},"end":{"line":314,"column":55}}],"line":314},"28":{"loc":{"start":{"line":330,"column":38},"end":{"line":330,"column":57}},"type":"binary-expr","locations":[{"start":{"line":330,"column":38},"end":{"line":330,"column":49}},{"start":{"line":330,"column":53},"end":{"line":330,"column":57}}],"line":330},"29":{"loc":{"start":{"line":410,"column":45},"end":{"line":410,"column":66}},"type":"binary-expr","locations":[{"start":{"line":410,"column":45},"end":{"line":410,"column":58}},{"start":{"line":410,"column":62},"end":{"line":410,"column":66}}],"line":410},"30":{"loc":{"start":{"line":446,"column":19},"end":{"line":446,"column":38}},"type":"binary-expr","locations":[{"start":{"line":446,"column":19},"end":{"line":446,"column":30}},{"start":{"line":446,"column":34},"end":{"line":446,"column":38}}],"line":446},"31":{"loc":{"start":{"line":447,"column":17},"end":{"line":447,"column":33}},"type":"binary-expr","locations":[{"start":{"line":447,"column":17},"end":{"line":447,"column":25}},{"start":{"line":447,"column":29},"end":{"line":447,"column":33}}],"line":447},"32":{"loc":{"start":{"line":449,"column":26},"end":{"line":449,"column":78}},"type":"cond-expr","locations":[{"start":{"line":449,"column":46},"end":{"line":449,"column":71}},{"start":{"line":449,"column":74},"end":{"line":449,"column":78}}],"line":449},"33":{"loc":{"start":{"line":473,"column":19},"end":{"line":473,"column":38}},"type":"binary-expr","locations":[{"start":{"line":473,"column":19},"end":{"line":473,"column":30}},{"start":{"line":473,"column":34},"end":{"line":473,"column":38}}],"line":473},"34":{"loc":{"start":{"line":474,"column":17},"end":{"line":474,"column":33}},"type":"binary-expr","locations":[{"start":{"line":474,"column":17},"end":{"line":474,"column":25}},{"start":{"line":474,"column":29},"end":{"line":474,"column":33}}],"line":474},"35":{"loc":{"start":{"line":476,"column":26},"end":{"line":476,"column":78}},"type":"cond-expr","locations":[{"start":{"line":476,"column":46},"end":{"line":476,"column":71}},{"start":{"line":476,"column":74},"end":{"line":476,"column":78}}],"line":476},"36":{"loc":{"start":{"line":479,"column":14},"end":{"line":479,"column":50}},"type":"cond-expr","locations":[{"start":{"line":479,"column":37},"end":{"line":479,"column":43}},{"start":{"line":479,"column":46},"end":{"line":479,"column":50}}],"line":479},"37":{"loc":{"start":{"line":515,"column":14},"end":{"line":515,"column":50}},"type":"cond-expr","locations":[{"start":{"line":515,"column":37},"end":{"line":515,"column":43}},{"start":{"line":515,"column":46},"end":{"line":515,"column":50}}],"line":515}},"s":{"0":0,"1":0,"2":0,"3":0,"4":0,"5":0,"6":0,"7":0,"8":0,"9":0,"10":0,"11":0,"12":0,"13":0,"14":0,"15":0,"16":0,"17":0,"18":0,"19":0,"20":0,"21":0,"22":0,"23":0,"24":0,"25":0,"26":0,"27":0,"28":0,"29":0,"30":0,"31":0,"32":0,"33":0,"34":0,"35":0,"36":0,"37":0,"38":0,"39":0,"40":0,"41":0,"42":0,"43":0,"44":0,"45":0,"46":0,"47":0,"48":0,"49":0,"50":0,"51":0,"52":0,"53":0,"54":0,"55":0,"56":0,"57":0,"58":0,"59":0,"60":0,"61":0,"62":0,"63":0,"64":0,"65":0,"66":0,"67":0,"68":0,"69":0,"70":0,"71":0,"72":0,"73":0,"74":0,"75":0,"76":0,"77":0,"78":0,"79":0,"80":0,"81":0,"82":0,"83":0,"84":0,"85":0},"f":{"0":0,"1":0,"2":0,"3":0,"4":0,"5":0,"6":0,"7":0,"8":0,"9":0,"10":0,"11":0,"12":0,"13":0,"14":0,"15":0,"16":0,"17":0,"18":0,"19":0,"20":0,"21":0,"22":0,"23":0,"24":0,"25":0,"26":0,"27":0,"28":0,"29":0,"30":0,"31":0,"32":0,"33":0,"34":0,"35":0,"36":0,"37":0,"38":0,"39":0,"40":0,"41":0,"42":0,"43":0,"44":0,"45":0,"46":0,"47":0},"b":{"0":[0,0],"1":[0],"2":[0],"3":[0,0],"4":[0,0],"5":[0,0],"6":[0,0],"7":[0,0],"8":[0,0],"9":[0,0],"10":[0,0],"11":[0],"12":[0],"13":[0],"14":[0],"15":[0],"16":[0],"17":[0],"18":[0],"19":[0],"20":[0],"21":[0,0],"22":[0,0],"23":[0,0],"24":[0],"25":[0],"26":[0],"27":[0,0],"28":[0,0],"29":[0,0],"30":[0,0],"31":[0,0],"32":[0,0],"33":[0,0],"34":[0,0],"35":[0,0],"36":[0,0],"37":[0,0]}}
,"/Users/kenneth/Claude/Code/loyalty-admin-dashboard/src/components/auth/ProtectedRoute.jsx": {"path":"/Users/kenneth/Claude/Code/loyalty-admin-dashboard/src/components/auth/ProtectedRoute.jsx","statementMap":{"0":{"start":{"line":20,"column":36},"end":{"line":20,"column":45}},"1":{"start":{"line":21,"column":19},"end":{"line":21,"column":32}},"2":{"start":{"line":23,"column":2},"end":{"line":25,"column":3}},"3":{"start":{"line":24,"column":4},"end":{"line":24,"column":71}},"4":{"start":{"line":26,"column":2},"end":{"line":28,"column":3}},"5":{"start":{"line":27,"column":4},"end":{"line":27,"column":62}},"6":{"start":{"line":30,"column":2},"end":{"line":30,"column":18}},"7":{"start":{"line":33,"column":0},"end":{"line":35,"column":2}}},"fnMap":{"0":{"name":"ProtectedRoute","decl":{"start":{"line":19,"column":16},"end":{"line":19,"column":30}},"loc":{"start":{"line":19,"column":45},"end":{"line":31,"column":1}},"line":19}},"branchMap":{"0":{"loc":{"start":{"line":23,"column":2},"end":{"line":25,"column":3}},"type":"if","locations":[{"start":{"line":23,"column":2},"end":{"line":25,"column":3}},{"start":{},"end":{}}],"line":23},"1":{"loc":{"start":{"line":26,"column":2},"end":{"line":28,"column":3}},"type":"if","locations":[{"start":{"line":26,"column":2},"end":{"line":28,"column":3}},{"start":{},"end":{}}],"line":26}},"s":{"0":7,"1":7,"2":7,"3":4,"4":3,"5":1,"6":2,"7":1},"f":{"0":7},"b":{"0":[4,3],"1":[1,2]},"_coverageSchema":"1a1c01bbd47fc00a2c39e90264f33305004495a9","hash":"ad532a6de1e897c2538631fb97d704cef2fd07e2"}
,"/Users/kenneth/Claude/Code/loyalty-admin-dashboard/src/components/auth/SuperAdminRoute.jsx": {"path":"/Users/kenneth/Claude/Code/loyalty-admin-dashboard/src/components/auth/SuperAdminRoute.jsx","statementMap":{"0":{"start":{"line":12,"column":36},"end":{"line":12,"column":45}},"1":{"start":{"line":13,"column":19},"end":{"line":13,"column":32}},"2":{"start":{"line":15,"column":2},"end":{"line":17,"column":3}},"3":{"start":{"line":16,"column":4},"end":{"line":16,"column":71}},"4":{"start":{"line":18,"column":2},"end":{"line":20,"column":3}},"5":{"start":{"line":19,"column":4},"end":{"line":19,"column":39}},"6":{"start":{"line":22,"column":2},"end":{"line":22,"column":18}},"7":{"start":{"line":25,"column":0},"end":{"line":27,"column":2}}},"fnMap":{"0":{"name":"SuperAdminRoute","decl":{"start":{"line":11,"column":16},"end":{"line":11,"column":31}},"loc":{"start":{"line":11,"column":46},"end":{"line":23,"column":1}},"line":11}},"branchMap":{"0":{"loc":{"start":{"line":15,"column":2},"end":{"line":17,"column":3}},"type":"if","locations":[{"start":{"line":15,"column":2},"end":{"line":17,"column":3}},{"start":{},"end":{}}],"line":15},"1":{"loc":{"start":{"line":18,"column":2},"end":{"line":20,"column":3}},"type":"if","locations":[{"start":{"line":18,"column":2},"end":{"line":20,"column":3}},{"start":{},"end":{}}],"line":18}},"s":{"0":8,"1":8,"2":8,"3":2,"4":6,"5":4,"6":2,"7":1},"f":{"0":8},"b":{"0":[2,6],"1":[4,2]},"_coverageSchema":"1a1c01bbd47fc00a2c39e90264f33305004495a9","hash":"bbfd5d068bbea035c36d1a42a90cb5da66819d15"}
,"/Users/kenneth/Claude/Code/loyalty-admin-dashboard/src/components/campaigns/CampaignCard.jsx": {"path":"/Users/kenneth/Claude/Code/loyalty-admin-dashboard/src/components/campaigns/CampaignCard.jsx","statementMap":{"0":{"start":{"line":11,"column":17},"end":{"line":11,"column":44}},"1":{"start":{"line":12,"column":24},"end":{"line":12,"column":58}},"2":{"start":{"line":14,"column":2},"end":{"line":72,"column":4}},"3":{"start":{"line":75,"column":0},"end":{"line":86,"column":2}}},"fnMap":{"0":{"name":"CampaignCard","decl":{"start":{"line":10,"column":16},"end":{"line":10,"column":28}},"loc":{"start":{"line":10,"column":93},"end":{"line":73,"column":1}},"line":10}},"branchMap":{"0":{"loc":{"start":{"line":10,"column":41},"end":{"line":10,"column":64}},"type":"default-arg","locations":[{"start":{"line":10,"column":59},"end":{"line":10,"column":64}}],"line":10},"1":{"loc":{"start":{"line":10,"column":66},"end":{"line":10,"column":89}},"type":"default-arg","locations":[{"start":{"line":10,"column":84},"end":{"line":10,"column":89}}],"line":10},"2":{"loc":{"start":{"line":12,"column":24},"end":{"line":12,"column":58}},"type":"binary-expr","locations":[{"start":{"line":12,"column":24},"end":{"line":12,"column":39}},{"start":{"line":12,"column":43},"end":{"line":12,"column":58}}],"line":12},"3":{"loc":{"start":{"line":33,"column":9},"end":{"line":37,"column":20}},"type":"cond-expr","locations":[{"start":{"line":34,"column":12},"end":{"line":34,"column":19}},{"start":{"line":35,"column":12},"end":{"line":37,"column":20}}],"line":33},"4":{"loc":{"start":{"line":35,"column":12},"end":{"line":37,"column":20}},"type":"cond-expr","locations":[{"start":{"line":36,"column":14},"end":{"line":36,"column":22}},{"start":{"line":37,"column":14},"end":{"line":37,"column":20}}],"line":35},"5":{"loc":{"start":{"line":39,"column":10},"end":{"line":39,"column":85}},"type":"cond-expr","locations":[{"start":{"line":39,"column":48},"end":{"line":39,"column":66}},{"start":{"line":39,"column":69},"end":{"line":39,"column":85}}],"line":39},"6":{"loc":{"start":{"line":51,"column":11},"end":{"line":55,"column":11}},"type":"binary-expr","locations":[{"start":{"line":51,"column":11},"end":{"line":51,"column":26}},{"start":{"line":52,"column":12},"end":{"line":54,"column":20}}],"line":51},"7":{"loc":{"start":{"line":64,"column":11},"end":{"line":68,"column":11}},"type":"binary-expr","locations":[{"start":{"line":64,"column":11},"end":{"line":64,"column":26}},{"start":{"line":65,"column":12},"end":{"line":67,"column":20}}],"line":64}},"s":{"0":14,"1":14,"2":14,"3":1},"f":{"0":14},"b":{"0":[10],"1":[10],"2":[14,11],"3":[0,14],"4":[1,13],"5":[1,13],"6":[14,3],"7":[14,3]},"_coverageSchema":"1a1c01bbd47fc00a2c39e90264f33305004495a9","hash":"a789fa8862095f4018ba16463907476945ed257d"}
,"/Users/kenneth/Claude/Code/loyalty-admin-dashboard/src/components/campaigns/CampaignForm.jsx": {"path":"/Users/kenneth/Claude/Code/loyalty-admin-dashboard/src/components/campaigns/CampaignForm.jsx","statementMap":{"0":{"start":{"line":9,"column":21},"end":{"line":15,"column":1}},"1":{"start":{"line":18,"column":2},"end":{"line":18,"column":51}},"2":{"start":{"line":18,"column":25},"end":{"line":18,"column":51}},"3":{"start":{"line":19,"column":2},"end":{"line":19,"column":84}},"4":{"start":{"line":19,"column":40},"end":{"line":19,"column":84}},"5":{"start":{"line":20,"column":2},"end":{"line":20,"column":99}},"6":{"start":{"line":20,"column":58},"end":{"line":20,"column":99}},"7":{"start":{"line":21,"column":2},"end":{"line":21,"column":80}},"8":{"start":{"line":21,"column":41},"end":{"line":21,"column":80}},"9":{"start":{"line":22,"column":2},"end":{"line":24,"column":3}},"10":{"start":{"line":23,"column":4},"end":{"line":23,"column":64}},"11":{"start":{"line":25,"column":2},"end":{"line":25,"column":14}},"12":{"start":{"line":29,"column":26},"end":{"line":29,"column":48}},"13":{"start":{"line":30,"column":48},"end":{"line":30,"column":62}},"14":{"start":{"line":31,"column":55},"end":{"line":31,"column":79}},"15":{"start":{"line":33,"column":22},"end":{"line":36,"column":3}},"16":{"start":{"line":33,"column":33},"end":{"line":36,"column":3}},"17":{"start":{"line":34,"column":4},"end":{"line":34,"column":66}},"18":{"start":{"line":34,"column":23},"end":{"line":34,"column":63}},"19":{"start":{"line":35,"column":4},"end":{"line":35,"column":12}},"20":{"start":{"line":38,"column":23},"end":{"line":58,"column":3}},"21":{"start":{"line":39,"column":4},"end":{"line":39,"column":27}},"22":{"start":{"line":40,"column":30},"end":{"line":40,"column":44}},"23":{"start":{"line":41,"column":4},"end":{"line":44,"column":5}},"24":{"start":{"line":42,"column":6},"end":{"line":42,"column":44}},"25":{"start":{"line":43,"column":6},"end":{"line":43,"column":13}},"26":{"start":{"line":45,"column":4},"end":{"line":45,"column":29}},"27":{"start":{"line":46,"column":4},"end":{"line":57,"column":5}},"28":{"start":{"line":47,"column":6},"end":{"line":53,"column":9}},"29":{"start":{"line":54,"column":6},"end":{"line":54,"column":28}},"30":{"start":{"line":60,"column":2},"end":{"line":135,"column":4}},"31":{"start":{"line":138,"column":0},"end":{"line":141,"column":2}}},"fnMap":{"0":{"name":"validate","decl":{"start":{"line":17,"column":9},"end":{"line":17,"column":17}},"loc":{"start":{"line":17,"column":24},"end":{"line":26,"column":1}},"line":17},"1":{"name":"CampaignForm","decl":{"start":{"line":28,"column":16},"end":{"line":28,"column":28}},"loc":{"start":{"line":28,"column":61},"end":{"line":136,"column":1}},"line":28},"2":{"name":"(anonymous_2)","decl":{"start":{"line":33,"column":22},"end":{"line":33,"column":23}},"loc":{"start":{"line":33,"column":33},"end":{"line":36,"column":3}},"line":33},"3":{"name":"(anonymous_3)","decl":{"start":{"line":33,"column":33},"end":{"line":33,"column":34}},"loc":{"start":{"line":33,"column":44},"end":{"line":36,"column":3}},"line":33},"4":{"name":"(anonymous_4)","decl":{"start":{"line":34,"column":12},"end":{"line":34,"column":13}},"loc":{"start":{"line":34,"column":23},"end":{"line":34,"column":63}},"line":34},"5":{"name":"(anonymous_5)","decl":{"start":{"line":38,"column":23},"end":{"line":38,"column":24}},"loc":{"start":{"line":38,"column":40},"end":{"line":58,"column":3}},"line":38}},"branchMap":{"0":{"loc":{"start":{"line":18,"column":2},"end":{"line":18,"column":51}},"type":"if","locations":[{"start":{"line":18,"column":2},"end":{"line":18,"column":51}},{"start":{},"end":{}}],"line":18},"1":{"loc":{"start":{"line":19,"column":2},"end":{"line":19,"column":84}},"type":"if","locations":[{"start":{"line":19,"column":2},"end":{"line":19,"column":84}},{"start":{},"end":{}}],"line":19},"2":{"loc":{"start":{"line":19,"column":6},"end":{"line":19,"column":38}},"type":"binary-expr","locations":[{"start":{"line":19,"column":6},"end":{"line":19,"column":21}},{"start":{"line":19,"column":25},"end":{"line":19,"column":38}}],"line":19},"3":{"loc":{"start":{"line":20,"column":2},"end":{"line":20,"column":99}},"type":"if","locations":[{"start":{"line":20,"column":2},"end":{"line":20,"column":99}},{"start":{},"end":{}}],"line":20},"4":{"loc":{"start":{"line":21,"column":2},"end":{"line":21,"column":80}},"type":"if","locations":[{"start":{"line":21,"column":2},"end":{"line":21,"column":80}},{"start":{},"end":{}}],"line":21},"5":{"loc":{"start":{"line":22,"column":2},"end":{"line":24,"column":3}},"type":"if","locations":[{"start":{"line":22,"column":2},"end":{"line":24,"column":3}},{"start":{},"end":{}}],"line":22},"6":{"loc":{"start":{"line":22,"column":6},"end":{"line":22,"column":88}},"type":"binary-expr","locations":[{"start":{"line":22,"column":6},"end":{"line":22,"column":45}},{"start":{"line":22,"column":49},"end":{"line":22,"column":88}}],"line":22},"7":{"loc":{"start":{"line":28,"column":41},"end":{"line":28,"column":57}},"type":"default-arg","locations":[{"start":{"line":28,"column":52},"end":{"line":28,"column":57}}],"line":28},"8":{"loc":{"start":{"line":41,"column":4},"end":{"line":44,"column":5}},"type":"if","locations":[{"start":{"line":41,"column":4},"end":{"line":44,"column":5}},{"start":{},"end":{}}],"line":41},"9":{"loc":{"start":{"line":117,"column":9},"end":{"line":119,"column":9}},"type":"binary-expr","locations":[{"start":{"line":117,"column":9},"end":{"line":117,"column":17}},{"start":{"line":118,"column":10},"end":{"line":118,"column":94}}],"line":117},"10":{"loc":{"start":{"line":120,"column":9},"end":{"line":120,"column":86}},"type":"binary-expr","locations":[{"start":{"line":120,"column":9},"end":{"line":120,"column":24}},{"start":{"line":120,"column":28},"end":{"line":120,"column":86}}],"line":120},"11":{"loc":{"start":{"line":121,"column":9},"end":{"line":121,"column":66}},"type":"binary-expr","locations":[{"start":{"line":121,"column":9},"end":{"line":121,"column":14}},{"start":{"line":121,"column":18},"end":{"line":121,"column":66}}],"line":121},"12":{"loc":{"start":{"line":122,"column":9},"end":{"line":122,"column":94}},"type":"binary-expr","locations":[{"start":{"line":122,"column":9},"end":{"line":122,"column":16}},{"start":{"line":122,"column":20},"end":{"line":122,"column":94}}],"line":122}},"s":{"0":1,"1":0,"2":0,"3":0,"4":0,"5":0,"6":0,"7":0,"8":0,"9":0,"10":0,"11":0,"12":26,"13":26,"14":26,"15":26,"16":130,"17":13,"18":13,"19":13,"20":26,"21":0,"22":0,"23":0,"24":0,"25":0,"26":0,"27":0,"28":0,"29":0,"30":26,"31":1},"f":{"0":0,"1":26,"2":130,"3":13,"4":13,"5":0},"b":{"0":[0,0],"1":[0,0],"2":[0,0],"3":[0,0],"4":[0,0],"5":[0,0],"6":[0,0],"7":[25],"8":[0,0],"9":[26,1],"10":[26,0],"11":[26,0],"12":[26,0]},"_coverageSchema":"1a1c01bbd47fc00a2c39e90264f33305004495a9","hash":"1b0a19ed25d0150be8831d6d05975de250d4c747"}
,"/Users/kenneth/Claude/Code/loyalty-admin-dashboard/src/components/campaigns/CampaignList.jsx": {"path":"/Users/kenneth/Claude/Code/loyalty-admin-dashboard/src/components/campaigns/CampaignList.jsx","statementMap":{"0":{"start":{"line":12,"column":54},"end":{"line":15,"column":3}},"1":{"start":{"line":13,"column":10},"end":{"line":13,"column":46}},"2":{"start":{"line":17,"column":2},"end":{"line":19,"column":3}},"3":{"start":{"line":18,"column":4},"end":{"line":18,"column":57}},"4":{"start":{"line":21,"column":2},"end":{"line":29,"column":3}},"5":{"start":{"line":22,"column":4},"end":{"line":28,"column":6}},"6":{"start":{"line":31,"column":2},"end":{"line":68,"column":4}},"7":{"start":{"line":59,"column":10},"end":{"line":64,"column":12}},"8":{"start":{"line":71,"column":0},"end":{"line":78,"column":2}}},"fnMap":{"0":{"name":"CampaignList","decl":{"start":{"line":11,"column":16},"end":{"line":11,"column":28}},"loc":{"start":{"line":11,"column":63},"end":{"line":69,"column":1}},"line":11},"1":{"name":"(anonymous_1)","decl":{"start":{"line":13,"column":4},"end":{"line":13,"column":5}},"loc":{"start":{"line":13,"column":10},"end":{"line":13,"column":46}},"line":13},"2":{"name":"(anonymous_2)","decl":{"start":{"line":58,"column":23},"end":{"line":58,"column":24}},"loc":{"start":{"line":59,"column":10},"end":{"line":64,"column":12}},"line":59}},"branchMap":{"0":{"loc":{"start":{"line":11,"column":42},"end":{"line":11,"column":59}},"type":"default-arg","locations":[{"start":{"line":11,"column":54},"end":{"line":11,"column":59}}],"line":11},"1":{"loc":{"start":{"line":17,"column":2},"end":{"line":19,"column":3}},"type":"if","locations":[{"start":{"line":17,"column":2},"end":{"line":19,"column":3}},{"start":{},"end":{}}],"line":17},"2":{"loc":{"start":{"line":17,"column":6},"end":{"line":17,"column":41}},"type":"binary-expr","locations":[{"start":{"line":17,"column":6},"end":{"line":17,"column":15}},{"start":{"line":17,"column":19},"end":{"line":17,"column":41}}],"line":17},"3":{"loc":{"start":{"line":21,"column":2},"end":{"line":29,"column":3}},"type":"if","locations":[{"start":{"line":21,"column":2},"end":{"line":29,"column":3}},{"start":{},"end":{}}],"line":21},"4":{"loc":{"start":{"line":21,"column":6},"end":{"line":21,"column":42}},"type":"binary-expr","locations":[{"start":{"line":21,"column":6},"end":{"line":21,"column":16}},{"start":{"line":21,"column":20},"end":{"line":21,"column":42}}],"line":21},"5":{"loc":{"start":{"line":33,"column":7},"end":{"line":55,"column":7}},"type":"binary-expr","locations":[{"start":{"line":33,"column":8},"end":{"line":33,"column":20}},{"start":{"line":33,"column":24},"end":{"line":33,"column":36}},{"start":{"line":34,"column":8},"end":{"line":54,"column":15}}],"line":33},"6":{"loc":{"start":{"line":47,"column":11},"end":{"line":53,"column":11}},"type":"binary-expr","locations":[{"start":{"line":47,"column":11},"end":{"line":47,"column":22}},{"start":{"line":48,"column":12},"end":{"line":52,"column":19}}],"line":47},"7":{"loc":{"start":{"line":49,"column":15},"end":{"line":51,"column":88}},"type":"cond-expr","locations":[{"start":{"line":50,"column":18},"end":{"line":50,"column":52}},{"start":{"line":51,"column":18},"end":{"line":51,"column":88}}],"line":49}},"s":{"0":12,"1":12,"2":12,"3":1,"4":11,"5":1,"6":10,"7":19,"8":1},"f":{"0":12,"1":12,"2":19},"b":{"0":[10],"1":[1,11],"2":[12,1],"3":[1,10],"4":[11,11],"5":[10,1,9],"6":[9,2],"7":[1,1]},"_coverageSchema":"1a1c01bbd47fc00a2c39e90264f33305004495a9","hash":"0010fe07e7dedc60bd223d12b246087d2a510f65"}
,"/Users/kenneth/Claude/Code/loyalty-admin-dashboard/src/components/common/Badge.jsx": {"path":"/Users/kenneth/Claude/Code/loyalty-admin-dashboard/src/components/common/Badge.jsx","statementMap":{"0":{"start":{"line":4,"column":23},"end":{"line":11,"column":1}},"1":{"start":{"line":14,"column":2},"end":{"line":27,"column":4}},"2":{"start":{"line":30,"column":0},"end":{"line":35,"column":2}}},"fnMap":{"0":{"name":"Badge","decl":{"start":{"line":13,"column":16},"end":{"line":13,"column":21}},"loc":{"start":{"line":13,"column":90},"end":{"line":28,"column":1}},"line":13}},"branchMap":{"0":{"loc":{"start":{"line":13,"column":34},"end":{"line":13,"column":51}},"type":"default-arg","locations":[{"start":{"line":13,"column":44},"end":{"line":13,"column":51}}],"line":13},"1":{"loc":{"start":{"line":13,"column":59},"end":{"line":13,"column":70}},"type":"default-arg","locations":[{"start":{"line":13,"column":66},"end":{"line":13,"column":70}}],"line":13},"2":{"loc":{"start":{"line":13,"column":72},"end":{"line":13,"column":86}},"type":"default-arg","locations":[{"start":{"line":13,"column":84},"end":{"line":13,"column":86}}],"line":13},"3":{"loc":{"start":{"line":18,"column":8},"end":{"line":18,"column":55}},"type":"binary-expr","locations":[{"start":{"line":18,"column":8},"end":{"line":18,"column":31}},{"start":{"line":18,"column":35},"end":{"line":18,"column":55}}],"line":18},"4":{"loc":{"start":{"line":24,"column":7},"end":{"line":24,"column":51}},"type":"binary-expr","locations":[{"start":{"line":24,"column":7},"end":{"line":24,"column":11}},{"start":{"line":24,"column":15},"end":{"line":24,"column":51}}],"line":24}},"s":{"0":4,"1":163,"2":4},"f":{"0":163},"b":{"0":[7],"1":[110],"2":[63],"3":[163,0],"4":[163,53]},"_coverageSchema":"1a1c01bbd47fc00a2c39e90264f33305004495a9","hash":"53f77a888e8e1d9f420a3de81bf770a96a7ca8cd"}
,"/Users/kenneth/Claude/Code/loyalty-admin-dashboard/src/components/common/Button.jsx": {"path":"/Users/kenneth/Claude/Code/loyalty-admin-dashboard/src/components/common/Button.jsx","statementMap":{"0":{"start":{"line":5,"column":23},"end":{"line":14,"column":1}},"1":{"start":{"line":27,"column":2},"end":{"line":46,"column":4}},"2":{"start":{"line":49,"column":0},"end":{"line":59,"column":2}}},"fnMap":{"0":{"name":"Button","decl":{"start":{"line":16,"column":16},"end":{"line":16,"column":22}},"loc":{"start":{"line":26,"column":3},"end":{"line":47,"column":1}},"line":26}},"branchMap":{"0":{"loc":{"start":{"line":18,"column":2},"end":{"line":18,"column":21}},"type":"default-arg","locations":[{"start":{"line":18,"column":12},"end":{"line":18,"column":21}}],"line":18},"1":{"loc":{"start":{"line":19,"column":2},"end":{"line":19,"column":17}},"type":"default-arg","locations":[{"start":{"line":19,"column":9},"end":{"line":19,"column":17}}],"line":19},"2":{"loc":{"start":{"line":20,"column":2},"end":{"line":20,"column":21}},"type":"default-arg","locations":[{"start":{"line":20,"column":12},"end":{"line":20,"column":21}}],"line":20},"3":{"loc":{"start":{"line":21,"column":8},"end":{"line":21,"column":19}},"type":"default-arg","locations":[{"start":{"line":21,"column":15},"end":{"line":21,"column":19}}],"line":21},"4":{"loc":{"start":{"line":22,"column":2},"end":{"line":22,"column":19}},"type":"default-arg","locations":[{"start":{"line":22,"column":14},"end":{"line":22,"column":19}}],"line":22},"5":{"loc":{"start":{"line":23,"column":2},"end":{"line":23,"column":18}},"type":"default-arg","locations":[{"start":{"line":23,"column":13},"end":{"line":23,"column":18}}],"line":23},"6":{"loc":{"start":{"line":24,"column":2},"end":{"line":24,"column":16}},"type":"default-arg","locations":[{"start":{"line":24,"column":14},"end":{"line":24,"column":16}}],"line":24},"7":{"loc":{"start":{"line":25,"column":2},"end":{"line":25,"column":19}},"type":"default-arg","locations":[{"start":{"line":25,"column":14},"end":{"line":25,"column":19}}],"line":25},"8":{"loc":{"start":{"line":31,"column":16},"end":{"line":31,"column":37}},"type":"binary-expr","locations":[{"start":{"line":31,"column":16},"end":{"line":31,"column":24}},{"start":{"line":31,"column":28},"end":{"line":31,"column":37}}],"line":31},"9":{"loc":{"start":{"line":36,"column":8},"end":{"line":36,"column":33}},"type":"cond-expr","locations":[{"start":{"line":36,"column":20},"end":{"line":36,"column":28}},{"start":{"line":36,"column":31},"end":{"line":36,"column":33}}],"line":36},"10":{"loc":{"start":{"line":37,"column":8},"end":{"line":37,"column":57}},"type":"binary-expr","locations":[{"start":{"line":37,"column":8},"end":{"line":37,"column":31}},{"start":{"line":37,"column":35},"end":{"line":37,"column":57}}],"line":37},"11":{"loc":{"start":{"line":43,"column":7},"end":{"line":43,"column":94}},"type":"cond-expr","locations":[{"start":{"line":43,"column":19},"end":{"line":43,"column":65}},{"start":{"line":43,"column":68},"end":{"line":43,"column":94}}],"line":43},"12":{"loc":{"start":{"line":43,"column":68},"end":{"line":43,"column":94}},"type":"binary-expr","locations":[{"start":{"line":43,"column":68},"end":{"line":43,"column":72}},{"start":{"line":43,"column":76},"end":{"line":43,"column":94}}],"line":43}},"s":{"0":8,"1":2854,"2":8},"f":{"0":2854},"b":{"0":[1384],"1":[109],"2":[1429],"3":[1385],"4":[1479],"5":[2837],"6":[2837],"7":[2803],"8":[2854,2851],"9":[51,2803],"10":[2854,0],"11":[12,2842],"12":[2842,1459]},"_coverageSchema":"1a1c01bbd47fc00a2c39e90264f33305004495a9","hash":"c58c19d2a26d8b0f689cc2f042adbffe14cb9f22"}
,"/Users/kenneth/Claude/Code/loyalty-admin-dashboard/src/components/common/Card.jsx": {"path":"/Users/kenneth/Claude/Code/loyalty-admin-dashboard/src/components/common/Card.jsx","statementMap":{"0":{"start":{"line":15,"column":2},"end":{"line":28,"column":4}},"1":{"start":{"line":31,"column":0},"end":{"line":36,"column":2}},"2":{"start":{"line":39,"column":2},"end":{"line":54,"column":4}},"3":{"start":{"line":57,"column":0},"end":{"line":62,"column":2}}},"fnMap":{"0":{"name":"Card","decl":{"start":{"line":8,"column":16},"end":{"line":8,"column":20}},"loc":{"start":{"line":14,"column":3},"end":{"line":29,"column":1}},"line":14},"1":{"name":"CardHeader","decl":{"start":{"line":38,"column":16},"end":{"line":38,"column":26}},"loc":{"start":{"line":38,"column":89},"end":{"line":55,"column":1}},"line":38}},"branchMap":{"0":{"loc":{"start":{"line":9,"column":2},"end":{"line":9,"column":17}},"type":"default-arg","locations":[{"start":{"line":9,"column":13},"end":{"line":9,"column":17}}],"line":9},"1":{"loc":{"start":{"line":10,"column":2},"end":{"line":10,"column":16}},"type":"default-arg","locations":[{"start":{"line":10,"column":14},"end":{"line":10,"column":16}}],"line":10},"2":{"loc":{"start":{"line":11,"column":2},"end":{"line":11,"column":16}},"type":"default-arg","locations":[{"start":{"line":11,"column":11},"end":{"line":11,"column":16}}],"line":11},"3":{"loc":{"start":{"line":12,"column":6},"end":{"line":12,"column":23}},"type":"default-arg","locations":[{"start":{"line":12,"column":18},"end":{"line":12,"column":23}}],"line":12},"4":{"loc":{"start":{"line":19,"column":8},"end":{"line":19,"column":85}},"type":"cond-expr","locations":[{"start":{"line":19,"column":17},"end":{"line":19,"column":64}},{"start":{"line":19,"column":67},"end":{"line":19,"column":85}}],"line":19},"5":{"loc":{"start":{"line":38,"column":36},"end":{"line":38,"column":51}},"type":"default-arg","locations":[{"start":{"line":38,"column":47},"end":{"line":38,"column":51}}],"line":38},"6":{"loc":{"start":{"line":38,"column":59},"end":{"line":38,"column":70}},"type":"default-arg","locations":[{"start":{"line":38,"column":66},"end":{"line":38,"column":70}}],"line":38},"7":{"loc":{"start":{"line":38,"column":72},"end":{"line":38,"column":85}},"type":"default-arg","locations":[{"start":{"line":38,"column":81},"end":{"line":38,"column":85}}],"line":38},"8":{"loc":{"start":{"line":42,"column":9},"end":{"line":46,"column":9}},"type":"binary-expr","locations":[{"start":{"line":42,"column":9},"end":{"line":42,"column":13}},{"start":{"line":43,"column":10},"end":{"line":45,"column":17}}],"line":42},"9":{"loc":{"start":{"line":49,"column":11},"end":{"line":49,"column":82}},"type":"binary-expr","locations":[{"start":{"line":49,"column":11},"end":{"line":49,"column":19}},{"start":{"line":49,"column":23},"end":{"line":49,"column":82}}],"line":49},"10":{"loc":{"start":{"line":52,"column":7},"end":{"line":52,"column":57}},"type":"binary-expr","locations":[{"start":{"line":52,"column":7},"end":{"line":52,"column":13}},{"start":{"line":52,"column":17},"end":{"line":52,"column":57}}],"line":52}},"s":{"0":76,"1":5,"2":42,"3":5},"f":{"0":76,"1":42},"b":{"0":[0],"1":[42],"2":[75],"3":[75],"4":[1,75],"5":[8],"6":[40],"7":[41],"8":[42,2],"9":[42,34],"10":[42,1]},"_coverageSchema":"1a1c01bbd47fc00a2c39e90264f33305004495a9","hash":"4a292f3a223119852298849657f844ba39686273"}
,"/Users/kenneth/Claude/Code/loyalty-admin-dashboard/src/components/common/EmptyState.jsx": {"path":"/Users/kenneth/Claude/Code/loyalty-admin-dashboard/src/components/common/EmptyState.jsx","statementMap":{"0":{"start":{"line":5,"column":2},"end":{"line":15,"column":4}},"1":{"start":{"line":18,"column":0},"end":{"line":22,"column":2}}},"fnMap":{"0":{"name":"EmptyState","decl":{"start":{"line":4,"column":16},"end":{"line":4,"column":26}},"loc":{"start":{"line":4,"column":77},"end":{"line":16,"column":1}},"line":4}},"branchMap":{"0":{"loc":{"start":{"line":4,"column":35},"end":{"line":4,"column":46}},"type":"default-arg","locations":[{"start":{"line":4,"column":42},"end":{"line":4,"column":46}}],"line":4},"1":{"loc":{"start":{"line":4,"column":55},"end":{"line":4,"column":73}},"type":"default-arg","locations":[{"start":{"line":4,"column":69},"end":{"line":4,"column":73}}],"line":4},"2":{"loc":{"start":{"line":7,"column":7},"end":{"line":11,"column":7}},"type":"binary-expr","locations":[{"start":{"line":7,"column":7},"end":{"line":7,"column":11}},{"start":{"line":8,"column":8},"end":{"line":10,"column":15}}],"line":7},"3":{"loc":{"start":{"line":13,"column":7},"end":{"line":13,"column":86}},"type":"binary-expr","locations":[{"start":{"line":13,"column":7},"end":{"line":13,"column":18}},{"start":{"line":13,"column":22},"end":{"line":13,"column":86}}],"line":13}},"s":{"0":26,"1":5},"f":{"0":26},"b":{"0":[15],"1":[13],"2":[26,11],"3":[26,13]},"_coverageSchema":"1a1c01bbd47fc00a2c39e90264f33305004495a9","hash":"c7907e2c9ff479e6699c8af6094c98493166329a"}
,"/Users/kenneth/Claude/Code/loyalty-admin-dashboard/src/components/common/Input.jsx": {"path":"/Users/kenneth/Claude/Code/loyalty-admin-dashboard/src/components/common/Input.jsx","statementMap":{"0":{"start":{"line":14,"column":2},"end":{"line":47,"column":4}},"1":{"start":{"line":50,"column":0},"end":{"line":58,"column":2}}},"fnMap":{"0":{"name":"Input","decl":{"start":{"line":4,"column":16},"end":{"line":4,"column":21}},"loc":{"start":{"line":13,"column":3},"end":{"line":48,"column":1}},"line":13}},"branchMap":{"0":{"loc":{"start":{"line":5,"column":2},"end":{"line":5,"column":14}},"type":"default-arg","locations":[{"start":{"line":5,"column":10},"end":{"line":5,"column":14}}],"line":5},"1":{"loc":{"start":{"line":6,"column":2},"end":{"line":6,"column":13}},"type":"default-arg","locations":[{"start":{"line":6,"column":9},"end":{"line":6,"column":13}}],"line":6},"2":{"loc":{"start":{"line":7,"column":2},"end":{"line":7,"column":14}},"type":"default-arg","locations":[{"start":{"line":7,"column":10},"end":{"line":7,"column":14}}],"line":7},"3":{"loc":{"start":{"line":8,"column":2},"end":{"line":8,"column":15}},"type":"default-arg","locations":[{"start":{"line":8,"column":11},"end":{"line":8,"column":15}}],"line":8},"4":{"loc":{"start":{"line":9,"column":2},"end":{"line":9,"column":16}},"type":"default-arg","locations":[{"start":{"line":9,"column":7},"end":{"line":9,"column":16}}],"line":9},"5":{"loc":{"start":{"line":10,"column":2},"end":{"line":10,"column":16}},"type":"default-arg","locations":[{"start":{"line":10,"column":14},"end":{"line":10,"column":16}}],"line":10},"6":{"loc":{"start":{"line":11,"column":2},"end":{"line":11,"column":25}},"type":"default-arg","locations":[{"start":{"line":11,"column":23},"end":{"line":11,"column":25}}],"line":11},"7":{"loc":{"start":{"line":16,"column":7},"end":{"line":20,"column":7}},"type":"binary-expr","locations":[{"start":{"line":16,"column":7},"end":{"line":16,"column":12}},{"start":{"line":17,"column":8},"end":{"line":19,"column":16}}],"line":16},"8":{"loc":{"start":{"line":27,"column":12},"end":{"line":27,"column":58}},"type":"cond-expr","locations":[{"start":{"line":27,"column":20},"end":{"line":27,"column":37}},{"start":{"line":27,"column":40},"end":{"line":27,"column":58}}],"line":27},"9":{"loc":{"start":{"line":28,"column":12},"end":{"line":28,"column":33}},"type":"cond-expr","locations":[{"start":{"line":28,"column":21},"end":{"line":28,"column":28}},{"start":{"line":28,"column":31},"end":{"line":28,"column":33}}],"line":28},"10":{"loc":{"start":{"line":35,"column":9},"end":{"line":39,"column":9}},"type":"binary-expr","locations":[{"start":{"line":35,"column":9},"end":{"line":35,"column":15}},{"start":{"line":36,"column":10},"end":{"line":38,"column":17}}],"line":35},"11":{"loc":{"start":{"line":41,"column":7},"end":{"line":45,"column":7}},"type":"cond-expr","locations":[{"start":{"line":42,"column":8},"end":{"line":42,"column":61}},{"start":{"line":44,"column":8},"end":{"line":44,"column":69}}],"line":41},"12":{"loc":{"start":{"line":44,"column":8},"end":{"line":44,"column":69}},"type":"binary-expr","locations":[{"start":{"line":44,"column":8},"end":{"line":44,"column":12}},{"start":{"line":44,"column":16},"end":{"line":44,"column":69}}],"line":44}},"s":{"0":1452,"1":4},"f":{"0":1452},"b":{"0":[16],"1":[1357],"2":[108],"3":[1357],"4":[0],"5":[1451],"6":[1451],"7":[1452,1436],"8":[21,1431],"9":[95,1357],"10":[1452,95],"11":[21,1431],"12":[1431,94]},"_coverageSchema":"1a1c01bbd47fc00a2c39e90264f33305004495a9","hash":"3e47e0a2dbbf5371632466caaf10c47672d9e655"}
,"/Users/kenneth/Claude/Code/loyalty-admin-dashboard/src/components/common/LoadingSpinner.jsx": {"path":"/Users/kenneth/Claude/Code/loyalty-admin-dashboard/src/components/common/LoadingSpinner.jsx","statementMap":{"0":{"start":{"line":6,"column":2},"end":{"line":15,"column":4}},"1":{"start":{"line":18,"column":0},"end":{"line":22,"column":2}}},"fnMap":{"0":{"name":"LoadingSpinner","decl":{"start":{"line":5,"column":16},"end":{"line":5,"column":30}},"loc":{"start":{"line":5,"column":82},"end":{"line":16,"column":1}},"line":5}},"branchMap":{"0":{"loc":{"start":{"line":5,"column":33},"end":{"line":5,"column":51}},"type":"default-arg","locations":[{"start":{"line":5,"column":41},"end":{"line":5,"column":51}}],"line":5},"1":{"loc":{"start":{"line":5,"column":53},"end":{"line":5,"column":62}},"type":"default-arg","locations":[{"start":{"line":5,"column":60},"end":{"line":5,"column":62}}],"line":5},"2":{"loc":{"start":{"line":5,"column":64},"end":{"line":5,"column":78}},"type":"default-arg","locations":[{"start":{"line":5,"column":76},"end":{"line":5,"column":78}}],"line":5},"3":{"loc":{"start":{"line":13,"column":7},"end":{"line":13,"column":56}},"type":"binary-expr","locations":[{"start":{"line":13,"column":7},"end":{"line":13,"column":12}},{"start":{"line":13,"column":16},"end":{"line":13,"column":56}}],"line":13}},"s":{"0":18,"1":6},"f":{"0":18},"b":{"0":[10],"1":[17],"2":[17],"3":[18,16]},"_coverageSchema":"1a1c01bbd47fc00a2c39e90264f33305004495a9","hash":"89cb19f442e7ba4b7afeb1fe92c4404db9e65bb1"}
,"/Users/kenneth/Claude/Code/loyalty-admin-dashboard/src/components/common/Modal.jsx": {"path":"/Users/kenneth/Claude/Code/loyalty-admin-dashboard/src/components/common/Modal.jsx","statementMap":{"0":{"start":{"line":6,"column":2},"end":{"line":13,"column":24}},"1":{"start":{"line":7,"column":4},"end":{"line":7,"column":34}},"2":{"start":{"line":7,"column":17},"end":{"line":7,"column":34}},"3":{"start":{"line":8,"column":26},"end":{"line":10,"column":5}},"4":{"start":{"line":9,"column":6},"end":{"line":9,"column":44}},"5":{"start":{"line":9,"column":34},"end":{"line":9,"column":44}},"6":{"start":{"line":11,"column":4},"end":{"line":11,"column":56}},"7":{"start":{"line":12,"column":4},"end":{"line":12,"column":72}},"8":{"start":{"line":12,"column":17},"end":{"line":12,"column":71}},"9":{"start":{"line":15,"column":2},"end":{"line":15,"column":27}},"10":{"start":{"line":15,"column":15},"end":{"line":15,"column":27}},"11":{"start":{"line":17,"column":2},"end":{"line":42,"column":4}},"12":{"start":{"line":45,"column":0},"end":{"line":51,"column":2}}},"fnMap":{"0":{"name":"Modal","decl":{"start":{"line":5,"column":16},"end":{"line":5,"column":21}},"loc":{"start":{"line":5,"column":77},"end":{"line":43,"column":1}},"line":5},"1":{"name":"(anonymous_1)","decl":{"start":{"line":6,"column":12},"end":{"line":6,"column":13}},"loc":{"start":{"line":6,"column":18},"end":{"line":13,"column":3}},"line":6},"2":{"name":"(anonymous_2)","decl":{"start":{"line":8,"column":26},"end":{"line":8,"column":27}},"loc":{"start":{"line":8,"column":37},"end":{"line":10,"column":5}},"line":8},"3":{"name":"(anonymous_3)","decl":{"start":{"line":12,"column":11},"end":{"line":12,"column":12}},"loc":{"start":{"line":12,"column":17},"end":{"line":12,"column":71}},"line":12}},"branchMap":{"0":{"loc":{"start":{"line":5,"column":48},"end":{"line":5,"column":63}},"type":"default-arg","locations":[{"start":{"line":5,"column":59},"end":{"line":5,"column":63}}],"line":5},"1":{"loc":{"start":{"line":7,"column":4},"end":{"line":7,"column":34}},"type":"if","locations":[{"start":{"line":7,"column":4},"end":{"line":7,"column":34}},{"start":{},"end":{}}],"line":7},"2":{"loc":{"start":{"line":9,"column":6},"end":{"line":9,"column":44}},"type":"if","locations":[{"start":{"line":9,"column":6},"end":{"line":9,"column":44}},{"start":{},"end":{}}],"line":9},"3":{"loc":{"start":{"line":15,"column":2},"end":{"line":15,"column":27}},"type":"if","locations":[{"start":{"line":15,"column":2},"end":{"line":15,"column":27}},{"start":{},"end":{}}],"line":15},"4":{"loc":{"start":{"line":29,"column":13},"end":{"line":29,"column":84}},"type":"binary-expr","locations":[{"start":{"line":29,"column":13},"end":{"line":29,"column":21}},{"start":{"line":29,"column":25},"end":{"line":29,"column":84}}],"line":29}},"s":{"0":1391,"1":1390,"2":4,"3":1386,"4":1503,"5":1,"6":1386,"7":1386,"8":1386,"9":1391,"10":4,"11":1387,"12":4},"f":{"0":1391,"1":1390,"2":1503,"3":1386},"b":{"0":[16],"1":[4,1386],"2":[1,1502],"3":[4,1387],"4":[1387,1373]},"_coverageSchema":"1a1c01bbd47fc00a2c39e90264f33305004495a9","hash":"b6aabf0fea1a93fb03b6612556448af5bec34ece"}
,"/Users/kenneth/Claude/Code/loyalty-admin-dashboard/src/components/common/Pagination.jsx": {"path":"/Users/kenneth/Claude/Code/loyalty-admin-dashboard/src/components/common/Pagination.jsx","statementMap":{"0":{"start":{"line":6,"column":24},"end":{"line":6,"column":46}},"1":{"start":{"line":7,"column":20},"end":{"line":7,"column":55}},"2":{"start":{"line":9,"column":2},"end":{"line":38,"column":4}},"3":{"start":{"line":21,"column":25},"end":{"line":21,"column":47}},"4":{"start":{"line":30,"column":25},"end":{"line":30,"column":47}},"5":{"start":{"line":41,"column":0},"end":{"line":47,"column":2}}},"fnMap":{"0":{"name":"Pagination","decl":{"start":{"line":5,"column":16},"end":{"line":5,"column":26}},"loc":{"start":{"line":5,"column":97},"end":{"line":39,"column":1}},"line":5},"1":{"name":"(anonymous_1)","decl":{"start":{"line":21,"column":19},"end":{"line":21,"column":20}},"loc":{"start":{"line":21,"column":25},"end":{"line":21,"column":47}},"line":21},"2":{"name":"(anonymous_2)","decl":{"start":{"line":30,"column":19},"end":{"line":30,"column":20}},"loc":{"start":{"line":30,"column":25},"end":{"line":30,"column":47}},"line":30}},"branchMap":{"0":{"loc":{"start":{"line":5,"column":76},"end":{"line":5,"column":93}},"type":"default-arg","locations":[{"start":{"line":5,"column":88},"end":{"line":5,"column":93}}],"line":5},"1":{"loc":{"start":{"line":6,"column":24},"end":{"line":6,"column":46}},"type":"binary-expr","locations":[{"start":{"line":6,"column":24},"end":{"line":6,"column":32}},{"start":{"line":6,"column":36},"end":{"line":6,"column":46}}],"line":6},"2":{"loc":{"start":{"line":7,"column":20},"end":{"line":7,"column":55}},"type":"binary-expr","locations":[{"start":{"line":7,"column":20},"end":{"line":7,"column":41}},{"start":{"line":7,"column":45},"end":{"line":7,"column":55}}],"line":7}},"s":{"0":41,"1":41,"2":41,"3":1,"4":2,"5":3},"f":{"0":41,"1":1,"2":2},"b":{"0":[12],"1":[41,7],"2":[41,29]},"_coverageSchema":"1a1c01bbd47fc00a2c39e90264f33305004495a9","hash":"43649a2ed34a3c04d89909ab7cc993c4f95fa607"}
,"/Users/kenneth/Claude/Code/loyalty-admin-dashboard/src/components/common/RateConfigModal.jsx": {"path":"/Users/kenneth/Claude/Code/loyalty-admin-dashboard/src/components/common/RateConfigModal.jsx","statementMap":{"0":{"start":{"line":19,"column":34},"end":{"line":19,"column":46}},"1":{"start":{"line":20,"column":34},"end":{"line":20,"column":46}},"2":{"start":{"line":21,"column":54},"end":{"line":21,"column":66}},"3":{"start":{"line":22,"column":48},"end":{"line":22,"column":62}},"4":{"start":{"line":23,"column":46},"end":{"line":23,"column":68}},"5":{"start":{"line":26,"column":18},"end":{"line":26,"column":70}},"6":{"start":{"line":27,"column":20},"end":{"line":27,"column":76}},"7":{"start":{"line":28,"column":24},"end":{"line":28,"column":65}},"8":{"start":{"line":31,"column":4},"end":{"line":33,"column":69}},"9":{"start":{"line":35,"column":2},"end":{"line":45,"column":15}},"10":{"start":{"line":36,"column":4},"end":{"line":42,"column":5}},"11":{"start":{"line":37,"column":6},"end":{"line":37,"column":70}},"12":{"start":{"line":38,"column":6},"end":{"line":38,"column":70}},"13":{"start":{"line":39,"column":6},"end":{"line":39,"column":77}},"14":{"start":{"line":40,"column":6},"end":{"line":40,"column":31}},"15":{"start":{"line":41,"column":6},"end":{"line":41,"column":14}},"16":{"start":{"line":47,"column":2},"end":{"line":47,"column":27}},"17":{"start":{"line":47,"column":15},"end":{"line":47,"column":27}},"18":{"start":{"line":49,"column":22},"end":{"line":52,"column":3}},"19":{"start":{"line":50,"column":4},"end":{"line":50,"column":12}},"20":{"start":{"line":51,"column":4},"end":{"line":51,"column":14}},"21":{"start":{"line":54,"column":23},"end":{"line":78,"column":3}},"22":{"start":{"line":55,"column":4},"end":{"line":55,"column":27}},"23":{"start":{"line":56,"column":23},"end":{"line":56,"column":45}},"24":{"start":{"line":57,"column":23},"end":{"line":57,"column":45}},"25":{"start":{"line":58,"column":27},"end":{"line":58,"column":59}},"26":{"start":{"line":59,"column":4},"end":{"line":62,"column":5}},"27":{"start":{"line":60,"column":6},"end":{"line":60,"column":75}},"28":{"start":{"line":61,"column":6},"end":{"line":61,"column":13}},"29":{"start":{"line":63,"column":4},"end":{"line":66,"column":5}},"30":{"start":{"line":64,"column":6},"end":{"line":64,"column":66}},"31":{"start":{"line":65,"column":6},"end":{"line":65,"column":13}},"32":{"start":{"line":67,"column":4},"end":{"line":67,"column":29}},"33":{"start":{"line":68,"column":4},"end":{"line":77,"column":5}},"34":{"start":{"line":69,"column":6},"end":{"line":73,"column":9}},"35":{"start":{"line":74,"column":6},"end":{"line":74,"column":20}},"36":{"start":{"line":80,"column":2},"end":{"line":139,"column":4}},"37":{"start":{"line":96,"column":27},"end":{"line":96,"column":54}},"38":{"start":{"line":107,"column":27},"end":{"line":107,"column":54}},"39":{"start":{"line":118,"column":27},"end":{"line":118,"column":64}},"40":{"start":{"line":142,"column":0},"end":{"line":159,"column":2}}},"fnMap":{"0":{"name":"RateConfigModal","decl":{"start":{"line":11,"column":16},"end":{"line":11,"column":31}},"loc":{"start":{"line":18,"column":3},"end":{"line":140,"column":1}},"line":18},"1":{"name":"(anonymous_1)","decl":{"start":{"line":35,"column":12},"end":{"line":35,"column":13}},"loc":{"start":{"line":35,"column":18},"end":{"line":45,"column":3}},"line":35},"2":{"name":"(anonymous_2)","decl":{"start":{"line":49,"column":22},"end":{"line":49,"column":23}},"loc":{"start":{"line":49,"column":28},"end":{"line":52,"column":3}},"line":49},"3":{"name":"(anonymous_3)","decl":{"start":{"line":54,"column":23},"end":{"line":54,"column":24}},"loc":{"start":{"line":54,"column":40},"end":{"line":78,"column":3}},"line":54},"4":{"name":"(anonymous_4)","decl":{"start":{"line":96,"column":20},"end":{"line":96,"column":21}},"loc":{"start":{"line":96,"column":27},"end":{"line":96,"column":54}},"line":96},"5":{"name":"(anonymous_5)","decl":{"start":{"line":107,"column":20},"end":{"line":107,"column":21}},"loc":{"start":{"line":107,"column":27},"end":{"line":107,"column":54}},"line":107},"6":{"name":"(anonymous_6)","decl":{"start":{"line":118,"column":20},"end":{"line":118,"column":21}},"loc":{"start":{"line":118,"column":27},"end":{"line":118,"column":64}},"line":118}},"branchMap":{"0":{"loc":{"start":{"line":14,"column":2},"end":{"line":14,"column":15}},"type":"default-arg","locations":[{"start":{"line":14,"column":11},"end":{"line":14,"column":15}}],"line":14},"1":{"loc":{"start":{"line":15,"column":2},"end":{"line":15,"column":24}},"type":"default-arg","locations":[{"start":{"line":15,"column":15},"end":{"line":15,"column":24}}],"line":15},"2":{"loc":{"start":{"line":17,"column":2},"end":{"line":17,"column":17}},"type":"default-arg","locations":[{"start":{"line":17,"column":13},"end":{"line":17,"column":17}}],"line":17},"3":{"loc":{"start":{"line":26,"column":18},"end":{"line":26,"column":70}},"type":"cond-expr","locations":[{"start":{"line":26,"column":45},"end":{"line":26,"column":56}},{"start":{"line":26,"column":59},"end":{"line":26,"column":70}}],"line":26},"4":{"loc":{"start":{"line":27,"column":20},"end":{"line":27,"column":76}},"type":"cond-expr","locations":[{"start":{"line":27,"column":47},"end":{"line":27,"column":60}},{"start":{"line":27,"column":63},"end":{"line":27,"column":76}}],"line":27},"5":{"loc":{"start":{"line":28,"column":24},"end":{"line":28,"column":65}},"type":"cond-expr","locations":[{"start":{"line":28,"column":51},"end":{"line":28,"column":60}},{"start":{"line":28,"column":63},"end":{"line":28,"column":65}}],"line":28},"6":{"loc":{"start":{"line":31,"column":4},"end":{"line":33,"column":69}},"type":"cond-expr","locations":[{"start":{"line":32,"column":8},"end":{"line":32,"column":159}},{"start":{"line":33,"column":8},"end":{"line":33,"column":69}}],"line":31},"7":{"loc":{"start":{"line":36,"column":4},"end":{"line":42,"column":5}},"type":"if","locations":[{"start":{"line":36,"column":4},"end":{"line":42,"column":5}},{"start":{},"end":{}}],"line":36},"8":{"loc":{"start":{"line":47,"column":2},"end":{"line":47,"column":27}},"type":"if","locations":[{"start":{"line":47,"column":2},"end":{"line":47,"column":27}},{"start":{},"end":{}}],"line":47},"9":{"loc":{"start":{"line":59,"column":4},"end":{"line":62,"column":5}},"type":"if","locations":[{"start":{"line":59,"column":4},"end":{"line":62,"column":5}},{"start":{},"end":{}}],"line":59},"10":{"loc":{"start":{"line":59,"column":8},"end":{"line":59,"column":92}},"type":"binary-expr","locations":[{"start":{"line":59,"column":9},"end":{"line":59,"column":28}},{"start":{"line":59,"column":32},"end":{"line":59,"column":47}},{"start":{"line":59,"column":53},"end":{"line":59,"column":72}},{"start":{"line":59,"column":76},"end":{"line":59,"column":91}}],"line":59},"11":{"loc":{"start":{"line":63,"column":4},"end":{"line":66,"column":5}},"type":"if","locations":[{"start":{"line":63,"column":4},"end":{"line":66,"column":5}},{"start":{},"end":{}}],"line":63},"12":{"loc":{"start":{"line":63,"column":8},"end":{"line":63,"column":53}},"type":"binary-expr","locations":[{"start":{"line":63,"column":8},"end":{"line":63,"column":31}},{"start":{"line":63,"column":35},"end":{"line":63,"column":53}}],"line":63},"13":{"loc":{"start":{"line":85,"column":16},"end":{"line":85,"column":43}},"type":"binary-expr","locations":[{"start":{"line":85,"column":16},"end":{"line":85,"column":24}},{"start":{"line":85,"column":28},"end":{"line":85,"column":43}}],"line":85},"14":{"loc":{"start":{"line":120,"column":12},"end":{"line":122,"column":99}},"type":"cond-expr","locations":[{"start":{"line":121,"column":16},"end":{"line":121,"column":112}},{"start":{"line":122,"column":16},"end":{"line":122,"column":99}}],"line":120},"15":{"loc":{"start":{"line":126,"column":9},"end":{"line":126,"column":86}},"type":"binary-expr","locations":[{"start":{"line":126,"column":9},"end":{"line":126,"column":24}},{"start":{"line":126,"column":28},"end":{"line":126,"column":86}}],"line":126},"16":{"loc":{"start":{"line":127,"column":9},"end":{"line":127,"column":66}},"type":"binary-expr","locations":[{"start":{"line":127,"column":9},"end":{"line":127,"column":14}},{"start":{"line":127,"column":18},"end":{"line":127,"column":66}}],"line":127}},"s":{"0":33,"1":33,"2":33,"3":33,"4":33,"5":33,"6":33,"7":33,"8":33,"9":33,"10":12,"11":11,"12":11,"13":11,"14":11,"15":11,"16":33,"17":1,"18":32,"19":2,"20":2,"21":32,"22":3,"23":3,"24":3,"25":3,"26":3,"27":1,"28":1,"29":2,"30":1,"31":1,"32":1,"33":1,"34":1,"35":1,"36":32,"37":3,"38":0,"39":2,"40":1},"f":{"0":33,"1":12,"2":2,"3":3,"4":3,"5":0,"6":2},"b":{"0":[0],"1":[29],"2":[31],"3":[2,31],"4":[2,31],"5":[2,31],"6":[2,31],"7":[11,1],"8":[1,32],"9":[1,2],"10":[3,2,2,2],"11":[1,1],"12":[2,2],"13":[32,30],"14":[2,30],"15":[32,2],"16":[32,0]},"_coverageSchema":"1a1c01bbd47fc00a2c39e90264f33305004495a9","hash":"63e913b8363b4665a6fe8cb2b15b619b69bd4070"}
,"/Users/kenneth/Claude/Code/loyalty-admin-dashboard/src/components/exchange/CreateExchangeProviderModal.jsx": {"path":"/Users/kenneth/Claude/Code/loyalty-admin-dashboard/src/components/exchange/CreateExchangeProviderModal.jsx","statementMap":{"0":{"start":{"line":10,"column":24},"end":{"line":10,"column":26}},"1":{"start":{"line":11,"column":24},"end":{"line":11,"column":27}},"2":{"start":{"line":14,"column":42},"end":{"line":14,"column":54}},"3":{"start":{"line":15,"column":40},"end":{"line":15,"column":52}},"4":{"start":{"line":16,"column":40},"end":{"line":16,"column":52}},"5":{"start":{"line":17,"column":42},"end":{"line":17,"column":54}},"6":{"start":{"line":18,"column":48},"end":{"line":18,"column":62}},"7":{"start":{"line":19,"column":46},"end":{"line":19,"column":70}},"8":{"start":{"line":21,"column":22},"end":{"line":29,"column":3}},"9":{"start":{"line":22,"column":4},"end":{"line":22,"column":24}},"10":{"start":{"line":23,"column":4},"end":{"line":23,"column":23}},"11":{"start":{"line":24,"column":4},"end":{"line":24,"column":23}},"12":{"start":{"line":25,"column":4},"end":{"line":25,"column":24}},"13":{"start":{"line":26,"column":4},"end":{"line":26,"column":29}},"14":{"start":{"line":27,"column":4},"end":{"line":27,"column":12}},"15":{"start":{"line":28,"column":4},"end":{"line":28,"column":14}},"16":{"start":{"line":31,"column":23},"end":{"line":55,"column":3}},"17":{"start":{"line":32,"column":4},"end":{"line":32,"column":27}},"18":{"start":{"line":33,"column":4},"end":{"line":36,"column":5}},"19":{"start":{"line":34,"column":6},"end":{"line":34,"column":70}},"20":{"start":{"line":35,"column":6},"end":{"line":35,"column":13}},"21":{"start":{"line":37,"column":26},"end":{"line":37,"column":51}},"22":{"start":{"line":38,"column":27},"end":{"line":38,"column":53}},"23":{"start":{"line":39,"column":4},"end":{"line":42,"column":5}},"24":{"start":{"line":40,"column":6},"end":{"line":40,"column":81}},"25":{"start":{"line":41,"column":6},"end":{"line":41,"column":13}},"26":{"start":{"line":43,"column":4},"end":{"line":43,"column":29}},"27":{"start":{"line":44,"column":4},"end":{"line":54,"column":5}},"28":{"start":{"line":45,"column":6},"end":{"line":50,"column":9}},"29":{"start":{"line":51,"column":6},"end":{"line":51,"column":20}},"30":{"start":{"line":57,"column":2},"end":{"line":121,"column":4}},"31":{"start":{"line":71,"column":27},"end":{"line":71,"column":58}},"32":{"start":{"line":81,"column":27},"end":{"line":81,"column":57}},"33":{"start":{"line":92,"column":27},"end":{"line":92,"column":57}},"34":{"start":{"line":104,"column":27},"end":{"line":104,"column":58}},"35":{"start":{"line":124,"column":0},"end":{"line":128,"column":2}}},"fnMap":{"0":{"name":"CreateExchangeProviderModal","decl":{"start":{"line":13,"column":16},"end":{"line":13,"column":43}},"loc":{"start":{"line":13,"column":75},"end":{"line":122,"column":1}},"line":13},"1":{"name":"(anonymous_1)","decl":{"start":{"line":21,"column":22},"end":{"line":21,"column":23}},"loc":{"start":{"line":21,"column":28},"end":{"line":29,"column":3}},"line":21},"2":{"name":"(anonymous_2)","decl":{"start":{"line":31,"column":23},"end":{"line":31,"column":24}},"loc":{"start":{"line":31,"column":40},"end":{"line":55,"column":3}},"line":31},"3":{"name":"(anonymous_3)","decl":{"start":{"line":71,"column":20},"end":{"line":71,"column":21}},"loc":{"start":{"line":71,"column":27},"end":{"line":71,"column":58}},"line":71},"4":{"name":"(anonymous_4)","decl":{"start":{"line":81,"column":20},"end":{"line":81,"column":21}},"loc":{"start":{"line":81,"column":27},"end":{"line":81,"column":57}},"line":81},"5":{"name":"(anonymous_5)","decl":{"start":{"line":92,"column":20},"end":{"line":92,"column":21}},"loc":{"start":{"line":92,"column":27},"end":{"line":92,"column":57}},"line":92},"6":{"name":"(anonymous_6)","decl":{"start":{"line":104,"column":20},"end":{"line":104,"column":21}},"loc":{"start":{"line":104,"column":27},"end":{"line":104,"column":58}},"line":104}},"branchMap":{"0":{"loc":{"start":{"line":33,"column":4},"end":{"line":36,"column":5}},"type":"if","locations":[{"start":{"line":33,"column":4},"end":{"line":36,"column":5}},{"start":{},"end":{}}],"line":33},"1":{"loc":{"start":{"line":33,"column":8},"end":{"line":33,"column":51}},"type":"binary-expr","locations":[{"start":{"line":33,"column":8},"end":{"line":33,"column":28}},{"start":{"line":33,"column":32},"end":{"line":33,"column":51}}],"line":33},"2":{"loc":{"start":{"line":39,"column":4},"end":{"line":42,"column":5}},"type":"if","locations":[{"start":{"line":39,"column":4},"end":{"line":42,"column":5}},{"start":{},"end":{}}],"line":39},"3":{"loc":{"start":{"line":39,"column":8},"end":{"line":39,"column":57}},"type":"binary-expr","locations":[{"start":{"line":39,"column":8},"end":{"line":39,"column":30}},{"start":{"line":39,"column":34},"end":{"line":39,"column":57}}],"line":39},"4":{"loc":{"start":{"line":108,"column":9},"end":{"line":108,"column":86}},"type":"binary-expr","locations":[{"start":{"line":108,"column":9},"end":{"line":108,"column":24}},{"start":{"line":108,"column":28},"end":{"line":108,"column":86}}],"line":108},"5":{"loc":{"start":{"line":109,"column":9},"end":{"line":109,"column":66}},"type":"binary-expr","locations":[{"start":{"line":109,"column":9},"end":{"line":109,"column":14}},{"start":{"line":109,"column":18},"end":{"line":109,"column":66}}],"line":109}},"s":{"0":1,"1":1,"2":32,"3":32,"4":32,"5":32,"6":32,"7":32,"8":32,"9":0,"10":0,"11":0,"12":0,"13":0,"14":0,"15":0,"16":32,"17":0,"18":0,"19":0,"20":0,"21":0,"22":0,"23":0,"24":0,"25":0,"26":0,"27":0,"28":0,"29":0,"30":32,"31":8,"32":8,"33":2,"34":0,"35":1},"f":{"0":32,"1":0,"2":0,"3":8,"4":8,"5":2,"6":0},"b":{"0":[0,0],"1":[0,0],"2":[0,0],"3":[0,0],"4":[32,0],"5":[32,0]},"_coverageSchema":"1a1c01bbd47fc00a2c39e90264f33305004495a9","hash":"e2273ef406830f3666c48b7311cff76c11d2ca9e"}
[...]
,"/Users/kenneth/Claude/Code/loyalty-admin-dashboard/src/views/ProfileManagerView.jsx": {"path":"/Users/kenneth/Claude/Code/loyalty-admin-dashboard/src/views/ProfileManagerView.jsx","statementMap":{"0":{"start":{"line":13,"column":4},"end":{"line":13,"column":23}},"1":{"start":{"line":14,"column":40},"end":{"line":14,"column":59}},"2":{"start":{"line":15,"column":42},"end":{"line":15,"column":57}},"3":{"start":{"line":16,"column":52},"end":{"line":16,"column":66}},"4":{"start":{"line":18,"column":2},"end":{"line":25,"column":9}},"5":{"start":{"line":19,"column":4},"end":{"line":19,"column":22}},"6":{"start":{"line":23,"column":4},"end":{"line":23,"column":22}},"7":{"start":{"line":27,"column":2},"end":{"line":60,"column":4}},"8":{"start":{"line":34,"column":51},"end":{"line":34,"column":72}},"9":{"start":{"line":49,"column":23},"end":{"line":49,"column":45}},"10":{"start":{"line":56,"column":23},"end":{"line":56,"column":49}}},"fnMap":{"0":{"name":"ProfileManagerView","decl":{"start":{"line":11,"column":16},"end":{"line":11,"column":34}},"loc":{"start":{"line":11,"column":37},"end":{"line":61,"column":1}},"line":11},"1":{"name":"(anonymous_1)","decl":{"start":{"line":18,"column":12},"end":{"line":18,"column":13}},"loc":{"start":{"line":18,"column":18},"end":{"line":25,"column":3}},"line":18},"2":{"name":"(anonymous_2)","decl":{"start":{"line":34,"column":45},"end":{"line":34,"column":46}},"loc":{"start":{"line":34,"column":51},"end":{"line":34,"column":72}},"line":34},"3":{"name":"(anonymous_3)","decl":{"start":{"line":49,"column":17},"end":{"line":49,"column":18}},"loc":{"start":{"line":49,"column":23},"end":{"line":49,"column":45}},"line":49},"4":{"name":"(anonymous_4)","decl":{"start":{"line":56,"column":17},"end":{"line":56,"column":18}},"loc":{"start":{"line":56,"column":23},"end":{"line":56,"column":49}},"line":56}},"branchMap":{},"s":{"0":30,"1":30,"2":30,"3":30,"4":30,"5":19,"6":19,"7":30,"8":2,"9":1,"10":3},"f":{"0":30,"1":19,"2":2,"3":1,"4":3},"b":{},"_coverageSchema":"1a1c01bbd47fc00a2c39e90264f33305004495a9","hash":"2aad95e17ac8208b3eda0d44fd3e75df58e86901"}
,"/Users/kenneth/Claude/Code/loyalty-admin-dashboard/src/views/WalletDetailView.jsx": {"path":"/Users/kenneth/Claude/Code/loyalty-admin-dashboard/src/views/WalletDetailView.jsx","statementMap":{"0":{"start":{"line":17,"column":2},"end":{"line":18,"column":61}},"1":{"start":{"line":21,"column":40},"end":{"line":21,"column":59}},"2":{"start":{"line":22,"column":19},"end":{"line":22,"column":28}},"3":{"start":{"line":23,"column":36},"end":{"line":23,"column":48}},"4":{"start":{"line":24,"column":46},"end":{"line":24,"column":85}},"5":{"start":{"line":26,"column":2},"end":{"line":32,"column":9}},"6":{"start":{"line":27,"column":4},"end":{"line":29,"column":5}},"7":{"start":{"line":28,"column":6},"end":{"line":28,"column":24}},"8":{"start":{"line":34,"column":24},"end":{"line":34,"column":84}},"9":{"start":{"line":34,"column":47},"end":{"line":34,"column":83}},"10":{"start":{"line":36,"column":24},"end":{"line":42,"column":3}},"11":{"start":{"line":37,"column":4},"end":{"line":37,"column":27}},"12":{"start":{"line":37,"column":20},"end":{"line":37,"column":27}},"13":{"start":{"line":38,"column":4},"end":{"line":38,"column":12}},"14":{"start":{"line":39,"column":4},"end":{"line":39,"column":53}},"15":{"start":{"line":40,"column":4},"end":{"line":40,"column":21}},"16":{"start":{"line":41,"column":4},"end":{"line":41,"column":16}},"17":{"start":{"line":44,"column":2},"end":{"line":44,"column":46}},"18":{"start":{"line":44,"column":34},"end":{"line":44,"column":46}},"19":{"start":{"line":46,"column":2},"end":{"line":72,"column":4}},"20":{"start":{"line":50,"column":25},"end":{"line":50,"column":53}},"21":{"start":{"line":55,"column":10},"end":{"line":57,"column":19}},"22":{"start":{"line":75,"column":20},"end":{"line":88,"column":1}},"23":{"start":{"line":91,"column":15},"end":{"line":91,"column":25}},"24":{"start":{"line":92,"column":2},"end":{"line":92,"column":49}},"25":{"start":{"line":93,"column":2},"end":{"line":93,"column":38}},"26":{"start":{"line":97,"column":21},"end":{"line":97,"column":32}},"27":{"start":{"line":98,"column":19},"end":{"line":98,"column":32}},"28":{"start":{"line":100,"column":30},"end":{"line":100,"column":44}},"29":{"start":{"line":101,"column":44},"end":{"line":101,"column":58}},"30":{"start":{"line":102,"column":28},"end":{"line":102,"column":42}},"31":{"start":{"line":104,"column":48},"end":{"line":104,"column":62}},"32":{"start":{"line":106,"column":32},"end":{"line":106,"column":46}},"33":{"start":{"line":107,"column":46},"end":{"line":107,"column":61}},"34":{"start":{"line":109,"column":26},"end":{"line":120,"column":3}},"35":{"start":{"line":111,"column":6},"end":{"line":111,"column":30}},"36":{"start":{"line":112,"column":6},"end":{"line":117,"column":7}},"37":{"start":{"line":113,"column":21},"end":{"line":113,"column":67}},"38":{"start":{"line":114,"column":8},"end":{"line":114,"column":25}},"39":{"start":{"line":116,"column":8},"end":{"line":116,"column":33}},"40":{"start":{"line":122,"column":21},"end":{"line":125,"column":14}},"41":{"start":{"line":123,"column":17},"end":{"line":123,"column":46}},"42":{"start":{"line":124,"column":4},"end":{"line":124,"column":20}},"43":{"start":{"line":127,"column":2},"end":{"line":158,"column":15}},"44":{"start":{"line":128,"column":20},"end":{"line":128,"column":25}},"45":{"start":{"line":129,"column":4},"end":{"line":129,"column":27}},"46":{"start":{"line":130,"column":4},"end":{"line":130,"column":19}},"47":{"start":{"line":131,"column":4},"end":{"line":152,"column":9}},"48":{"start":{"line":132,"column":6},"end":{"line":151,"column":7}},"49":{"start":{"line":133,"column":21},"end":{"line":133,"column":50}},"50":{"start":{"line":134,"column":8},"end":{"line":134,"column":30}},"51":{"start":{"line":134,"column":23},"end":{"line":134,"column":30}},"52":{"start":{"line":135,"column":8},"end":{"line":135,"column":24}},"53":{"start":{"line":138,"column":8},"end":{"line":143,"column":27}},"54":{"start":{"line":141,"column":12},"end":{"line":141,"column":56}},"55":{"start":{"line":141,"column":28},"end":{"line":141,"column":56}},"56":{"start":{"line":145,"column":8},"end":{"line":145,"column":30}},"57":{"start":{"line":145,"column":23},"end":{"line":145,"column":30}},"58":{"start":{"line":146,"column":8},"end":{"line":148,"column":10}},"59":{"start":{"line":150,"column":8},"end":{"line":150,"column":48}},"60":{"start":{"line":150,"column":24},"end":{"line":150,"column":48}},"61":{"start":{"line":153,"column":4},"end":{"line":153,"column":23}},"62":{"start":{"line":154,"column":4},"end":{"line":156,"column":6}},"63":{"start":{"line":155,"column":6},"end":{"line":155,"column":23}},"64":{"start":{"line":160,"column":17},"end":{"line":162,"column":26}},"65":{"start":{"line":164,"column":2},"end":{"line":235,"column":4}},"66":{"start":{"line":170,"column":68},"end":{"line":170,"column":88}}},"fnMap":{"0":{"name":"ChangeTierControl","decl":{"start":{"line":20,"column":9},"end":{"line":20,"column":26}},"loc":{"start":{"line":20,"column":50},"end":{"line":73,"column":1}},"line":20},"1":{"name":"(anonymous_1)","decl":{"start":{"line":26,"column":12},"end":{"line":26,"column":13}},"loc":{"start":{"line":26,"column":18},"end":{"line":32,"column":3}},"line":26},"2":{"name":"(anonymous_2)","decl":{"start":{"line":34,"column":40},"end":{"line":34,"column":41}},"loc":{"start":{"line":34,"column":47},"end":{"line":34,"column":83}},"line":34},"3":{"name":"(anonymous_3)","decl":{"start":{"line":36,"column":24},"end":{"line":36,"column":25}},"loc":{"start":{"line":36,"column":36},"end":{"line":42,"column":3}},"line":36},"4":{"name":"(anonymous_4)","decl":{"start":{"line":50,"column":18},"end":{"line":50,"column":19}},"loc":{"start":{"line":50,"column":25},"end":{"line":50,"column":53}},"line":50},"5":{"name":"(anonymous_5)","decl":{"start":{"line":54,"column":27},"end":{"line":54,"column":28}},"loc":{"start":{"line":55,"column":10},"end":{"line":57,"column":19}},"line":55},"6":{"name":"monthName","decl":{"start":{"line":90,"column":9},"end":{"line":90,"column":18}},"loc":{"start":{"line":90,"column":34},"end":{"line":94,"column":1}},"line":90},"7":{"name":"WalletDetailView","decl":{"start":{"line":96,"column":16},"end":{"line":96,"column":32}},"loc":{"start":{"line":96,"column":35},"end":{"line":236,"column":1}},"line":96},"8":{"name":"(anonymous_8)","decl":{"start":{"line":110,"column":4},"end":{"line":110,"column":5}},"loc":{"start":{"line":110,"column":24},"end":{"line":118,"column":5}},"line":110},"9":{"name":"(anonymous_9)","decl":{"start":{"line":122,"column":33},"end":{"line":122,"column":34}},"loc":{"start":{"line":122,"column":45},"end":{"line":125,"column":3}},"line":122},"10":{"name":"(anonymous_10)","decl":{"start":{"line":127,"column":12},"end":{"line":127,"column":13}},"loc":{"start":{"line":127,"column":18},"end":{"line":158,"column":3}},"line":127},"11":{"name":"(anonymous_11)","decl":{"start":{"line":131,"column":5},"end":{"line":131,"column":6}},"loc":{"start":{"line":131,"column":17},"end":{"line":152,"column":5}},"line":131},"12":{"name":"(anonymous_12)","decl":{"start":{"line":140,"column":16},"end":{"line":140,"column":17}},"loc":{"start":{"line":140,"column":29},"end":{"line":142,"column":11}},"line":140},"13":{"name":"(anonymous_13)","decl":{"start":{"line":143,"column":17},"end":{"line":143,"column":18}},"loc":{"start":{"line":143,"column":23},"end":{"line":143,"column":25}},"line":143},"14":{"name":"(anonymous_14)","decl":{"start":{"line":154,"column":11},"end":{"line":154,"column":12}},"loc":{"start":{"line":154,"column":17},"end":{"line":156,"column":5}},"line":154},"15":{"name":"(anonymous_15)","decl":{"start":{"line":170,"column":62},"end":{"line":170,"column":63}},"loc":{"start":{"line":170,"column":68},"end":{"line":170,"column":88}},"line":170}},"branchMap":{"0":{"loc":{"start":{"line":27,"column":4},"end":{"line":29,"column":5}},"type":"if","locations":[{"start":{"line":27,"column":4},"end":{"line":29,"column":5}},{"start":{},"end":{}}],"line":27},"1":{"loc":{"start":{"line":37,"column":4},"end":{"line":37,"column":27}},"type":"if","locations":[{"start":{"line":37,"column":4},"end":{"line":37,"column":27}},{"start":{},"end":{}}],"line":37},"2":{"loc":{"start":{"line":44,"column":2},"end":{"line":44,"column":46}},"type":"if","locations":[{"start":{"line":44,"column":2},"end":{"line":44,"column":46}},{"start":{},"end":{}}],"line":44},"3":{"loc":{"start":{"line":70,"column":7},"end":{"line":70,"column":64}},"type":"binary-expr","locations":[{"start":{"line":70,"column":7},"end":{"line":70,"column":12}},{"start":{"line":70,"column":16},"end":{"line":70,"column":64}}],"line":70},"4":{"loc":{"start":{"line":110,"column":11},"end":{"line":110,"column":19}},"type":"default-arg","locations":[{"start":{"line":110,"column":18},"end":{"line":110,"column":19}}],"line":110},"5":{"loc":{"start":{"line":134,"column":8},"end":{"line":134,"column":30}},"type":"if","locations":[{"start":{"line":134,"column":8},"end":{"line":134,"column":30}},{"start":{},"end":{}}],"line":134},"6":{"loc":{"start":{"line":141,"column":12},"end":{"line":141,"column":56}},"type":"if","locations":[{"start":{"line":141,"column":12},"end":{"line":141,"column":56}},{"start":{},"end":{}}],"line":141},"7":{"loc":{"start":{"line":145,"column":8},"end":{"line":145,"column":30}},"type":"if","locations":[{"start":{"line":145,"column":8},"end":{"line":145,"column":30}},{"start":{},"end":{}}],"line":145},"8":{"loc":{"start":{"line":147,"column":10},"end":{"line":147,"column":97}},"type":"cond-expr","locations":[{"start":{"line":147,"column":40},"end":{"line":147,"column":51}},{"start":{"line":147,"column":54},"end":{"line":147,"column":97}}],"line":147},"9":{"loc":{"start":{"line":150,"column":8},"end":{"line":150,"column":48}},"type":"if","locations":[{"start":{"line":150,"column":8},"end":{"line":150,"column":48}},{"start":{},"end":{}}],"line":150},"10":{"loc":{"start":{"line":160,"column":17},"end":{"line":162,"column":26}},"type":"cond-expr","locations":[{"start":{"line":161,"column":6},"end":{"line":161,"column":62}},{"start":{"line":162,"column":6},"end":{"line":162,"column":26}}],"line":160},"11":{"loc":{"start":{"line":161,"column":6},"end":{"line":161,"column":62}},"type":"binary-expr","locations":[{"start":{"line":161,"column":6},"end":{"line":161,"column":38}},{"start":{"line":161,"column":42},"end":{"line":161,"column":62}}],"line":161},"12":{"loc":{"start":{"line":174,"column":9},"end":{"line":174,"column":68}},"type":"binary-expr","locations":[{"start":{"line":174,"column":9},"end":{"line":174,"column":22}},{"start":{"line":174,"column":26},"end":{"line":174,"column":68}}],"line":174},"13":{"loc":{"start":{"line":176,"column":9},"end":{"line":176,"column":94}},"type":"binary-expr","locations":[{"start":{"line":176,"column":9},"end":{"line":176,"column":23}},{"start":{"line":176,"column":27},"end":{"line":176,"column":32}},{"start":{"line":176,"column":36},"end":{"line":176,"column":94}}],"line":176},"14":{"loc":{"start":{"line":178,"column":9},"end":{"line":199,"column":9}},"type":"binary-expr","locations":[{"start":{"line":178,"column":9},"end":{"line":178,"column":23}},{"start":{"line":178,"column":27},"end":{"line":178,"column":33}},{"start":{"line":178,"column":37},"end":{"line":178,"column":43}},{"start":{"line":179,"column":10},"end":{"line":198,"column":17}}],"line":178},"15":{"loc":{"start":{"line":201,"column":9},"end":{"line":224,"column":11}},"type":"binary-expr","locations":[{"start":{"line":201,"column":9},"end":{"line":201,"column":23}},{"start":{"line":202,"column":10},"end":{"line":202,"column":16}},{"start":{"line":203,"column":10},"end":{"line":203,"column":25}},{"start":{"line":204,"column":11},"end":{"line":204,"column":48}},{"start":{"line":204,"column":52},"end":{"line":204,"column":89}},{"start":{"line":205,"column":12},"end":{"line":223,"column":19}}],"line":201},"16":{"loc":{"start":{"line":226,"column":9},"end":{"line":232,"column":9}},"type":"binary-expr","locations":[{"start":{"line":226,"column":9},"end":{"line":226,"column":23}},{"start":{"line":226,"column":27},"end":{"line":226,"column":33}},{"start":{"line":227,"column":10},"end":{"line":231,"column":12}}],"line":226}},"s":{"0":1,"1":17,"2":17,"3":17,"4":17,"5":17,"6":17,"7":1,"8":17,"9":31,"10":17,"11":0,"12":0,"13":0,"14":0,"15":0,"16":0,"17":17,"18":1,"19":16,"20":0,"21":31,"22":1,"23":0,"24":0,"25":0,"26":60,"27":60,"28":60,"29":60,"30":60,"31":60,"32":60,"33":60,"34":60,"35":21,"36":21,"37":21,"38":21,"39":21,"40":60,"41":0,"42":0,"43":60,"44":21,"45":21,"46":21,"47":21,"48":21,"49":21,"50":19,"51":0,"52":19,"53":19,"54":19,"55":19,"56":1,"57":0,"58":1,"59":20,"60":20,"61":21,"62":21,"63":21,"64":60,"65":60,"66":0},"f":{"0":17,"1":17,"2":31,"3":0,"4":0,"5":31,"6":0,"7":60,"8":21,"9":0,"10":21,"11":21,"12":19,"13":0,"14":21,"15":0},"b":{"0":[1,16],"1":[0,0],"2":[1,16],"3":[16,0],"4":[0],"5":[0,19],"6":[19,0],"7":[0,1],"8":[0,1],"9":[20,0],"10":[17,43],"11":[17,0],"12":[60,42],"13":[60,18,1],"14":[60,18,17,17],"15":[60,18,17,17,17,0],"16":[60,18,17]},"_coverageSchema":"1a1c01bbd47fc00a2c39e90264f33305004495a9","hash":"0098807798e720e59158f33826d40230008ce601"}
,"/Users/kenneth/Claude/Code/loyalty-admin-dashboard/src/views/WalletsListView.jsx": {"path":"/Users/kenneth/Claude/Code/loyalty-admin-dashboard/src/views/WalletsListView.jsx","statementMap":{"0":{"start":{"line":8,"column":22},"end":{"line":12,"column":1}},"1":{"start":{"line":15,"column":55},"end":{"line":15,"column":72}},"2":{"start":{"line":16,"column":36},"end":{"line":16,"column":54}},"3":{"start":{"line":17,"column":44},"end":{"line":17,"column":59}},"4":{"start":{"line":19,"column":2},"end":{"line":23,"column":33}},"5":{"start":{"line":20,"column":4},"end":{"line":20,"column":71}},"6":{"start":{"line":25,"column":27},"end":{"line":32,"column":3}},"7":{"start":{"line":26,"column":4},"end":{"line":31,"column":5}},"8":{"start":{"line":27,"column":6},"end":{"line":27,"column":68}},"9":{"start":{"line":27,"column":34},"end":{"line":27,"column":65}},"10":{"start":{"line":29,"column":6},"end":{"line":29,"column":26}},"11":{"start":{"line":30,"column":6},"end":{"line":30,"column":30}},"12":{"start":{"line":34,"column":27},"end":{"line":36,"column":3}},"13":{"start":{"line":35,"column":4},"end":{"line":35,"column":74}},"14":{"start":{"line":38,"column":2},"end":{"line":52,"column":4}}},"fnMap":{"0":{"name":"WalletsListView","decl":{"start":{"line":14,"column":16},"end":{"line":14,"column":31}},"loc":{"start":{"line":14,"column":34},"end":{"line":53,"column":1}},"line":14},"1":{"name":"(anonymous_1)","decl":{"start":{"line":19,"column":12},"end":{"line":19,"column":13}},"loc":{"start":{"line":19,"column":18},"end":{"line":23,"column":3}},"line":19},"2":{"name":"(anonymous_2)","decl":{"start":{"line":25,"column":27},"end":{"line":25,"column":28}},"loc":{"start":{"line":25,"column":38},"end":{"line":32,"column":3}},"line":25},"3":{"name":"(anonymous_3)","decl":{"start":{"line":27,"column":23},"end":{"line":27,"column":24}},"loc":{"start":{"line":27,"column":34},"end":{"line":27,"column":65}},"line":27},"4":{"name":"(anonymous_4)","decl":{"start":{"line":34,"column":27},"end":{"line":34,"column":28}},"loc":{"start":{"line":34,"column":37},"end":{"line":36,"column":3}},"line":34}},"branchMap":{"0":{"loc":{"start":{"line":26,"column":4},"end":{"line":31,"column":5}},"type":"if","locations":[{"start":{"line":26,"column":4},"end":{"line":31,"column":5}},{"start":{"line":28,"column":11},"end":{"line":31,"column":5}}],"line":26},"1":{"loc":{"start":{"line":27,"column":34},"end":{"line":27,"column":65}},"type":"cond-expr","locations":[{"start":{"line":27,"column":51},"end":{"line":27,"column":57}},{"start":{"line":27,"column":60},"end":{"line":27,"column":65}}],"line":27}},"s":{"0":1,"1":29,"2":29,"3":29,"4":29,"5":29,"6":29,"7":9,"8":5,"9":5,"10":4,"11":4,"12":29,"13":2,"14":29},"f":{"0":29,"1":29,"2":9,"3":5,"4":2},"b":{"0":[5,4],"1":[4,1]},"_coverageSchema":"1a1c01bbd47fc00a2c39e90264f33305004495a9","hash":"26d5cc19cb55bb4a82cbccabca5aadaf3df89a40"}
}
