{"/Users/kenneth/Claude/Code/loyalty-admin-dashboard/src/App.jsx": {"path":"/Users/kenneth/Claude/Code/loyalty-admin-dashboard/src/App.jsx","statementMap":{"0":{"start":{"line":17,"column":2},"end":{"line":94,"column":4}}},"fnMap":{"0":{"name":"App","decl":{"start":{"line":16,"column":16},"end":{"line":16,"column":19}},"loc":{"start":{"line":16,"column":22},"end":{"line":95,"column":1}},"line":16}},"branchMap":{},"s":{"0":0},"f":{"0":0},"b":{}}
,"/Users/kenneth/Claude/Code/loyalty-admin-dashboard/src/api/authToken.js": {"path":"/Users/kenneth/Claude/Code/loyalty-admin-dashboard/src/api/authToken.js","statementMap":{"0":{"start":{"line":14,"column":19},"end":{"line":14,"column":23}},"1":{"start":{"line":15,"column":26},"end":{"line":15,"column":34}},"2":{"start":{"line":18,"column":2},"end":{"line":18,"column":22}},"3":{"start":{"line":22,"column":2},"end":{"line":22,"column":23}},"4":{"start":{"line":26,"column":2},"end":{"line":26,"column":32}},"5":{"start":{"line":30,"column":2},"end":{"line":30,"column":24}}},"fnMap":{"0":{"name":"(anonymous_0)","decl":{"start":{"line":15,"column":26},"end":{"line":15,"column":27}},"loc":{"start":{"line":15,"column":32},"end":{"line":15,"column":34}},"line":15},"1":{"name":"getToken","decl":{"start":{"line":17,"column":16},"end":{"line":17,"column":24}},"loc":{"start":{"line":17,"column":27},"end":{"line":19,"column":1}},"line":17},"2":{"name":"setToken","decl":{"start":{"line":21,"column":16},"end":{"line":21,"column":24}},"loc":{"start":{"line":21,"column":32},"end":{"line":23,"column":1}},"line":21},"3":{"name":"setUnauthorizedHandler","decl":{"start":{"line":25,"column":16},"end":{"line":25,"column":38}},"loc":{"start":{"line":25,"column":48},"end":{"line":27,"column":1}},"line":25},"4":{"name":"notifyUnauthorized","decl":{"start":{"line":29,"column":16},"end":{"line":29,"column":34}},"loc":{"start":{"line":29,"column":37},"end":{"line":31,"column":1}},"line":29}},"branchMap":{},"s":{"0":4,"1":4,"2":0,"3":0,"4":24,"5":0},"f":{"0":0,"1":0,"2":0,"3":24,"4":0},"b":{},"_coverageSchema":"1a1c01bbd47fc00a2c39e90264f33305004495a9","hash":"a77d97e610d4624c8eee72f684d46ebd0094d43b"}
,"/Users/kenneth/Claude/Code/loyalty-admin-dashboard/src/api/client.js": {"path":"/Users/kenneth/Claude/Code/loyalty-admin-dashboard/src/api/client.js","statementMap":{"0":{"start":{"line":4,"column":21},"end":{"line":4,"column":81}},"1":{"start":{"line":9,"column":25},"end":{"line":9,"column":37}},"2":{"start":{"line":16,"column":33},"end":{"line":16,"column":36}},"3":{"start":{"line":20,"column":4},"end":{"line":20,"column":19}},"4":{"start":{"line":21,"column":4},"end":{"line":21,"column":27}},"5":{"start":{"line":22,"column":4},"end":{"line":22,"column":25}},"6":{"start":{"line":30,"column":18},"end":{"line":30,"column":56}},"7":{"start":{"line":31,"column":16},"end":{"line":31,"column":26}},"8":{"start":{"line":32,"column":2},"end":{"line":34,"column":3}},"9":{"start":{"line":33,"column":4},"end":{"line":33,"column":46}},"10":{"start":{"line":35,"column":2},"end":{"line":37,"column":3}},"11":{"start":{"line":36,"column":4},"end":{"line":36,"column":36}},"12":{"start":{"line":40,"column":2},"end":{"line":51,"column":3}},"13":{"start":{"line":41,"column":4},"end":{"line":45,"column":7}},"14":{"start":{"line":47,"column":4},"end":{"line":50,"column":6}},"15":{"start":{"line":53,"column":2},"end":{"line":55,"column":3}},"16":{"start":{"line":54,"column":4},"end":{"line":54,"column":25}},"17":{"start":{"line":57,"column":2},"end":{"line":66,"column":3}},"18":{"start":{"line":58,"column":18},"end":{"line":58,"column":37}},"19":{"start":{"line":59,"column":4},"end":{"line":64,"column":5}},"20":{"start":{"line":60,"column":24},"end":{"line":60,"column":45}},"21":{"start":{"line":61,"column":6},"end":{"line":61,"column":45}},"22":{"start":{"line":65,"column":4},"end":{"line":65,"column":49}},"23":{"start":{"line":68,"column":2},"end":{"line":70,"column":3}},"24":{"start":{"line":69,"column":4},"end":{"line":69,"column":16}},"25":{"start":{"line":71,"column":2},"end":{"line":71,"column":25}},"26":{"start":{"line":79,"column":2},"end":{"line":82,"column":5}},"27":{"start":{"line":90,"column":2},"end":{"line":90,"column":39}},"28":{"start":{"line":98,"column":2},"end":{"line":110,"column":4}},"29":{"start":{"line":114,"column":2},"end":{"line":124,"column":4}},"30":{"start":{"line":128,"column":34},"end":{"line":131,"column":4}},"31":{"start":{"line":133,"column":17},"end":{"line":136,"column":85}},"32":{"start":{"line":136,"column":19},"end":{"line":136,"column":84}},"33":{"start":{"line":138,"column":24},"end":{"line":138,"column":37}},"34":{"start":{"line":139,"column":21},"end":{"line":139,"column":69}},"35":{"start":{"line":140,"column":16},"end":{"line":140,"column":31}},"36":{"start":{"line":141,"column":18},"end":{"line":141,"column":55}},"37":{"start":{"line":143,"column":2},"end":{"line":143,"column":64}},"38":{"start":{"line":151,"column":2},"end":{"line":151,"column":78}},"39":{"start":{"line":155,"column":2},"end":{"line":155,"column":46}},"40":{"start":{"line":159,"column":2},"end":{"line":159,"column":100}},"41":{"start":{"line":163,"column":2},"end":{"line":163,"column":63}},"42":{"start":{"line":171,"column":2},"end":{"line":171,"column":43}},"43":{"start":{"line":175,"column":18},"end":{"line":179,"column":4}},"44":{"start":{"line":182,"column":2},"end":{"line":182,"column":54}},"45":{"start":{"line":187,"column":2},"end":{"line":191,"column":5}},"46":{"start":{"line":200,"column":2},"end":{"line":200,"column":67}},"47":{"start":{"line":205,"column":2},"end":{"line":209,"column":5}},"48":{"start":{"line":213,"column":2},"end":{"line":216,"column":5}},"49":{"start":{"line":224,"column":2},"end":{"line":228,"column":5}},"50":{"start":{"line":236,"column":2},"end":{"line":236,"column":43}},"51":{"start":{"line":240,"column":18},"end":{"line":244,"column":4}},"52":{"start":{"line":247,"column":2},"end":{"line":247,"column":38}},"53":{"start":{"line":252,"column":2},"end":{"line":256,"column":5}},"54":{"start":{"line":260,"column":2},"end":{"line":264,"column":5}},"55":{"start":{"line":272,"column":2},"end":{"line":272,"column":53}},"56":{"start":{"line":277,"column":2},"end":{"line":281,"column":5}},"57":{"start":{"line":286,"column":2},"end":{"line":290,"column":5}},"58":{"start":{"line":294,"column":22},"end":{"line":294,"column":55}},"59":{"start":{"line":295,"column":2},"end":{"line":295,"column":89}},"60":{"start":{"line":303,"column":2},"end":{"line":303,"column":46}},"61":{"start":{"line":307,"column":2},"end":{"line":311,"column":5}},"62":{"start":{"line":320,"column":2},"end":{"line":320,"column":45}},"63":{"start":{"line":328,"column":2},"end":{"line":328,"column":41}},"64":{"start":{"line":332,"column":79},"end":{"line":332,"column":86}},"65":{"start":{"line":333,"column":2},"end":{"line":343,"column":5}},"66":{"start":{"line":351,"column":2},"end":{"line":351,"column":49}},"67":{"start":{"line":355,"column":2},"end":{"line":359,"column":5}},"68":{"start":{"line":363,"column":2},"end":{"line":367,"column":5}},"69":{"start":{"line":371,"column":2},"end":{"line":375,"column":5}},"70":{"start":{"line":379,"column":2},"end":{"line":383,"column":5}},"71":{"start":{"line":387,"column":2},"end":{"line":387,"column":80}},"72":{"start":{"line":391,"column":2},"end":{"line":395,"column":5}}},"fnMap":{"0":{"name":"(anonymous_0)","decl":{"start":{"line":19,"column":2},"end":{"line":19,"column":3}},"loc":{"start":{"line":19,"column":31},"end":{"line":23,"column":3}},"line":19},"1":{"name":"request","decl":{"start":{"line":29,"column":15},"end":{"line":29,"column":22}},"loc":{"start":{"line":29,"column":69},"end":{"line":72,"column":1}},"line":29},"2":{"name":"login","decl":{"start":{"line":78,"column":22},"end":{"line":78,"column":27}},"loc":{"start":{"line":78,"column":45},"end":{"line":83,"column":1}},"line":78},"3":{"name":"fetchMetrics","decl":{"start":{"line":89,"column":22},"end":{"line":89,"column":34}},"loc":{"start":{"line":89,"column":37},"end":{"line":91,"column":1}},"line":89},"4":{"name":"ledgerEntryToFeedRow","decl":{"start":{"line":97,"column":9},"end":{"line":97,"column":29}},"loc":{"start":{"line":97,"column":37},"end":{"line":111,"column":1}},"line":97},"5":{"name":"auditLogToFeedRow","decl":{"start":{"line":113,"column":9},"end":{"line":113,"column":26}},"loc":{"start":{"line":113,"column":34},"end":{"line":125,"column":1}},"line":113},"6":{"name":"fetchActivityFeed","decl":{"start":{"line":127,"column":22},"end":{"line":127,"column":39}},"loc":{"start":{"line":127,"column":88},"end":{"line":144,"column":1}},"line":127},"7":{"name":"(anonymous_7)","decl":{"start":{"line":136,"column":9},"end":{"line":136,"column":10}},"loc":{"start":{"line":136,"column":19},"end":{"line":136,"column":84}},"line":136},"8":{"name":"fetchWallets","decl":{"start":{"line":150,"column":22},"end":{"line":150,"column":34}},"loc":{"start":{"line":150,"column":101},"end":{"line":152,"column":1}},"line":150},"9":{"name":"fetchWallet","decl":{"start":{"line":154,"column":22},"end":{"line":154,"column":33}},"loc":{"start":{"line":154,"column":42},"end":{"line":156,"column":1}},"line":154},"10":{"name":"fetchWalletHistory","decl":{"start":{"line":158,"column":22},"end":{"line":158,"column":40}},"loc":{"start":{"line":158,"column":94},"end":{"line":160,"column":1}},"line":158},"11":{"name":"fetchExpiringSummary","decl":{"start":{"line":162,"column":22},"end":{"line":162,"column":42}},"loc":{"start":{"line":162,"column":51},"end":{"line":164,"column":1}},"line":162},"12":{"name":"fetchProfiles","decl":{"start":{"line":170,"column":22},"end":{"line":170,"column":35}},"loc":{"start":{"line":170,"column":38},"end":{"line":172,"column":1}},"line":170},"13":{"name":"createProfile","decl":{"start":{"line":174,"column":22},"end":{"line":174,"column":35}},"loc":{"start":{"line":174,"column":75},"end":{"line":183,"column":1}},"line":174},"14":{"name":"configureProfileRates","decl":{"start":{"line":185,"column":22},"end":{"line":185,"column":43}},"loc":{"start":{"line":186,"column":83},"end":{"line":192,"column":1}},"line":186},"15":{"name":"fetchTierRules","decl":{"start":{"line":199,"column":22},"end":{"line":199,"column":36}},"loc":{"start":{"line":199,"column":48},"end":{"line":201,"column":1}},"line":199},"16":{"name":"createTierRule","decl":{"start":{"line":203,"column":22},"end":{"line":203,"column":36}},"loc":{"start":{"line":204,"column":76},"end":{"line":210,"column":1}},"line":204},"17":{"name":"deleteTierRule","decl":{"start":{"line":212,"column":22},"end":{"line":212,"column":36}},"loc":{"start":{"line":212,"column":65},"end":{"line":217,"column":1}},"line":212},"18":{"name":"changeWalletProfile","decl":{"start":{"line":223,"column":22},"end":{"line":223,"column":41}},"loc":{"start":{"line":223,"column":70},"end":{"line":229,"column":1}},"line":223},"19":{"name":"fetchPartners","decl":{"start":{"line":235,"column":22},"end":{"line":235,"column":35}},"loc":{"start":{"line":235,"column":38},"end":{"line":237,"column":1}},"line":235},"20":{"name":"createPartner","decl":{"start":{"line":239,"column":22},"end":{"line":239,"column":35}},"loc":{"start":{"line":239,"column":75},"end":{"line":248,"column":1}},"line":239},"21":{"name":"configurePartnerRates","decl":{"start":{"line":250,"column":22},"end":{"line":250,"column":43}},"loc":{"start":{"line":251,"column":83},"end":{"line":257,"column":1}},"line":251},"22":{"name":"createPartnerServiceAccount","decl":{"start":{"line":259,"column":22},"end":{"line":259,"column":49}},"loc":{"start":{"line":259,"column":91},"end":{"line":265,"column":1}},"line":259},"23":{"name":"fetchExchangeProviders","decl":{"start":{"line":271,"column":22},"end":{"line":271,"column":44}},"loc":{"start":{"line":271,"column":47},"end":{"line":273,"column":1}},"line":271},"24":{"name":"createExchangeProvider","decl":{"start":{"line":275,"column":22},"end":{"line":275,"column":44}},"loc":{"start":{"line":276,"column":105},"end":{"line":282,"column":1}},"line":276},"25":{"name":"updateExchangeProvider","decl":{"start":{"line":284,"column":22},"end":{"line":284,"column":44}},"loc":{"start":{"line":285,"column":99},"end":{"line":291,"column":1}},"line":285},"26":{"name":"fetchExchangeRequests","decl":{"start":{"line":293,"column":22},"end":{"line":293,"column":43}},"loc":{"start":{"line":293,"column":97},"end":{"line":296,"column":1}},"line":293},"27":{"name":"fetchConfigurations","decl":{"start":{"line":302,"column":22},"end":{"line":302,"column":41}},"loc":{"start":{"line":302,"column":44},"end":{"line":304,"column":1}},"line":302},"28":{"name":"updateConfiguration","decl":{"start":{"line":306,"column":22},"end":{"line":306,"column":41}},"loc":{"start":{"line":306,"column":92},"end":{"line":312,"column":1}},"line":306},"29":{"name":"fetchFeatureFlags","decl":{"start":{"line":319,"column":22},"end":{"line":319,"column":39}},"loc":{"start":{"line":319,"column":42},"end":{"line":321,"column":1}},"line":319},"30":{"name":"fetchCampaigns","decl":{"start":{"line":327,"column":22},"end":{"line":327,"column":36}},"loc":{"start":{"line":327,"column":39},"end":{"line":329,"column":1}},"line":327},"31":{"name":"createCampaign","decl":{"start":{"line":331,"column":22},"end":{"line":331,"column":36}},"loc":{"start":{"line":331,"column":55},"end":{"line":344,"column":1}},"line":331},"32":{"name":"fetchInstitutions","decl":{"start":{"line":350,"column":22},"end":{"line":350,"column":39}},"loc":{"start":{"line":350,"column":42},"end":{"line":352,"column":1}},"line":350},"33":{"name":"createInstitution","decl":{"start":{"line":354,"column":22},"end":{"line":354,"column":39}},"loc":{"start":{"line":354,"column":92},"end":{"line":360,"column":1}},"line":354},"34":{"name":"updateInstitutionStatus","decl":{"start":{"line":362,"column":22},"end":{"line":362,"column":45}},"loc":{"start":{"line":362,"column":78},"end":{"line":368,"column":1}},"line":362},"35":{"name":"updateInstitutionBranding","decl":{"start":{"line":370,"column":22},"end":{"line":370,"column":47}},"loc":{"start":{"line":370,"column":109},"end":{"line":376,"column":1}},"line":370},"36":{"name":"updateInstitutionDetails","decl":{"start":{"line":378,"column":22},"end":{"line":378,"column":46}},"loc":{"start":{"line":378,"column":108},"end":{"line":384,"column":1}},"line":378},"37":{"name":"fetchInstitutionFeatureFlags","decl":{"start":{"line":386,"column":22},"end":{"line":386,"column":50}},"loc":{"start":{"line":386,"column":66},"end":{"line":388,"column":1}},"line":386},"38":{"name":"updateInstitutionFeatureFlag","decl":{"start":{"line":390,"column":22},"end":{"line":390,"column":50}},"loc":{"start":{"line":390,"column":96},"end":{"line":396,"column":1}},"line":390}},"branchMap":{"0":{"loc":{"start":{"line":4,"column":21},"end":{"line":4,"column":81}},"type":"binary-expr","locations":[{"start":{"line":4,"column":21},"end":{"line":4,"column":54}},{"start":{"line":4,"column":58},"end":{"line":4,"column":81}}],"line":4},"1":{"loc":{"start":{"line":29,"column":29},"end":{"line":29,"column":67}},"type":"default-arg","locations":[{"start":{"line":29,"column":65},"end":{"line":29,"column":67}}],"line":29},"2":{"loc":{"start":{"line":29,"column":31},"end":{"line":29,"column":45}},"type":"default-arg","locations":[{"start":{"line":29,"column":40},"end":{"line":29,"column":45}}],"line":29},"3":{"loc":{"start":{"line":32,"column":2},"end":{"line":34,"column":3}},"type":"if","locations":[{"start":{"line":32,"column":2},"end":{"line":34,"column":3}},{"start":{},"end":{}}],"line":32},"4":{"loc":{"start":{"line":35,"column":2},"end":{"line":37,"column":3}},"type":"if","locations":[{"start":{"line":35,"column":2},"end":{"line":37,"column":3}},{"start":{},"end":{}}],"line":35},"5":{"loc":{"start":{"line":44,"column":12},"end":{"line":44,"column":65}},"type":"cond-expr","locations":[{"start":{"line":44,"column":33},"end":{"line":44,"column":53}},{"start":{"line":44,"column":56},"end":{"line":44,"column":65}}],"line":44},"6":{"loc":{"start":{"line":53,"column":2},"end":{"line":55,"column":3}},"type":"if","locations":[{"start":{"line":53,"column":2},"end":{"line":55,"column":3}},{"start":{},"end":{}}],"line":53},"7":{"loc":{"start":{"line":53,"column":6},"end":{"line":53,"column":67}},"type":"binary-expr","locations":[{"start":{"line":53,"column":6},"end":{"line":53,"column":29}},{"start":{"line":53,"column":33},"end":{"line":53,"column":67}}],"line":53},"8":{"loc":{"start":{"line":57,"column":2},"end":{"line":66,"column":3}},"type":"if","locations":[{"start":{"line":57,"column":2},"end":{"line":66,"column":3}},{"start":{},"end":{}}],"line":57},"9":{"loc":{"start":{"line":61,"column":16},"end":{"line":61,"column":44}},"type":"binary-expr","locations":[{"start":{"line":61,"column":16},"end":{"line":61,"column":33}},{"start":{"line":61,"column":37},"end":{"line":61,"column":44}}],"line":61},"10":{"loc":{"start":{"line":68,"column":2},"end":{"line":70,"column":3}},"type":"if","locations":[{"start":{"line":68,"column":2},"end":{"line":70,"column":3}},{"start":{},"end":{}}],"line":68},"11":{"loc":{"start":{"line":127,"column":40},"end":{"line":127,"column":86}},"type":"default-arg","locations":[{"start":{"line":127,"column":84},"end":{"line":127,"column":86}}],"line":127},"12":{"loc":{"start":{"line":127,"column":42},"end":{"line":127,"column":50}},"type":"default-arg","locations":[{"start":{"line":127,"column":49},"end":{"line":127,"column":50}}],"line":127},"13":{"loc":{"start":{"line":127,"column":52},"end":{"line":127,"column":79}},"type":"default-arg","locations":[{"start":{"line":127,"column":63},"end":{"line":127,"column":79}}],"line":127},"14":{"loc":{"start":{"line":150,"column":35},"end":{"line":150,"column":99}},"type":"default-arg","locations":[{"start":{"line":150,"column":97},"end":{"line":150,"column":99}}],"line":150},"15":{"loc":{"start":{"line":150,"column":37},"end":{"line":150,"column":45}},"type":"default-arg","locations":[{"start":{"line":150,"column":44},"end":{"line":150,"column":45}}],"line":150},"16":{"loc":{"start":{"line":150,"column":47},"end":{"line":150,"column":71}},"type":"default-arg","locations":[{"start":{"line":150,"column":54},"end":{"line":150,"column":71}}],"line":150},"17":{"loc":{"start":{"line":150,"column":73},"end":{"line":150,"column":92}},"type":"default-arg","locations":[{"start":{"line":150,"column":80},"end":{"line":150,"column":92}}],"line":150},"18":{"loc":{"start":{"line":158,"column":49},"end":{"line":158,"column":92}},"type":"default-arg","locations":[{"start":{"line":158,"column":90},"end":{"line":158,"column":92}}],"line":158},"19":{"loc":{"start":{"line":158,"column":51},"end":{"line":158,"column":59}},"type":"default-arg","locations":[{"start":{"line":158,"column":58},"end":{"line":158,"column":59}}],"line":158},"20":{"loc":{"start":{"line":158,"column":61},"end":{"line":158,"column":85}},"type":"default-arg","locations":[{"start":{"line":158,"column":68},"end":{"line":158,"column":85}}],"line":158},"21":{"loc":{"start":{"line":178,"column":38},"end":{"line":178,"column":57}},"type":"binary-expr","locations":[{"start":{"line":178,"column":38},"end":{"line":178,"column":49}},{"start":{"line":178,"column":53},"end":{"line":178,"column":57}}],"line":178},"22":{"loc":{"start":{"line":208,"column":48},"end":{"line":208,"column":65}},"type":"binary-expr","locations":[{"start":{"line":208,"column":48},"end":{"line":208,"column":57}},{"start":{"line":208,"column":61},"end":{"line":208,"column":65}}],"line":208},"23":{"loc":{"start":{"line":243,"column":38},"end":{"line":243,"column":57}},"type":"binary-expr","locations":[{"start":{"line":243,"column":38},"end":{"line":243,"column":49}},{"start":{"line":243,"column":53},"end":{"line":243,"column":57}}],"line":243},"24":{"loc":{"start":{"line":293,"column":44},"end":{"line":293,"column":95}},"type":"default-arg","locations":[{"start":{"line":293,"column":93},"end":{"line":293,"column":95}}],"line":293},"25":{"loc":{"start":{"line":293,"column":46},"end":{"line":293,"column":54}},"type":"default-arg","locations":[{"start":{"line":293,"column":53},"end":{"line":293,"column":54}}],"line":293},"26":{"loc":{"start":{"line":293,"column":56},"end":{"line":293,"column":80}},"type":"default-arg","locations":[{"start":{"line":293,"column":63},"end":{"line":293,"column":80}}],"line":293},"27":{"loc":{"start":{"line":294,"column":22},"end":{"line":294,"column":55}},"type":"cond-expr","locations":[{"start":{"line":294,"column":31},"end":{"line":294,"column":50}},{"start":{"line":294,"column":53},"end":{"line":294,"column":55}}],"line":294},"28":{"loc":{"start":{"line":310,"column":38},"end":{"line":310,"column":57}},"type":"binary-expr","locations":[{"start":{"line":310,"column":38},"end":{"line":310,"column":49}},{"start":{"line":310,"column":53},"end":{"line":310,"column":57}}],"line":310},"29":{"loc":{"start":{"line":382,"column":45},"end":{"line":382,"column":66}},"type":"binary-expr","locations":[{"start":{"line":382,"column":45},"end":{"line":382,"column":58}},{"start":{"line":382,"column":62},"end":{"line":382,"column":66}}],"line":382}},"s":{"0":0,"1":0,"2":0,"3":0,"4":0,"5":0,"6":0,"7":0,"8":0,"9":0,"10":0,"11":0,"12":0,"13":0,"14":0,"15":0,"16":0,"17":0,"18":0,"19":0,"20":0,"21":0,"22":0,"23":0,"24":0,"25":0,"26":0,"27":0,"28":0,"29":0,"30":0,"31":0,"32":0,"33":0,"34":0,"35":0,"36":0,"37":0,"38":0,"39":0,"40":0,"41":0,"42":0,"43":0,"44":0,"45":0,"46":0,"47":0,"48":0,"49":0,"50":0,"51":0,"52":0,"53":0,"54":0,"55":0,"56":0,"57":0,"58":0,"59":0,"60":0,"61":0,"62":0,"63":0,"64":0,"65":0,"66":0,"67":0,"68":0,"69":0,"70":0,"71":0,"72":0},"f":{"0":0,"1":0,"2":0,"3":0,"4":0,"5":0,"6":0,"7":0,"8":0,"9":0,"10":0,"11":0,"12":0,"13":0,"14":0,"15":0,"16":0,"17":0,"18":0,"19":0,"20":0,"21":0,"22":0,"23":0,"24":0,"25":0,"26":0,"27":0,"28":0,"29":0,"30":0,"31":0,"32":0,"33":0,"34":0,"35":0,"36":0,"37":0,"38":0},"b":{"0":[0,0],"1":[0],"2":[0],"3":[0,0],"4":[0,0],"5":[0,0],"6":[0,0],"7":[0,0],"8":[0,0],"9":[0,0],"10":[0,0],"11":[0],"12":[0],"13":[0],"14":[0],"15":[0],"16":[0],"17":[0],"18":[0],"19":[0],"20":[0],"21":[0,0],"22":[0,0],"23":[0,0],"24":[0],"25":[0],"26":[0],"27":[0,0],"28":[0,0],"29":[0,0]}}
,"/Users/kenneth/Claude/Code/loyalty-admin-dashboard/src/components/auth/ProtectedRoute.jsx": {"path":"/Users/kenneth/Claude/Code/loyalty-admin-dashboard/src/components/auth/ProtectedRoute.jsx","statementMap":{"0":{"start":{"line":20,"column":36},"end":{"line":20,"column":45}},"1":{"start":{"line":21,"column":19},"end":{"line":21,"column":32}},"2":{"start":{"line":23,"column":2},"end":{"line":25,"column":3}},"3":{"start":{"line":24,"column":4},"end":{"line":24,"column":71}},"4":{"start":{"line":26,"column":2},"end":{"line":28,"column":3}},"5":{"start":{"line":27,"column":4},"end":{"line":27,"column":62}},"6":{"start":{"line":30,"column":2},"end":{"line":30,"column":18}},"7":{"start":{"line":33,"column":0},"end":{"line":35,"column":2}}},"fnMap":{"0":{"name":"ProtectedRoute","decl":{"start":{"line":19,"column":16},"end":{"line":19,"column":30}},"loc":{"start":{"line":19,"column":45},"end":{"line":31,"column":1}},"line":19}},"branchMap":{"0":{"loc":{"start":{"line":23,"column":2},"end":{"line":25,"column":3}},"type":"if","locations":[{"start":{"line":23,"column":2},"end":{"line":25,"column":3}},{"start":{},"end":{}}],"line":23},"1":{"loc":{"start":{"line":26,"column":2},"end":{"line":28,"column":3}},"type":"if","locations":[{"start":{"line":26,"column":2},"end":{"line":28,"column":3}},{"start":{},"end":{}}],"line":26}},"s":{"0":0,"1":0,"2":0,"3":0,"4":0,"5":0,"6":0,"7":0},"f":{"0":0},"b":{"0":[0,0],"1":[0,0]}}
,"/Users/kenneth/Claude/Code/loyalty-admin-dashboard/src/components/auth/SuperAdminRoute.jsx": {"path":"/Users/kenneth/Claude/Code/loyalty-admin-dashboard/src/components/auth/SuperAdminRoute.jsx","statementMap":{"0":{"start":{"line":12,"column":36},"end":{"line":12,"column":45}},"1":{"start":{"line":13,"column":19},"end":{"line":13,"column":32}},"2":{"start":{"line":15,"column":2},"end":{"line":17,"column":3}},"3":{"start":{"line":16,"column":4},"end":{"line":16,"column":71}},"4":{"start":{"line":18,"column":2},"end":{"line":20,"column":3}},"5":{"start":{"line":19,"column":4},"end":{"line":19,"column":39}},"6":{"start":{"line":22,"column":2},"end":{"line":22,"column":18}},"7":{"start":{"line":25,"column":0},"end":{"line":27,"column":2}}},"fnMap":{"0":{"name":"SuperAdminRoute","decl":{"start":{"line":11,"column":16},"end":{"line":11,"column":31}},"loc":{"start":{"line":11,"column":46},"end":{"line":23,"column":1}},"line":11}},"branchMap":{"0":{"loc":{"start":{"line":15,"column":2},"end":{"line":17,"column":3}},"type":"if","locations":[{"start":{"line":15,"column":2},"end":{"line":17,"column":3}},{"start":{},"end":{}}],"line":15},"1":{"loc":{"start":{"line":18,"column":2},"end":{"line":20,"column":3}},"type":"if","locations":[{"start":{"line":18,"column":2},"end":{"line":20,"column":3}},{"start":{},"end":{}}],"line":18}},"s":{"0":0,"1":0,"2":0,"3":0,"4":0,"5":0,"6":0,"7":0},"f":{"0":0},"b":{"0":[0,0],"1":[0,0]}}
,"/Users/kenneth/Claude/Code/loyalty-admin-dashboard/src/components/campaigns/CampaignCard.jsx": {"path":"/Users/kenneth/Claude/Code/loyalty-admin-dashboard/src/components/campaigns/CampaignCard.jsx","statementMap":{"0":{"start":{"line":11,"column":17},"end":{"line":11,"column":44}},"1":{"start":{"line":12,"column":24},"end":{"line":12,"column":58}},"2":{"start":{"line":14,"column":2},"end":{"line":62,"column":4}},"3":{"start":{"line":65,"column":0},"end":{"line":76,"column":2}}},"fnMap":{"0":{"name":"CampaignCard","decl":{"start":{"line":10,"column":16},"end":{"line":10,"column":28}},"loc":{"start":{"line":10,"column":93},"end":{"line":63,"column":1}},"line":10}},"branchMap":{"0":{"loc":{"start":{"line":10,"column":41},"end":{"line":10,"column":64}},"type":"default-arg","locations":[{"start":{"line":10,"column":59},"end":{"line":10,"column":64}}],"line":10},"1":{"loc":{"start":{"line":10,"column":66},"end":{"line":10,"column":89}},"type":"default-arg","locations":[{"start":{"line":10,"column":84},"end":{"line":10,"column":89}}],"line":10},"2":{"loc":{"start":{"line":12,"column":24},"end":{"line":12,"column":58}},"type":"binary-expr","locations":[{"start":{"line":12,"column":24},"end":{"line":12,"column":39}},{"start":{"line":12,"column":43},"end":{"line":12,"column":58}}],"line":12},"3":{"loc":{"start":{"line":31,"column":9},"end":{"line":31,"column":111}},"type":"cond-expr","locations":[{"start":{"line":31,"column":46},"end":{"line":31,"column":53}},{"start":{"line":31,"column":56},"end":{"line":31,"column":111}}],"line":31},"4":{"loc":{"start":{"line":31,"column":56},"end":{"line":31,"column":111}},"type":"cond-expr","locations":[{"start":{"line":31,"column":94},"end":{"line":31,"column":102}},{"start":{"line":31,"column":105},"end":{"line":31,"column":111}}],"line":31},"5":{"loc":{"start":{"line":32,"column":29},"end":{"line":32,"column":104}},"type":"cond-expr","locations":[{"start":{"line":32,"column":67},"end":{"line":32,"column":85}},{"start":{"line":32,"column":88},"end":{"line":32,"column":104}}],"line":32},"6":{"loc":{"start":{"line":41,"column":11},"end":{"line":45,"column":11}},"type":"binary-expr","locations":[{"start":{"line":41,"column":11},"end":{"line":41,"column":26}},{"start":{"line":42,"column":12},"end":{"line":44,"column":20}}],"line":41},"7":{"loc":{"start":{"line":54,"column":11},"end":{"line":58,"column":11}},"type":"binary-expr","locations":[{"start":{"line":54,"column":11},"end":{"line":54,"column":26}},{"start":{"line":55,"column":12},"end":{"line":57,"column":20}}],"line":54}},"s":{"0":0,"1":0,"2":0,"3":0},"f":{"0":0},"b":{"0":[0],"1":[0],"2":[0,0],"3":[0,0],"4":[0,0],"5":[0,0],"6":[0,0],"7":[0,0]}}
,"/Users/kenneth/Claude/Code/loyalty-admin-dashboard/src/components/campaigns/CampaignForm.jsx": {"path":"/Users/kenneth/Claude/Code/loyalty-admin-dashboard/src/components/campaigns/CampaignForm.jsx","statementMap":{"0":{"start":{"line":9,"column":21},"end":{"line":15,"column":1}},"1":{"start":{"line":18,"column":2},"end":{"line":18,"column":51}},"2":{"start":{"line":18,"column":25},"end":{"line":18,"column":51}},"3":{"start":{"line":19,"column":2},"end":{"line":19,"column":84}},"4":{"start":{"line":19,"column":40},"end":{"line":19,"column":84}},"5":{"start":{"line":20,"column":2},"end":{"line":20,"column":99}},"6":{"start":{"line":20,"column":58},"end":{"line":20,"column":99}},"7":{"start":{"line":21,"column":2},"end":{"line":21,"column":80}},"8":{"start":{"line":21,"column":41},"end":{"line":21,"column":80}},"9":{"start":{"line":22,"column":2},"end":{"line":24,"column":3}},"10":{"start":{"line":23,"column":4},"end":{"line":23,"column":64}},"11":{"start":{"line":25,"column":2},"end":{"line":25,"column":14}},"12":{"start":{"line":29,"column":26},"end":{"line":29,"column":48}},"13":{"start":{"line":30,"column":48},"end":{"line":30,"column":62}},"14":{"start":{"line":31,"column":55},"end":{"line":31,"column":79}},"15":{"start":{"line":33,"column":22},"end":{"line":36,"column":3}},"16":{"start":{"line":33,"column":33},"end":{"line":36,"column":3}},"17":{"start":{"line":34,"column":4},"end":{"line":34,"column":66}},"18":{"start":{"line":34,"column":23},"end":{"line":34,"column":63}},"19":{"start":{"line":35,"column":4},"end":{"line":35,"column":12}},"20":{"start":{"line":38,"column":23},"end":{"line":58,"column":3}},"21":{"start":{"line":39,"column":4},"end":{"line":39,"column":27}},"22":{"start":{"line":40,"column":30},"end":{"line":40,"column":44}},"23":{"start":{"line":41,"column":4},"end":{"line":44,"column":5}},"24":{"start":{"line":42,"column":6},"end":{"line":42,"column":44}},"25":{"start":{"line":43,"column":6},"end":{"line":43,"column":13}},"26":{"start":{"line":45,"column":4},"end":{"line":45,"column":29}},"27":{"start":{"line":46,"column":4},"end":{"line":57,"column":5}},"28":{"start":{"line":47,"column":6},"end":{"line":53,"column":9}},"29":{"start":{"line":54,"column":6},"end":{"line":54,"column":28}},"30":{"start":{"line":60,"column":2},"end":{"line":129,"column":4}},"31":{"start":{"line":132,"column":0},"end":{"line":135,"column":2}}},"fnMap":{"0":{"name":"validate","decl":{"start":{"line":17,"column":9},"end":{"line":17,"column":17}},"loc":{"start":{"line":17,"column":24},"end":{"line":26,"column":1}},"line":17},"1":{"name":"CampaignForm","decl":{"start":{"line":28,"column":16},"end":{"line":28,"column":28}},"loc":{"start":{"line":28,"column":61},"end":{"line":130,"column":1}},"line":28},"2":{"name":"(anonymous_2)","decl":{"start":{"line":33,"column":22},"end":{"line":33,"column":23}},"loc":{"start":{"line":33,"column":33},"end":{"line":36,"column":3}},"line":33},"3":{"name":"(anonymous_3)","decl":{"start":{"line":33,"column":33},"end":{"line":33,"column":34}},"loc":{"start":{"line":33,"column":44},"end":{"line":36,"column":3}},"line":33},"4":{"name":"(anonymous_4)","decl":{"start":{"line":34,"column":12},"end":{"line":34,"column":13}},"loc":{"start":{"line":34,"column":23},"end":{"line":34,"column":63}},"line":34},"5":{"name":"(anonymous_5)","decl":{"start":{"line":38,"column":23},"end":{"line":38,"column":24}},"loc":{"start":{"line":38,"column":40},"end":{"line":58,"column":3}},"line":38}},"branchMap":{"0":{"loc":{"start":{"line":18,"column":2},"end":{"line":18,"column":51}},"type":"if","locations":[{"start":{"line":18,"column":2},"end":{"line":18,"column":51}},{"start":{},"end":{}}],"line":18},"1":{"loc":{"start":{"line":19,"column":2},"end":{"line":19,"column":84}},"type":"if","locations":[{"start":{"line":19,"column":2},"end":{"line":19,"column":84}},{"start":{},"end":{}}],"line":19},"2":{"loc":{"start":{"line":19,"column":6},"end":{"line":19,"column":38}},"type":"binary-expr","locations":[{"start":{"line":19,"column":6},"end":{"line":19,"column":21}},{"start":{"line":19,"column":25},"end":{"line":19,"column":38}}],"line":19},"3":{"loc":{"start":{"line":20,"column":2},"end":{"line":20,"column":99}},"type":"if","locations":[{"start":{"line":20,"column":2},"end":{"line":20,"column":99}},{"start":{},"end":{}}],"line":20},"4":{"loc":{"start":{"line":21,"column":2},"end":{"line":21,"column":80}},"type":"if","locations":[{"start":{"line":21,"column":2},"end":{"line":21,"column":80}},{"start":{},"end":{}}],"line":21},"5":{"loc":{"start":{"line":22,"column":2},"end":{"line":24,"column":3}},"type":"if","locations":[{"start":{"line":22,"column":2},"end":{"line":24,"column":3}},{"start":{},"end":{}}],"line":22},"6":{"loc":{"start":{"line":22,"column":6},"end":{"line":22,"column":88}},"type":"binary-expr","locations":[{"start":{"line":22,"column":6},"end":{"line":22,"column":45}},{"start":{"line":22,"column":49},"end":{"line":22,"column":88}}],"line":22},"7":{"loc":{"start":{"line":28,"column":41},"end":{"line":28,"column":57}},"type":"default-arg","locations":[{"start":{"line":28,"column":52},"end":{"line":28,"column":57}}],"line":28},"8":{"loc":{"start":{"line":41,"column":4},"end":{"line":44,"column":5}},"type":"if","locations":[{"start":{"line":41,"column":4},"end":{"line":44,"column":5}},{"start":{},"end":{}}],"line":41},"9":{"loc":{"start":{"line":117,"column":9},"end":{"line":119,"column":9}},"type":"binary-expr","locations":[{"start":{"line":117,"column":9},"end":{"line":117,"column":17}},{"start":{"line":118,"column":10},"end":{"line":118,"column":94}}],"line":117},"10":{"loc":{"start":{"line":120,"column":9},"end":{"line":120,"column":86}},"type":"binary-expr","locations":[{"start":{"line":120,"column":9},"end":{"line":120,"column":24}},{"start":{"line":120,"column":28},"end":{"line":120,"column":86}}],"line":120},"11":{"loc":{"start":{"line":121,"column":9},"end":{"line":121,"column":66}},"type":"binary-expr","locations":[{"start":{"line":121,"column":9},"end":{"line":121,"column":14}},{"start":{"line":121,"column":18},"end":{"line":121,"column":66}}],"line":121},"12":{"loc":{"start":{"line":122,"column":9},"end":{"line":122,"column":94}},"type":"binary-expr","locations":[{"start":{"line":122,"column":9},"end":{"line":122,"column":16}},{"start":{"line":122,"column":20},"end":{"line":122,"column":94}}],"line":122}},"s":{"0":0,"1":0,"2":0,"3":0,"4":0,"5":0,"6":0,"7":0,"8":0,"9":0,"10":0,"11":0,"12":0,"13":0,"14":0,"15":0,"16":0,"17":0,"18":0,"19":0,"20":0,"21":0,"22":0,"23":0,"24":0,"25":0,"26":0,"27":0,"28":0,"29":0,"30":0,"31":0},"f":{"0":0,"1":0,"2":0,"3":0,"4":0,"5":0},"b":{"0":[0,0],"1":[0,0],"2":[0,0],"3":[0,0],"4":[0,0],"5":[0,0],"6":[0,0],"7":[0],"8":[0,0],"9":[0,0],"10":[0,0],"11":[0,0],"12":[0,0]}}
,"/Users/kenneth/Claude/Code/loyalty-admin-dashboard/src/components/campaigns/CampaignList.jsx": {"path":"/Users/kenneth/Claude/Code/loyalty-admin-dashboard/src/components/campaigns/CampaignList.jsx","statementMap":{"0":{"start":{"line":12,"column":54},"end":{"line":15,"column":3}},"1":{"start":{"line":13,"column":10},"end":{"line":13,"column":46}},"2":{"start":{"line":17,"column":2},"end":{"line":19,"column":3}},"3":{"start":{"line":18,"column":4},"end":{"line":18,"column":57}},"4":{"start":{"line":21,"column":2},"end":{"line":29,"column":3}},"5":{"start":{"line":22,"column":4},"end":{"line":28,"column":6}},"6":{"start":{"line":31,"column":2},"end":{"line":63,"column":4}},"7":{"start":{"line":54,"column":10},"end":{"line":59,"column":12}},"8":{"start":{"line":66,"column":0},"end":{"line":73,"column":2}}},"fnMap":{"0":{"name":"CampaignList","decl":{"start":{"line":11,"column":16},"end":{"line":11,"column":28}},"loc":{"start":{"line":11,"column":63},"end":{"line":64,"column":1}},"line":11},"1":{"name":"(anonymous_1)","decl":{"start":{"line":13,"column":4},"end":{"line":13,"column":5}},"loc":{"start":{"line":13,"column":10},"end":{"line":13,"column":46}},"line":13},"2":{"name":"(anonymous_2)","decl":{"start":{"line":53,"column":23},"end":{"line":53,"column":24}},"loc":{"start":{"line":54,"column":10},"end":{"line":59,"column":12}},"line":54}},"branchMap":{"0":{"loc":{"start":{"line":11,"column":42},"end":{"line":11,"column":59}},"type":"default-arg","locations":[{"start":{"line":11,"column":54},"end":{"line":11,"column":59}}],"line":11},"1":{"loc":{"start":{"line":17,"column":2},"end":{"line":19,"column":3}},"type":"if","locations":[{"start":{"line":17,"column":2},"end":{"line":19,"column":3}},{"start":{},"end":{}}],"line":17},"2":{"loc":{"start":{"line":17,"column":6},"end":{"line":17,"column":41}},"type":"binary-expr","locations":[{"start":{"line":17,"column":6},"end":{"line":17,"column":15}},{"start":{"line":17,"column":19},"end":{"line":17,"column":41}}],"line":17},"3":{"loc":{"start":{"line":21,"column":2},"end":{"line":29,"column":3}},"type":"if","locations":[{"start":{"line":21,"column":2},"end":{"line":29,"column":3}},{"start":{},"end":{}}],"line":21},"4":{"loc":{"start":{"line":21,"column":6},"end":{"line":21,"column":42}},"type":"binary-expr","locations":[{"start":{"line":21,"column":6},"end":{"line":21,"column":16}},{"start":{"line":21,"column":20},"end":{"line":21,"column":42}}],"line":21},"5":{"loc":{"start":{"line":33,"column":7},"end":{"line":50,"column":7}},"type":"binary-expr","locations":[{"start":{"line":33,"column":8},"end":{"line":33,"column":20}},{"start":{"line":33,"column":24},"end":{"line":33,"column":36}},{"start":{"line":34,"column":8},"end":{"line":49,"column":15}}],"line":33},"6":{"loc":{"start":{"line":42,"column":11},"end":{"line":48,"column":11}},"type":"binary-expr","locations":[{"start":{"line":42,"column":11},"end":{"line":42,"column":22}},{"start":{"line":43,"column":12},"end":{"line":47,"column":19}}],"line":42},"7":{"loc":{"start":{"line":44,"column":15},"end":{"line":46,"column":88}},"type":"cond-expr","locations":[{"start":{"line":45,"column":18},"end":{"line":45,"column":52}},{"start":{"line":46,"column":18},"end":{"line":46,"column":88}}],"line":44}},"s":{"0":0,"1":0,"2":0,"3":0,"4":0,"5":0,"6":0,"7":0,"8":0},"f":{"0":0,"1":0,"2":0},"b":{"0":[0],"1":[0,0],"2":[0,0],"3":[0,0],"4":[0,0],"5":[0,0,0],"6":[0,0],"7":[0,0]}}
,"/Users/kenneth/Claude/Code/loyalty-admin-dashboard/src/components/common/Badge.jsx": {"path":"/Users/kenneth/Claude/Code/loyalty-admin-dashboard/src/components/common/Badge.jsx","statementMap":{"0":{"start":{"line":4,"column":23},"end":{"line":11,"column":1}},"1":{"start":{"line":14,"column":2},"end":{"line":27,"column":4}},"2":{"start":{"line":30,"column":0},"end":{"line":35,"column":2}}},"fnMap":{"0":{"name":"Badge","decl":{"start":{"line":13,"column":16},"end":{"line":13,"column":21}},"loc":{"start":{"line":13,"column":90},"end":{"line":28,"column":1}},"line":13}},"branchMap":{"0":{"loc":{"start":{"line":13,"column":34},"end":{"line":13,"column":51}},"type":"default-arg","locations":[{"start":{"line":13,"column":44},"end":{"line":13,"column":51}}],"line":13},"1":{"loc":{"start":{"line":13,"column":59},"end":{"line":13,"column":70}},"type":"default-arg","locations":[{"start":{"line":13,"column":66},"end":{"line":13,"column":70}}],"line":13},"2":{"loc":{"start":{"line":13,"column":72},"end":{"line":13,"column":86}},"type":"default-arg","locations":[{"start":{"line":13,"column":84},"end":{"line":13,"column":86}}],"line":13},"3":{"loc":{"start":{"line":18,"column":8},"end":{"line":18,"column":55}},"type":"binary-expr","locations":[{"start":{"line":18,"column":8},"end":{"line":18,"column":31}},{"start":{"line":18,"column":35},"end":{"line":18,"column":55}}],"line":18},"4":{"loc":{"start":{"line":24,"column":7},"end":{"line":24,"column":51}},"type":"binary-expr","locations":[{"start":{"line":24,"column":7},"end":{"line":24,"column":11}},{"start":{"line":24,"column":15},"end":{"line":24,"column":51}}],"line":24}},"s":{"0":4,"1":163,"2":4},"f":{"0":163},"b":{"0":[7],"1":[110],"2":[63],"3":[163,0],"4":[163,53]},"_coverageSchema":"1a1c01bbd47fc00a2c39e90264f33305004495a9","hash":"53f77a888e8e1d9f420a3de81bf770a96a7ca8cd"}
,"/Users/kenneth/Claude/Code/loyalty-admin-dashboard/src/components/common/Button.jsx": {"path":"/Users/kenneth/Claude/Code/loyalty-admin-dashboard/src/components/common/Button.jsx","statementMap":{"0":{"start":{"line":5,"column":23},"end":{"line":14,"column":1}},"1":{"start":{"line":27,"column":2},"end":{"line":46,"column":4}},"2":{"start":{"line":49,"column":0},"end":{"line":59,"column":2}}},"fnMap":{"0":{"name":"Button","decl":{"start":{"line":16,"column":16},"end":{"line":16,"column":22}},"loc":{"start":{"line":26,"column":3},"end":{"line":47,"column":1}},"line":26}},"branchMap":{"0":{"loc":{"start":{"line":18,"column":2},"end":{"line":18,"column":21}},"type":"default-arg","locations":[{"start":{"line":18,"column":12},"end":{"line":18,"column":21}}],"line":18},"1":{"loc":{"start":{"line":19,"column":2},"end":{"line":19,"column":17}},"type":"default-arg","locations":[{"start":{"line":19,"column":9},"end":{"line":19,"column":17}}],"line":19},"2":{"loc":{"start":{"line":20,"column":2},"end":{"line":20,"column":21}},"type":"default-arg","locations":[{"start":{"line":20,"column":12},"end":{"line":20,"column":21}}],"line":20},"3":{"loc":{"start":{"line":21,"column":8},"end":{"line":21,"column":19}},"type":"default-arg","locations":[{"start":{"line":21,"column":15},"end":{"line":21,"column":19}}],"line":21},"4":{"loc":{"start":{"line":22,"column":2},"end":{"line":22,"column":19}},"type":"default-arg","locations":[{"start":{"line":22,"column":14},"end":{"line":22,"column":19}}],"line":22},"5":{"loc":{"start":{"line":23,"column":2},"end":{"line":23,"column":18}},"type":"default-arg","locations":[{"start":{"line":23,"column":13},"end":{"line":23,"column":18}}],"line":23},"6":{"loc":{"start":{"line":24,"column":2},"end":{"line":24,"column":16}},"type":"default-arg","locations":[{"start":{"line":24,"column":14},"end":{"line":24,"column":16}}],"line":24},"7":{"loc":{"start":{"line":25,"column":2},"end":{"line":25,"column":19}},"type":"default-arg","locations":[{"start":{"line":25,"column":14},"end":{"line":25,"column":19}}],"line":25},"8":{"loc":{"start":{"line":31,"column":16},"end":{"line":31,"column":37}},"type":"binary-expr","locations":[{"start":{"line":31,"column":16},"end":{"line":31,"column":24}},{"start":{"line":31,"column":28},"end":{"line":31,"column":37}}],"line":31},"9":{"loc":{"start":{"line":36,"column":8},"end":{"line":36,"column":33}},"type":"cond-expr","locations":[{"start":{"line":36,"column":20},"end":{"line":36,"column":28}},{"start":{"line":36,"column":31},"end":{"line":36,"column":33}}],"line":36},"10":{"loc":{"start":{"line":37,"column":8},"end":{"line":37,"column":57}},"type":"binary-expr","locations":[{"start":{"line":37,"column":8},"end":{"line":37,"column":31}},{"start":{"line":37,"column":35},"end":{"line":37,"column":57}}],"line":37},"11":{"loc":{"start":{"line":43,"column":7},"end":{"line":43,"column":94}},"type":"cond-expr","locations":[{"start":{"line":43,"column":19},"end":{"line":43,"column":65}},{"start":{"line":43,"column":68},"end":{"line":43,"column":94}}],"line":43},"12":{"loc":{"start":{"line":43,"column":68},"end":{"line":43,"column":94}},"type":"binary-expr","locations":[{"start":{"line":43,"column":68},"end":{"line":43,"column":72}},{"start":{"line":43,"column":76},"end":{"line":43,"column":94}}],"line":43}},"s":{"0":8,"1":2854,"2":8},"f":{"0":2854},"b":{"0":[1384],"1":[109],"2":[1429],"3":[1385],"4":[1479],"5":[2837],"6":[2837],"7":[2803],"8":[2854,2851],"9":[51,2803],"10":[2854,0],"11":[12,2842],"12":[2842,1459]},"_coverageSchema":"1a1c01bbd47fc00a2c39e90264f33305004495a9","hash":"c58c19d2a26d8b0f689cc2f042adbffe14cb9f22"}
,"/Users/kenneth/Claude/Code/loyalty-admin-dashboard/src/components/common/Card.jsx": {"path":"/Users/kenneth/Claude/Code/loyalty-admin-dashboard/src/components/common/Card.jsx","statementMap":{"0":{"start":{"line":9,"column":2},"end":{"line":22,"column":4}},"1":{"start":{"line":25,"column":0},"end":{"line":30,"column":2}},"2":{"start":{"line":33,"column":2},"end":{"line":48,"column":4}},"3":{"start":{"line":51,"column":0},"end":{"line":56,"column":2}}},"fnMap":{"0":{"name":"Card","decl":{"start":{"line":8,"column":16},"end":{"line":8,"column":20}},"loc":{"start":{"line":8,"column":106},"end":{"line":23,"column":1}},"line":8},"1":{"name":"CardHeader","decl":{"start":{"line":32,"column":16},"end":{"line":32,"column":26}},"loc":{"start":{"line":32,"column":89},"end":{"line":49,"column":1}},"line":32}},"branchMap":{"0":{"loc":{"start":{"line":8,"column":23},"end":{"line":8,"column":38}},"type":"default-arg","locations":[{"start":{"line":8,"column":34},"end":{"line":8,"column":38}}],"line":8},"1":{"loc":{"start":{"line":8,"column":40},"end":{"line":8,"column":54}},"type":"default-arg","locations":[{"start":{"line":8,"column":52},"end":{"line":8,"column":54}}],"line":8},"2":{"loc":{"start":{"line":8,"column":56},"end":{"line":8,"column":70}},"type":"default-arg","locations":[{"start":{"line":8,"column":65},"end":{"line":8,"column":70}}],"line":8},"3":{"loc":{"start":{"line":8,"column":76},"end":{"line":8,"column":93}},"type":"default-arg","locations":[{"start":{"line":8,"column":88},"end":{"line":8,"column":93}}],"line":8},"4":{"loc":{"start":{"line":13,"column":8},"end":{"line":13,"column":85}},"type":"cond-expr","locations":[{"start":{"line":13,"column":17},"end":{"line":13,"column":64}},{"start":{"line":13,"column":67},"end":{"line":13,"column":85}}],"line":13},"5":{"loc":{"start":{"line":32,"column":36},"end":{"line":32,"column":51}},"type":"default-arg","locations":[{"start":{"line":32,"column":47},"end":{"line":32,"column":51}}],"line":32},"6":{"loc":{"start":{"line":32,"column":59},"end":{"line":32,"column":70}},"type":"default-arg","locations":[{"start":{"line":32,"column":66},"end":{"line":32,"column":70}}],"line":32},"7":{"loc":{"start":{"line":32,"column":72},"end":{"line":32,"column":85}},"type":"default-arg","locations":[{"start":{"line":32,"column":81},"end":{"line":32,"column":85}}],"line":32},"8":{"loc":{"start":{"line":36,"column":9},"end":{"line":40,"column":9}},"type":"binary-expr","locations":[{"start":{"line":36,"column":9},"end":{"line":36,"column":13}},{"start":{"line":37,"column":10},"end":{"line":39,"column":17}}],"line":36},"9":{"loc":{"start":{"line":43,"column":11},"end":{"line":43,"column":82}},"type":"binary-expr","locations":[{"start":{"line":43,"column":11},"end":{"line":43,"column":19}},{"start":{"line":43,"column":23},"end":{"line":43,"column":82}}],"line":43},"10":{"loc":{"start":{"line":46,"column":7},"end":{"line":46,"column":57}},"type":"binary-expr","locations":[{"start":{"line":46,"column":7},"end":{"line":46,"column":13}},{"start":{"line":46,"column":17},"end":{"line":46,"column":57}}],"line":46}},"s":{"0":76,"1":5,"2":42,"3":5},"f":{"0":76,"1":42},"b":{"0":[0],"1":[42],"2":[75],"3":[75],"4":[1,75],"5":[8],"6":[40],"7":[41],"8":[42,2],"9":[42,34],"10":[42,1]},"_coverageSchema":"1a1c01bbd47fc00a2c39e90264f33305004495a9","hash":"969440a4b38d1d7d3f0861dfdf6f2ec44ef1098f"}
,"/Users/kenneth/Claude/Code/loyalty-admin-dashboard/src/components/common/EmptyState.jsx": {"path":"/Users/kenneth/Claude/Code/loyalty-admin-dashboard/src/components/common/EmptyState.jsx","statementMap":{"0":{"start":{"line":5,"column":2},"end":{"line":15,"column":4}},"1":{"start":{"line":18,"column":0},"end":{"line":22,"column":2}}},"fnMap":{"0":{"name":"EmptyState","decl":{"start":{"line":4,"column":16},"end":{"line":4,"column":26}},"loc":{"start":{"line":4,"column":77},"end":{"line":16,"column":1}},"line":4}},"branchMap":{"0":{"loc":{"start":{"line":4,"column":35},"end":{"line":4,"column":46}},"type":"default-arg","locations":[{"start":{"line":4,"column":42},"end":{"line":4,"column":46}}],"line":4},"1":{"loc":{"start":{"line":4,"column":55},"end":{"line":4,"column":73}},"type":"default-arg","locations":[{"start":{"line":4,"column":69},"end":{"line":4,"column":73}}],"line":4},"2":{"loc":{"start":{"line":7,"column":7},"end":{"line":11,"column":7}},"type":"binary-expr","locations":[{"start":{"line":7,"column":7},"end":{"line":7,"column":11}},{"start":{"line":8,"column":8},"end":{"line":10,"column":15}}],"line":7},"3":{"loc":{"start":{"line":13,"column":7},"end":{"line":13,"column":86}},"type":"binary-expr","locations":[{"start":{"line":13,"column":7},"end":{"line":13,"column":18}},{"start":{"line":13,"column":22},"end":{"line":13,"column":86}}],"line":13}},"s":{"0":26,"1":5},"f":{"0":26},"b":{"0":[15],"1":[13],"2":[26,11],"3":[26,13]},"_coverageSchema":"1a1c01bbd47fc00a2c39e90264f33305004495a9","hash":"c7907e2c9ff479e6699c8af6094c98493166329a"}
,"/Users/kenneth/Claude/Code/loyalty-admin-dashboard/src/components/common/Input.jsx": {"path":"/Users/kenneth/Claude/Code/loyalty-admin-dashboard/src/components/common/Input.jsx","statementMap":{"0":{"start":{"line":14,"column":2},"end":{"line":47,"column":4}},"1":{"start":{"line":50,"column":0},"end":{"line":58,"column":2}}},"fnMap":{"0":{"name":"Input","decl":{"start":{"line":4,"column":16},"end":{"line":4,"column":21}},"loc":{"start":{"line":13,"column":3},"end":{"line":48,"column":1}},"line":13}},"branchMap":{"0":{"loc":{"start":{"line":5,"column":2},"end":{"line":5,"column":14}},"type":"default-arg","locations":[{"start":{"line":5,"column":10},"end":{"line":5,"column":14}}],"line":5},"1":{"loc":{"start":{"line":6,"column":2},"end":{"line":6,"column":13}},"type":"default-arg","locations":[{"start":{"line":6,"column":9},"end":{"line":6,"column":13}}],"line":6},"2":{"loc":{"start":{"line":7,"column":2},"end":{"line":7,"column":14}},"type":"default-arg","locations":[{"start":{"line":7,"column":10},"end":{"line":7,"column":14}}],"line":7},"3":{"loc":{"start":{"line":8,"column":2},"end":{"line":8,"column":15}},"type":"default-arg","locations":[{"start":{"line":8,"column":11},"end":{"line":8,"column":15}}],"line":8},"4":{"loc":{"start":{"line":9,"column":2},"end":{"line":9,"column":16}},"type":"default-arg","locations":[{"start":{"line":9,"column":7},"end":{"line":9,"column":16}}],"line":9},"5":{"loc":{"start":{"line":10,"column":2},"end":{"line":10,"column":16}},"type":"default-arg","locations":[{"start":{"line":10,"column":14},"end":{"line":10,"column":16}}],"line":10},"6":{"loc":{"start":{"line":11,"column":2},"end":{"line":11,"column":25}},"type":"default-arg","locations":[{"start":{"line":11,"column":23},"end":{"line":11,"column":25}}],"line":11},"7":{"loc":{"start":{"line":16,"column":7},"end":{"line":20,"column":7}},"type":"binary-expr","locations":[{"start":{"line":16,"column":7},"end":{"line":16,"column":12}},{"start":{"line":17,"column":8},"end":{"line":19,"column":16}}],"line":16},"8":{"loc":{"start":{"line":27,"column":12},"end":{"line":27,"column":58}},"type":"cond-expr","locations":[{"start":{"line":27,"column":20},"end":{"line":27,"column":37}},{"start":{"line":27,"column":40},"end":{"line":27,"column":58}}],"line":27},"9":{"loc":{"start":{"line":28,"column":12},"end":{"line":28,"column":33}},"type":"cond-expr","locations":[{"start":{"line":28,"column":21},"end":{"line":28,"column":28}},{"start":{"line":28,"column":31},"end":{"line":28,"column":33}}],"line":28},"10":{"loc":{"start":{"line":35,"column":9},"end":{"line":39,"column":9}},"type":"binary-expr","locations":[{"start":{"line":35,"column":9},"end":{"line":35,"column":15}},{"start":{"line":36,"column":10},"end":{"line":38,"column":17}}],"line":35},"11":{"loc":{"start":{"line":41,"column":7},"end":{"line":45,"column":7}},"type":"cond-expr","locations":[{"start":{"line":42,"column":8},"end":{"line":42,"column":61}},{"start":{"line":44,"column":8},"end":{"line":44,"column":69}}],"line":41},"12":{"loc":{"start":{"line":44,"column":8},"end":{"line":44,"column":69}},"type":"binary-expr","locations":[{"start":{"line":44,"column":8},"end":{"line":44,"column":12}},{"start":{"line":44,"column":16},"end":{"line":44,"column":69}}],"line":44}},"s":{"0":1452,"1":4},"f":{"0":1452},"b":{"0":[16],"1":[1357],"2":[108],"3":[1357],"4":[0],"5":[1451],"6":[1451],"7":[1452,1436],"8":[21,1431],"9":[95,1357],"10":[1452,95],"11":[21,1431],"12":[1431,94]},"_coverageSchema":"1a1c01bbd47fc00a2c39e90264f33305004495a9","hash":"3e47e0a2dbbf5371632466caaf10c47672d9e655"}
,"/Users/kenneth/Claude/Code/loyalty-admin-dashboard/src/components/common/LoadingSpinner.jsx": {"path":"/Users/kenneth/Claude/Code/loyalty-admin-dashboard/src/components/common/LoadingSpinner.jsx","statementMap":{"0":{"start":{"line":6,"column":2},"end":{"line":11,"column":4}},"1":{"start":{"line":14,"column":0},"end":{"line":18,"column":2}}},"fnMap":{"0":{"name":"LoadingSpinner","decl":{"start":{"line":5,"column":16},"end":{"line":5,"column":30}},"loc":{"start":{"line":5,"column":82},"end":{"line":12,"column":1}},"line":5}},"branchMap":{"0":{"loc":{"start":{"line":5,"column":33},"end":{"line":5,"column":51}},"type":"default-arg","locations":[{"start":{"line":5,"column":41},"end":{"line":5,"column":51}}],"line":5},"1":{"loc":{"start":{"line":5,"column":53},"end":{"line":5,"column":62}},"type":"default-arg","locations":[{"start":{"line":5,"column":60},"end":{"line":5,"column":62}}],"line":5},"2":{"loc":{"start":{"line":5,"column":64},"end":{"line":5,"column":78}},"type":"default-arg","locations":[{"start":{"line":5,"column":76},"end":{"line":5,"column":78}}],"line":5},"3":{"loc":{"start":{"line":9,"column":7},"end":{"line":9,"column":56}},"type":"binary-expr","locations":[{"start":{"line":9,"column":7},"end":{"line":9,"column":12}},{"start":{"line":9,"column":16},"end":{"line":9,"column":56}}],"line":9}},"s":{"0":17,"1":5},"f":{"0":17},"b":{"0":[10],"1":[16],"2":[16],"3":[17,15]},"_coverageSchema":"1a1c01bbd47fc00a2c39e90264f33305004495a9","hash":"1a9c38446c6cf9b7c699b05d6e25fef73c0661b9"}
,"/Users/kenneth/Claude/Code/loyalty-admin-dashboard/src/components/common/Modal.jsx": {"path":"/Users/kenneth/Claude/Code/loyalty-admin-dashboard/src/components/common/Modal.jsx","statementMap":{"0":{"start":{"line":6,"column":2},"end":{"line":13,"column":24}},"1":{"start":{"line":7,"column":4},"end":{"line":7,"column":34}},"2":{"start":{"line":7,"column":17},"end":{"line":7,"column":34}},"3":{"start":{"line":8,"column":26},"end":{"line":10,"column":5}},"4":{"start":{"line":9,"column":6},"end":{"line":9,"column":44}},"5":{"start":{"line":9,"column":34},"end":{"line":9,"column":44}},"6":{"start":{"line":11,"column":4},"end":{"line":11,"column":56}},"7":{"start":{"line":12,"column":4},"end":{"line":12,"column":72}},"8":{"start":{"line":12,"column":17},"end":{"line":12,"column":71}},"9":{"start":{"line":15,"column":2},"end":{"line":15,"column":27}},"10":{"start":{"line":15,"column":15},"end":{"line":15,"column":27}},"11":{"start":{"line":17,"column":2},"end":{"line":42,"column":4}},"12":{"start":{"line":45,"column":0},"end":{"line":51,"column":2}}},"fnMap":{"0":{"name":"Modal","decl":{"start":{"line":5,"column":16},"end":{"line":5,"column":21}},"loc":{"start":{"line":5,"column":77},"end":{"line":43,"column":1}},"line":5},"1":{"name":"(anonymous_1)","decl":{"start":{"line":6,"column":12},"end":{"line":6,"column":13}},"loc":{"start":{"line":6,"column":18},"end":{"line":13,"column":3}},"line":6},"2":{"name":"(anonymous_2)","decl":{"start":{"line":8,"column":26},"end":{"line":8,"column":27}},"loc":{"start":{"line":8,"column":37},"end":{"line":10,"column":5}},"line":8},"3":{"name":"(anonymous_3)","decl":{"start":{"line":12,"column":11},"end":{"line":12,"column":12}},"loc":{"start":{"line":12,"column":17},"end":{"line":12,"column":71}},"line":12}},"branchMap":{"0":{"loc":{"start":{"line":5,"column":48},"end":{"line":5,"column":63}},"type":"default-arg","locations":[{"start":{"line":5,"column":59},"end":{"line":5,"column":63}}],"line":5},"1":{"loc":{"start":{"line":7,"column":4},"end":{"line":7,"column":34}},"type":"if","locations":[{"start":{"line":7,"column":4},"end":{"line":7,"column":34}},{"start":{},"end":{}}],"line":7},"2":{"loc":{"start":{"line":9,"column":6},"end":{"line":9,"column":44}},"type":"if","locations":[{"start":{"line":9,"column":6},"end":{"line":9,"column":44}},{"start":{},"end":{}}],"line":9},"3":{"loc":{"start":{"line":15,"column":2},"end":{"line":15,"column":27}},"type":"if","locations":[{"start":{"line":15,"column":2},"end":{"line":15,"column":27}},{"start":{},"end":{}}],"line":15},"4":{"loc":{"start":{"line":29,"column":13},"end":{"line":29,"column":84}},"type":"binary-expr","locations":[{"start":{"line":29,"column":13},"end":{"line":29,"column":21}},{"start":{"line":29,"column":25},"end":{"line":29,"column":84}}],"line":29}},"s":{"0":1391,"1":1390,"2":4,"3":1386,"4":1503,"5":1,"6":1386,"7":1386,"8":1386,"9":1391,"10":4,"11":1387,"12":4},"f":{"0":1391,"1":1390,"2":1503,"3":1386},"b":{"0":[16],"1":[4,1386],"2":[1,1502],"3":[4,1387],"4":[1387,1373]},"_coverageSchema":"1a1c01bbd47fc00a2c39e90264f33305004495a9","hash":"b6aabf0fea1a93fb03b6612556448af5bec34ece"}
,"/Users/kenneth/Claude/Code/loyalty-admin-dashboard/src/components/common/Pagination.jsx": {"path":"/Users/kenneth/Claude/Code/loyalty-admin-dashboard/src/components/common/Pagination.jsx","statementMap":{"0":{"start":{"line":6,"column":24},"end":{"line":6,"column":46}},"1":{"start":{"line":7,"column":20},"end":{"line":7,"column":55}},"2":{"start":{"line":9,"column":2},"end":{"line":38,"column":4}},"3":{"start":{"line":21,"column":25},"end":{"line":21,"column":47}},"4":{"start":{"line":30,"column":25},"end":{"line":30,"column":47}},"5":{"start":{"line":41,"column":0},"end":{"line":47,"column":2}}},"fnMap":{"0":{"name":"Pagination","decl":{"start":{"line":5,"column":16},"end":{"line":5,"column":26}},"loc":{"start":{"line":5,"column":97},"end":{"line":39,"column":1}},"line":5},"1":{"name":"(anonymous_1)","decl":{"start":{"line":21,"column":19},"end":{"line":21,"column":20}},"loc":{"start":{"line":21,"column":25},"end":{"line":21,"column":47}},"line":21},"2":{"name":"(anonymous_2)","decl":{"start":{"line":30,"column":19},"end":{"line":30,"column":20}},"loc":{"start":{"line":30,"column":25},"end":{"line":30,"column":47}},"line":30}},"branchMap":{"0":{"loc":{"start":{"line":5,"column":76},"end":{"line":5,"column":93}},"type":"default-arg","locations":[{"start":{"line":5,"column":88},"end":{"line":5,"column":93}}],"line":5},"1":{"loc":{"start":{"line":6,"column":24},"end":{"line":6,"column":46}},"type":"binary-expr","locations":[{"start":{"line":6,"column":24},"end":{"line":6,"column":32}},{"start":{"line":6,"column":36},"end":{"line":6,"column":46}}],"line":6},"2":{"loc":{"start":{"line":7,"column":20},"end":{"line":7,"column":55}},"type":"binary-expr","locations":[{"start":{"line":7,"column":20},"end":{"line":7,"column":41}},{"start":{"line":7,"column":45},"end":{"line":7,"column":55}}],"line":7}},"s":{"0":41,"1":41,"2":41,"3":1,"4":2,"5":3},"f":{"0":41,"1":1,"2":2},"b":{"0":[12],"1":[41,7],"2":[41,29]},"_coverageSchema":"1a1c01bbd47fc00a2c39e90264f33305004495a9","hash":"43649a2ed34a3c04d89909ab7cc993c4f95fa607"}
,"/Users/kenneth/Claude/Code/loyalty-admin-dashboard/src/components/common/RateConfigModal.jsx": {"path":"/Users/kenneth/Claude/Code/loyalty-admin-dashboard/src/components/common/RateConfigModal.jsx","statementMap":{"0":{"start":{"line":12,"column":34},"end":{"line":12,"column":46}},"1":{"start":{"line":13,"column":34},"end":{"line":13,"column":46}},"2":{"start":{"line":14,"column":54},"end":{"line":14,"column":66}},"3":{"start":{"line":15,"column":48},"end":{"line":15,"column":62}},"4":{"start":{"line":16,"column":46},"end":{"line":16,"column":68}},"5":{"start":{"line":19,"column":18},"end":{"line":19,"column":70}},"6":{"start":{"line":20,"column":20},"end":{"line":20,"column":76}},"7":{"start":{"line":21,"column":24},"end":{"line":21,"column":65}},"8":{"start":{"line":24,"column":4},"end":{"line":26,"column":69}},"9":{"start":{"line":28,"column":2},"end":{"line":38,"column":15}},"10":{"start":{"line":29,"column":4},"end":{"line":35,"column":5}},"11":{"start":{"line":30,"column":6},"end":{"line":30,"column":70}},"12":{"start":{"line":31,"column":6},"end":{"line":31,"column":70}},"13":{"start":{"line":32,"column":6},"end":{"line":32,"column":77}},"14":{"start":{"line":33,"column":6},"end":{"line":33,"column":31}},"15":{"start":{"line":34,"column":6},"end":{"line":34,"column":14}},"16":{"start":{"line":40,"column":2},"end":{"line":40,"column":27}},"17":{"start":{"line":40,"column":15},"end":{"line":40,"column":27}},"18":{"start":{"line":42,"column":22},"end":{"line":45,"column":3}},"19":{"start":{"line":43,"column":4},"end":{"line":43,"column":12}},"20":{"start":{"line":44,"column":4},"end":{"line":44,"column":14}},"21":{"start":{"line":47,"column":23},"end":{"line":71,"column":3}},"22":{"start":{"line":48,"column":4},"end":{"line":48,"column":27}},"23":{"start":{"line":49,"column":23},"end":{"line":49,"column":45}},"24":{"start":{"line":50,"column":23},"end":{"line":50,"column":45}},"25":{"start":{"line":51,"column":27},"end":{"line":51,"column":59}},"26":{"start":{"line":52,"column":4},"end":{"line":55,"column":5}},"27":{"start":{"line":53,"column":6},"end":{"line":53,"column":75}},"28":{"start":{"line":54,"column":6},"end":{"line":54,"column":13}},"29":{"start":{"line":56,"column":4},"end":{"line":59,"column":5}},"30":{"start":{"line":57,"column":6},"end":{"line":57,"column":66}},"31":{"start":{"line":58,"column":6},"end":{"line":58,"column":13}},"32":{"start":{"line":60,"column":4},"end":{"line":60,"column":29}},"33":{"start":{"line":61,"column":4},"end":{"line":70,"column":5}},"34":{"start":{"line":62,"column":6},"end":{"line":66,"column":9}},"35":{"start":{"line":67,"column":6},"end":{"line":67,"column":20}},"36":{"start":{"line":73,"column":2},"end":{"line":132,"column":4}},"37":{"start":{"line":89,"column":27},"end":{"line":89,"column":54}},"38":{"start":{"line":100,"column":27},"end":{"line":100,"column":54}},"39":{"start":{"line":111,"column":27},"end":{"line":111,"column":64}},"40":{"start":{"line":135,"column":0},"end":{"line":152,"column":2}}},"fnMap":{"0":{"name":"RateConfigModal","decl":{"start":{"line":11,"column":16},"end":{"line":11,"column":31}},"loc":{"start":{"line":11,"column":117},"end":{"line":133,"column":1}},"line":11},"1":{"name":"(anonymous_1)","decl":{"start":{"line":28,"column":12},"end":{"line":28,"column":13}},"loc":{"start":{"line":28,"column":18},"end":{"line":38,"column":3}},"line":28},"2":{"name":"(anonymous_2)","decl":{"start":{"line":42,"column":22},"end":{"line":42,"column":23}},"loc":{"start":{"line":42,"column":28},"end":{"line":45,"column":3}},"line":42},"3":{"name":"(anonymous_3)","decl":{"start":{"line":47,"column":23},"end":{"line":47,"column":24}},"loc":{"start":{"line":47,"column":40},"end":{"line":71,"column":3}},"line":47},"4":{"name":"(anonymous_4)","decl":{"start":{"line":89,"column":20},"end":{"line":89,"column":21}},"loc":{"start":{"line":89,"column":27},"end":{"line":89,"column":54}},"line":89},"5":{"name":"(anonymous_5)","decl":{"start":{"line":100,"column":20},"end":{"line":100,"column":21}},"loc":{"start":{"line":100,"column":27},"end":{"line":100,"column":54}},"line":100},"6":{"name":"(anonymous_6)","decl":{"start":{"line":111,"column":20},"end":{"line":111,"column":21}},"loc":{"start":{"line":111,"column":27},"end":{"line":111,"column":64}},"line":111}},"branchMap":{"0":{"loc":{"start":{"line":11,"column":51},"end":{"line":11,"column":64}},"type":"default-arg","locations":[{"start":{"line":11,"column":60},"end":{"line":11,"column":64}}],"line":11},"1":{"loc":{"start":{"line":11,"column":66},"end":{"line":11,"column":88}},"type":"default-arg","locations":[{"start":{"line":11,"column":79},"end":{"line":11,"column":88}}],"line":11},"2":{"loc":{"start":{"line":11,"column":98},"end":{"line":11,"column":113}},"type":"default-arg","locations":[{"start":{"line":11,"column":109},"end":{"line":11,"column":113}}],"line":11},"3":{"loc":{"start":{"line":19,"column":18},"end":{"line":19,"column":70}},"type":"cond-expr","locations":[{"start":{"line":19,"column":45},"end":{"line":19,"column":56}},{"start":{"line":19,"column":59},"end":{"line":19,"column":70}}],"line":19},"4":{"loc":{"start":{"line":20,"column":20},"end":{"line":20,"column":76}},"type":"cond-expr","locations":[{"start":{"line":20,"column":47},"end":{"line":20,"column":60}},{"start":{"line":20,"column":63},"end":{"line":20,"column":76}}],"line":20},"5":{"loc":{"start":{"line":21,"column":24},"end":{"line":21,"column":65}},"type":"cond-expr","locations":[{"start":{"line":21,"column":51},"end":{"line":21,"column":60}},{"start":{"line":21,"column":63},"end":{"line":21,"column":65}}],"line":21},"6":{"loc":{"start":{"line":24,"column":4},"end":{"line":26,"column":69}},"type":"cond-expr","locations":[{"start":{"line":25,"column":8},"end":{"line":25,"column":160}},{"start":{"line":26,"column":8},"end":{"line":26,"column":69}}],"line":24},"7":{"loc":{"start":{"line":29,"column":4},"end":{"line":35,"column":5}},"type":"if","locations":[{"start":{"line":29,"column":4},"end":{"line":35,"column":5}},{"start":{},"end":{}}],"line":29},"8":{"loc":{"start":{"line":40,"column":2},"end":{"line":40,"column":27}},"type":"if","locations":[{"start":{"line":40,"column":2},"end":{"line":40,"column":27}},{"start":{},"end":{}}],"line":40},"9":{"loc":{"start":{"line":52,"column":4},"end":{"line":55,"column":5}},"type":"if","locations":[{"start":{"line":52,"column":4},"end":{"line":55,"column":5}},{"start":{},"end":{}}],"line":52},"10":{"loc":{"start":{"line":52,"column":8},"end":{"line":52,"column":92}},"type":"binary-expr","locations":[{"start":{"line":52,"column":9},"end":{"line":52,"column":28}},{"start":{"line":52,"column":32},"end":{"line":52,"column":47}},{"start":{"line":52,"column":53},"end":{"line":52,"column":72}},{"start":{"line":52,"column":76},"end":{"line":52,"column":91}}],"line":52},"11":{"loc":{"start":{"line":56,"column":4},"end":{"line":59,"column":5}},"type":"if","locations":[{"start":{"line":56,"column":4},"end":{"line":59,"column":5}},{"start":{},"end":{}}],"line":56},"12":{"loc":{"start":{"line":56,"column":8},"end":{"line":56,"column":53}},"type":"binary-expr","locations":[{"start":{"line":56,"column":8},"end":{"line":56,"column":31}},{"start":{"line":56,"column":35},"end":{"line":56,"column":53}}],"line":56},"13":{"loc":{"start":{"line":78,"column":16},"end":{"line":78,"column":43}},"type":"binary-expr","locations":[{"start":{"line":78,"column":16},"end":{"line":78,"column":24}},{"start":{"line":78,"column":28},"end":{"line":78,"column":43}}],"line":78},"14":{"loc":{"start":{"line":113,"column":12},"end":{"line":115,"column":99}},"type":"cond-expr","locations":[{"start":{"line":114,"column":16},"end":{"line":114,"column":112}},{"start":{"line":115,"column":16},"end":{"line":115,"column":99}}],"line":113},"15":{"loc":{"start":{"line":119,"column":9},"end":{"line":119,"column":86}},"type":"binary-expr","locations":[{"start":{"line":119,"column":9},"end":{"line":119,"column":24}},{"start":{"line":119,"column":28},"end":{"line":119,"column":86}}],"line":119},"16":{"loc":{"start":{"line":120,"column":9},"end":{"line":120,"column":66}},"type":"binary-expr","locations":[{"start":{"line":120,"column":9},"end":{"line":120,"column":14}},{"start":{"line":120,"column":18},"end":{"line":120,"column":66}}],"line":120}},"s":{"0":33,"1":33,"2":33,"3":33,"4":33,"5":33,"6":33,"7":33,"8":33,"9":33,"10":12,"11":11,"12":11,"13":11,"14":11,"15":11,"16":33,"17":1,"18":32,"19":2,"20":2,"21":32,"22":3,"23":3,"24":3,"25":3,"26":3,"27":1,"28":1,"29":2,"30":1,"31":1,"32":1,"33":1,"34":1,"35":1,"36":32,"37":3,"38":0,"39":2,"40":1},"f":{"0":33,"1":12,"2":2,"3":3,"4":3,"5":0,"6":2},"b":{"0":[0],"1":[29],"2":[31],"3":[2,31],"4":[2,31],"5":[2,31],"6":[2,31],"7":[11,1],"8":[1,32],"9":[1,2],"10":[3,2,2,2],"11":[1,1],"12":[2,2],"13":[32,30],"14":[2,30],"15":[32,2],"16":[32,0]},"_coverageSchema":"1a1c01bbd47fc00a2c39e90264f33305004495a9","hash":"cc6d60fc260598615b48d606a47bc2a365ccceb1"}
,"/Users/kenneth/Claude/Code/loyalty-admin-dashboard/src/components/exchange/CreateExchangeProviderModal.jsx": {"path":"/Users/kenneth/Claude/Code/loyalty-admin-dashboard/src/components/exchange/CreateExchangeProviderModal.jsx","statementMap":{"0":{"start":{"line":10,"column":24},"end":{"line":10,"column":26}},"1":{"start":{"line":11,"column":24},"end":{"line":11,"column":27}},"2":{"start":{"line":14,"column":42},"end":{"line":14,"column":54}},"3":{"start":{"line":15,"column":40},"end":{"line":15,"column":52}},"4":{"start":{"line":16,"column":40},"end":{"line":16,"column":52}},"5":{"start":{"line":17,"column":42},"end":{"line":17,"column":54}},"6":{"start":{"line":18,"column":48},"end":{"line":18,"column":62}},"7":{"start":{"line":19,"column":46},"end":{"line":19,"column":70}},"8":{"start":{"line":21,"column":22},"end":{"line":29,"column":3}},"9":{"start":{"line":22,"column":4},"end":{"line":22,"column":24}},"10":{"start":{"line":23,"column":4},"end":{"line":23,"column":23}},"11":{"start":{"line":24,"column":4},"end":{"line":24,"column":23}},"12":{"start":{"line":25,"column":4},"end":{"line":25,"column":24}},"13":{"start":{"line":26,"column":4},"end":{"line":26,"column":29}},"14":{"start":{"line":27,"column":4},"end":{"line":27,"column":12}},"15":{"start":{"line":28,"column":4},"end":{"line":28,"column":14}},"16":{"start":{"line":31,"column":23},"end":{"line":55,"column":3}},"17":{"start":{"line":32,"column":4},"end":{"line":32,"column":27}},"18":{"start":{"line":33,"column":4},"end":{"line":36,"column":5}},"19":{"start":{"line":34,"column":6},"end":{"line":34,"column":70}},"20":{"start":{"line":35,"column":6},"end":{"line":35,"column":13}},"21":{"start":{"line":37,"column":26},"end":{"line":37,"column":51}},"22":{"start":{"line":38,"column":27},"end":{"line":38,"column":53}},"23":{"start":{"line":39,"column":4},"end":{"line":42,"column":5}},"24":{"start":{"line":40,"column":6},"end":{"line":40,"column":81}},"25":{"start":{"line":41,"column":6},"end":{"line":41,"column":13}},"26":{"start":{"line":43,"column":4},"end":{"line":43,"column":29}},"27":{"start":{"line":44,"column":4},"end":{"line":54,"column":5}},"28":{"start":{"line":45,"column":6},"end":{"line":50,"column":9}},"29":{"start":{"line":51,"column":6},"end":{"line":51,"column":20}},"30":{"start":{"line":57,"column":2},"end":{"line":121,"column":4}},"31":{"start":{"line":71,"column":27},"end":{"line":71,"column":58}},"32":{"start":{"line":81,"column":27},"end":{"line":81,"column":57}},"33":{"start":{"line":92,"column":27},"end":{"line":92,"column":57}},"34":{"start":{"line":104,"column":27},"end":{"line":104,"column":58}},"35":{"start":{"line":124,"column":0},"end":{"line":128,"column":2}}},"fnMap":{"0":{"name":"CreateExchangeProviderModal","decl":{"start":{"line":13,"column":16},"end":{"line":13,"column":43}},"loc":{"start":{"line":13,"column":75},"end":{"line":122,"column":1}},"line":13},"1":{"name":"(anonymous_1)","decl":{"start":{"line":21,"column":22},"end":{"line":21,"column":23}},"loc":{"start":{"line":21,"column":28},"end":{"line":29,"column":3}},"line":21},"2":{"name":"(anonymous_2)","decl":{"start":{"line":31,"column":23},"end":{"line":31,"column":24}},"loc":{"start":{"line":31,"column":40},"end":{"line":55,"column":3}},"line":31},"3":{"name":"(anonymous_3)","decl":{"start":{"line":71,"column":20},"end":{"line":71,"column":21}},"loc":{"start":{"line":71,"column":27},"end":{"line":71,"column":58}},"line":71},"4":{"name":"(anonymous_4)","decl":{"start":{"line":81,"column":20},"end":{"line":81,"column":21}},"loc":{"start":{"line":81,"column":27},"end":{"line":81,"column":57}},"line":81},"5":{"name":"(anonymous_5)","decl":{"start":{"line":92,"column":20},"end":{"line":92,"column":21}},"loc":{"start":{"line":92,"column":27},"end":{"line":92,"column":57}},"line":92},"6":{"name":"(anonymous_6)","decl":{"start":{"line":104,"column":20},"end":{"line":104,"column":21}},"loc":{"start":{"line":104,"column":27},"end":{"line":104,"column":58}},"line":104}},"branchMap":{"0":{"loc":{"start":{"line":33,"column":4},"end":{"line":36,"column":5}},"type":"if","locations":[{"start":{"line":33,"column":4},"end":{"line":36,"column":5}},{"start":{},"end":{}}],"line":33},"1":{"loc":{"start":{"line":33,"column":8},"end":{"line":33,"column":51}},"type":"binary-expr","locations":[{"start":{"line":33,"column":8},"end":{"line":33,"column":28}},{"start":{"line":33,"column":32},"end":{"line":33,"column":51}}],"line":33},"2":{"loc":{"start":{"line":39,"column":4},"end":{"line":42,"column":5}},"type":"if","locations":[{"start":{"line":39,"column":4},"end":{"line":42,"column":5}},{"start":{},"end":{}}],"line":39},"3":{"loc":{"start":{"line":39,"column":8},"end":{"line":39,"column":57}},"type":"binary-expr","locations":[{"start":{"line":39,"column":8},"end":{"line":39,"column":30}},{"start":{"line":39,"column":34},"end":{"line":39,"column":57}}],"line":39},"4":{"loc":{"start":{"line":108,"column":9},"end":{"line":108,"column":86}},"type":"binary-expr","locations":[{"start":{"line":108,"column":9},"end":{"line":108,"column":24}},{"start":{"line":108,"column":28},"end":{"line":108,"column":86}}],"line":108},"5":{"loc":{"start":{"line":109,"column":9},"end":{"line":109,"column":66}},"type":"binary-expr","locations":[{"start":{"line":109,"column":9},"end":{"line":109,"column":14}},{"start":{"line":109,"column":18},"end":{"line":109,"column":66}}],"line":109}},"s":{"0":0,"1":0,"2":0,"3":0,"4":0,"5":0,"6":0,"7":0,"8":0,"9":0,"10":0,"11":0,"12":0,"13":0,"14":0,"15":0,"16":0,"17":0,"18":0,"19":0,"20":0,"21":0,"22":0,"23":0,"24":0,"25":0,"26":0,"27":0,"28":0,"29":0,"30":0,"31":0,"32":0,"33":0,"34":0,"35":0},"f":{"0":0,"1":0,"2":0,"3":0,"4":0,"5":0,"6":0},"b":{"0":[0,0],"1":[0,0],"2":[0,0],"3":[0,0],"4":[0,0],"5":[0,0]}}
,"/Users/kenneth/Claude/Code/loyalty-admin-dashboard/src/components/exchange/EditExchangeProviderModal.jsx": {"path":"/Users/kenneth/Claude/Code/loyalty-admin-dashboard/src/components/exchange/EditExchangeProviderModal.jsx","statementMap":{"0":{"start":{"line":10,"column":24},"end":{"line":10,"column":27}},"1":{"start":{"line":13,"column":40},"end":{"line":13,"column":52}},"2":{"start":{"line":14,"column":40},"end":{"line":14,"column":52}},"3":{"start":{"line":15,"column":42},"end":{"line":15,"column":54}},"4":{"start":{"line":16,"column":30},"end":{"line":16,"column":44}},"5":{"start":{"line":17,"column":48},"end":{"line":17,"column":62}},"6":{"start":{"line":18,"column":46},"end":{"line":18,"column":68}},"7":{"start":{"line":20,"column":2},"end":{"line":31,"column":17}},"8":{"start":{"line":21,"column":4},"end":{"line":28,"column":5}},"9":{"start":{"line":22,"column":6},"end":{"line":22,"column":43}},"10":{"start":{"line":23,"column":6},"end":{"line":23,"column":74}},"11":{"start":{"line":24,"column":6},"end":{"line":24,"column":76}},"12":{"start":{"line":25,"column":6},"end":{"line":25,"column":33}},"13":{"start":{"line":26,"column":6},"end":{"line":26,"column":31}},"14":{"start":{"line":27,"column":6},"end":{"line":27,"column":14}},"15":{"start":{"line":33,"column":2},"end":{"line":33,"column":29}},"16":{"start":{"line":33,"column":17},"end":{"line":33,"column":29}},"17":{"start":{"line":35,"column":22},"end":{"line":38,"column":3}},"18":{"start":{"line":36,"column":4},"end":{"line":36,"column":12}},"19":{"start":{"line":37,"column":4},"end":{"line":37,"column":14}},"20":{"start":{"line":40,"column":23},"end":{"line":64,"column":3}},"21":{"start":{"line":41,"column":4},"end":{"line":41,"column":27}},"22":{"start":{"line":42,"column":4},"end":{"line":45,"column":5}},"23":{"start":{"line":43,"column":6},"end":{"line":43,"column":52}},"24":{"start":{"line":44,"column":6},"end":{"line":44,"column":13}},"25":{"start":{"line":46,"column":26},"end":{"line":46,"column":51}},"26":{"start":{"line":47,"column":27},"end":{"line":47,"column":53}},"27":{"start":{"line":48,"column":4},"end":{"line":51,"column":5}},"28":{"start":{"line":49,"column":6},"end":{"line":49,"column":81}},"29":{"start":{"line":50,"column":6},"end":{"line":50,"column":13}},"30":{"start":{"line":52,"column":4},"end":{"line":52,"column":29}},"31":{"start":{"line":53,"column":4},"end":{"line":63,"column":5}},"32":{"start":{"line":54,"column":6},"end":{"line":59,"column":9}},"33":{"start":{"line":60,"column":6},"end":{"line":60,"column":20}},"34":{"start":{"line":66,"column":2},"end":{"line":127,"column":4}},"35":{"start":{"line":79,"column":27},"end":{"line":79,"column":57}},"36":{"start":{"line":91,"column":27},"end":{"line":91,"column":57}},"37":{"start":{"line":102,"column":27},"end":{"line":102,"column":58}},"38":{"start":{"line":108,"column":29},"end":{"line":108,"column":56}},"39":{"start":{"line":130,"column":0},"end":{"line":142,"column":2}}},"fnMap":{"0":{"name":"EditExchangeProviderModal","decl":{"start":{"line":12,"column":16},"end":{"line":12,"column":41}},"loc":{"start":{"line":12,"column":88},"end":{"line":128,"column":1}},"line":12},"1":{"name":"(anonymous_1)","decl":{"start":{"line":20,"column":12},"end":{"line":20,"column":13}},"loc":{"start":{"line":20,"column":18},"end":{"line":31,"column":3}},"line":20},"2":{"name":"(anonymous_2)","decl":{"start":{"line":35,"column":22},"end":{"line":35,"column":23}},"loc":{"start":{"line":35,"column":28},"end":{"line":38,"column":3}},"line":35},"3":{"name":"(anonymous_3)","decl":{"start":{"line":40,"column":23},"end":{"line":40,"column":24}},"loc":{"start":{"line":40,"column":40},"end":{"line":64,"column":3}},"line":40},"4":{"name":"(anonymous_4)","decl":{"start":{"line":79,"column":20},"end":{"line":79,"column":21}},"loc":{"start":{"line":79,"column":27},"end":{"line":79,"column":57}},"line":79},"5":{"name":"(anonymous_5)","decl":{"start":{"line":91,"column":20},"end":{"line":91,"column":21}},"loc":{"start":{"line":91,"column":27},"end":{"line":91,"column":57}},"line":91},"6":{"name":"(anonymous_6)","decl":{"start":{"line":102,"column":20},"end":{"line":102,"column":21}},"loc":{"start":{"line":102,"column":27},"end":{"line":102,"column":58}},"line":102},"7":{"name":"(anonymous_7)","decl":{"start":{"line":108,"column":22},"end":{"line":108,"column":23}},"loc":{"start":{"line":108,"column":29},"end":{"line":108,"column":56}},"line":108}},"branchMap":{"0":{"loc":{"start":{"line":12,"column":61},"end":{"line":12,"column":76}},"type":"default-arg","locations":[{"start":{"line":12,"column":72},"end":{"line":12,"column":76}}],"line":12},"1":{"loc":{"start":{"line":21,"column":4},"end":{"line":28,"column":5}},"type":"if","locations":[{"start":{"line":21,"column":4},"end":{"line":28,"column":5}},{"start":{},"end":{}}],"line":21},"2":{"loc":{"start":{"line":33,"column":2},"end":{"line":33,"column":29}},"type":"if","locations":[{"start":{"line":33,"column":2},"end":{"line":33,"column":29}},{"start":{},"end":{}}],"line":33},"3":{"loc":{"start":{"line":42,"column":4},"end":{"line":45,"column":5}},"type":"if","locations":[{"start":{"line":42,"column":4},"end":{"line":45,"column":5}},{"start":{},"end":{}}],"line":42},"4":{"loc":{"start":{"line":48,"column":4},"end":{"line":51,"column":5}},"type":"if","locations":[{"start":{"line":48,"column":4},"end":{"line":51,"column":5}},{"start":{},"end":{}}],"line":48},"5":{"loc":{"start":{"line":48,"column":8},"end":{"line":48,"column":57}},"type":"binary-expr","locations":[{"start":{"line":48,"column":8},"end":{"line":48,"column":30}},{"start":{"line":48,"column":34},"end":{"line":48,"column":57}}],"line":48},"6":{"loc":{"start":{"line":114,"column":9},"end":{"line":114,"column":86}},"type":"binary-expr","locations":[{"start":{"line":114,"column":9},"end":{"line":114,"column":24}},{"start":{"line":114,"column":28},"end":{"line":114,"column":86}}],"line":114},"7":{"loc":{"start":{"line":115,"column":9},"end":{"line":115,"column":66}},"type":"binary-expr","locations":[{"start":{"line":115,"column":9},"end":{"line":115,"column":14}},{"start":{"line":115,"column":18},"end":{"line":115,"column":66}}],"line":115}},"s":{"0":0,"1":0,"2":0,"3":0,"4":0,"5":0,"6":0,"7":0,"8":0,"9":0,"10":0,"11":0,"12":0,"13":0,"14":0,"15":0,"16":0,"17":0,"18":0,"19":0,"20":0,"21":0,"22":0,"23":0,"24":0,"25":0,"26":0,"27":0,"28":0,"29":0,"30":0,"31":0,"32":0,"33":0,"34":0,"35":0,"36":0,"37":0,"38":0,"39":0},"f":{"0":0,"1":0,"2":0,"3":0,"4":0,"5":0,"6":0,"7":0},"b":{"0":[0],"1":[0,0],"2":[0,0],"3":[0,0],"4":[0,0],"5":[0,0],"6":[0,0],"7":[0,0]}}
[...]
,"/Users/kenneth/Claude/Code/loyalty-admin-dashboard/src/views/PointsExchangeView.jsx": {"path":"/Users/kenneth/Claude/Code/loyalty-admin-dashboard/src/views/PointsExchangeView.jsx","statementMap":{"0":{"start":{"line":21,"column":6},"end":{"line":21,"column":26}},"1":{"start":{"line":22,"column":42},"end":{"line":22,"column":57}},"2":{"start":{"line":23,"column":42},"end":{"line":23,"column":56}},"3":{"start":{"line":25,"column":2},"end":{"line":30,"column":9}},"4":{"start":{"line":26,"column":4},"end":{"line":26,"column":31}},"5":{"start":{"line":27,"column":4},"end":{"line":27,"column":32}},"6":{"start":{"line":32,"column":2},"end":{"line":69,"column":4}},"7":{"start":{"line":39,"column":51},"end":{"line":39,"column":72}},"8":{"start":{"line":59,"column":23},"end":{"line":59,"column":45}},"9":{"start":{"line":65,"column":23},"end":{"line":65,"column":44}}},"fnMap":{"0":{"name":"PointsExchangeView","decl":{"start":{"line":11,"column":16},"end":{"line":11,"column":34}},"loc":{"start":{"line":11,"column":37},"end":{"line":70,"column":1}},"line":11},"1":{"name":"(anonymous_1)","decl":{"start":{"line":25,"column":12},"end":{"line":25,"column":13}},"loc":{"start":{"line":25,"column":18},"end":{"line":30,"column":3}},"line":25},"2":{"name":"(anonymous_2)","decl":{"start":{"line":39,"column":45},"end":{"line":39,"column":46}},"loc":{"start":{"line":39,"column":51},"end":{"line":39,"column":72}},"line":39},"3":{"name":"(anonymous_3)","decl":{"start":{"line":59,"column":17},"end":{"line":59,"column":18}},"loc":{"start":{"line":59,"column":23},"end":{"line":59,"column":45}},"line":59},"4":{"name":"(anonymous_4)","decl":{"start":{"line":65,"column":17},"end":{"line":65,"column":18}},"loc":{"start":{"line":65,"column":23},"end":{"line":65,"column":44}},"line":65}},"branchMap":{},"s":{"0":0,"1":0,"2":0,"3":0,"4":0,"5":0,"6":0,"7":0,"8":0,"9":0},"f":{"0":0,"1":0,"2":0,"3":0,"4":0},"b":{}}
,"/Users/kenneth/Claude/Code/loyalty-admin-dashboard/src/views/ProfileManagerView.jsx": {"path":"/Users/kenneth/Claude/Code/loyalty-admin-dashboard/src/views/ProfileManagerView.jsx","statementMap":{"0":{"start":{"line":12,"column":89},"end":{"line":12,"column":108}},"1":{"start":{"line":13,"column":40},"end":{"line":13,"column":59}},"2":{"start":{"line":14,"column":42},"end":{"line":14,"column":57}},"3":{"start":{"line":15,"column":52},"end":{"line":15,"column":66}},"4":{"start":{"line":17,"column":2},"end":{"line":24,"column":9}},"5":{"start":{"line":18,"column":4},"end":{"line":18,"column":22}},"6":{"start":{"line":22,"column":4},"end":{"line":22,"column":22}},"7":{"start":{"line":26,"column":2},"end":{"line":59,"column":4}},"8":{"start":{"line":33,"column":51},"end":{"line":33,"column":72}},"9":{"start":{"line":48,"column":23},"end":{"line":48,"column":45}},"10":{"start":{"line":55,"column":23},"end":{"line":55,"column":49}}},"fnMap":{"0":{"name":"ProfileManagerView","decl":{"start":{"line":11,"column":16},"end":{"line":11,"column":34}},"loc":{"start":{"line":11,"column":37},"end":{"line":60,"column":1}},"line":11},"1":{"name":"(anonymous_1)","decl":{"start":{"line":17,"column":12},"end":{"line":17,"column":13}},"loc":{"start":{"line":17,"column":18},"end":{"line":24,"column":3}},"line":17},"2":{"name":"(anonymous_2)","decl":{"start":{"line":33,"column":45},"end":{"line":33,"column":46}},"loc":{"start":{"line":33,"column":51},"end":{"line":33,"column":72}},"line":33},"3":{"name":"(anonymous_3)","decl":{"start":{"line":48,"column":17},"end":{"line":48,"column":18}},"loc":{"start":{"line":48,"column":23},"end":{"line":48,"column":45}},"line":48},"4":{"name":"(anonymous_4)","decl":{"start":{"line":55,"column":17},"end":{"line":55,"column":18}},"loc":{"start":{"line":55,"column":23},"end":{"line":55,"column":49}},"line":55}},"branchMap":{},"s":{"0":31,"1":31,"2":31,"3":30,"4":30,"5":19,"6":19,"7":30,"8":2,"9":1,"10":3},"f":{"0":31,"1":19,"2":2,"3":1,"4":3},"b":{},"_coverageSchema":"1a1c01bbd47fc00a2c39e90264f33305004495a9","hash":"1d264e20a0c4d343bda4fa42b066fef09ea24545"}
,"/Users/kenneth/Claude/Code/loyalty-admin-dashboard/src/views/WalletDetailView.jsx": {"path":"/Users/kenneth/Claude/Code/loyalty-admin-dashboard/src/views/WalletDetailView.jsx","statementMap":{"0":{"start":{"line":16,"column":25},"end":{"line":17,"column":63}},"1":{"start":{"line":20,"column":40},"end":{"line":20,"column":59}},"2":{"start":{"line":21,"column":19},"end":{"line":21,"column":28}},"3":{"start":{"line":22,"column":36},"end":{"line":22,"column":48}},"4":{"start":{"line":23,"column":46},"end":{"line":23,"column":85}},"5":{"start":{"line":25,"column":2},"end":{"line":31,"column":9}},"6":{"start":{"line":26,"column":4},"end":{"line":28,"column":5}},"7":{"start":{"line":27,"column":6},"end":{"line":27,"column":24}},"8":{"start":{"line":33,"column":24},"end":{"line":33,"column":84}},"9":{"start":{"line":33,"column":47},"end":{"line":33,"column":83}},"10":{"start":{"line":35,"column":24},"end":{"line":41,"column":3}},"11":{"start":{"line":36,"column":4},"end":{"line":36,"column":27}},"12":{"start":{"line":36,"column":20},"end":{"line":36,"column":27}},"13":{"start":{"line":37,"column":4},"end":{"line":37,"column":12}},"14":{"start":{"line":38,"column":4},"end":{"line":38,"column":53}},"15":{"start":{"line":39,"column":4},"end":{"line":39,"column":21}},"16":{"start":{"line":40,"column":4},"end":{"line":40,"column":16}},"17":{"start":{"line":43,"column":2},"end":{"line":43,"column":46}},"18":{"start":{"line":43,"column":34},"end":{"line":43,"column":46}},"19":{"start":{"line":45,"column":2},"end":{"line":69,"column":4}},"20":{"start":{"line":49,"column":25},"end":{"line":49,"column":53}},"21":{"start":{"line":54,"column":10},"end":{"line":54,"column":80}},"22":{"start":{"line":72,"column":20},"end":{"line":73,"column":49}},"23":{"start":{"line":76,"column":15},"end":{"line":76,"column":25}},"24":{"start":{"line":77,"column":2},"end":{"line":77,"column":49}},"25":{"start":{"line":78,"column":2},"end":{"line":78,"column":38}},"26":{"start":{"line":82,"column":21},"end":{"line":82,"column":32}},"27":{"start":{"line":83,"column":19},"end":{"line":83,"column":32}},"28":{"start":{"line":85,"column":30},"end":{"line":85,"column":44}},"29":{"start":{"line":86,"column":44},"end":{"line":86,"column":58}},"30":{"start":{"line":87,"column":28},"end":{"line":87,"column":42}},"31":{"start":{"line":89,"column":48},"end":{"line":89,"column":62}},"32":{"start":{"line":91,"column":32},"end":{"line":91,"column":46}},"33":{"start":{"line":92,"column":46},"end":{"line":92,"column":61}},"34":{"start":{"line":94,"column":26},"end":{"line":102,"column":14}},"35":{"start":{"line":95,"column":4},"end":{"line":95,"column":28}},"36":{"start":{"line":96,"column":4},"end":{"line":101,"column":5}},"37":{"start":{"line":97,"column":19},"end":{"line":97,"column":65}},"38":{"start":{"line":98,"column":6},"end":{"line":98,"column":23}},"39":{"start":{"line":100,"column":6},"end":{"line":100,"column":31}},"40":{"start":{"line":104,"column":21},"end":{"line":107,"column":14}},"41":{"start":{"line":105,"column":17},"end":{"line":105,"column":46}},"42":{"start":{"line":106,"column":4},"end":{"line":106,"column":20}},"43":{"start":{"line":109,"column":2},"end":{"line":135,"column":15}},"44":{"start":{"line":110,"column":20},"end":{"line":110,"column":25}},"45":{"start":{"line":111,"column":4},"end":{"line":111,"column":27}},"46":{"start":{"line":112,"column":4},"end":{"line":112,"column":19}},"47":{"start":{"line":113,"column":4},"end":{"line":129,"column":9}},"48":{"start":{"line":114,"column":6},"end":{"line":128,"column":7}},"49":{"start":{"line":115,"column":21},"end":{"line":115,"column":50}},"50":{"start":{"line":116,"column":8},"end":{"line":116,"column":30}},"51":{"start":{"line":116,"column":23},"end":{"line":116,"column":30}},"52":{"start":{"line":117,"column":8},"end":{"line":117,"column":24}},"53":{"start":{"line":120,"column":8},"end":{"line":122,"column":27}},"54":{"start":{"line":121,"column":10},"end":{"line":121,"column":54}},"55":{"start":{"line":121,"column":26},"end":{"line":121,"column":54}},"56":{"start":{"line":124,"column":8},"end":{"line":124,"column":30}},"57":{"start":{"line":124,"column":23},"end":{"line":124,"column":30}},"58":{"start":{"line":125,"column":8},"end":{"line":125,"column":106}},"59":{"start":{"line":127,"column":8},"end":{"line":127,"column":48}},"60":{"start":{"line":127,"column":24},"end":{"line":127,"column":48}},"61":{"start":{"line":130,"column":4},"end":{"line":130,"column":23}},"62":{"start":{"line":131,"column":4},"end":{"line":133,"column":6}},"63":{"start":{"line":132,"column":6},"end":{"line":132,"column":23}},"64":{"start":{"line":137,"column":17},"end":{"line":137,"column":105}},"65":{"start":{"line":139,"column":2},"end":{"line":197,"column":4}},"66":{"start":{"line":142,"column":68},"end":{"line":142,"column":88}}},"fnMap":{"0":{"name":"ChangeTierControl","decl":{"start":{"line":19,"column":9},"end":{"line":19,"column":26}},"loc":{"start":{"line":19,"column":50},"end":{"line":70,"column":1}},"line":19},"1":{"name":"(anonymous_1)","decl":{"start":{"line":25,"column":12},"end":{"line":25,"column":13}},"loc":{"start":{"line":25,"column":18},"end":{"line":31,"column":3}},"line":25},"2":{"name":"(anonymous_2)","decl":{"start":{"line":33,"column":40},"end":{"line":33,"column":41}},"loc":{"start":{"line":33,"column":47},"end":{"line":33,"column":83}},"line":33},"3":{"name":"(anonymous_3)","decl":{"start":{"line":35,"column":24},"end":{"line":35,"column":25}},"loc":{"start":{"line":35,"column":36},"end":{"line":41,"column":3}},"line":35},"4":{"name":"(anonymous_4)","decl":{"start":{"line":49,"column":18},"end":{"line":49,"column":19}},"loc":{"start":{"line":49,"column":25},"end":{"line":49,"column":53}},"line":49},"5":{"name":"(anonymous_5)","decl":{"start":{"line":53,"column":27},"end":{"line":53,"column":28}},"loc":{"start":{"line":54,"column":10},"end":{"line":54,"column":80}},"line":54},"6":{"name":"monthName","decl":{"start":{"line":75,"column":9},"end":{"line":75,"column":18}},"loc":{"start":{"line":75,"column":34},"end":{"line":79,"column":1}},"line":75},"7":{"name":"WalletDetailView","decl":{"start":{"line":81,"column":16},"end":{"line":81,"column":32}},"loc":{"start":{"line":81,"column":35},"end":{"line":198,"column":1}},"line":81},"8":{"name":"(anonymous_8)","decl":{"start":{"line":94,"column":38},"end":{"line":94,"column":39}},"loc":{"start":{"line":94,"column":58},"end":{"line":102,"column":3}},"line":94},"9":{"name":"(anonymous_9)","decl":{"start":{"line":104,"column":33},"end":{"line":104,"column":34}},"loc":{"start":{"line":104,"column":45},"end":{"line":107,"column":3}},"line":104},"10":{"name":"(anonymous_10)","decl":{"start":{"line":109,"column":12},"end":{"line":109,"column":13}},"loc":{"start":{"line":109,"column":18},"end":{"line":135,"column":3}},"line":109},"11":{"name":"(anonymous_11)","decl":{"start":{"line":113,"column":5},"end":{"line":113,"column":6}},"loc":{"start":{"line":113,"column":17},"end":{"line":129,"column":5}},"line":113},"12":{"name":"(anonymous_12)","decl":{"start":{"line":120,"column":46},"end":{"line":120,"column":47}},"loc":{"start":{"line":120,"column":59},"end":{"line":122,"column":9}},"line":120},"13":{"name":"(anonymous_13)","decl":{"start":{"line":122,"column":17},"end":{"line":122,"column":18}},"loc":{"start":{"line":122,"column":23},"end":{"line":122,"column":25}},"line":122},"14":{"name":"(anonymous_14)","decl":{"start":{"line":131,"column":11},"end":{"line":131,"column":12}},"loc":{"start":{"line":131,"column":17},"end":{"line":133,"column":5}},"line":131},"15":{"name":"(anonymous_15)","decl":{"start":{"line":142,"column":62},"end":{"line":142,"column":63}},"loc":{"start":{"line":142,"column":68},"end":{"line":142,"column":88}},"line":142}},"branchMap":{"0":{"loc":{"start":{"line":26,"column":4},"end":{"line":28,"column":5}},"type":"if","locations":[{"start":{"line":26,"column":4},"end":{"line":28,"column":5}},{"start":{},"end":{}}],"line":26},"1":{"loc":{"start":{"line":36,"column":4},"end":{"line":36,"column":27}},"type":"if","locations":[{"start":{"line":36,"column":4},"end":{"line":36,"column":27}},{"start":{},"end":{}}],"line":36},"2":{"loc":{"start":{"line":43,"column":2},"end":{"line":43,"column":46}},"type":"if","locations":[{"start":{"line":43,"column":2},"end":{"line":43,"column":46}},{"start":{},"end":{}}],"line":43},"3":{"loc":{"start":{"line":67,"column":7},"end":{"line":67,"column":64}},"type":"binary-expr","locations":[{"start":{"line":67,"column":7},"end":{"line":67,"column":12}},{"start":{"line":67,"column":16},"end":{"line":67,"column":64}}],"line":67},"4":{"loc":{"start":{"line":94,"column":45},"end":{"line":94,"column":53}},"type":"default-arg","locations":[{"start":{"line":94,"column":52},"end":{"line":94,"column":53}}],"line":94},"5":{"loc":{"start":{"line":116,"column":8},"end":{"line":116,"column":30}},"type":"if","locations":[{"start":{"line":116,"column":8},"end":{"line":116,"column":30}},{"start":{},"end":{}}],"line":116},"6":{"loc":{"start":{"line":121,"column":10},"end":{"line":121,"column":54}},"type":"if","locations":[{"start":{"line":121,"column":10},"end":{"line":121,"column":54}},{"start":{},"end":{}}],"line":121},"7":{"loc":{"start":{"line":124,"column":8},"end":{"line":124,"column":30}},"type":"if","locations":[{"start":{"line":124,"column":8},"end":{"line":124,"column":30}},{"start":{},"end":{}}],"line":124},"8":{"loc":{"start":{"line":125,"column":17},"end":{"line":125,"column":104}},"type":"cond-expr","locations":[{"start":{"line":125,"column":47},"end":{"line":125,"column":58}},{"start":{"line":125,"column":61},"end":{"line":125,"column":104}}],"line":125},"9":{"loc":{"start":{"line":127,"column":8},"end":{"line":127,"column":48}},"type":"if","locations":[{"start":{"line":127,"column":8},"end":{"line":127,"column":48}},{"start":{},"end":{}}],"line":127},"10":{"loc":{"start":{"line":137,"column":17},"end":{"line":137,"column":105}},"type":"cond-expr","locations":[{"start":{"line":137,"column":26},"end":{"line":137,"column":82}},{"start":{"line":137,"column":85},"end":{"line":137,"column":105}}],"line":137},"11":{"loc":{"start":{"line":137,"column":26},"end":{"line":137,"column":82}},"type":"binary-expr","locations":[{"start":{"line":137,"column":26},"end":{"line":137,"column":58}},{"start":{"line":137,"column":62},"end":{"line":137,"column":82}}],"line":137},"12":{"loc":{"start":{"line":146,"column":9},"end":{"line":146,"column":68}},"type":"binary-expr","locations":[{"start":{"line":146,"column":9},"end":{"line":146,"column":22}},{"start":{"line":146,"column":26},"end":{"line":146,"column":68}}],"line":146},"13":{"loc":{"start":{"line":148,"column":9},"end":{"line":148,"column":94}},"type":"binary-expr","locations":[{"start":{"line":148,"column":9},"end":{"line":148,"column":23}},{"start":{"line":148,"column":27},"end":{"line":148,"column":32}},{"start":{"line":148,"column":36},"end":{"line":148,"column":94}}],"line":148},"14":{"loc":{"start":{"line":150,"column":9},"end":{"line":167,"column":9}},"type":"binary-expr","locations":[{"start":{"line":150,"column":9},"end":{"line":150,"column":23}},{"start":{"line":150,"column":27},"end":{"line":150,"column":33}},{"start":{"line":150,"column":37},"end":{"line":150,"column":43}},{"start":{"line":151,"column":10},"end":{"line":166,"column":17}}],"line":150},"15":{"loc":{"start":{"line":169,"column":9},"end":{"line":190,"column":9}},"type":"binary-expr","locations":[{"start":{"line":169,"column":9},"end":{"line":169,"column":23}},{"start":{"line":169,"column":27},"end":{"line":169,"column":33}},{"start":{"line":169,"column":37},"end":{"line":169,"column":52}},{"start":{"line":170,"column":14},"end":{"line":170,"column":51}},{"start":{"line":170,"column":55},"end":{"line":170,"column":92}},{"start":{"line":171,"column":10},"end":{"line":189,"column":17}}],"line":169},"16":{"loc":{"start":{"line":192,"column":9},"end":{"line":194,"column":9}},"type":"binary-expr","locations":[{"start":{"line":192,"column":9},"end":{"line":192,"column":23}},{"start":{"line":192,"column":27},"end":{"line":192,"column":33}},{"start":{"line":193,"column":10},"end":{"line":193,"column":108}}],"line":192}},"s":{"0":0,"1":0,"2":0,"3":0,"4":0,"5":0,"6":0,"7":0,"8":0,"9":0,"10":0,"11":0,"12":0,"13":0,"14":0,"15":0,"16":0,"17":0,"18":0,"19":0,"20":0,"21":0,"22":0,"23":0,"24":0,"25":0,"26":0,"27":0,"28":0,"29":0,"30":0,"31":0,"32":0,"33":0,"34":0,"35":0,"36":0,"37":0,"38":0,"39":0,"40":0,"41":0,"42":0,"43":0,"44":0,"45":0,"46":0,"47":0,"48":0,"49":0,"50":0,"51":0,"52":0,"53":0,"54":0,"55":0,"56":0,"57":0,"58":0,"59":0,"60":0,"61":0,"62":0,"63":0,"64":0,"65":0,"66":0},"f":{"0":0,"1":0,"2":0,"3":0,"4":0,"5":0,"6":0,"7":0,"8":0,"9":0,"10":0,"11":0,"12":0,"13":0,"14":0,"15":0},"b":{"0":[0,0],"1":[0,0],"2":[0,0],"3":[0,0],"4":[0],"5":[0,0],"6":[0,0],"7":[0,0],"8":[0,0],"9":[0,0],"10":[0,0],"11":[0,0],"12":[0,0],"13":[0,0,0],"14":[0,0,0,0],"15":[0,0,0,0,0,0],"16":[0,0,0]}}
,"/Users/kenneth/Claude/Code/loyalty-admin-dashboard/src/views/WalletsListView.jsx": {"path":"/Users/kenneth/Claude/Code/loyalty-admin-dashboard/src/views/WalletsListView.jsx","statementMap":{"0":{"start":{"line":8,"column":22},"end":{"line":12,"column":1}},"1":{"start":{"line":15,"column":55},"end":{"line":15,"column":72}},"2":{"start":{"line":16,"column":36},"end":{"line":16,"column":54}},"3":{"start":{"line":17,"column":44},"end":{"line":17,"column":59}},"4":{"start":{"line":19,"column":2},"end":{"line":23,"column":33}},"5":{"start":{"line":20,"column":4},"end":{"line":20,"column":71}},"6":{"start":{"line":25,"column":27},"end":{"line":32,"column":3}},"7":{"start":{"line":26,"column":4},"end":{"line":31,"column":5}},"8":{"start":{"line":27,"column":6},"end":{"line":27,"column":68}},"9":{"start":{"line":27,"column":34},"end":{"line":27,"column":65}},"10":{"start":{"line":29,"column":6},"end":{"line":29,"column":26}},"11":{"start":{"line":30,"column":6},"end":{"line":30,"column":30}},"12":{"start":{"line":34,"column":27},"end":{"line":36,"column":3}},"13":{"start":{"line":35,"column":4},"end":{"line":35,"column":74}},"14":{"start":{"line":38,"column":2},"end":{"line":52,"column":4}}},"fnMap":{"0":{"name":"WalletsListView","decl":{"start":{"line":14,"column":16},"end":{"line":14,"column":31}},"loc":{"start":{"line":14,"column":34},"end":{"line":53,"column":1}},"line":14},"1":{"name":"(anonymous_1)","decl":{"start":{"line":19,"column":12},"end":{"line":19,"column":13}},"loc":{"start":{"line":19,"column":18},"end":{"line":23,"column":3}},"line":19},"2":{"name":"(anonymous_2)","decl":{"start":{"line":25,"column":27},"end":{"line":25,"column":28}},"loc":{"start":{"line":25,"column":38},"end":{"line":32,"column":3}},"line":25},"3":{"name":"(anonymous_3)","decl":{"start":{"line":27,"column":23},"end":{"line":27,"column":24}},"loc":{"start":{"line":27,"column":34},"end":{"line":27,"column":65}},"line":27},"4":{"name":"(anonymous_4)","decl":{"start":{"line":34,"column":27},"end":{"line":34,"column":28}},"loc":{"start":{"line":34,"column":37},"end":{"line":36,"column":3}},"line":34}},"branchMap":{"0":{"loc":{"start":{"line":26,"column":4},"end":{"line":31,"column":5}},"type":"if","locations":[{"start":{"line":26,"column":4},"end":{"line":31,"column":5}},{"start":{"line":28,"column":11},"end":{"line":31,"column":5}}],"line":26},"1":{"loc":{"start":{"line":27,"column":34},"end":{"line":27,"column":65}},"type":"cond-expr","locations":[{"start":{"line":27,"column":51},"end":{"line":27,"column":57}},{"start":{"line":27,"column":60},"end":{"line":27,"column":65}}],"line":27}},"s":{"0":1,"1":30,"2":30,"3":29,"4":29,"5":29,"6":29,"7":9,"8":5,"9":5,"10":4,"11":4,"12":29,"13":2,"14":29},"f":{"0":30,"1":29,"2":9,"3":5,"4":2},"b":{"0":[5,4],"1":[4,1]},"_coverageSchema":"1a1c01bbd47fc00a2c39e90264f33305004495a9","hash":"26d5cc19cb55bb4a82cbccabca5aadaf3df89a40"}
}
