TN:
SF:src/App.jsx
FN:17,App
FNF:1
FNH:0
FNDA:0,App
DA:18,0
LF:1
LH:0
BRF:0
BRH:0
end_of_record
TN:
SF:src/api/authToken.js
FN:15,(anonymous_0)
FN:17,getToken
FN:21,setToken
FN:25,setUnauthorizedHandler
FN:29,notifyUnauthorized
FNF:5
FNH:1
FNDA:0,(anonymous_0)
FNDA:0,getToken
FNDA:0,setToken
FNDA:62,setUnauthorizedHandler
FNDA:0,notifyUnauthorized
DA:14,6
DA:15,6
DA:18,0
DA:22,0
DA:26,62
DA:30,0
LF:6
LH:3
BRF:0
BRH:0
end_of_record
TN:
SF:src/api/client.js
FN:19,(anonymous_0)
FN:29,request
FN:75,login
FN:86,fetchMetrics
FN:94,ledgerEntryToFeedRow
FN:110,auditLogToFeedRow
FN:124,fetchActivityFeed
FN:133,(anonymous_7)
FN:147,fetchWallets
FN:155,fetchWallet
FN:159,fetchWalletHistory
FN:163,fetchExpiringSummary
FN:171,fetchProfiles
FN:175,createProfile
FN:186,configureProfileRates
FN:203,fetchTierRules
FN:207,createTierRule
FN:219,deleteTierRule
FN:230,changeWalletProfile
FN:242,fetchPartners
FN:246,createPartner
FN:257,configurePartnerRates
FN:269,createPartnerServiceAccount
FN:281,fetchExchangeProviders
FN:285,createExchangeProvider
FN:301,updateExchangeProvider
FN:313,fetchExchangeRequests
FN:322,fetchConfigurations
FN:326,updateConfiguration
FN:339,fetchFeatureFlags
FN:347,fetchCampaigns
FN:351,createCampaign
FN:370,fetchInstitutions
FN:374,createInstitution
FN:382,updateInstitutionStatus
FN:390,updateInstitutionBranding
FN:402,updateInstitutionDetails
FN:414,fetchInstitutionFeatureFlags
FN:418,updateInstitutionFeatureFlag
FN:430,fetchGifts
FN:434,fetchValidGifts
FN:438,createGift
FN:457,updateGift
FN:484,deleteGift
FN:491,fetchGiftRules
FN:495,createGiftRule
FN:508,updateGiftRule
FN:520,deleteGiftRule
FNF:48
FNH:0
FNDA:0,(anonymous_0)
FNDA:0,request
FNDA:0,login
FNDA:0,fetchMetrics
FNDA:0,ledgerEntryToFeedRow
FNDA:0,auditLogToFeedRow
FNDA:0,fetchActivityFeed
FNDA:0,(anonymous_7)
FNDA:0,fetchWallets
FNDA:0,fetchWallet
FNDA:0,fetchWalletHistory
FNDA:0,fetchExpiringSummary
FNDA:0,fetchProfiles
FNDA:0,createProfile
FNDA:0,configureProfileRates
FNDA:0,fetchTierRules
FNDA:0,createTierRule
FNDA:0,deleteTierRule
FNDA:0,changeWalletProfile
FNDA:0,fetchPartners
FNDA:0,createPartner
FNDA:0,configurePartnerRates
FNDA:0,createPartnerServiceAccount
FNDA:0,fetchExchangeProviders
FNDA:0,createExchangeProvider
FNDA:0,updateExchangeProvider
FNDA:0,fetchExchangeRequests
FNDA:0,fetchConfigurations
FNDA:0,updateConfiguration
FNDA:0,fetchFeatureFlags
FNDA:0,fetchCampaigns
FNDA:0,createCampaign
FNDA:0,fetchInstitutions
FNDA:0,createInstitution
FNDA:0,updateInstitutionStatus
FNDA:0,updateInstitutionBranding
FNDA:0,updateInstitutionDetails
FNDA:0,fetchInstitutionFeatureFlags
FNDA:0,updateInstitutionFeatureFlag
FNDA:0,fetchGifts
FNDA:0,fetchValidGifts
FNDA:0,createGift
FNDA:0,updateGift
FNDA:0,deleteGift
FNDA:0,fetchGiftRules
FNDA:0,createGiftRule
FNDA:0,updateGiftRule
FNDA:0,deleteGiftRule
DA:4,0
DA:9,0
DA:16,0
DA:20,0
DA:21,0
DA:22,0
DA:30,0
DA:31,0
DA:32,0
DA:33,0
DA:35,0
DA:36,0
DA:40,0
DA:41,0
DA:47,0
DA:50,0
DA:51,0
DA:54,0
DA:55,0
DA:56,0
DA:57,0
DA:58,0
DA:62,0
DA:65,0
DA:66,0
DA:68,0
DA:76,0
DA:87,0
DA:95,0
DA:111,0
DA:125,0
DA:130,0
DA:133,0
DA:135,0
DA:136,0
DA:137,0
DA:138,0
DA:140,0
DA:152,0
DA:156,0
DA:160,0
DA:164,0
DA:172,0
DA:176,0
DA:183,0
DA:191,0
DA:204,0
DA:212,0
DA:220,0
DA:231,0
DA:243,0
DA:247,0
DA:254,0
DA:262,0
DA:270,0
DA:282,0
DA:289,0
DA:306,0
DA:314,0
DA:315,0
DA:323,0
DA:327,0
DA:340,0
DA:348,0
DA:352,0
DA:353,0
DA:371,0
DA:375,0
DA:383,0
DA:395,0
DA:407,0
DA:415,0
DA:419,0
DA:431,0
DA:435,0
DA:440,0
DA:441,0
DA:467,0
DA:468,0
DA:485,0
DA:492,0
DA:496,0
DA:497,0
DA:509,0
DA:510,0
DA:521,0
LF:86
LH:0
BRDA:4,0,0,0
BRDA:4,0,1,0
BRDA:29,1,0,0
BRDA:29,2,0,0
BRDA:32,3,0,0
BRDA:32,3,1,0
BRDA:35,4,0,0
BRDA:35,4,1,0
BRDA:44,5,0,0
BRDA:44,5,1,0
BRDA:50,6,0,0
BRDA:50,6,1,0
BRDA:50,7,0,0
BRDA:50,7,1,0
BRDA:54,8,0,0
BRDA:54,8,1,0
BRDA:58,9,0,0
BRDA:58,9,1,0
BRDA:65,10,0,0
BRDA:65,10,1,0
BRDA:124,11,0,0
BRDA:124,12,0,0
BRDA:124,13,0,0
BRDA:147,14,0,0
BRDA:148,15,0,0
BRDA:149,16,0,0
BRDA:150,17,0,0
BRDA:159,18,0,0
BRDA:159,19,0,0
BRDA:159,20,0,0
BRDA:179,21,0,0
BRDA:179,21,1,0
BRDA:215,22,0,0
BRDA:215,22,1,0
BRDA:250,23,0,0
BRDA:250,23,1,0
BRDA:313,24,0,0
BRDA:313,25,0,0
BRDA:313,26,0,0
BRDA:314,27,0,0
BRDA:314,27,1,0
BRDA:330,28,0,0
BRDA:330,28,1,0
BRDA:410,29,0,0
BRDA:410,29,1,0
BRDA:446,30,0,0
BRDA:446,30,1,0
BRDA:447,31,0,0
BRDA:447,31,1,0
BRDA:449,32,0,0
BRDA:449,32,1,0
BRDA:473,33,0,0
BRDA:473,33,1,0
BRDA:474,34,0,0
BRDA:474,34,1,0
BRDA:476,35,0,0
BRDA:476,35,1,0
BRDA:479,36,0,0
BRDA:479,36,1,0
BRDA:515,37,0,0
BRDA:515,37,1,0
BRF:61
BRH:0
end_of_record
TN:
SF:src/components/auth/ProtectedRoute.jsx
FN:19,ProtectedRoute
FNF:1
FNH:1
FNDA:7,ProtectedRoute
DA:20,7
DA:21,7
DA:23,7
DA:24,4
DA:26,3
DA:27,1
DA:30,2
DA:33,1
LF:8
LH:8
BRDA:23,0,0,4
BRDA:23,0,1,3
BRDA:26,1,0,1
BRDA:26,1,1,2
BRF:4
BRH:4
end_of_record
TN:
SF:src/components/auth/SuperAdminRoute.jsx
FN:11,SuperAdminRoute
FNF:1
FNH:1
FNDA:8,SuperAdminRoute
DA:12,8
DA:13,8
DA:15,8
DA:16,2
DA:18,6
DA:19,4
DA:22,2
DA:25,1
LF:8
LH:8
BRDA:15,0,0,2
BRDA:15,0,1,6
BRDA:18,1,0,4
BRDA:18,1,1,2
BRF:4
BRH:4
end_of_record
TN:
SF:src/components/campaigns/CampaignCard.jsx
FN:10,CampaignCard
FNF:1
FNH:1
FNDA:14,CampaignCard
DA:11,14
DA:12,14
DA:14,14
DA:75,1
LF:4
LH:4
BRDA:10,0,0,10
BRDA:10,1,0,10
BRDA:12,2,0,14
BRDA:12,2,1,11
BRDA:33,3,0,0
BRDA:33,3,1,14
BRDA:35,4,0,1
BRDA:35,4,1,13
BRDA:39,5,0,1
BRDA:39,5,1,13
BRDA:51,6,0,14
BRDA:51,6,1,3
BRDA:64,7,0,14
BRDA:64,7,1,3
BRF:14
BRH:13
end_of_record
TN:
SF:src/components/campaigns/CampaignForm.jsx
FN:17,validate
FN:28,CampaignForm
FN:33,(anonymous_2)
FN:33,(anonymous_3)
FN:34,(anonymous_4)
FN:38,(anonymous_5)
FNF:6
FNH:4
FNDA:0,validate
FNDA:26,CampaignForm
FNDA:130,(anonymous_2)
FNDA:13,(anonymous_3)
FNDA:13,(anonymous_4)
FNDA:0,(anonymous_5)
DA:9,1
DA:18,0
DA:19,0
DA:20,0
DA:21,0
DA:22,0
DA:23,0
DA:25,0
DA:29,26
DA:30,26
DA:31,26
DA:33,130
DA:34,13
DA:35,13
DA:38,26
DA:39,0
DA:40,0
DA:41,0
DA:42,0
DA:43,0
DA:45,0
DA:46,0
DA:47,0
DA:54,0
DA:60,26
DA:138,1
LF:26
LH:10
BRDA:18,0,0,0
BRDA:18,0,1,0
BRDA:19,1,0,0
BRDA:19,1,1,0
BRDA:19,2,0,0
BRDA:19,2,1,0
BRDA:20,3,0,0
BRDA:20,3,1,0
BRDA:21,4,0,0
BRDA:21,4,1,0
BRDA:22,5,0,0
BRDA:22,5,1,0
BRDA:22,6,0,0
BRDA:22,6,1,0
BRDA:28,7,0,25
BRDA:41,8,0,0
BRDA:41,8,1,0
BRDA:117,9,0,26
BRDA:117,9,1,1
BRDA:120,10,0,26
BRDA:120,10,1,0
BRDA:121,11,0,26
BRDA:121,11,1,0
BRDA:122,12,0,26
BRDA:122,12,1,0
BRF:25
BRH:6
end_of_record
TN:
SF:src/components/campaigns/CampaignList.jsx
FN:11,CampaignList
FN:13,(anonymous_1)
FN:58,(anonymous_2)
FNF:3
FNH:3
FNDA:12,CampaignList
FNDA:12,(anonymous_1)
FNDA:19,(anonymous_2)
DA:12,12
DA:13,12
DA:17,12
DA:18,1
DA:21,11
DA:22,1
DA:31,10
DA:59,19
DA:71,1
LF:9
LH:9
BRDA:11,0,0,10
BRDA:17,1,0,1
BRDA:17,1,1,11
BRDA:17,2,0,12
BRDA:17,2,1,1
BRDA:21,3,0,1
BRDA:21,3,1,10
BRDA:21,4,0,11
BRDA:21,4,1,11
BRDA:33,5,0,10
BRDA:33,5,1,1
BRDA:33,5,2,9
BRDA:47,6,0,9
BRDA:47,6,1,2
BRDA:49,7,0,1
BRDA:49,7,1,1
BRF:16
BRH:16
end_of_record
TN:
SF:src/components/common/Badge.jsx
FN:13,Badge
FNF:1
FNH:1
FNDA:163,Badge
DA:4,4
DA:14,163
DA:30,4
LF:3
LH:3
BRDA:13,0,0,7
BRDA:13,1,0,110
BRDA:13,2,0,63
BRDA:18,3,0,163
BRDA:18,3,1,0
BRDA:24,4,0,163
BRDA:24,4,1,53
BRF:7
BRH:6
end_of_record
TN:
SF:src/components/common/Button.jsx
FN:16,Button
FNF:1
FNH:1
FNDA:2854,Button
DA:5,8
DA:27,2854
DA:49,8
LF:3
LH:3
BRDA:18,0,0,1384
BRDA:19,1,0,109
BRDA:20,2,0,1429
BRDA:21,3,0,1385
BRDA:22,4,0,1479
BRDA:23,5,0,2837
BRDA:24,6,0,2837
BRDA:25,7,0,2803
BRDA:31,8,0,2854
BRDA:31,8,1,2851
BRDA:36,9,0,51
BRDA:36,9,1,2803
BRDA:37,10,0,2854
BRDA:37,10,1,0
BRDA:43,11,0,12
BRDA:43,11,1,2842
BRDA:43,12,0,2842
BRDA:43,12,1,1459
BRF:18
BRH:17
end_of_record
TN:
SF:src/components/common/Card.jsx
FN:8,Card
FN:38,CardHeader
FNF:2
FNH:2
FNDA:76,Card
FNDA:42,CardHeader
DA:15,76
DA:31,5
DA:39,42
DA:57,5
LF:4
LH:4
BRDA:9,0,0,0
BRDA:10,1,0,42
BRDA:11,2,0,75
BRDA:12,3,0,75
BRDA:19,4,0,1
BRDA:19,4,1,75
BRDA:38,5,0,8
BRDA:38,6,0,40
BRDA:38,7,0,41
BRDA:42,8,0,42
BRDA:42,8,1,2
BRDA:49,9,0,42
BRDA:49,9,1,34
BRDA:52,10,0,42
BRDA:52,10,1,1
BRF:15
BRH:14
end_of_record
TN:
SF:src/components/common/EmptyState.jsx
FN:4,EmptyState
FNF:1
FNH:1
FNDA:26,EmptyState
DA:5,26
DA:18,5
LF:2
LH:2
BRDA:4,0,0,15
BRDA:4,1,0,13
BRDA:7,2,0,26
BRDA:7,2,1,11
BRDA:13,3,0,26
BRDA:13,3,1,13
BRF:6
BRH:6
end_of_record
TN:
SF:src/components/common/Input.jsx
FN:4,Input
FNF:1
FNH:1
FNDA:1452,Input
DA:14,1452
DA:50,4
LF:2
LH:2
BRDA:5,0,0,16
BRDA:6,1,0,1357
BRDA:7,2,0,108
BRDA:8,3,0,1357
BRDA:9,4,0,0
BRDA:10,5,0,1451
BRDA:11,6,0,1451
BRDA:16,7,0,1452
BRDA:16,7,1,1436
BRDA:27,8,0,21
BRDA:27,8,1,1431
BRDA:28,9,0,95
BRDA:28,9,1,1357
BRDA:35,10,0,1452
BRDA:35,10,1,95
BRDA:41,11,0,21
BRDA:41,11,1,1431
BRDA:44,12,0,1431
BRDA:44,12,1,94
BRF:19
BRH:18
end_of_record
TN:
SF:src/components/common/LoadingSpinner.jsx
FN:5,LoadingSpinner
FNF:1
FNH:1
FNDA:18,LoadingSpinner
DA:6,18
DA:18,6
LF:2
LH:2
BRDA:5,0,0,10
BRDA:5,1,0,17
BRDA:5,2,0,17
BRDA:13,3,0,18
BRDA:13,3,1,16
BRF:5
BRH:5
end_of_record
TN:
SF:src/components/common/Modal.jsx
FN:5,Modal
FN:6,(anonymous_1)
FN:8,(anonymous_2)
FN:12,(anonymous_3)
FNF:4
FNH:4
FNDA:1391,Modal
FNDA:1390,(anonymous_1)
FNDA:1503,(anonymous_2)
FNDA:1386,(anonymous_3)
DA:6,1391
DA:7,1390
DA:8,1386
DA:9,1503
DA:11,1386
DA:12,1386
DA:15,1391
DA:17,1387
DA:45,4
LF:9
LH:9
BRDA:5,0,0,16
BRDA:7,1,0,4
BRDA:7,1,1,1386
BRDA:9,2,0,1
BRDA:9,2,1,1502
BRDA:15,3,0,4
BRDA:15,3,1,1387
BRDA:29,4,0,1387
BRDA:29,4,1,1373
BRF:9
BRH:9
end_of_record
TN:
SF:src/components/common/Pagination.jsx
FN:5,Pagination
FN:21,(anonymous_1)
FN:30,(anonymous_2)
FNF:3
FNH:3
FNDA:41,Pagination
FNDA:1,(anonymous_1)
FNDA:2,(anonymous_2)
DA:6,41
DA:7,41
DA:9,41
DA:21,1
DA:30,2
DA:41,3
LF:6
LH:6
BRDA:5,0,0,12
BRDA:6,1,0,41
BRDA:6,1,1,7
BRDA:7,2,0,41
BRDA:7,2,1,29
BRF:5
BRH:5
end_of_record
TN:
SF:src/components/common/RateConfigModal.jsx
FN:11,RateConfigModal
FN:35,(anonymous_1)
FN:49,(anonymous_2)
FN:54,(anonymous_3)
FN:96,(anonymous_4)
FN:107,(anonymous_5)
FN:118,(anonymous_6)
FNF:7
FNH:6
FNDA:33,RateConfigModal
FNDA:12,(anonymous_1)
FNDA:2,(anonymous_2)
FNDA:3,(anonymous_3)
FNDA:3,(anonymous_4)
FNDA:0,(anonymous_5)
FNDA:2,(anonymous_6)
DA:19,33
DA:20,33
DA:21,33
DA:22,33
DA:23,33
DA:26,33
DA:27,33
DA:28,33
DA:31,33
DA:35,33
DA:36,12
DA:37,11
DA:38,11
DA:39,11
DA:40,11
DA:41,11
DA:47,33
DA:49,32
DA:50,2
DA:51,2
DA:54,32
DA:55,3
DA:56,3
DA:57,3
DA:58,3
DA:59,3
DA:60,1
DA:61,1
DA:63,2
DA:64,1
DA:65,1
DA:67,1
DA:68,1
DA:69,1
DA:74,1
DA:80,32
DA:96,3
DA:107,0
DA:118,2
DA:142,1
LF:40
LH:39
BRDA:14,0,0,0
BRDA:15,1,0,29
BRDA:17,2,0,31
BRDA:26,3,0,2
BRDA:26,3,1,31
BRDA:27,4,0,2
BRDA:27,4,1,31
BRDA:28,5,0,2
BRDA:28,5,1,31
BRDA:31,6,0,2
BRDA:31,6,1,31
BRDA:36,7,0,11
BRDA:36,7,1,1
BRDA:47,8,0,1
BRDA:47,8,1,32
BRDA:59,9,0,1
BRDA:59,9,1,2
BRDA:59,10,0,3
BRDA:59,10,1,2
BRDA:59,10,2,2
BRDA:59,10,3,2
BRDA:63,11,0,1
BRDA:63,11,1,1
BRDA:63,12,0,2
BRDA:63,12,1,2
BRDA:85,13,0,32
BRDA:85,13,1,30
BRDA:120,14,0,2
BRDA:120,14,1,30
BRDA:126,15,0,32
BRDA:126,15,1,2
BRDA:127,16,0,32
BRDA:127,16,1,0
BRF:33
BRH:31
end_of_record
TN:
SF:src/components/exchange/CreateExchangeProviderModal.jsx
FN:13,CreateExchangeProviderModal
FN:21,(anonymous_1)
FN:31,(anonymous_2)
FN:71,(anonymous_3)
FN:81,(anonymous_4)
FN:92,(anonymous_5)
FN:104,(anonymous_6)
FNF:7
FNH:4
FNDA:32,CreateExchangeProviderModal
FNDA:0,(anonymous_1)
FNDA:0,(anonymous_2)
FNDA:8,(anonymous_3)
FNDA:8,(anonymous_4)
FNDA:2,(anonymous_5)
FNDA:0,(anonymous_6)
DA:10,1
DA:11,1
DA:14,32
DA:15,32
DA:16,32
DA:17,32
DA:18,32
DA:19,32
DA:21,32
DA:22,0
DA:23,0
DA:24,0
DA:25,0
DA:26,0
DA:27,0
DA:28,0
DA:31,32
DA:32,0
DA:33,0
DA:34,0
DA:35,0
DA:37,0
DA:38,0
DA:39,0
DA:40,0
DA:41,0
DA:43,0
DA:44,0
DA:45,0
DA:51,0
DA:57,32
DA:71,8
DA:81,8
DA:92,2
DA:104,0
DA:124,1
LF:36
LH:15
BRDA:33,0,0,0
BRDA:33,0,1,0
BRDA:33,1,0,0
BRDA:33,1,1,0
BRDA:39,2,0,0
BRDA:39,2,1,0
BRDA:39,3,0,0
BRDA:39,3,1,0
BRDA:108,4,0,32
BRDA:108,4,1,0
BRDA:109,5,0,32
BRDA:109,5,1,0
BRF:12
BRH:2
end_of_record
TN:
SF:src/components/exchange/EditExchangeProviderModal.jsx
FN:12,EditExchangeProviderModal
FN:20,(anonymous_1)
FN:35,(anonymous_2)
FN:40,(anonymous_3)
FN:79,(anonymous_4)
FN:91,(anonymous_5)
FN:102,(anonymous_6)
FN:108,(anonymous_7)
FNF:8
FNH:6
FNDA:52,EditExchangeProviderModal
FNDA:16,(anonymous_1)
FNDA:1,(anonymous_2)
FNDA:0,(anonymous_3)
FNDA:17,(anonymous_4)
FNDA:3,(anonymous_5)
FNDA:0,(anonymous_6)
FNDA:1,(anonymous_7)
DA:10,1
DA:13,52
DA:14,52
DA:15,52
DA:16,52
DA:17,52
DA:18,52
DA:20,52
DA:21,16
DA:22,15
DA:23,15
DA:24,15
DA:25,15
DA:26,15
DA:27,15
DA:33,52
DA:35,51
DA:36,1
DA:37,1
DA:40,51
DA:41,0
DA:42,0
DA:43,0
DA:44,0
DA:46,0
DA:47,0
DA:48,0
DA:49,0
DA:50,0
DA:52,0
DA:53,0
DA:54,0
DA:60,0
DA:66,51
DA:79,17
DA:91,3
DA:102,0
DA:108,1
DA:130,1
LF:39
LH:25
BRDA:12,0,0,0
BRDA:21,1,0,15
BRDA:21,1,1,1
BRDA:33,2,0,1
BRDA:33,2,1,51
BRDA:42,3,0,0
BRDA:42,3,1,0
BRDA:48,4,0,0
BRDA:48,4,1,0
BRDA:48,5,0,0
BRDA:48,5,1,0
BRDA:114,6,0,51
BRDA:114,6,1,0
BRDA:115,7,0,51
BRDA:115,7,1,0
BRF:15
BRH:6
end_of_record
TN:
SF:src/components/exchange/ExchangeProviderCard.jsx
FN:8,RateRow
FN:30,ExchangeProviderCard
FN:61,(anonymous_2)
FNF:3
FNH:3
FNDA:26,RateRow
FNDA:13,ExchangeProviderCard
FNDA:1,(anonymous_2)
DA:9,26
DA:10,26
DA:24,1
DA:31,13
DA:61,1
DA:69,1
LF:6
LH:6
BRDA:9,0,0,26
BRDA:9,0,1,25
BRDA:13,1,0,25
BRDA:13,1,1,1
BRDA:32,2,0,12
BRDA:32,2,1,1
BRDA:36,3,0,12
BRDA:36,3,1,1
BRDA:40,4,0,12
BRDA:40,4,1,1
BRDA:41,5,0,12
BRDA:41,5,1,1
BRF:12
BRH:12
end_of_record
TN:
SF:src/components/exchange/ExchangeProviderGrid.jsx
FN:8,ExchangeProviderGrid
FN:25,(anonymous_1)
FNF:2
FNH:2
FNDA:10,ExchangeProviderGrid
FNDA:15,(anonymous_1)
DA:9,10
DA:10,1
DA:13,9
DA:14,1
DA:23,8
DA:26,15
DA:32,1
LF:7
LH:7
BRDA:8,0,0,6
BRDA:9,1,0,1
BRDA:9,1,1,9
BRDA:9,2,0,10
BRDA:9,2,1,1
BRDA:13,3,0,1
BRDA:13,3,1,8
BRDA:13,4,0,9
BRDA:13,4,1,9
BRF:9
BRH:9
end_of_record
TN:
SF:src/components/exchange/ExchangeRequestsTable.jsx
FN:22,ExchangeRequestsTable
FN:46,(anonymous_1)
FNF:2
FNH:2
FNDA:17,ExchangeRequestsTable
FNDA:42,(anonymous_1)
DA:11,1
DA:17,1
DA:23,17
DA:24,17
DA:26,17
DA:47,42
DA:48,42
DA:49,42
DA:98,1
LF:9
LH:9
BRDA:22,0,0,13
BRDA:23,1,0,17
BRDA:23,1,1,1
BRDA:24,2,0,17
BRDA:24,2,1,1
BRDA:47,3,0,42
BRDA:47,3,1,0
BRDA:66,4,0,42
BRDA:66,4,1,0
BRDA:69,5,0,14
BRDA:69,5,1,28
BRDA:69,6,0,14
BRDA:69,6,1,0
BRDA:69,7,0,28
BRDA:69,7,1,0
BRDA:76,8,0,17
BRDA:76,8,1,1
BRDA:77,9,0,17
BRDA:77,9,1,16
BRDA:77,9,2,3
BRDA:85,10,0,17
BRDA:85,10,1,14
BRF:22
BRH:18
end_of_record
TN:
SF:src/components/gifts/GiftForm.jsx
FN:4,GiftForm
FN:17,(anonymous_1)
FN:31,(anonymous_2)
FN:62,(anonymous_3)
FN:64,(anonymous_4)
FN:70,(anonymous_5)
FN:77,(anonymous_6)
FNF:7
FNH:4
FNDA:52,GiftForm
FNDA:20,(anonymous_1)
FNDA:0,(anonymous_2)
FNDA:29,(anonymous_3)
FNDA:29,(anonymous_4)
FNDA:0,(anonymous_5)
FNDA:0,(anonymous_6)
DA:5,52
DA:15,52
DA:17,52
DA:18,20
DA:19,3
DA:31,52
DA:32,0
DA:34,0
DA:35,0
DA:38,0
DA:39,0
DA:42,0
DA:43,0
DA:46,0
DA:47,0
DA:50,0
DA:51,0
DA:52,0
DA:53,0
DA:54,0
DA:58,0
DA:59,0
DA:62,52
DA:63,29
DA:64,29
DA:69,29
DA:70,0
DA:77,52
DA:78,0
DA:79,0
DA:80,0
DA:84,52
LF:32
LH:12
BRDA:18,0,0,3
BRDA:18,0,1,17
BRDA:21,1,0,3
BRDA:21,1,1,0
BRDA:22,2,0,3
BRDA:22,2,1,0
BRDA:24,3,0,3
BRDA:24,3,1,0
BRDA:34,4,0,0
BRDA:34,4,1,0
BRDA:38,5,0,0
BRDA:38,5,1,0
BRDA:38,6,0,0
BRDA:38,6,1,0
BRDA:42,7,0,0
BRDA:42,7,1,0
BRDA:46,8,0,0
BRDA:46,8,1,0
BRDA:50,9,0,0
BRDA:50,9,1,0
BRDA:50,10,0,0
BRDA:50,10,1,0
BRDA:53,11,0,0
BRDA:53,11,1,0
BRDA:69,12,0,0
BRDA:69,12,1,29
BRDA:79,13,0,0
BRDA:79,13,1,0
BRDA:87,14,0,6
BRDA:87,14,1,46
BRDA:99,15,0,0
BRDA:99,15,1,52
BRDA:101,16,0,52
BRDA:101,16,1,0
BRDA:139,17,0,0
BRDA:139,17,1,52
BRDA:141,18,0,52
BRDA:141,18,1,0
BRDA:167,19,0,0
BRDA:167,19,1,52
BRDA:169,20,0,52
BRDA:169,20,1,0
BRDA:180,21,0,0
BRDA:180,21,1,52
BRDA:182,22,0,52
BRDA:182,22,1,0
BRDA:188,23,0,6
BRDA:188,23,1,46
BRF:48
BRH:18
end_of_record
TN:
SF:src/components/gifts/GiftRulesPanel.jsx
FN:4,GiftRulesPanel
FN:12,(anonymous_1)
FN:29,(anonymous_2)
FN:34,(anonymous_3)
FN:56,(anonymous_4)
FN:57,(anonymous_5)
FN:65,(anonymous_6)
FN:78,(anonymous_7)
FN:79,(anonymous_8)
FN:83,(anonymous_9)
FN:97,(anonymous_10)
FN:98,(anonymous_11)
FN:121,(anonymous_12)
FN:131,(anonymous_13)
FN:136,(anonymous_14)
FNF:15
FNH:7
FNDA:23,GiftRulesPanel
FNDA:6,(anonymous_1)
FNDA:0,(anonymous_2)
FNDA:0,(anonymous_3)
FNDA:43,(anonymous_4)
FNDA:65,(anonymous_5)
FNDA:6,(anonymous_6)
FNDA:0,(anonymous_7)
FNDA:0,(anonymous_8)
FNDA:12,(anonymous_9)
FNDA:0,(anonymous_10)
FNDA:0,(anonymous_11)
FNDA:43,(anonymous_12)
FNDA:0,(anonymous_13)
FNDA:0,(anonymous_14)
DA:5,23
DA:6,23
DA:7,23
DA:12,23
DA:13,6
DA:14,0
DA:15,0
DA:20,6
DA:21,6
DA:26,6
DA:29,23
DA:30,0
DA:31,0
DA:34,23
DA:35,0
DA:37,0
DA:38,0
DA:39,0
DA:42,0
DA:43,0
DA:44,0
DA:48,0
DA:50,0
DA:52,0
DA:56,23
DA:57,65
DA:58,43
DA:61,23
DA:65,6
DA:79,0
DA:84,12
DA:98,0
DA:122,43
DA:131,0
DA:137,0
DA:138,0
LF:36
LH:17
BRDA:12,0,0,6
BRDA:13,1,0,0
BRDA:13,1,1,6
BRDA:37,2,0,0
BRDA:37,2,1,0
BRDA:37,3,0,0
BRDA:37,3,1,0
BRDA:43,4,0,0
BRDA:43,4,1,0
BRDA:58,5,0,42
BRDA:58,5,1,1
BRDA:70,6,0,23
BRDA:70,6,1,6
BRDA:107,7,0,0
BRDA:107,7,1,6
BRDA:118,8,0,1
BRDA:118,8,1,22
BRDA:137,9,0,0
BRDA:137,9,1,0
BRF:19
BRH:9
end_of_record
TN:
SF:src/components/institutions/CreateInstitutionModal.jsx
FN:11,CreateInstitutionModal
FN:19,(anonymous_1)
FN:29,(anonymous_2)
FN:67,(anonymous_3)
FN:76,(anonymous_4)
FN:85,(anonymous_5)
FN:94,(anonymous_6)
FNF:7
FNH:1
FNDA:5,CreateInstitutionModal
FNDA:0,(anonymous_1)
FNDA:0,(anonymous_2)
FNDA:0,(anonymous_3)
FNDA:0,(anonymous_4)
FNDA:0,(anonymous_5)
FNDA:0,(anonymous_6)
DA:9,1
DA:12,5
DA:13,5
DA:14,5
DA:15,5
DA:16,5
DA:17,5
DA:19,5
DA:20,0
DA:21,0
DA:22,0
DA:23,0
DA:24,0
DA:25,0
DA:26,0
DA:29,5
DA:30,0
DA:31,0
DA:32,0
DA:33,0
DA:35,0
DA:36,0
DA:39,0
DA:41,0
DA:42,0
DA:43,0
DA:45,0
DA:46,0
DA:47,0
DA:48,0
DA:54,5
DA:67,0
DA:76,0
DA:85,0
DA:94,0
DA:114,1
LF:36
LH:11
BRDA:31,0,0,0
BRDA:31,0,1,0
BRDA:31,1,0,0
BRDA:31,1,1,0
BRDA:31,1,2,0
BRDA:31,1,3,0
BRDA:35,2,0,0
BRDA:35,2,1,0
BRDA:41,3,0,0
BRDA:41,3,1,0
BRDA:97,4,0,5
BRDA:97,4,1,5
BRDA:97,4,2,0
BRDA:98,5,0,0
BRDA:98,5,1,0
BRF:15
BRH:2
end_of_record
TN:
SF:src/components/institutions/EditBrandingModal.jsx
FN:15,EditBrandingModal
FN:26,(anonymous_1)
FN:35,(anonymous_2)
FN:41,(anonymous_3)
FN:54,(anonymous_4)
FN:58,(anonymous_5)
FN:63,(anonymous_6)
FN:95,(anonymous_7)
FN:118,(anonymous_8)
FN:151,(anonymous_9)
FN:157,(anonymous_10)
FNF:11
FNH:2
FNDA:8,EditBrandingModal
FNDA:5,(anonymous_1)
FNDA:0,(anonymous_2)
FNDA:0,(anonymous_3)
FNDA:0,(anonymous_4)
FNDA:0,(anonymous_5)
FNDA:0,(anonymous_6)
FNDA:0,(anonymous_7)
FNDA:0,(anonymous_8)
FNDA:0,(anonymous_9)
FNDA:0,(anonymous_10)
DA:9,1
DA:10,1
DA:13,1
DA:16,8
DA:17,8
DA:18,8
DA:19,8
DA:20,8
DA:21,8
DA:26,8
DA:27,5
DA:28,3
DA:29,3
DA:30,3
DA:31,3
DA:35,8
DA:36,0
DA:37,0
DA:38,0
DA:41,8
DA:42,0
DA:43,0
DA:44,0
DA:45,0
DA:46,0
DA:48,0
DA:49,0
DA:50,0
DA:52,0
DA:53,0
DA:54,0
DA:55,0
DA:58,8
DA:59,0
DA:60,0
DA:63,8
DA:64,0
DA:65,0
DA:66,0
DA:67,0
DA:69,0
DA:70,0
DA:71,0
DA:73,0
DA:74,0
DA:75,0
DA:76,0
DA:82,8
DA:95,0
DA:118,0
DA:151,0
DA:157,0
DA:181,1
LF:53
LH:21
BRDA:27,0,0,3
BRDA:27,0,1,2
BRDA:27,1,0,5
BRDA:27,1,1,3
BRDA:29,2,0,3
BRDA:29,2,1,3
BRDA:30,3,0,3
BRDA:30,3,1,0
BRDA:43,4,0,0
BRDA:43,4,1,0
BRDA:44,5,0,0
BRDA:44,5,1,0
BRDA:48,6,0,0
BRDA:48,6,1,0
BRDA:60,7,0,0
BRDA:60,7,1,0
BRDA:65,8,0,0
BRDA:65,8,1,0
BRDA:69,9,0,0
BRDA:69,9,1,0
BRDA:103,10,0,0
BRDA:103,10,1,8
BRDA:120,11,0,0
BRDA:120,11,1,8
BRDA:122,12,0,8
BRDA:122,12,1,0
BRDA:150,13,0,8
BRDA:150,13,1,0
BRDA:164,14,0,8
BRDA:164,14,1,8
BRDA:164,14,2,0
BRDA:165,15,0,0
BRDA:165,15,1,0
BRF:33
BRH:13
end_of_record
TN:
SF:src/components/institutions/EditInstitutionModal.jsx
FN:12,EditInstitutionModal
FN:21,(anonymous_1)
FN:30,(anonymous_2)
FN:36,(anonymous_3)
FN:78,(anonymous_4)
FN:88,(anonymous_5)
FN:97,(anonymous_6)
FNF:7
FNH:2
FNDA:8,EditInstitutionModal
FNDA:5,(anonymous_1)
FNDA:0,(anonymous_2)
FNDA:0,(anonymous_3)
FNDA:0,(anonymous_4)
FNDA:0,(anonymous_5)
FNDA:0,(anonymous_6)
DA:13,8
DA:14,8
DA:15,8
DA:16,8
DA:17,8
DA:21,8
DA:22,5
DA:23,3
DA:24,3
DA:25,3
DA:26,3
DA:30,8
DA:31,0
DA:32,0
DA:33,0
DA:36,8
DA:37,0
DA:38,0
DA:39,0
DA:40,0
DA:42,0
DA:43,0
DA:44,0
DA:46,0
DA:47,0
DA:50,0
DA:52,0
DA:53,0
DA:54,0
DA:59,0
DA:65,8
DA:78,0
DA:88,0
DA:97,0
DA:117,1
LF:35
LH:15
BRDA:22,0,0,3
BRDA:22,0,1,2
BRDA:22,1,0,5
BRDA:22,1,1,3
BRDA:24,2,0,3
BRDA:24,2,1,0
BRDA:38,3,0,0
BRDA:38,3,1,0
BRDA:42,4,0,0
BRDA:42,4,1,0
BRDA:46,5,0,0
BRDA:46,5,1,0
BRDA:46,6,0,0
BRDA:46,6,1,0
BRDA:57,7,0,0
BRDA:57,7,1,0
BRDA:100,8,0,8
BRDA:100,8,1,8
BRDA:100,8,2,0
BRDA:101,9,0,0
BRDA:101,9,1,0
BRF:21
BRH:7
end_of_record
TN:
SF:src/components/institutions/FeatureFlagsModal.jsx
FN:22,FlagRow
FN:32,(anonymous_1)
FN:55,FeatureFlagsModal
FN:59,(anonymous_3)
FN:65,(anonymous_4)
FN:80,(anonymous_5)
FNF:6
FNH:0
FNDA:0,FlagRow
FNDA:0,(anonymous_1)
FNDA:0,FeatureFlagsModal
FNDA:0,(anonymous_3)
FNDA:0,(anonymous_4)
FNDA:0,(anonymous_5)
DA:7,0
DA:23,0
DA:24,0
DA:32,0
DA:46,0
DA:56,0
DA:57,0
DA:59,0
DA:60,0
DA:61,0
DA:65,0
DA:66,0
DA:67,0
DA:68,0
DA:69,0
DA:71,0
DA:73,0
DA:77,0
DA:81,0
DA:89,0
LF:20
LH:0
BRDA:23,0,0,0
BRDA:23,0,1,0
BRDA:35,1,0,0
BRDA:35,1,1,0
BRDA:40,2,0,0
BRDA:40,2,1,0
BRDA:40,3,0,0
BRDA:40,3,1,0
BRDA:60,4,0,0
BRDA:60,4,1,0
BRDA:71,5,0,0
BRDA:71,5,1,0
BRDA:84,6,0,0
BRDA:84,6,1,0
BRF:14
BRH:0
end_of_record
TN:
SF:src/components/institutions/InstitutionCard.jsx
FN:9,InstitutionCard
FN:54,(anonymous_1)
FN:62,(anonymous_2)
FN:70,(anonymous_3)
FN:79,(anonymous_4)
FNF:5
FNH:5
FNDA:19,InstitutionCard
FNDA:1,(anonymous_1)
FNDA:1,(anonymous_2)
FNDA:1,(anonymous_3)
FNDA:2,(anonymous_4)
DA:17,19
DA:19,19
DA:54,1
DA:62,1
DA:70,1
DA:79,2
DA:88,1
LF:7
LH:7
BRDA:15,0,0,18
BRDA:24,1,0,0
BRDA:24,1,1,19
BRDA:35,2,0,16
BRDA:35,2,1,3
BRDA:40,3,0,19
BRDA:40,3,1,19
BRDA:75,4,0,16
BRDA:75,4,1,3
BRDA:76,5,0,16
BRDA:76,5,1,3
BRDA:79,6,0,1
BRDA:79,6,1,1
BRDA:81,7,0,16
BRDA:81,7,1,3
BRF:15
BRH:14
end_of_record
TN:
SF:src/components/institutions/InstitutionGrid.jsx
FN:8,InstitutionGrid
FN:33,(anonymous_1)
FNF:2
FNH:2
FNDA:12,InstitutionGrid
FNDA:19,(anonymous_1)
DA:17,12
DA:18,1
DA:21,11
DA:22,1
DA:31,10
DA:34,19
DA:48,1
LF:7
LH:7
BRDA:10,0,0,0
BRDA:15,1,0,11
BRDA:17,2,0,1
BRDA:17,2,1,11
BRDA:17,3,0,12
BRDA:17,3,1,1
BRDA:21,4,0,1
BRDA:21,4,1,10
BRDA:21,5,0,11
BRDA:21,5,1,11
BRF:10
BRH:9
end_of_record
TN:
SF:src/components/ledger/ApiUsageCard.jsx
FN:23,formatMonthLabel
FN:28,formatSinceDate
FN:37,ApiUsageCard
FN:70,(anonymous_3)
FNF:4
FNH:4
FNDA:20,formatMonthLabel
FNDA:13,formatSinceDate
FNDA:14,ApiUsageCard
FNDA:20,(anonymous_3)
DA:8,1
DA:24,20
DA:25,20
DA:29,13
DA:30,12
DA:38,14
DA:39,1
DA:46,13
DA:47,13
DA:48,13
DA:50,13
DA:71,20
DA:122,1
DA:131,1
LF:14
LH:14
BRDA:29,0,0,1
BRDA:29,0,1,12
BRDA:37,1,0,0
BRDA:37,2,0,10
BRDA:38,3,0,1
BRDA:38,3,1,13
BRDA:38,4,0,14
BRDA:38,4,1,2
BRDA:46,5,0,13
BRDA:46,5,1,1
BRDA:87,6,0,13
BRDA:87,6,1,10
BRDA:90,7,0,10
BRDA:90,7,1,0
BRDA:111,8,0,13
BRDA:111,8,1,12
BRDA:111,8,2,2
BRF:17
BRH:15
end_of_record
TN:
SF:src/components/ledger/LedgerTable.jsx
FN:21,SourceBadge
FN:31,LedgerTable
FN:53,(anonymous_2)
FNF:3
FNH:3
FNDA:24,SourceBadge
FNDA:17,LedgerTable
FNDA:24,(anonymous_2)
DA:12,1
DA:22,24
DA:29,1
DA:32,17
DA:34,17
DA:54,24
DA:55,24
DA:56,24
DA:109,1
LF:9
LH:9
BRDA:22,0,0,12
BRDA:22,0,1,12
BRDA:31,1,0,0
BRDA:31,2,0,14
BRDA:32,3,0,17
BRDA:32,3,1,2
BRDA:54,4,0,24
BRDA:54,4,1,0
BRDA:76,5,0,12
BRDA:76,5,1,12
BRDA:88,6,0,17
BRDA:88,6,1,1
BRDA:89,7,0,17
BRDA:89,7,1,16
BRDA:89,7,2,4
BRDA:96,8,0,17
BRDA:96,8,1,15
BRDA:96,8,2,12
BRF:18
BRH:16
end_of_record
TN:
SF:src/components/ledger/MetricsGrid.jsx
FN:13,(anonymous_0)
FN:20,(anonymous_1)
FN:27,(anonymous_2)
FN:34,(anonymous_3)
FN:38,MetricsGrid
FN:49,(anonymous_5)
FNF:6
FNH:6
FNDA:9,(anonymous_0)
FNDA:9,(anonymous_1)
FNDA:9,(anonymous_2)
FNDA:9,(anonymous_3)
FNDA:12,MetricsGrid
FNDA:40,(anonymous_5)
DA:7,1
DA:13,9
DA:20,9
DA:27,9
DA:34,9
DA:39,12
DA:40,2
DA:47,10
DA:50,40
DA:66,1
LF:10
LH:10
BRDA:38,0,0,0
BRDA:38,1,0,8
BRDA:39,2,0,2
BRDA:39,2,1,10
BRDA:39,3,0,12
BRDA:39,3,1,2
BRDA:57,4,0,36
BRDA:57,4,1,4
BRDA:57,5,0,36
BRDA:57,5,1,3
BRF:10
BRH:9
end_of_record
TN:
SF:src/components/ledger/ValuePreview.jsx
FN:4,stringifyValue
FN:8,(anonymous_1)
FN:14,ValuePreview
FNF:3
FNH:3
FNDA:24,stringifyValue
FNDA:4,(anonymous_1)
FNDA:12,ValuePreview
DA:5,24
DA:6,13
DA:7,2
DA:8,4
DA:11,11
DA:15,12
DA:16,12
DA:18,12
DA:19,4
DA:22,8
DA:34,1
LF:11
LH:11
BRDA:5,0,0,11
BRDA:5,0,1,13
BRDA:5,1,0,24
BRDA:5,1,1,13
BRDA:6,2,0,2
BRDA:6,2,1,11
BRDA:14,3,0,5
BRDA:14,4,0,4
BRDA:18,5,0,4
BRDA:18,5,1,8
BRDA:18,6,0,12
BRDA:18,6,1,7
BRDA:24,7,0,8
BRDA:24,7,1,5
BRDA:29,8,0,8
BRDA:29,8,1,6
BRF:16
BRH:16
end_of_record
TN:
SF:src/components/partners/CreatePartnerModal.jsx
FN:12,CreatePartnerModal
FN:18,(anonymous_1)
FN:26,(anonymous_2)
FN:55,(anonymous_3)
FN:68,(anonymous_4)
FNF:5
FNH:5
FNDA:680,CreatePartnerModal
FNDA:5,(anonymous_1)
FNDA:6,(anonymous_2)
FNDA:88,(anonymous_3)
FNDA:559,(anonymous_4)
DA:9,1
DA:10,1
DA:13,680
DA:14,680
DA:15,680
DA:16,680
DA:18,680
DA:19,5
DA:20,5
DA:21,5
DA:22,5
DA:23,5
DA:26,680
DA:27,6
DA:28,6
DA:29,2
DA:30,2
DA:32,4
DA:33,4
DA:34,4
DA:35,3
DA:41,680
DA:55,88
DA:68,559
DA:89,1
LF:25
LH:25
BRDA:28,0,0,2
BRDA:28,0,1,4
BRDA:74,1,0,680
BRDA:74,1,1,1
BRF:4
BRH:4
end_of_record
TN:
SF:src/components/partners/CreatePartnerServiceAccountModal.jsx
FN:9,CreatePartnerServiceAccountModal
FN:16,(anonymous_1)
FN:30,(anonymous_2)
FN:35,(anonymous_3)
FN:83,(anonymous_4)
FN:93,(anonymous_5)
FNF:6
FNH:0
FNDA:0,CreatePartnerServiceAccountModal
FNDA:0,(anonymous_1)
FNDA:0,(anonymous_2)
FNDA:0,(anonymous_3)
FNDA:0,(anonymous_4)
FNDA:0,(anonymous_5)
DA:10,0
DA:11,0
DA:12,0
DA:13,0
DA:14,0
DA:16,0
DA:17,0
DA:18,0
DA:19,0
DA:20,0
DA:21,0
DA:22,0
DA:28,0
DA:30,0
DA:31,0
DA:32,0
DA:35,0
DA:36,0
DA:37,0
DA:38,0
DA:39,0
DA:41,0
DA:42,0
DA:43,0
DA:45,0
DA:46,0
DA:47,0
DA:48,0
DA:54,0
DA:83,0
DA:93,0
DA:114,0
LF:32
LH:0
BRDA:9,0,0,0
BRDA:17,1,0,0
BRDA:17,1,1,0
BRDA:28,2,0,0
BRDA:28,2,1,0
BRDA:37,3,0,0
BRDA:37,3,1,0
BRDA:37,4,0,0
BRDA:37,4,1,0
BRDA:41,5,0,0
BRDA:41,5,1,0
BRDA:61,6,0,0
BRDA:61,6,1,0
BRDA:96,7,0,0
BRDA:96,7,1,0
BRDA:96,7,2,0
BRDA:97,8,0,0
BRDA:97,8,1,0
BRF:18
BRH:0
end_of_record
TN:
SF:src/components/partners/PartnerCard.jsx
FN:9,RateRow
FN:40,formatValidityDays
FN:44,ValidityRow
FN:71,PartnerCard
FN:109,(anonymous_4)
FN:117,(anonymous_5)
FNF:6
FNH:6
FNDA:34,RateRow
FNDA:17,formatValidityDays
FNDA:17,ValidityRow
FNDA:17,PartnerCard
FNDA:1,(anonymous_4)
FNDA:1,(anonymous_5)
DA:10,34
DA:11,34
DA:33,1
DA:41,17
DA:45,17
DA:46,17
DA:47,17
DA:66,1
DA:72,17
DA:109,1
DA:117,1
DA:126,1
LF:12
LH:12
BRDA:9,0,0,0
BRDA:10,1,0,34
BRDA:10,1,1,32
BRDA:16,2,0,32
BRDA:16,2,1,2
BRDA:19,3,0,32
BRDA:19,3,1,2
BRDA:41,4,0,2
BRDA:41,4,1,15
BRDA:44,5,0,0
BRDA:45,6,0,17
BRDA:45,6,1,16
BRDA:46,7,0,16
BRDA:46,7,1,1
BRDA:52,8,0,16
BRDA:52,8,1,1
BRDA:82,9,0,17
BRDA:82,9,1,1
BRDA:88,10,0,17
BRDA:88,10,1,1
BRDA:94,11,0,17
BRDA:94,11,1,1
BRDA:99,12,0,17
BRDA:99,12,1,1
BRF:24
BRH:22
end_of_record
TN:
SF:src/components/partners/PartnerGrid.jsx
FN:8,PartnerGrid
FN:30,(anonymous_1)
FNF:2
FNH:2
FNDA:11,PartnerGrid
FNDA:16,(anonymous_1)
DA:14,11
DA:15,1
DA:18,10
DA:19,2
DA:28,8
DA:31,16
DA:42,1
LF:7
LH:7
BRDA:10,0,0,0
BRDA:14,1,0,1
BRDA:14,1,1,10
BRDA:14,2,0,11
BRDA:14,2,1,2
BRDA:18,3,0,2
BRDA:18,3,1,8
BRDA:18,4,0,10
BRDA:18,4,1,9
BRF:9
BRH:8
end_of_record
TN:
SF:src/components/partners/PartnerRateConfigModal.jsx
FN:6,PartnerRateConfigModal
FNF:1
FNH:0
FNDA:0,PartnerRateConfigModal
DA:7,0
LF:1
LH:0
BRF:0
BRH:0
end_of_record
TN:
SF:src/components/profiles/CreateProfileModal.jsx
FN:12,CreateProfileModal
FN:18,(anonymous_1)
FN:26,(anonymous_2)
FN:55,(anonymous_3)
FN:68,(anonymous_4)
FNF:5
FNH:5
FNDA:663,CreateProfileModal
FNDA:5,(anonymous_1)
FNDA:6,(anonymous_2)
FNDA:82,(anonymous_3)
FNDA:548,(anonymous_4)
DA:9,1
DA:10,1
DA:13,663
DA:14,663
DA:15,663
DA:16,663
DA:18,663
DA:19,5
DA:20,5
DA:21,5
DA:22,5
DA:23,5
DA:26,663
DA:27,6
DA:28,6
DA:29,2
DA:30,2
DA:32,4
DA:33,4
DA:34,4
DA:35,3
DA:41,663
DA:55,82
DA:68,548
DA:89,1
LF:25
LH:25
BRDA:28,0,0,2
BRDA:28,0,1,4
BRDA:74,1,0,663
BRDA:74,1,1,1
BRF:4
BRH:4
end_of_record
TN:
SF:src/components/profiles/CreateTierRuleModal.jsx
FN:13,Select
FN:36,CreateTierRuleModal
FN:52,(anonymous_2)
FN:54,(anonymous_3)
FN:70,(anonymous_4)
FN:75,(anonymous_5)
FN:118,(anonymous_6)
FN:120,(anonymous_7)
FN:131,(anonymous_8)
FN:141,(anonymous_9)
FN:145,(anonymous_10)
FN:160,(anonymous_11)
FN:170,(anonymous_12)
FNF:13
FNH:0
FNDA:0,Select
FNDA:0,CreateTierRuleModal
FNDA:0,(anonymous_2)
FNDA:0,(anonymous_3)
FNDA:0,(anonymous_4)
FNDA:0,(anonymous_5)
FNDA:0,(anonymous_6)
FNDA:0,(anonymous_7)
FNDA:0,(anonymous_8)
FNDA:0,(anonymous_9)
FNDA:0,(anonymous_10)
FNDA:0,(anonymous_11)
FNDA:0,(anonymous_12)
DA:10,0
DA:14,0
DA:27,0
DA:44,0
DA:45,0
DA:46,0
DA:47,0
DA:48,0
DA:49,0
DA:50,0
DA:52,0
DA:54,0
DA:55,0
DA:56,0
DA:57,0
DA:58,0
DA:59,0
DA:60,0
DA:61,0
DA:62,0
DA:68,0
DA:70,0
DA:71,0
DA:72,0
DA:75,0
DA:76,0
DA:77,0
DA:78,0
DA:79,0
DA:80,0
DA:81,0
DA:83,0
DA:84,0
DA:85,0
DA:87,0
DA:88,0
DA:89,0
DA:91,0
DA:92,0
DA:93,0
DA:100,0
DA:106,0
DA:118,0
DA:121,0
DA:131,0
DA:141,0
DA:146,0
DA:160,0
DA:170,0
DA:190,0
LF:50
LH:0
BRDA:13,0,0,0
BRDA:22,1,0,0
BRDA:22,1,1,0
BRDA:39,2,0,0
BRDA:55,3,0,0
BRDA:55,3,1,0
BRDA:56,4,0,0
BRDA:56,4,1,0
BRDA:68,5,0,0
BRDA:68,5,1,0
BRDA:79,6,0,0
BRDA:79,6,1,0
BRDA:83,7,0,0
BRDA:83,7,1,0
BRDA:83,8,0,0
BRDA:83,8,1,0
BRDA:87,9,0,0
BRDA:87,9,1,0
BRDA:87,10,0,0
BRDA:87,10,1,0
BRDA:96,11,0,0
BRDA:96,11,1,0
BRDA:174,12,0,0
BRDA:174,12,1,0
BRDA:175,13,0,0
BRDA:175,13,1,0
BRF:26
BRH:0
end_of_record
TN:
SF:src/components/profiles/ProfileCard.jsx
FN:10,RateRow
FN:41,formatValidityDays
FN:45,ValidityRow
FN:72,ProfileCard
FN:116,(anonymous_4)
FNF:5
FNH:5
FNDA:32,RateRow
FNDA:16,formatValidityDays
FNDA:16,ValidityRow
FNDA:16,ProfileCard
FNDA:1,(anonymous_4)
DA:11,32
DA:12,32
DA:34,1
DA:42,16
DA:46,16
DA:47,16
DA:48,16
DA:67,1
DA:73,16
DA:75,16
DA:116,1
DA:126,1
LF:12
LH:12
BRDA:10,0,0,0
BRDA:11,1,0,32
BRDA:11,1,1,30
BRDA:17,2,0,30
BRDA:17,2,1,2
BRDA:20,3,0,30
BRDA:20,3,1,2
BRDA:42,4,0,2
BRDA:42,4,1,14
BRDA:45,5,0,0
BRDA:46,6,0,16
BRDA:46,6,1,15
BRDA:47,7,0,15
BRDA:47,7,1,1
BRDA:53,8,0,15
BRDA:53,8,1,1
BRDA:73,9,0,16
BRDA:73,9,1,16
BRDA:89,10,0,16
BRDA:89,10,1,1
BRDA:95,11,0,16
BRDA:95,11,1,1
BRDA:101,12,0,16
BRDA:101,12,1,1
BRDA:106,13,0,16
BRDA:106,13,1,1
BRF:26
BRH:24
end_of_record
TN:
SF:src/components/profiles/ProfileGrid.jsx
FN:8,ProfileGrid
FN:25,(anonymous_1)
FNF:2
FNH:2
FNDA:9,ProfileGrid
FNDA:14,(anonymous_1)
DA:9,9
DA:10,1
DA:13,8
DA:14,1
DA:23,7
DA:26,14
DA:38,1
LF:7
LH:7
BRDA:8,0,0,8
BRDA:8,1,0,0
BRDA:9,2,0,1
BRDA:9,2,1,8
BRDA:9,3,0,9
BRDA:9,3,1,2
BRDA:13,4,0,1
BRDA:13,4,1,7
BRDA:13,5,0,8
BRDA:13,5,1,7
BRF:10
BRH:9
end_of_record
TN:
SF:src/components/profiles/RateConfigModal.jsx
FNF:0
FNH:0
LF:0
LH:0
BRF:0
BRH:0
end_of_record
TN:
SF:src/components/profiles/TierRulesSection.jsx
FN:15,profileName
FN:16,(anonymous_1)
FN:19,partnerName
FN:21,(anonymous_3)
FN:24,TierRulesSection
FN:30,(anonymous_5)
FN:40,(anonymous_6)
FN:44,(anonymous_7)
FN:49,(anonymous_8)
FN:63,(anonymous_9)
FN:78,(anonymous_10)
FN:96,(anonymous_11)
FN:109,(anonymous_12)
FNF:13
FNH:0
FNDA:0,profileName
FNDA:0,(anonymous_1)
FNDA:0,partnerName
FNDA:0,(anonymous_3)
FNDA:0,TierRulesSection
FNDA:0,(anonymous_5)
FNDA:0,(anonymous_6)
FNDA:0,(anonymous_7)
FNDA:0,(anonymous_8)
FNDA:0,(anonymous_9)
FNDA:0,(anonymous_10)
FNDA:0,(anonymous_11)
FNDA:0,(anonymous_12)
DA:10,0
DA:16,0
DA:20,0
DA:21,0
DA:25,0
DA:26,0
DA:27,0
DA:28,0
DA:30,0
DA:31,0
DA:32,0
DA:33,0
DA:34,0
DA:36,0
DA:40,0
DA:41,0
DA:44,0
DA:45,0
DA:46,0
DA:49,0
DA:50,0
DA:51,0
DA:54,0
DA:63,0
DA:79,0
DA:96,0
DA:109,0
DA:119,0
LF:28
LH:0
BRDA:16,0,0,0
BRDA:16,0,1,0
BRDA:20,1,0,0
BRDA:20,1,1,0
BRDA:21,2,0,0
BRDA:21,2,1,0
BRDA:70,3,0,0
BRDA:70,3,1,0
BRDA:72,4,0,0
BRDA:72,4,1,0
BRDA:110,5,0,0
BRDA:110,5,1,0
BRF:12
BRH:0
end_of_record
TN:
SF:src/components/wallets/WalletHistoryTable.jsx
FN:18,WalletHistoryTable
FN:41,(anonymous_1)
FNF:2
FNH:2
FNDA:21,WalletHistoryTable
FNDA:52,(anonymous_1)
DA:12,1
DA:19,21
DA:20,21
DA:22,21
DA:42,52
DA:43,52
DA:44,52
DA:101,1
LF:8
LH:8
BRDA:18,0,0,20
BRDA:19,1,0,21
BRDA:19,1,1,1
BRDA:20,2,0,21
BRDA:20,2,1,1
BRDA:42,3,0,52
BRDA:42,3,1,0
BRDA:66,4,0,18
BRDA:66,4,1,34
BRDA:79,5,0,21
BRDA:79,5,1,1
BRDA:80,6,0,21
BRDA:80,6,1,20
BRDA:80,6,2,3
BRDA:88,7,0,21
BRDA:88,7,1,18
BRF:16
BRH:15
end_of_record
TN:
SF:src/components/wallets/WalletsTable.jsx
FN:18,SortableHeader
FN:25,(anonymous_1)
FN:46,WalletsTable
FN:68,(anonymous_3)
FN:81,(anonymous_4)
FN:86,(anonymous_5)
FNF:6
FNH:5
FNDA:36,SortableHeader
FNDA:1,(anonymous_1)
FNDA:12,WalletsTable
FNDA:36,(anonymous_3)
FNDA:20,(anonymous_4)
FNDA:0,(anonymous_5)
DA:12,1
DA:19,36
DA:20,36
DA:21,36
DA:25,1
DA:38,1
DA:54,12
DA:55,12
DA:56,12
DA:58,12
DA:69,36
DA:82,20
DA:83,20
DA:86,0
DA:128,1
LF:15
LH:14
BRDA:20,0,0,12
BRDA:20,0,1,24
BRDA:20,1,0,12
BRDA:20,1,1,0
BRDA:28,2,0,12
BRDA:28,2,1,24
BRDA:48,3,0,12
BRDA:50,4,0,9
BRDA:51,5,0,9
BRDA:52,6,0,9
BRDA:55,7,0,12
BRDA:55,7,1,1
BRDA:56,8,0,12
BRDA:56,8,1,1
BRDA:82,9,0,20
BRDA:82,9,1,20
BRDA:106,10,0,12
BRDA:106,10,1,0
BRDA:107,11,0,12
BRDA:107,11,1,12
BRDA:107,11,2,2
BRDA:115,12,0,12
BRDA:115,12,1,10
BRF:23
BRH:21
end_of_record
TN:
SF:src/constants/index.js
FNF:0
FNH:0
DA:1,8
DA:11,8
DA:16,8
DA:50,8
DA:56,8
DA:62,8
DA:68,8
DA:74,8
DA:81,8
DA:87,8
DA:88,8
LF:11
LH:11
BRF:0
BRH:0
end_of_record
TN:
SF:src/context/AdminContext.jsx
FN:9,AdminProvider
FN:43,(anonymous_1)
FN:53,(anonymous_2)
FN:64,(anonymous_3)
FN:66,(anonymous_4)
FN:66,(anonymous_5)
FN:72,(anonymous_6)
FN:86,(anonymous_7)
FN:86,(anonymous_8)
FN:90,(anonymous_9)
FN:100,(anonymous_10)
FN:111,(anonymous_11)
FNF:12
FNH:2
FNDA:8,AdminProvider
FNDA:0,(anonymous_1)
FNDA:0,(anonymous_2)
FNDA:0,(anonymous_3)
FNDA:0,(anonymous_4)
FNDA:0,(anonymous_5)
FNDA:0,(anonymous_6)
FNDA:0,(anonymous_7)
FNDA:0,(anonymous_8)
FNDA:0,(anonymous_9)
FNDA:0,(anonymous_10)
FNDA:8,(anonymous_11)
DA:7,1
DA:16,8
DA:17,8
DA:19,8
DA:20,8
DA:22,8
DA:23,8
DA:25,8
DA:26,8
DA:28,8
DA:35,8
DA:37,8
DA:41,8
DA:43,8
DA:44,0
DA:45,0
DA:46,0
DA:47,0
DA:49,0
DA:53,8
DA:54,0
DA:55,0
DA:56,0
DA:57,0
DA:59,0
DA:63,8
DA:65,0
DA:66,0
DA:67,0
DA:72,8
DA:73,0
DA:74,0
DA:75,0
DA:76,0
DA:78,0
DA:85,8
DA:86,0
DA:90,8
DA:91,0
DA:92,0
DA:93,0
DA:94,0
DA:96,0
DA:100,8
DA:101,0
DA:102,0
DA:103,0
DA:104,0
DA:106,0
DA:110,8
DA:111,8
DA:153,8
DA:156,1
LF:53
LH:24
BRDA:66,0,0,0
BRDA:66,0,1,0
BRDA:86,1,0,0
BRDA:86,1,1,0
BRDA:90,2,0,0
BRDA:100,3,0,0
BRDA:100,4,0,0
BRF:7
BRH:0
end_of_record
TN:
SF:src/context/AuthContext.jsx
FN:9,AuthProvider
FN:16,(anonymous_1)
FN:35,(anonymous_2)
FN:44,(anonymous_3)
FN:51,(anonymous_4)
FN:53,(anonymous_5)
FN:53,(anonymous_6)
FN:56,(anonymous_7)
FN:59,(anonymous_8)
FNF:9
FNH:7
FNDA:40,AuthProvider
FNDA:1,(anonymous_1)
FNDA:1,(anonymous_2)
FNDA:0,(anonymous_3)
FNDA:39,(anonymous_4)
FNDA:39,(anonymous_5)
FNDA:0,(anonymous_6)
FNDA:1,(anonymous_7)
FNDA:40,(anonymous_8)
DA:7,7
DA:13,40
DA:14,40
DA:16,40
DA:17,1
DA:18,1
DA:19,1
DA:22,1
DA:30,1
DA:31,1
DA:32,1
DA:35,40
DA:36,1
DA:37,1
DA:38,1
DA:44,40
DA:45,0
DA:46,0
DA:47,0
DA:48,0
DA:51,40
DA:52,39
DA:53,39
DA:56,40
DA:58,40
DA:59,40
DA:70,40
DA:73,7
LF:28
LH:24
BRF:0
BRH:0
end_of_record
TN:
SF:src/context/CampaignContext.jsx
FN:8,CampaignProvider
FN:15,(anonymous_1)
FN:26,(anonymous_2)
FN:28,(anonymous_3)
FN:29,(anonymous_4)
FN:37,(anonymous_5)
FNF:6
FNH:6
FNDA:24,CampaignProvider
FNDA:4,(anonymous_1)
FNDA:6,(anonymous_2)
FNDA:5,(anonymous_3)
FNDA:2,(anonymous_4)
FNDA:23,(anonymous_5)
DA:6,2
DA:9,24
DA:10,24
DA:12,24
DA:13,24
DA:15,24
DA:16,4
DA:17,4
DA:18,4
DA:19,3
DA:21,4
DA:25,24
DA:27,6
DA:28,5
DA:29,5
DA:31,5
DA:36,24
DA:37,23
DA:46,24
DA:49,2
LF:20
LH:20
BRF:0
BRH:0
end_of_record
TN:
SF:src/context/ExchangeContext.jsx
FN:8,ExchangeProvider
FN:21,(anonymous_1)
FN:31,(anonymous_2)
FN:42,(anonymous_3)
FN:44,(anonymous_4)
FN:45,(anonymous_5)
FN:53,(anonymous_6)
FN:55,(anonymous_7)
FN:55,(anonymous_8)
FN:62,(anonymous_9)
FNF:10
FNH:2
FNDA:3,ExchangeProvider
FNDA:0,(anonymous_1)
FNDA:0,(anonymous_2)
FNDA:0,(anonymous_3)
FNDA:0,(anonymous_4)
FNDA:0,(anonymous_5)
FNDA:0,(anonymous_6)
FNDA:0,(anonymous_7)
FNDA:0,(anonymous_8)
FNDA:3,(anonymous_9)
DA:6,1
DA:9,3
DA:10,3
DA:12,3
DA:13,3
DA:15,3
DA:19,3
DA:21,3
DA:22,0
DA:23,0
DA:24,0
DA:25,0
DA:27,0
DA:31,3
DA:32,0
DA:33,0
DA:34,0
DA:35,0
DA:37,0
DA:41,3
DA:43,0
DA:44,0
DA:45,0
DA:47,0
DA:52,3
DA:54,0
DA:55,0
DA:56,0
DA:61,3
DA:62,3
DA:84,3
DA:87,1
LF:32
LH:15
BRDA:31,0,0,0
BRDA:31,1,0,0
BRDA:55,2,0,0
BRDA:55,2,1,0
BRF:4
BRH:0
end_of_record
TN:
SF:src/context/PartnerContext.jsx
FN:8,PartnerProvider
FN:15,(anonymous_1)
FN:26,(anonymous_2)
FN:28,(anonymous_3)
FN:29,(anonymous_4)
FN:37,(anonymous_5)
FN:39,(anonymous_6)
FN:39,(anonymous_7)
FN:46,(anonymous_8)
FN:53,(anonymous_9)
FNF:10
FNH:2
FNDA:3,PartnerProvider
FNDA:0,(anonymous_1)
FNDA:0,(anonymous_2)
FNDA:0,(anonymous_3)
FNDA:0,(anonymous_4)
FNDA:0,(anonymous_5)
FNDA:0,(anonymous_6)
FNDA:0,(anonymous_7)
FNDA:0,(anonymous_8)
FNDA:3,(anonymous_9)
DA:6,1
DA:9,3
DA:10,3
DA:12,3
DA:13,3
DA:15,3
DA:16,0
DA:17,0
DA:18,0
DA:19,0
DA:21,0
DA:25,3
DA:27,0
DA:28,0
DA:29,0
DA:31,0
DA:36,3
DA:38,0
DA:39,0
DA:40,0
DA:45,3
DA:47,0
DA:52,3
DA:53,3
DA:71,3
DA:74,1
LF:26
LH:13
BRDA:39,0,0,0
BRDA:39,0,1,0
BRF:2
BRH:0
end_of_record
TN:
SF:src/context/ProfileContext.jsx
FN:8,ProfileProvider
FN:15,(anonymous_1)
FN:26,(anonymous_2)
FN:28,(anonymous_3)
FN:29,(anonymous_4)
FN:37,(anonymous_5)
FN:39,(anonymous_6)
FN:39,(anonymous_7)
FN:46,(anonymous_8)
FNF:9
FNH:2
FNDA:3,ProfileProvider
FNDA:0,(anonymous_1)
FNDA:0,(anonymous_2)
FNDA:0,(anonymous_3)
FNDA:0,(anonymous_4)
FNDA:0,(anonymous_5)
FNDA:0,(anonymous_6)
FNDA:0,(anonymous_7)
FNDA:3,(anonymous_8)
DA:6,1
DA:9,3
DA:10,3
DA:12,3
DA:13,3
DA:15,3
DA:16,0
DA:17,0
DA:18,0
DA:19,0
DA:21,0
DA:25,3
DA:27,0
DA:28,0
DA:29,0
DA:31,0
DA:36,3
DA:38,0
DA:39,0
DA:40,0
DA:45,3
DA:46,3
DA:56,3
DA:59,1
LF:24
LH:12
BRDA:39,0,0,0
BRDA:39,0,1,0
BRF:2
BRH:0
end_of_record
TN:
SF:src/hooks/useAdminContext.js
FN:4,useAdminContext
FNF:1
FNH:1
FNDA:10,useAdminContext
DA:5,10
DA:6,10
DA:7,2
DA:9,8
LF:4
LH:4
BRDA:6,0,0,2
BRDA:6,0,1,8
BRF:2
BRH:2
end_of_record
TN:
SF:src/hooks/useAsyncAction.js
FN:7,useAsyncAction
FN:13,(anonymous_1)
FN:31,(anonymous_2)
FNF:3
FNH:3
FNDA:1402,useAsyncAction
FNDA:21,(anonymous_1)
FNDA:24,(anonymous_2)
DA:8,1402
DA:9,1402
DA:10,1402
DA:12,1402
DA:14,21
DA:15,21
DA:16,21
DA:17,21
DA:18,21
DA:19,15
DA:20,15
DA:22,6
DA:23,6
DA:25,21
DA:31,1402
DA:32,24
DA:33,24
DA:36,1402
LF:18
LH:18
BRDA:22,0,0,6
BRDA:22,0,1,2
BRF:2
BRH:2
end_of_record
TN:
SF:src/hooks/useAuth.js
FN:4,useAuth
FNF:1
FNH:1
FNDA:31,useAuth
DA:5,31
DA:6,31
DA:7,2
DA:9,29
LF:4
LH:4
BRDA:6,0,0,2
BRDA:6,0,1,29
BRF:2
BRH:2
end_of_record
TN:
SF:src/hooks/useCampaignContext.js
FN:4,useCampaignContext
FNF:1
FNH:1
FNDA:27,useCampaignContext
DA:5,27
DA:6,27
DA:7,4
DA:9,23
LF:4
LH:4
BRDA:6,0,0,4
BRDA:6,0,1,23
BRF:2
BRH:2
end_of_record
TN:
SF:src/hooks/useExchangeContext.js
FN:4,useExchangeContext
FNF:1
FNH:1
FNDA:5,useExchangeContext
DA:5,5
DA:6,5
DA:7,2
DA:9,3
LF:4
LH:4
BRDA:6,0,0,2
BRDA:6,0,1,3
BRF:2
BRH:2
end_of_record
TN:
SF:src/hooks/usePartnerContext.js
FN:4,usePartnerContext
FNF:1
FNH:1
FNDA:5,usePartnerContext
DA:5,5
DA:6,5
DA:7,2
DA:9,3
LF:4
LH:4
BRDA:6,0,0,2
BRDA:6,0,1,3
BRF:2
BRH:2
end_of_record
TN:
SF:src/hooks/useProfileContext.js
FN:4,useProfileContext
FNF:1
FNH:1
FNDA:5,useProfileContext
DA:5,5
DA:6,5
DA:7,2
DA:9,3
LF:4
LH:4
BRDA:6,0,0,2
BRDA:6,0,1,3
BRF:2
BRH:2
end_of_record
TN:
SF:src/layouts/DashboardLayout.jsx
FN:5,DashboardLayout
FNF:1
FNH:1
FNDA:6,DashboardLayout
DA:6,6
DA:20,1
LF:2
LH:2
BRDA:5,0,0,5
BRDA:12,1,0,6
BRDA:12,1,1,1
BRF:3
BRH:3
end_of_record
TN:
SF:src/layouts/Sidebar.jsx
FN:25,Sidebar
FN:32,(anonymous_1)
FN:40,(anonymous_2)
FN:74,(anonymous_3)
FN:81,(anonymous_4)
FNF:5
FNH:4
FNDA:10,Sidebar
FNDA:10,(anonymous_1)
FNDA:80,(anonymous_2)
FNDA:64,(anonymous_3)
FNDA:0,(anonymous_4)
DA:20,1
DA:23,1
DA:26,10
DA:27,10
DA:32,10
DA:33,10
DA:34,9
DA:39,10
DA:41,80
DA:44,10
DA:75,64
DA:76,64
DA:82,0
LF:13
LH:12
BRDA:23,0,0,1
BRDA:23,0,1,1
BRDA:23,0,2,1
BRDA:33,1,0,9
BRDA:33,1,1,1
BRDA:41,2,0,80
BRDA:41,2,1,64
BRDA:41,2,2,27
BRDA:46,3,0,10
BRDA:46,3,1,8
BRDA:49,4,0,0
BRDA:49,4,1,8
BRDA:84,5,0,0
BRDA:84,5,1,0
BRDA:98,6,0,10
BRDA:98,6,1,10
BRDA:107,7,0,8
BRDA:107,7,1,2
BRF:18
BRH:15
end_of_record
TN:
SF:src/utils/dateUtils.js
FN:6,formatDateTime
FN:19,formatRelativeToNow
FN:37,localInputToIso
FN:42,isoToLocalInput
FN:45,(anonymous_4)
FN:53,getCampaignStatus
FN:67,resolveEffectiveCampaigns
FN:68,(anonymous_7)
FN:73,(anonymous_8)
FN:77,(anonymous_9)
FNF:10
FNH:10
FNDA:76,formatDateTime
FNDA:9,formatRelativeToNow
FNDA:5,localInputToIso
FNDA:6,isoToLocalInput
FNDA:12,(anonymous_4)
FNDA:18,getCampaignStatus
FNDA:8,resolveEffectiveCampaigns
FNDA:12,(anonymous_7)
FNDA:10,(anonymous_8)
FNDA:10,(anonymous_9)
DA:7,76
DA:8,72
DA:9,72
DA:10,71
DA:20,9
DA:21,7
DA:22,7
DA:23,7
DA:24,7
DA:26,7
DA:27,6
DA:28,4
DA:29,4
DA:30,2
DA:31,2
DA:38,5
DA:39,2
DA:43,6
DA:44,3
DA:45,12
DA:46,3
DA:54,18
DA:55,18
DA:56,18
DA:57,17
DA:58,14
DA:68,12
DA:69,8
DA:70,2
DA:72,6
DA:73,10
DA:76,6
DA:77,10
DA:80,6
LF:34
LH:34
BRDA:7,0,0,4
BRDA:7,0,1,72
BRDA:9,1,0,1
BRDA:9,1,1,71
BRDA:20,2,0,2
BRDA:20,2,1,7
BRDA:26,3,0,1
BRDA:26,3,1,6
BRDA:27,4,0,2
BRDA:27,4,1,4
BRDA:27,5,0,1
BRDA:27,5,1,1
BRDA:29,6,0,2
BRDA:29,6,1,2
BRDA:29,7,0,1
BRDA:29,7,1,1
BRDA:31,8,0,1
BRDA:31,8,1,1
BRDA:38,9,0,3
BRDA:38,9,1,2
BRDA:43,10,0,3
BRDA:43,10,1,3
BRDA:53,11,0,1
BRDA:56,12,0,1
BRDA:56,12,1,17
BRDA:57,13,0,3
BRDA:57,13,1,14
BRDA:67,14,0,0
BRDA:69,15,0,2
BRDA:69,15,1,6
BRDA:73,16,0,7
BRDA:73,16,1,3
BRDA:73,17,0,10
BRDA:73,17,1,4
BRDA:77,18,0,10
BRDA:77,18,1,0
BRDA:77,19,0,10
BRDA:77,19,1,4
BRF:38
BRH:36
end_of_record
TN:
SF:src/utils/formConverters.js
FN:3,toInputValue
FN:7,toRateOrNull
FNF:2
FNH:2
FNDA:39,toInputValue
FNDA:18,toRateOrNull
DA:4,39
DA:8,18
DA:9,14
LF:3
LH:3
BRDA:4,0,0,2
BRDA:4,0,1,37
BRDA:4,1,0,39
BRDA:4,1,1,38
BRDA:8,2,0,4
BRDA:8,2,1,14
BRDA:8,3,0,18
BRDA:8,3,1,16
BRDA:8,3,2,15
BRF:9
BRH:9
end_of_record
TN:
SF:src/utils/formatters.js
FN:1,formatPoints
FN:9,formatBalance
FN:14,formatCents
FN:19,formatMultiplier
FN:24,formatRate
FN:29,truncate
FN:34,initials
FN:40,(anonymous_7)
FNF:8
FNH:8
FNDA:60,formatPoints
FNDA:25,formatBalance
FNDA:6,formatCents
FNDA:6,formatMultiplier
FNDA:5,formatRate
FNDA:6,truncate
FNDA:20,initials
FNDA:23,(anonymous_7)
DA:2,60
DA:3,60
DA:4,60
DA:10,25
DA:11,25
DA:15,6
DA:16,6
DA:20,6
DA:21,3
DA:25,5
DA:26,2
DA:30,6
DA:31,4
DA:35,20
DA:36,17
DA:40,23
LF:16
LH:16
BRDA:2,0,0,60
BRDA:2,0,1,3
BRDA:3,1,0,22
BRDA:3,1,1,38
BRDA:10,2,0,25
BRDA:10,2,1,3
BRDA:15,3,0,6
BRDA:15,3,1,3
BRDA:20,4,0,3
BRDA:20,4,1,3
BRDA:20,5,0,6
BRDA:20,5,1,5
BRDA:20,5,2,4
BRDA:25,6,0,3
BRDA:25,6,1,2
BRDA:25,7,0,5
BRDA:25,7,1,4
BRDA:25,7,2,3
BRDA:29,8,0,5
BRDA:30,9,0,2
BRDA:30,9,1,4
BRDA:31,10,0,3
BRDA:31,10,1,1
BRDA:35,11,0,3
BRDA:35,11,1,17
BRF:25
BRH:25
end_of_record
TN:
SF:src/utils/theme.js
FN:9,hexToRgb
FN:17,applyBrandTheme
FN:28,resetBrandTheme
FNF:3
FNH:0
FNDA:0,hexToRgb
FNDA:0,applyBrandTheme
FNDA:0,resetBrandTheme
DA:5,6
DA:10,0
DA:11,0
DA:12,0
DA:13,0
DA:14,0
DA:18,0
DA:19,0
DA:20,0
DA:21,0
DA:22,0
DA:23,0
DA:24,0
DA:25,0
DA:29,0
LF:15
LH:1
BRDA:18,0,0,0
BRDA:18,0,1,0
BRDA:18,1,0,0
BRDA:18,1,1,0
BRF:4
BRH:0
end_of_record
TN:
SF:src/views/CampaignEditorView.jsx
FN:8,CampaignEditorView
FN:12,(anonymous_1)
FNF:2
FNH:2
FNDA:14,CampaignEditorView
FNDA:14,(anonymous_1)
DA:9,14
DA:10,14
DA:12,14
DA:13,14
DA:18,14
LF:5
LH:5
BRF:0
BRH:0
end_of_record
TN:
SF:src/views/GiftManagerView.jsx
FN:17,GiftManagerView
FN:26,(anonymous_1)
FN:30,(anonymous_2)
FN:44,(anonymous_3)
FN:48,(anonymous_4)
FN:60,(anonymous_5)
FN:64,(anonymous_6)
FN:65,(anonymous_7)
FN:72,(anonymous_8)
FN:77,(anonymous_9)
FN:82,(anonymous_10)
FN:91,(anonymous_11)
FN:94,(anonymous_12)
FN:100,(anonymous_13)
FN:104,(anonymous_14)
FN:121,(anonymous_15)
FN:143,(anonymous_16)
FN:148,(anonymous_17)
FN:153,(anonymous_18)
FNF:19
FNH:6
FNDA:41,GiftManagerView
FNDA:20,(anonymous_1)
FNDA:20,(anonymous_2)
FNDA:0,(anonymous_3)
FNDA:0,(anonymous_4)
FNDA:0,(anonymous_5)
FNDA:0,(anonymous_6)
FNDA:0,(anonymous_7)
FNDA:0,(anonymous_8)
FNDA:1,(anonymous_9)
FNDA:0,(anonymous_10)
FNDA:0,(anonymous_11)
FNDA:0,(anonymous_12)
FNDA:0,(anonymous_13)
FNDA:0,(anonymous_14)
FNDA:2,(anonymous_15)
FNDA:20,(anonymous_16)
FNDA:0,(anonymous_17)
FNDA:0,(anonymous_18)
DA:18,41
DA:19,41
DA:20,41
DA:21,41
DA:22,41
DA:23,41
DA:24,41
DA:26,41
DA:27,20
DA:30,41
DA:31,20
DA:32,20
DA:33,20
DA:34,19
DA:35,19
DA:36,19
DA:38,0
DA:40,19
DA:44,41
DA:45,0
DA:46,0
DA:47,0
DA:48,0
DA:50,0
DA:51,0
DA:53,0
DA:54,0
DA:56,0
DA:60,41
DA:61,0
DA:62,0
DA:63,0
DA:64,0
DA:65,0
DA:67,0
DA:72,41
DA:73,0
DA:74,0
DA:77,41
DA:78,1
DA:79,1
DA:82,41
DA:83,0
DA:84,0
DA:85,0
DA:87,0
DA:91,41
DA:92,0
DA:93,0
DA:94,0
DA:96,0
DA:100,41
DA:101,0
DA:102,0
DA:103,0
DA:104,0
DA:106,0
DA:111,41
DA:112,20
DA:115,21
DA:122,2
DA:123,2
DA:144,20
DA:148,0
DA:153,0
LF:65
LH:32
BRDA:46,0,0,0
BRDA:46,0,1,0
BRDA:48,1,0,0
BRDA:48,1,1,0
BRDA:61,2,0,0
BRDA:61,2,1,0
BRDA:94,3,0,0
BRDA:94,3,1,0
BRDA:101,4,0,0
BRDA:101,4,1,0
BRDA:111,5,0,20
BRDA:111,5,1,21
BRDA:130,6,0,21
BRDA:130,6,1,0
BRDA:132,7,0,21
BRDA:132,7,1,2
BRDA:140,8,0,1
BRDA:140,8,1,20
BRDA:159,9,0,20
BRDA:159,9,1,0
BRDA:167,10,0,20
BRDA:167,10,1,20
BRDA:172,11,0,20
BRDA:172,11,1,0
BRDA:173,12,0,20
BRDA:173,12,1,0
BRDA:181,13,0,20
BRDA:181,13,1,0
BRF:28
BRH:13
end_of_record
TN:
SF:src/views/GlobalSettingsView.jsx
FN:33,ConfigurationRow
FN:42,(anonymous_1)
FN:50,(anonymous_2)
FN:82,(anonymous_3)
FN:103,GlobalSettingsView
FN:107,(anonymous_5)
FN:129,(anonymous_6)
FN:133,(anonymous_7)
FNF:8
FNH:5
FNDA:25,ConfigurationRow
FNDA:25,(anonymous_1)
FNDA:0,(anonymous_2)
FNDA:0,(anonymous_3)
FNDA:11,GlobalSettingsView
FNDA:11,(anonymous_5)
FNDA:25,(anonymous_6)
FNDA:0,(anonymous_7)
DA:15,1
DA:34,25
DA:38,25
DA:39,25
DA:40,25
DA:42,25
DA:43,25
DA:44,25
DA:45,25
DA:50,25
DA:51,0
DA:52,0
DA:53,0
DA:54,0
DA:55,0
DA:57,0
DA:58,0
DA:59,0
DA:68,25
DA:82,0
DA:94,1
DA:105,11
DA:107,11
DA:108,11
DA:113,11
DA:130,25
DA:133,0
LF:27
LH:17
BRDA:34,0,0,25
BRDA:34,0,1,0
BRDA:53,1,0,0
BRDA:53,1,1,0
BRDA:53,2,0,0
BRDA:53,2,1,0
BRDA:84,3,0,25
BRDA:84,3,1,25
BRDA:124,4,0,1
BRDA:124,4,1,10
BRDA:124,5,0,11
BRDA:124,5,1,1
BRF:12
BRH:7
end_of_record
TN:
SF:src/views/InstitutionManagerView.jsx
FN:16,InstitutionManagerView
FN:27,(anonymous_1)
FN:37,(anonymous_2)
FN:41,(anonymous_3)
FN:43,(anonymous_4)
FN:43,(anonymous_5)
FN:47,(anonymous_6)
FN:49,(anonymous_7)
FN:50,(anonymous_8)
FN:55,(anonymous_9)
FN:57,(anonymous_10)
FN:58,(anonymous_11)
FN:63,(anonymous_12)
FN:72,(anonymous_13)
FN:73,(anonymous_14)
FN:91,(anonymous_15)
FN:110,(anonymous_16)
FN:115,(anonymous_17)
FN:121,(anonymous_18)
FN:127,(anonymous_19)
FNF:20
FNH:4
FNDA:26,InstitutionManagerView
FNDA:11,(anonymous_1)
FNDA:11,(anonymous_2)
FNDA:0,(anonymous_3)
FNDA:0,(anonymous_4)
FNDA:0,(anonymous_5)
FNDA:0,(anonymous_6)
FNDA:0,(anonymous_7)
FNDA:0,(anonymous_8)
FNDA:0,(anonymous_9)
FNDA:0,(anonymous_10)
FNDA:0,(anonymous_11)
FNDA:0,(anonymous_12)
FNDA:0,(anonymous_13)
FNDA:0,(anonymous_14)
FNDA:1,(anonymous_15)
FNDA:0,(anonymous_16)
FNDA:0,(anonymous_17)
FNDA:0,(anonymous_18)
FNDA:0,(anonymous_19)
DA:17,26
DA:18,26
DA:19,26
DA:20,26
DA:21,26
DA:22,26
DA:23,26
DA:24,26
DA:25,26
DA:27,26
DA:28,11
DA:29,11
DA:30,11
DA:31,10
DA:33,10
DA:37,26
DA:38,11
DA:41,26
DA:42,0
DA:43,0
DA:44,0
DA:47,26
DA:48,0
DA:49,0
DA:50,0
DA:52,0
DA:55,26
DA:56,0
DA:57,0
DA:58,0
DA:60,0
DA:63,26
DA:64,0
DA:65,0
DA:66,0
DA:67,0
DA:72,0
DA:73,0
DA:76,0
DA:78,0
DA:82,26
DA:91,1
DA:110,0
DA:115,0
DA:121,0
DA:127,0
LF:46
LH:23
BRDA:50,0,0,0
BRDA:50,0,1,0
BRDA:58,1,0,0
BRDA:58,1,1,0
BRDA:73,2,0,0
BRDA:73,2,1,0
BRDA:76,3,0,0
BRDA:76,3,1,0
BRDA:89,4,0,26
BRDA:89,4,1,0
BRF:10
BRH:1
end_of_record
TN:
SF:src/views/LiveTransactionsView.jsx
FN:8,LiveTransactionsView
FN:18,(anonymous_1)
FNF:2
FNH:2
FNDA:14,LiveTransactionsView
FNDA:14,(anonymous_1)
DA:16,14
DA:18,14
DA:19,14
DA:20,14
DA:25,14
LF:5
LH:5
BRF:0
BRH:0
end_of_record
TN:
SF:src/views/LoginView.jsx
FN:10,LoginView
FN:25,(anonymous_1)
FN:64,(anonymous_2)
FN:76,(anonymous_3)
FNF:4
FNH:4
FNDA:182,LoginView
FNDA:3,(anonymous_1)
FNDA:104,(anonymous_2)
FNDA:55,(anonymous_3)
DA:11,182
DA:12,182
DA:13,182
DA:15,182
DA:16,182
DA:17,182
DA:21,182
DA:22,2
DA:25,180
DA:26,3
DA:27,3
DA:28,3
DA:32,3
DA:33,3
DA:34,3
DA:40,180
DA:65,104
DA:66,104
DA:77,55
DA:78,55
LF:20
LH:20
BRDA:21,0,0,2
BRDA:21,0,1,180
BRDA:32,1,0,1
BRDA:32,1,1,2
BRDA:33,2,0,3
BRDA:33,2,1,3
BRDA:51,3,0,180
BRDA:51,3,1,30
BRDA:66,4,0,16
BRDA:66,4,1,88
BRDA:78,5,0,11
BRDA:78,5,1,44
BRDA:82,6,0,180
BRDA:82,6,1,1
BRF:14
BRH:14
end_of_record
TN:
SF:src/views/PartnerManagerView.jsx
FN:12,PartnerManagerView
FN:26,(anonymous_1)
FN:47,(anonymous_2)
FN:64,(anonymous_3)
FN:71,(anonymous_4)
FN:77,(anonymous_5)
FNF:6
FNH:2
FNDA:15,PartnerManagerView
FNDA:15,(anonymous_1)
FNDA:0,(anonymous_2)
FNDA:0,(anonymous_3)
FNDA:0,(anonymous_4)
FNDA:0,(anonymous_5)
DA:20,15
DA:21,15
DA:22,15
DA:23,15
DA:24,15
DA:26,15
DA:27,15
DA:32,15
DA:47,0
DA:64,0
DA:71,0
DA:77,0
LF:12
LH:8
BRDA:41,0,0,14
BRDA:41,0,1,1
BRF:2
BRH:2
end_of_record
TN:
SF:src/views/PointsExchangeView.jsx
FN:11,PointsExchangeView
FN:25,(anonymous_1)
FN:39,(anonymous_2)
FN:59,(anonymous_3)
FN:65,(anonymous_4)
FNF:5
FNH:3
FNDA:16,PointsExchangeView
FNDA:15,(anonymous_1)
FNDA:1,(anonymous_2)
FNDA:0,(anonymous_3)
FNDA:0,(anonymous_4)
DA:21,16
DA:22,16
DA:23,16
DA:25,16
DA:26,15
DA:27,15
DA:32,16
DA:39,1
DA:59,0
DA:65,0
LF:10
LH:8
BRF:0
BRH:0
end_of_record
TN:
SF:src/views/ProfileManagerView.jsx
FN:11,ProfileManagerView
FN:18,(anonymous_1)
FN:34,(anonymous_2)
FN:49,(anonymous_3)
FN:56,(anonymous_4)
FNF:5
FNH:5
FNDA:30,ProfileManagerView
FNDA:19,(anonymous_1)
FNDA:2,(anonymous_2)
FNDA:1,(anonymous_3)
FNDA:3,(anonymous_4)
DA:13,30
DA:14,30
DA:15,30
DA:16,30
DA:18,30
DA:19,19
DA:23,19
DA:27,30
DA:34,2
DA:49,1
DA:56,3
LF:11
LH:11
BRF:0
BRH:0
end_of_record
TN:
SF:src/views/WalletDetailView.jsx
FN:20,ChangeTierControl
FN:26,(anonymous_1)
FN:34,(anonymous_2)
FN:36,(anonymous_3)
FN:50,(anonymous_4)
FN:54,(anonymous_5)
FN:90,monthName
FN:96,WalletDetailView
FN:110,(anonymous_8)
FN:122,(anonymous_9)
FN:127,(anonymous_10)
FN:131,(anonymous_11)
FN:140,(anonymous_12)
FN:143,(anonymous_13)
FN:154,(anonymous_14)
FN:170,(anonymous_15)
FNF:16
FNH:10
FNDA:17,ChangeTierControl
FNDA:17,(anonymous_1)
FNDA:31,(anonymous_2)
FNDA:0,(anonymous_3)
FNDA:0,(anonymous_4)
FNDA:31,(anonymous_5)
FNDA:0,monthName
FNDA:60,WalletDetailView
FNDA:21,(anonymous_8)
FNDA:0,(anonymous_9)
FNDA:21,(anonymous_10)
FNDA:21,(anonymous_11)
FNDA:19,(anonymous_12)
FNDA:0,(anonymous_13)
FNDA:21,(anonymous_14)
FNDA:0,(anonymous_15)
DA:17,1
DA:21,17
DA:22,17
DA:23,17
DA:24,17
DA:26,17
DA:27,17
DA:28,1
DA:34,31
DA:36,17
DA:37,0
DA:38,0
DA:39,0
DA:40,0
DA:41,0
DA:44,17
DA:46,16
DA:50,0
DA:55,31
DA:75,1
DA:91,0
DA:92,0
DA:93,0
DA:97,60
DA:98,60
DA:100,60
DA:101,60
DA:102,60
DA:104,60
DA:106,60
DA:107,60
DA:109,60
DA:111,21
DA:112,21
DA:113,21
DA:114,21
DA:116,21
DA:122,60
DA:123,0
DA:124,0
DA:127,60
DA:128,21
DA:129,21
DA:130,21
DA:131,21
DA:132,21
DA:133,21
DA:134,19
DA:135,19
DA:138,19
DA:141,19
DA:145,1
DA:146,1
DA:150,20
DA:153,21
DA:154,21
DA:155,21
DA:160,60
DA:164,60
DA:170,0
LF:60
LH:48
BRDA:27,0,0,1
BRDA:27,0,1,16
BRDA:37,1,0,0
BRDA:37,1,1,0
BRDA:44,2,0,1
BRDA:44,2,1,16
BRDA:70,3,0,16
BRDA:70,3,1,0
BRDA:110,4,0,0
BRDA:134,5,0,0
BRDA:134,5,1,19
BRDA:141,6,0,19
BRDA:141,6,1,0
BRDA:145,7,0,0
BRDA:145,7,1,1
BRDA:147,8,0,0
BRDA:147,8,1,1
BRDA:150,9,0,20
BRDA:150,9,1,0
BRDA:160,10,0,17
BRDA:160,10,1,43
BRDA:161,11,0,17
BRDA:161,11,1,0
BRDA:174,12,0,60
BRDA:174,12,1,42
BRDA:176,13,0,60
BRDA:176,13,1,18
BRDA:176,13,2,1
BRDA:178,14,0,60
BRDA:178,14,1,18
BRDA:178,14,2,17
BRDA:178,14,3,17
BRDA:201,15,0,60
BRDA:201,15,1,18
BRDA:201,15,2,17
BRDA:201,15,3,17
BRDA:201,15,4,17
BRDA:201,15,5,0
BRDA:226,16,0,60
BRDA:226,16,1,18
BRDA:226,16,2,17
BRF:41
BRH:30
end_of_record
TN:
SF:src/views/WalletsListView.jsx
FN:14,WalletsListView
FN:19,(anonymous_1)
FN:25,(anonymous_2)
FN:27,(anonymous_3)
FN:34,(anonymous_4)
FNF:5
FNH:5
FNDA:29,WalletsListView
FNDA:29,(anonymous_1)
FNDA:9,(anonymous_2)
FNDA:5,(anonymous_3)
FNDA:2,(anonymous_4)
DA:8,1
DA:15,29
DA:16,29
DA:17,29
DA:19,29
DA:20,29
DA:25,29
DA:26,9
DA:27,5
DA:29,4
DA:30,4
DA:34,29
DA:35,2
DA:38,29
LF:14
LH:14
BRDA:26,0,0,5
BRDA:26,0,1,4
BRDA:27,1,0,4
BRDA:27,1,1,1
BRF:4
BRH:4
end_of_record
