TN:
SF:src/App.jsx
FN:16,App
FNF:1
FNH:0
FNDA:0,App
DA:17,0
LF:1
LH:0
BRF:0
BRH:0
end_of_record
TN:
SF:src/api/authToken.js
FN:15,(anonymous_0)
FN:17,getToken
FN:21,setToken
FN:25,setUnauthorizedHandler
FN:29,notifyUnauthorized
FNF:5
FNH:1
FNDA:0,(anonymous_0)
FNDA:0,getToken
FNDA:0,setToken
FNDA:24,setUnauthorizedHandler
FNDA:0,notifyUnauthorized
DA:14,4
DA:15,4
DA:18,0
DA:22,0
DA:26,24
DA:30,0
LF:6
LH:3
BRF:0
BRH:0
end_of_record
TN:
SF:src/api/client.js
FN:19,(anonymous_0)
FN:29,request
FN:78,login
FN:89,fetchMetrics
FN:97,ledgerEntryToFeedRow
FN:113,auditLogToFeedRow
FN:127,fetchActivityFeed
FN:136,(anonymous_7)
FN:150,fetchWallets
FN:154,fetchWallet
FN:158,fetchWalletHistory
FN:162,fetchExpiringSummary
FN:170,fetchProfiles
FN:174,createProfile
FN:185,configureProfileRates
FN:199,fetchTierRules
FN:203,createTierRule
FN:212,deleteTierRule
FN:223,changeWalletProfile
FN:235,fetchPartners
FN:239,createPartner
FN:250,configurePartnerRates
FN:259,createPartnerServiceAccount
FN:271,fetchExchangeProviders
FN:275,createExchangeProvider
FN:284,updateExchangeProvider
FN:293,fetchExchangeRequests
FN:302,fetchConfigurations
FN:306,updateConfiguration
FN:319,fetchFeatureFlags
FN:327,fetchCampaigns
FN:331,createCampaign
FN:350,fetchInstitutions
FN:354,createInstitution
FN:362,updateInstitutionStatus
FN:370,updateInstitutionBranding
FN:378,updateInstitutionDetails
FN:386,fetchInstitutionFeatureFlags
FN:390,updateInstitutionFeatureFlag
FNF:39
FNH:0
FNDA:0,(anonymous_0)
FNDA:0,request
FNDA:0,login
FNDA:0,fetchMetrics
FNDA:0,ledgerEntryToFeedRow
FNDA:0,auditLogToFeedRow
FNDA:0,fetchActivityFeed
FNDA:0,(anonymous_7)
FNDA:0,fetchWallets
FNDA:0,fetchWallet
FNDA:0,fetchWalletHistory
FNDA:0,fetchExpiringSummary
FNDA:0,fetchProfiles
FNDA:0,createProfile
FNDA:0,configureProfileRates
FNDA:0,fetchTierRules
FNDA:0,createTierRule
FNDA:0,deleteTierRule
FNDA:0,changeWalletProfile
FNDA:0,fetchPartners
FNDA:0,createPartner
FNDA:0,configurePartnerRates
FNDA:0,createPartnerServiceAccount
FNDA:0,fetchExchangeProviders
FNDA:0,createExchangeProvider
FNDA:0,updateExchangeProvider
FNDA:0,fetchExchangeRequests
FNDA:0,fetchConfigurations
FNDA:0,updateConfiguration
FNDA:0,fetchFeatureFlags
FNDA:0,fetchCampaigns
FNDA:0,createCampaign
FNDA:0,fetchInstitutions
FNDA:0,createInstitution
FNDA:0,updateInstitutionStatus
FNDA:0,updateInstitutionBranding
FNDA:0,updateInstitutionDetails
FNDA:0,fetchInstitutionFeatureFlags
FNDA:0,updateInstitutionFeatureFlag
DA:4,0
DA:9,0
DA:16,0
DA:20,0
DA:21,0
DA:22,0
DA:30,0
DA:31,0
DA:32,0
DA:33,0
DA:35,0
DA:36,0
DA:40,0
DA:41,0
DA:47,0
DA:53,0
DA:54,0
DA:57,0
DA:58,0
DA:59,0
DA:60,0
DA:61,0
DA:65,0
DA:68,0
DA:69,0
DA:71,0
DA:79,0
DA:90,0
DA:98,0
DA:114,0
DA:128,0
DA:133,0
DA:136,0
DA:138,0
DA:139,0
DA:140,0
DA:141,0
DA:143,0
DA:151,0
DA:155,0
DA:159,0
DA:163,0
DA:171,0
DA:175,0
DA:182,0
DA:187,0
DA:200,0
DA:205,0
DA:213,0
DA:224,0
DA:236,0
DA:240,0
DA:247,0
DA:252,0
DA:260,0
DA:272,0
DA:277,0
DA:286,0
DA:294,0
DA:295,0
DA:303,0
DA:307,0
DA:320,0
DA:328,0
DA:332,0
DA:333,0
DA:351,0
DA:355,0
DA:363,0
DA:371,0
DA:379,0
DA:387,0
DA:391,0
LF:73
LH:0
BRDA:4,0,0,0
BRDA:4,0,1,0
BRDA:29,1,0,0
BRDA:29,2,0,0
BRDA:32,3,0,0
BRDA:32,3,1,0
BRDA:35,4,0,0
BRDA:35,4,1,0
BRDA:44,5,0,0
BRDA:44,5,1,0
BRDA:53,6,0,0
BRDA:53,6,1,0
BRDA:53,7,0,0
BRDA:53,7,1,0
BRDA:57,8,0,0
BRDA:57,8,1,0
BRDA:61,9,0,0
BRDA:61,9,1,0
BRDA:68,10,0,0
BRDA:68,10,1,0
BRDA:127,11,0,0
BRDA:127,12,0,0
BRDA:127,13,0,0
BRDA:150,14,0,0
BRDA:150,15,0,0
BRDA:150,16,0,0
BRDA:150,17,0,0
BRDA:158,18,0,0
BRDA:158,19,0,0
BRDA:158,20,0,0
BRDA:178,21,0,0
BRDA:178,21,1,0
BRDA:208,22,0,0
BRDA:208,22,1,0
BRDA:243,23,0,0
BRDA:243,23,1,0
BRDA:293,24,0,0
BRDA:293,25,0,0
BRDA:293,26,0,0
BRDA:294,27,0,0
BRDA:294,27,1,0
BRDA:310,28,0,0
BRDA:310,28,1,0
BRDA:382,29,0,0
BRDA:382,29,1,0
BRF:45
BRH:0
end_of_record
TN:
SF:src/components/auth/ProtectedRoute.jsx
FN:19,ProtectedRoute
FNF:1
FNH:0
FNDA:0,ProtectedRoute
DA:20,0
DA:21,0
DA:23,0
DA:24,0
DA:26,0
DA:27,0
DA:30,0
DA:33,0
LF:8
LH:0
BRDA:23,0,0,0
BRDA:23,0,1,0
BRDA:26,1,0,0
BRDA:26,1,1,0
BRF:4
BRH:0
end_of_record
TN:
SF:src/components/auth/SuperAdminRoute.jsx
FN:11,SuperAdminRoute
FNF:1
FNH:0
FNDA:0,SuperAdminRoute
DA:12,0
DA:13,0
DA:15,0
DA:16,0
DA:18,0
DA:19,0
DA:22,0
DA:25,0
LF:8
LH:0
BRDA:15,0,0,0
BRDA:15,0,1,0
BRDA:18,1,0,0
BRDA:18,1,1,0
BRF:4
BRH:0
end_of_record
TN:
SF:src/components/campaigns/CampaignCard.jsx
FN:10,CampaignCard
FNF:1
FNH:0
FNDA:0,CampaignCard
DA:11,0
DA:12,0
DA:14,0
DA:65,0
LF:4
LH:0
BRDA:10,0,0,0
BRDA:10,1,0,0
BRDA:12,2,0,0
BRDA:12,2,1,0
BRDA:31,3,0,0
BRDA:31,3,1,0
BRDA:31,4,0,0
BRDA:31,4,1,0
BRDA:32,5,0,0
BRDA:32,5,1,0
BRDA:41,6,0,0
BRDA:41,6,1,0
BRDA:54,7,0,0
BRDA:54,7,1,0
BRF:14
BRH:0
end_of_record
TN:
SF:src/components/campaigns/CampaignForm.jsx
FN:17,validate
FN:28,CampaignForm
FN:33,(anonymous_2)
FN:33,(anonymous_3)
FN:34,(anonymous_4)
FN:38,(anonymous_5)
FNF:6
FNH:0
FNDA:0,validate
FNDA:0,CampaignForm
FNDA:0,(anonymous_2)
FNDA:0,(anonymous_3)
FNDA:0,(anonymous_4)
FNDA:0,(anonymous_5)
DA:9,0
DA:18,0
DA:19,0
DA:20,0
DA:21,0
DA:22,0
DA:23,0
DA:25,0
DA:29,0
DA:30,0
DA:31,0
DA:33,0
DA:34,0
DA:35,0
DA:38,0
DA:39,0
DA:40,0
DA:41,0
DA:42,0
DA:43,0
DA:45,0
DA:46,0
DA:47,0
DA:54,0
DA:60,0
DA:132,0
LF:26
LH:0
BRDA:18,0,0,0
BRDA:18,0,1,0
BRDA:19,1,0,0
BRDA:19,1,1,0
BRDA:19,2,0,0
BRDA:19,2,1,0
BRDA:20,3,0,0
BRDA:20,3,1,0
BRDA:21,4,0,0
BRDA:21,4,1,0
BRDA:22,5,0,0
BRDA:22,5,1,0
BRDA:22,6,0,0
BRDA:22,6,1,0
BRDA:28,7,0,0
BRDA:41,8,0,0
BRDA:41,8,1,0
BRDA:117,9,0,0
BRDA:117,9,1,0
BRDA:120,10,0,0
BRDA:120,10,1,0
BRDA:121,11,0,0
BRDA:121,11,1,0
BRDA:122,12,0,0
BRDA:122,12,1,0
BRF:25
BRH:0
end_of_record
TN:
SF:src/components/campaigns/CampaignList.jsx
FN:11,CampaignList
FN:13,(anonymous_1)
FN:53,(anonymous_2)
FNF:3
FNH:0
FNDA:0,CampaignList
FNDA:0,(anonymous_1)
FNDA:0,(anonymous_2)
DA:12,0
DA:13,0
DA:17,0
DA:18,0
DA:21,0
DA:22,0
DA:31,0
DA:54,0
DA:66,0
LF:9
LH:0
BRDA:11,0,0,0
BRDA:17,1,0,0
BRDA:17,1,1,0
BRDA:17,2,0,0
BRDA:17,2,1,0
BRDA:21,3,0,0
BRDA:21,3,1,0
BRDA:21,4,0,0
BRDA:21,4,1,0
BRDA:33,5,0,0
BRDA:33,5,1,0
BRDA:33,5,2,0
BRDA:42,6,0,0
BRDA:42,6,1,0
BRDA:44,7,0,0
BRDA:44,7,1,0
BRF:16
BRH:0
end_of_record
TN:
SF:src/components/common/Badge.jsx
FN:13,Badge
FNF:1
FNH:1
FNDA:163,Badge
DA:4,4
DA:14,163
DA:30,4
LF:3
LH:3
BRDA:13,0,0,7
BRDA:13,1,0,110
BRDA:13,2,0,63
BRDA:18,3,0,163
BRDA:18,3,1,0
BRDA:24,4,0,163
BRDA:24,4,1,53
BRF:7
BRH:6
end_of_record
TN:
SF:src/components/common/Button.jsx
FN:16,Button
FNF:1
FNH:1
FNDA:2854,Button
DA:5,8
DA:27,2854
DA:49,8
LF:3
LH:3
BRDA:18,0,0,1384
BRDA:19,1,0,109
BRDA:20,2,0,1429
BRDA:21,3,0,1385
BRDA:22,4,0,1479
BRDA:23,5,0,2837
BRDA:24,6,0,2837
BRDA:25,7,0,2803
BRDA:31,8,0,2854
BRDA:31,8,1,2851
BRDA:36,9,0,51
BRDA:36,9,1,2803
BRDA:37,10,0,2854
BRDA:37,10,1,0
BRDA:43,11,0,12
BRDA:43,11,1,2842
BRDA:43,12,0,2842
BRDA:43,12,1,1459
BRF:18
BRH:17
end_of_record
TN:
SF:src/components/common/Card.jsx
FN:8,Card
FN:32,CardHeader
FNF:2
FNH:2
FNDA:76,Card
FNDA:42,CardHeader
DA:9,76
DA:25,5
DA:33,42
DA:51,5
LF:4
LH:4
BRDA:8,0,0,0
BRDA:8,1,0,42
BRDA:8,2,0,75
BRDA:8,3,0,75
BRDA:13,4,0,1
BRDA:13,4,1,75
BRDA:32,5,0,8
BRDA:32,6,0,40
BRDA:32,7,0,41
BRDA:36,8,0,42
BRDA:36,8,1,2
BRDA:43,9,0,42
BRDA:43,9,1,34
BRDA:46,10,0,42
BRDA:46,10,1,1
BRF:15
BRH:14
end_of_record
TN:
SF:src/components/common/EmptyState.jsx
FN:4,EmptyState
FNF:1
FNH:1
FNDA:26,EmptyState
DA:5,26
DA:18,5
LF:2
LH:2
BRDA:4,0,0,15
BRDA:4,1,0,13
BRDA:7,2,0,26
BRDA:7,2,1,11
BRDA:13,3,0,26
BRDA:13,3,1,13
BRF:6
BRH:6
end_of_record
TN:
SF:src/components/common/Input.jsx
FN:4,Input
FNF:1
FNH:1
FNDA:1452,Input
DA:14,1452
DA:50,4
LF:2
LH:2
BRDA:5,0,0,16
BRDA:6,1,0,1357
BRDA:7,2,0,108
BRDA:8,3,0,1357
BRDA:9,4,0,0
BRDA:10,5,0,1451
BRDA:11,6,0,1451
BRDA:16,7,0,1452
BRDA:16,7,1,1436
BRDA:27,8,0,21
BRDA:27,8,1,1431
BRDA:28,9,0,95
BRDA:28,9,1,1357
BRDA:35,10,0,1452
BRDA:35,10,1,95
BRDA:41,11,0,21
BRDA:41,11,1,1431
BRDA:44,12,0,1431
BRDA:44,12,1,94
BRF:19
BRH:18
end_of_record
TN:
SF:src/components/common/LoadingSpinner.jsx
FN:5,LoadingSpinner
FNF:1
FNH:1
FNDA:17,LoadingSpinner
DA:6,17
DA:14,5
LF:2
LH:2
BRDA:5,0,0,10
BRDA:5,1,0,16
BRDA:5,2,0,16
BRDA:9,3,0,17
BRDA:9,3,1,15
BRF:5
BRH:5
end_of_record
TN:
SF:src/components/common/Modal.jsx
FN:5,Modal
FN:6,(anonymous_1)
FN:8,(anonymous_2)
FN:12,(anonymous_3)
FNF:4
FNH:4
FNDA:1391,Modal
FNDA:1390,(anonymous_1)
FNDA:1503,(anonymous_2)
FNDA:1386,(anonymous_3)
DA:6,1391
DA:7,1390
DA:8,1386
DA:9,1503
DA:11,1386
DA:12,1386
DA:15,1391
DA:17,1387
DA:45,4
LF:9
LH:9
BRDA:5,0,0,16
BRDA:7,1,0,4
BRDA:7,1,1,1386
BRDA:9,2,0,1
BRDA:9,2,1,1502
BRDA:15,3,0,4
BRDA:15,3,1,1387
BRDA:29,4,0,1387
BRDA:29,4,1,1373
BRF:9
BRH:9
end_of_record
TN:
SF:src/components/common/Pagination.jsx
FN:5,Pagination
FN:21,(anonymous_1)
FN:30,(anonymous_2)
FNF:3
FNH:3
FNDA:41,Pagination
FNDA:1,(anonymous_1)
FNDA:2,(anonymous_2)
DA:6,41
DA:7,41
DA:9,41
DA:21,1
DA:30,2
DA:41,3
LF:6
LH:6
BRDA:5,0,0,12
BRDA:6,1,0,41
BRDA:6,1,1,7
BRDA:7,2,0,41
BRDA:7,2,1,29
BRF:5
BRH:5
end_of_record
TN:
SF:src/components/common/RateConfigModal.jsx
FN:11,RateConfigModal
FN:28,(anonymous_1)
FN:42,(anonymous_2)
FN:47,(anonymous_3)
FN:89,(anonymous_4)
FN:100,(anonymous_5)
FN:111,(anonymous_6)
FNF:7
FNH:6
FNDA:33,RateConfigModal
FNDA:12,(anonymous_1)
FNDA:2,(anonymous_2)
FNDA:3,(anonymous_3)
FNDA:3,(anonymous_4)
FNDA:0,(anonymous_5)
FNDA:2,(anonymous_6)
DA:12,33
DA:13,33
DA:14,33
DA:15,33
DA:16,33
DA:19,33
DA:20,33
DA:21,33
DA:24,33
DA:28,33
DA:29,12
DA:30,11
DA:31,11
DA:32,11
DA:33,11
DA:34,11
DA:40,33
DA:42,32
DA:43,2
DA:44,2
DA:47,32
DA:48,3
DA:49,3
DA:50,3
DA:51,3
DA:52,3
DA:53,1
DA:54,1
DA:56,2
DA:57,1
DA:58,1
DA:60,1
DA:61,1
DA:62,1
DA:67,1
DA:73,32
DA:89,3
DA:100,0
DA:111,2
DA:135,1
LF:40
LH:39
BRDA:11,0,0,0
BRDA:11,1,0,29
BRDA:11,2,0,31
BRDA:19,3,0,2
BRDA:19,3,1,31
BRDA:20,4,0,2
BRDA:20,4,1,31
BRDA:21,5,0,2
BRDA:21,5,1,31
BRDA:24,6,0,2
BRDA:24,6,1,31
BRDA:29,7,0,11
BRDA:29,7,1,1
BRDA:40,8,0,1
BRDA:40,8,1,32
BRDA:52,9,0,1
BRDA:52,9,1,2
BRDA:52,10,0,3
BRDA:52,10,1,2
BRDA:52,10,2,2
BRDA:52,10,3,2
BRDA:56,11,0,1
BRDA:56,11,1,1
BRDA:56,12,0,2
BRDA:56,12,1,2
BRDA:78,13,0,32
BRDA:78,13,1,30
BRDA:113,14,0,2
BRDA:113,14,1,30
BRDA:119,15,0,32
BRDA:119,15,1,2
BRDA:120,16,0,32
BRDA:120,16,1,0
BRF:33
BRH:31
end_of_record
TN:
SF:src/components/exchange/CreateExchangeProviderModal.jsx
FN:13,CreateExchangeProviderModal
FN:21,(anonymous_1)
FN:31,(anonymous_2)
FN:71,(anonymous_3)
FN:81,(anonymous_4)
FN:92,(anonymous_5)
FN:104,(anonymous_6)
FNF:7
FNH:0
FNDA:0,CreateExchangeProviderModal
FNDA:0,(anonymous_1)
FNDA:0,(anonymous_2)
FNDA:0,(anonymous_3)
FNDA:0,(anonymous_4)
FNDA:0,(anonymous_5)
FNDA:0,(anonymous_6)
DA:10,0
DA:11,0
DA:14,0
DA:15,0
DA:16,0
DA:17,0
DA:18,0
DA:19,0
DA:21,0
DA:22,0
DA:23,0
DA:24,0
DA:25,0
DA:26,0
DA:27,0
DA:28,0
DA:31,0
DA:32,0
DA:33,0
DA:34,0
DA:35,0
DA:37,0
DA:38,0
DA:39,0
DA:40,0
DA:41,0
DA:43,0
DA:44,0
DA:45,0
DA:51,0
DA:57,0
DA:71,0
DA:81,0
DA:92,0
DA:104,0
DA:124,0
LF:36
LH:0
BRDA:33,0,0,0
BRDA:33,0,1,0
BRDA:33,1,0,0
BRDA:33,1,1,0
BRDA:39,2,0,0
BRDA:39,2,1,0
BRDA:39,3,0,0
BRDA:39,3,1,0
BRDA:108,4,0,0
BRDA:108,4,1,0
BRDA:109,5,0,0
BRDA:109,5,1,0
BRF:12
BRH:0
end_of_record
TN:
SF:src/components/exchange/EditExchangeProviderModal.jsx
FN:12,EditExchangeProviderModal
FN:20,(anonymous_1)
FN:35,(anonymous_2)
FN:40,(anonymous_3)
FN:79,(anonymous_4)
FN:91,(anonymous_5)
FN:102,(anonymous_6)
FN:108,(anonymous_7)
FNF:8
FNH:0
FNDA:0,EditExchangeProviderModal
FNDA:0,(anonymous_1)
FNDA:0,(anonymous_2)
FNDA:0,(anonymous_3)
FNDA:0,(anonymous_4)
FNDA:0,(anonymous_5)
FNDA:0,(anonymous_6)
FNDA:0,(anonymous_7)
DA:10,0
DA:13,0
DA:14,0
DA:15,0
DA:16,0
DA:17,0
DA:18,0
DA:20,0
DA:21,0
DA:22,0
DA:23,0
DA:24,0
DA:25,0
DA:26,0
DA:27,0
DA:33,0
DA:35,0
DA:36,0
DA:37,0
DA:40,0
DA:41,0
DA:42,0
DA:43,0
DA:44,0
DA:46,0
DA:47,0
DA:48,0
DA:49,0
DA:50,0
DA:52,0
DA:53,0
DA:54,0
DA:60,0
DA:66,0
DA:79,0
DA:91,0
DA:102,0
DA:108,0
DA:130,0
LF:39
LH:0
BRDA:12,0,0,0
BRDA:21,1,0,0
BRDA:21,1,1,0
BRDA:33,2,0,0
BRDA:33,2,1,0
BRDA:42,3,0,0
BRDA:42,3,1,0
BRDA:48,4,0,0
BRDA:48,4,1,0
BRDA:48,5,0,0
BRDA:48,5,1,0
BRDA:114,6,0,0
BRDA:114,6,1,0
BRDA:115,7,0,0
BRDA:115,7,1,0
BRF:15
BRH:0
end_of_record
TN:
SF:src/components/exchange/ExchangeProviderCard.jsx
FN:8,RateRow
FN:30,ExchangeProviderCard
FN:49,(anonymous_2)
FNF:3
FNH:0
FNDA:0,RateRow
FNDA:0,ExchangeProviderCard
FNDA:0,(anonymous_2)
DA:9,0
DA:10,0
DA:24,0
DA:31,0
DA:49,0
DA:57,0
LF:6
LH:0
BRDA:9,0,0,0
BRDA:9,0,1,0
BRDA:13,1,0,0
BRDA:13,1,1,0
BRDA:32,2,0,0
BRDA:32,2,1,0
BRDA:35,3,0,0
BRDA:35,3,1,0
BRDA:38,4,0,0
BRDA:38,4,1,0
BRDA:38,5,0,0
BRDA:38,5,1,0
BRF:12
BRH:0
end_of_record
TN:
SF:src/components/exchange/ExchangeProviderGrid.jsx
FN:8,ExchangeProviderGrid
FN:25,(anonymous_1)
FNF:2
FNH:0
FNDA:0,ExchangeProviderGrid
FNDA:0,(anonymous_1)
DA:9,0
DA:10,0
DA:13,0
DA:14,0
DA:23,0
DA:26,0
DA:32,0
LF:7
LH:0
BRDA:8,0,0,0
BRDA:9,1,0,0
BRDA:9,1,1,0
BRDA:9,2,0,0
BRDA:9,2,1,0
BRDA:13,3,0,0
BRDA:13,3,1,0
BRDA:13,4,0,0
BRDA:13,4,1,0
BRF:9
BRH:0
end_of_record
TN:
SF:src/components/exchange/ExchangeRequestsTable.jsx
FN:22,ExchangeRequestsTable
FN:46,(anonymous_1)
FNF:2
FNH:0
FNDA:0,ExchangeRequestsTable
FNDA:0,(anonymous_1)
DA:11,0
DA:17,0
DA:23,0
DA:24,0
DA:26,0
DA:47,0
DA:48,0
DA:49,0
DA:93,0
LF:9
LH:0
BRDA:22,0,0,0
BRDA:23,1,0,0
BRDA:23,1,1,0
BRDA:24,2,0,0
BRDA:24,2,1,0
BRDA:47,3,0,0
BRDA:47,3,1,0
BRDA:61,4,0,0
BRDA:61,4,1,0
BRDA:64,5,0,0
BRDA:64,5,1,0
BRDA:64,6,0,0
BRDA:64,6,1,0
BRDA:64,7,0,0
BRDA:64,7,1,0
BRDA:71,8,0,0
BRDA:71,8,1,0
BRDA:72,9,0,0
BRDA:72,9,1,0
BRDA:72,9,2,0
BRDA:80,10,0,0
BRDA:80,10,1,0
BRF:22
BRH:0
end_of_record
TN:
SF:src/components/institutions/CreateInstitutionModal.jsx
FN:11,CreateInstitutionModal
FN:19,(anonymous_1)
FN:29,(anonymous_2)
FN:65,(anonymous_3)
FN:74,(anonymous_4)
FN:83,(anonymous_5)
FN:92,(anonymous_6)
FNF:7
FNH:0
FNDA:0,CreateInstitutionModal
FNDA:0,(anonymous_1)
FNDA:0,(anonymous_2)
FNDA:0,(anonymous_3)
FNDA:0,(anonymous_4)
FNDA:0,(anonymous_5)
FNDA:0,(anonymous_6)
DA:9,0
DA:12,0
DA:13,0
DA:14,0
DA:15,0
DA:16,0
DA:17,0
DA:19,0
DA:20,0
DA:21,0
DA:22,0
DA:23,0
DA:24,0
DA:25,0
DA:26,0
DA:29,0
DA:30,0
DA:31,0
DA:32,0
DA:33,0
DA:35,0
DA:36,0
DA:37,0
DA:39,0
DA:40,0
DA:41,0
DA:43,0
DA:44,0
DA:45,0
DA:46,0
DA:52,0
DA:65,0
DA:74,0
DA:83,0
DA:92,0
DA:110,0
LF:36
LH:0
BRDA:31,0,0,0
BRDA:31,0,1,0
BRDA:31,1,0,0
BRDA:31,1,1,0
BRDA:31,1,2,0
BRDA:31,1,3,0
BRDA:35,2,0,0
BRDA:35,2,1,0
BRDA:39,3,0,0
BRDA:39,3,1,0
BRDA:95,4,0,0
BRDA:95,4,1,0
BRDA:95,4,2,0
BRDA:95,5,0,0
BRDA:95,5,1,0
BRF:15
BRH:0
end_of_record
TN:
SF:src/components/institutions/EditBrandingModal.jsx
FN:15,EditBrandingModal
FN:26,(anonymous_1)
FN:35,(anonymous_2)
FN:41,(anonymous_3)
FN:54,(anonymous_4)
FN:58,(anonymous_5)
FN:63,(anonymous_6)
FN:95,(anonymous_7)
FN:110,(anonymous_8)
FN:139,(anonymous_9)
FN:145,(anonymous_10)
FNF:11
FNH:0
FNDA:0,EditBrandingModal
FNDA:0,(anonymous_1)
FNDA:0,(anonymous_2)
FNDA:0,(anonymous_3)
FNDA:0,(anonymous_4)
FNDA:0,(anonymous_5)
FNDA:0,(anonymous_6)
FNDA:0,(anonymous_7)
FNDA:0,(anonymous_8)
FNDA:0,(anonymous_9)
FNDA:0,(anonymous_10)
DA:9,0
DA:10,0
DA:13,0
DA:16,0
DA:17,0
DA:18,0
DA:19,0
DA:20,0
DA:21,0
DA:26,0
DA:27,0
DA:28,0
DA:29,0
DA:30,0
DA:31,0
DA:35,0
DA:36,0
DA:37,0
DA:38,0
DA:41,0
DA:42,0
DA:43,0
DA:44,0
DA:45,0
DA:46,0
DA:48,0
DA:49,0
DA:50,0
DA:52,0
DA:53,0
DA:54,0
DA:55,0
DA:58,0
DA:59,0
DA:60,0
DA:63,0
DA:64,0
DA:65,0
DA:66,0
DA:67,0
DA:69,0
DA:70,0
DA:71,0
DA:73,0
DA:74,0
DA:75,0
DA:76,0
DA:82,0
DA:95,0
DA:110,0
DA:139,0
DA:145,0
DA:167,0
LF:53
LH:0
BRDA:27,0,0,0
BRDA:27,0,1,0
BRDA:27,1,0,0
BRDA:27,1,1,0
BRDA:29,2,0,0
BRDA:29,2,1,0
BRDA:30,3,0,0
BRDA:30,3,1,0
BRDA:43,4,0,0
BRDA:43,4,1,0
BRDA:44,5,0,0
BRDA:44,5,1,0
BRDA:48,6,0,0
BRDA:48,6,1,0
BRDA:60,7,0,0
BRDA:60,7,1,0
BRDA:65,8,0,0
BRDA:65,8,1,0
BRDA:69,9,0,0
BRDA:69,9,1,0
BRDA:103,10,0,0
BRDA:103,10,1,0
BRDA:111,11,0,0
BRDA:111,11,1,0
BRDA:113,12,0,0
BRDA:113,12,1,0
BRDA:138,13,0,0
BRDA:138,13,1,0
BRDA:152,14,0,0
BRDA:152,14,1,0
BRDA:152,14,2,0
BRDA:152,15,0,0
BRDA:152,15,1,0
BRF:33
BRH:0
end_of_record
TN:
SF:src/components/institutions/EditInstitutionModal.jsx
FN:12,EditInstitutionModal
FN:21,(anonymous_1)
FN:30,(anonymous_2)
FN:36,(anonymous_3)
FN:72,(anonymous_4)
FN:82,(anonymous_5)
FN:91,(anonymous_6)
FNF:7
FNH:0
FNDA:0,EditInstitutionModal
FNDA:0,(anonymous_1)
FNDA:0,(anonymous_2)
FNDA:0,(anonymous_3)
FNDA:0,(anonymous_4)
FNDA:0,(anonymous_5)
FNDA:0,(anonymous_6)
DA:13,0
DA:14,0
DA:15,0
DA:16,0
DA:17,0
DA:21,0
DA:22,0
DA:23,0
DA:24,0
DA:25,0
DA:26,0
DA:30,0
DA:31,0
DA:32,0
DA:33,0
DA:36,0
DA:37,0
DA:38,0
DA:39,0
DA:40,0
DA:42,0
DA:43,0
DA:44,0
DA:46,0
DA:47,0
DA:48,0
DA:50,0
DA:51,0
DA:52,0
DA:53,0
DA:59,0
DA:72,0
DA:82,0
DA:91,0
DA:109,0
LF:35
LH:0
BRDA:22,0,0,0
BRDA:22,0,1,0
BRDA:22,1,0,0
BRDA:22,1,1,0
BRDA:24,2,0,0
BRDA:24,2,1,0
BRDA:38,3,0,0
BRDA:38,3,1,0
BRDA:42,4,0,0
BRDA:42,4,1,0
BRDA:46,5,0,0
BRDA:46,5,1,0
BRDA:46,6,0,0
BRDA:46,6,1,0
BRDA:52,7,0,0
BRDA:52,7,1,0
BRDA:94,8,0,0
BRDA:94,8,1,0
BRDA:94,8,2,0
BRDA:94,9,0,0
BRDA:94,9,1,0
BRF:21
BRH:0
end_of_record
TN:
SF:src/components/institutions/FeatureFlagsModal.jsx
FN:18,FlagRow
FN:31,(anonymous_1)
FN:61,FeatureFlagsModal
FN:67,(anonymous_3)
FN:73,(anonymous_4)
FN:74,(anonymous_5)
FN:78,(anonymous_6)
FN:83,(anonymous_7)
FN:83,(anonymous_8)
FN:102,(anonymous_9)
FNF:10
FNH:0
FNDA:0,FlagRow
FNDA:0,(anonymous_1)
FNDA:0,FeatureFlagsModal
FNDA:0,(anonymous_3)
FNDA:0,(anonymous_4)
FNDA:0,(anonymous_5)
FNDA:0,(anonymous_6)
FNDA:0,(anonymous_7)
FNDA:0,(anonymous_8)
FNDA:0,(anonymous_9)
DA:7,0
DA:19,0
DA:20,0
DA:31,0
DA:52,0
DA:62,0
DA:63,0
DA:64,0
DA:65,0
DA:67,0
DA:68,0
DA:69,0
DA:70,0
DA:71,0
DA:73,0
DA:74,0
DA:78,0
DA:79,0
DA:80,0
DA:81,0
DA:82,0
DA:83,0
DA:85,0
DA:87,0
DA:91,0
DA:93,0
DA:103,0
DA:116,0
LF:28
LH:0
BRDA:19,0,0,0
BRDA:19,0,1,0
BRDA:34,1,0,0
BRDA:34,1,1,0
BRDA:37,2,0,0
BRDA:37,2,1,0
BRDA:43,3,0,0
BRDA:43,3,1,0
BRDA:68,4,0,0
BRDA:68,4,1,0
BRDA:68,5,0,0
BRDA:68,5,1,0
BRDA:73,6,0,0
BRDA:73,6,1,0
BRDA:83,7,0,0
BRDA:83,7,1,0
BRDA:85,8,0,0
BRDA:85,8,1,0
BRDA:91,9,0,0
BRDA:91,9,1,0
BRDA:101,10,0,0
BRDA:101,10,1,0
BRDA:102,11,0,0
BRDA:102,11,1,0
BRDA:110,12,0,0
BRDA:110,12,1,0
BRF:26
BRH:0
end_of_record
TN:
SF:src/components/institutions/InstitutionCard.jsx
FN:9,InstitutionCard
FN:45,(anonymous_1)
FN:48,(anonymous_2)
FN:51,(anonymous_3)
FN:59,(anonymous_4)
FNF:5
FNH:0
FNDA:0,InstitutionCard
FNDA:0,(anonymous_1)
FNDA:0,(anonymous_2)
FNDA:0,(anonymous_3)
FNDA:0,(anonymous_4)
DA:12,0
DA:14,0
DA:45,0
DA:48,0
DA:51,0
DA:59,0
DA:68,0
LF:7
LH:0
BRDA:10,0,0,0
BRDA:19,1,0,0
BRDA:19,1,1,0
BRDA:30,2,0,0
BRDA:30,2,1,0
BRDA:35,3,0,0
BRDA:35,3,1,0
BRDA:55,4,0,0
BRDA:55,4,1,0
BRDA:56,5,0,0
BRDA:56,5,1,0
BRDA:59,6,0,0
BRDA:59,6,1,0
BRDA:61,7,0,0
BRDA:61,7,1,0
BRF:15
BRH:0
end_of_record
TN:
SF:src/components/institutions/InstitutionGrid.jsx
FN:8,InstitutionGrid
FN:33,(anonymous_1)
FNF:2
FNH:0
FNDA:0,InstitutionGrid
FNDA:0,(anonymous_1)
DA:17,0
DA:18,0
DA:21,0
DA:22,0
DA:31,0
DA:34,0
DA:48,0
LF:7
LH:0
BRDA:10,0,0,0
BRDA:15,1,0,0
BRDA:17,2,0,0
BRDA:17,2,1,0
BRDA:17,3,0,0
BRDA:17,3,1,0
BRDA:21,4,0,0
BRDA:21,4,1,0
BRDA:21,5,0,0
BRDA:21,5,1,0
BRF:10
BRH:0
end_of_record
TN:
SF:src/components/ledger/ApiUsageCard.jsx
FN:11,formatMonthLabel
FN:16,formatSinceDate
FN:25,ApiUsageCard
FN:54,(anonymous_3)
FNF:4
FNH:0
FNDA:0,formatMonthLabel
FNDA:0,formatSinceDate
FNDA:0,ApiUsageCard
FNDA:0,(anonymous_3)
DA:8,0
DA:12,0
DA:13,0
DA:17,0
DA:18,0
DA:26,0
DA:27,0
DA:34,0
DA:35,0
DA:36,0
DA:38,0
DA:55,0
DA:88,0
DA:97,0
LF:14
LH:0
BRDA:17,0,0,0
BRDA:17,0,1,0
BRDA:25,1,0,0
BRDA:25,2,0,0
BRDA:26,3,0,0
BRDA:26,3,1,0
BRDA:26,4,0,0
BRDA:26,4,1,0
BRDA:34,5,0,0
BRDA:34,5,1,0
BRDA:66,6,0,0
BRDA:66,6,1,0
BRDA:69,7,0,0
BRDA:69,7,1,0
BRDA:80,8,0,0
BRDA:80,8,1,0
BRDA:80,8,2,0
BRF:17
BRH:0
end_of_record
TN:
SF:src/components/ledger/LedgerTable.jsx
FN:21,SourceBadge
FN:31,LedgerTable
FN:53,(anonymous_2)
FNF:3
FNH:0
FNDA:0,SourceBadge
FNDA:0,LedgerTable
FNDA:0,(anonymous_2)
DA:12,0
DA:22,0
DA:29,0
DA:32,0
DA:34,0
DA:54,0
DA:55,0
DA:56,0
DA:99,0
LF:9
LH:0
BRDA:22,0,0,0
BRDA:22,0,1,0
BRDA:31,1,0,0
BRDA:31,2,0,0
BRDA:32,3,0,0
BRDA:32,3,1,0
BRDA:54,4,0,0
BRDA:54,4,1,0
BRDA:71,5,0,0
BRDA:71,5,1,0
BRDA:81,6,0,0
BRDA:81,6,1,0
BRDA:82,7,0,0
BRDA:82,7,1,0
BRDA:82,7,2,0
BRDA:86,8,0,0
BRDA:86,8,1,0
BRDA:86,8,2,0
BRF:18
BRH:0
end_of_record
TN:
SF:src/components/ledger/MetricsGrid.jsx
FN:13,(anonymous_0)
FN:20,(anonymous_1)
FN:27,(anonymous_2)
FN:34,(anonymous_3)
FN:38,MetricsGrid
FN:49,(anonymous_5)
FNF:6
FNH:0
FNDA:0,(anonymous_0)
FNDA:0,(anonymous_1)
FNDA:0,(anonymous_2)
FNDA:0,(anonymous_3)
FNDA:0,MetricsGrid
FNDA:0,(anonymous_5)
DA:7,0
DA:13,0
DA:20,0
DA:27,0
DA:34,0
DA:39,0
DA:40,0
DA:47,0
DA:50,0
DA:66,0
LF:10
LH:0
BRDA:38,0,0,0
BRDA:38,1,0,0
BRDA:39,2,0,0
BRDA:39,2,1,0
BRDA:39,3,0,0
BRDA:39,3,1,0
BRDA:57,4,0,0
BRDA:57,4,1,0
BRDA:57,5,0,0
BRDA:57,5,1,0
BRF:10
BRH:0
end_of_record
TN:
SF:src/components/ledger/ValuePreview.jsx
FN:4,stringifyValue
FN:8,(anonymous_1)
FN:14,ValuePreview
FNF:3
FNH:0
FNDA:0,stringifyValue
FNDA:0,(anonymous_1)
FNDA:0,ValuePreview
DA:5,0
DA:6,0
DA:7,0
DA:8,0
DA:11,0
DA:15,0
DA:16,0
DA:18,0
DA:19,0
DA:22,0
DA:32,0
LF:11
LH:0
BRDA:5,0,0,0
BRDA:5,0,1,0
BRDA:5,1,0,0
BRDA:5,1,1,0
BRDA:6,2,0,0
BRDA:6,2,1,0
BRDA:14,3,0,0
BRDA:14,4,0,0
BRDA:18,5,0,0
BRDA:18,5,1,0
BRDA:18,6,0,0
BRDA:18,6,1,0
BRDA:24,7,0,0
BRDA:24,7,1,0
BRDA:27,8,0,0
BRDA:27,8,1,0
BRF:16
BRH:0
end_of_record
TN:
SF:src/components/partners/CreatePartnerModal.jsx
FN:12,CreatePartnerModal
FN:18,(anonymous_1)
FN:26,(anonymous_2)
FN:55,(anonymous_3)
FN:68,(anonymous_4)
FNF:5
FNH:5
FNDA:680,CreatePartnerModal
FNDA:5,(anonymous_1)
FNDA:6,(anonymous_2)
FNDA:88,(anonymous_3)
FNDA:559,(anonymous_4)
DA:9,1
DA:10,1
DA:13,680
DA:14,680
DA:15,680
DA:16,680
DA:18,680
DA:19,5
DA:20,5
DA:21,5
DA:22,5
DA:23,5
DA:26,680
DA:27,6
DA:28,6
DA:29,2
DA:30,2
DA:32,4
DA:33,4
DA:34,4
DA:35,3
DA:41,680
DA:55,88
DA:68,559
DA:89,1
LF:25
LH:25
BRDA:28,0,0,2
BRDA:28,0,1,4
BRDA:74,1,0,680
BRDA:74,1,1,1
BRF:4
BRH:4
end_of_record
TN:
SF:src/components/partners/CreatePartnerServiceAccountModal.jsx
FN:9,CreatePartnerServiceAccountModal
FN:16,(anonymous_1)
FN:30,(anonymous_2)
FN:35,(anonymous_3)
FN:82,(anonymous_4)
FN:92,(anonymous_5)
FNF:6
FNH:0
FNDA:0,CreatePartnerServiceAccountModal
FNDA:0,(anonymous_1)
FNDA:0,(anonymous_2)
FNDA:0,(anonymous_3)
FNDA:0,(anonymous_4)
FNDA:0,(anonymous_5)
DA:10,0
DA:11,0
DA:12,0
DA:13,0
DA:14,0
DA:16,0
DA:17,0
DA:18,0
DA:19,0
DA:20,0
DA:21,0
DA:22,0
DA:28,0
DA:30,0
DA:31,0
DA:32,0
DA:35,0
DA:36,0
DA:37,0
DA:38,0
DA:39,0
DA:41,0
DA:42,0
DA:43,0
DA:45,0
DA:46,0
DA:47,0
DA:48,0
DA:54,0
DA:82,0
DA:92,0
DA:111,0
LF:32
LH:0
BRDA:9,0,0,0
BRDA:17,1,0,0
BRDA:17,1,1,0
BRDA:28,2,0,0
BRDA:28,2,1,0
BRDA:37,3,0,0
BRDA:37,3,1,0
BRDA:37,4,0,0
BRDA:37,4,1,0
BRDA:41,5,0,0
BRDA:41,5,1,0
BRDA:61,6,0,0
BRDA:61,6,1,0
BRDA:95,7,0,0
BRDA:95,7,1,0
BRDA:95,7,2,0
BRDA:95,8,0,0
BRDA:95,8,1,0
BRF:18
BRH:0
end_of_record
TN:
SF:src/components/partners/PartnerCard.jsx
FN:9,RateRow
FN:35,formatValidityDays
FN:39,ValidityRow
FN:62,PartnerCard
FN:96,(anonymous_4)
FN:99,(anonymous_5)
FNF:6
FNH:6
FNDA:34,RateRow
FNDA:17,formatValidityDays
FNDA:17,ValidityRow
FNDA:17,PartnerCard
FNDA:1,(anonymous_4)
FNDA:1,(anonymous_5)
DA:10,34
DA:11,34
DA:28,1
DA:36,17
DA:40,17
DA:41,17
DA:42,17
DA:57,1
DA:63,17
DA:96,1
DA:99,1
DA:107,1
LF:12
LH:12
BRDA:9,0,0,0
BRDA:10,1,0,34
BRDA:10,1,1,32
BRDA:16,2,0,32
BRDA:16,2,1,2
BRDA:18,3,0,32
BRDA:18,3,1,2
BRDA:36,4,0,2
BRDA:36,4,1,15
BRDA:39,5,0,0
BRDA:40,6,0,17
BRDA:40,6,1,16
BRDA:41,7,0,16
BRDA:41,7,1,1
BRDA:47,8,0,16
BRDA:47,8,1,1
BRDA:73,9,0,17
BRDA:73,9,1,1
BRDA:79,10,0,17
BRDA:79,10,1,1
BRDA:85,11,0,17
BRDA:85,11,1,1
BRDA:90,12,0,17
BRDA:90,12,1,1
BRF:24
BRH:22
end_of_record
TN:
SF:src/components/partners/PartnerGrid.jsx
FN:8,PartnerGrid
FN:25,(anonymous_1)
FNF:2
FNH:2
FNDA:11,PartnerGrid
FNDA:16,(anonymous_1)
DA:9,11
DA:10,1
DA:13,10
DA:14,2
DA:23,8
DA:26,16
DA:37,1
LF:7
LH:7
BRDA:8,0,0,0
BRDA:9,1,0,1
BRDA:9,1,1,10
BRDA:9,2,0,11
BRDA:9,2,1,2
BRDA:13,3,0,2
BRDA:13,3,1,8
BRDA:13,4,0,10
BRDA:13,4,1,9
BRF:9
BRH:8
end_of_record
TN:
SF:src/components/partners/PartnerRateConfigModal.jsx
FN:6,PartnerRateConfigModal
FNF:1
FNH:0
FNDA:0,PartnerRateConfigModal
DA:7,0
LF:1
LH:0
BRF:0
BRH:0
end_of_record
TN:
SF:src/components/profiles/CreateProfileModal.jsx
FN:12,CreateProfileModal
FN:18,(anonymous_1)
FN:26,(anonymous_2)
FN:55,(anonymous_3)
FN:68,(anonymous_4)
FNF:5
FNH:5
FNDA:663,CreateProfileModal
FNDA:5,(anonymous_1)
FNDA:6,(anonymous_2)
FNDA:82,(anonymous_3)
FNDA:548,(anonymous_4)
DA:9,1
DA:10,1
DA:13,663
DA:14,663
DA:15,663
DA:16,663
DA:18,663
DA:19,5
DA:20,5
DA:21,5
DA:22,5
DA:23,5
DA:26,663
DA:27,6
DA:28,6
DA:29,2
DA:30,2
DA:32,4
DA:33,4
DA:34,4
DA:35,3
DA:41,663
DA:55,82
DA:68,548
DA:89,1
LF:25
LH:25
BRDA:28,0,0,2
BRDA:28,0,1,4
BRDA:74,1,0,663
BRDA:74,1,1,1
BRF:4
BRH:4
end_of_record
TN:
SF:src/components/profiles/CreateTierRuleModal.jsx
FN:12,Select
FN:33,CreateTierRuleModal
FN:42,(anonymous_2)
FN:44,(anonymous_3)
FN:60,(anonymous_4)
FN:65,(anonymous_5)
FN:104,(anonymous_6)
FN:105,(anonymous_7)
FN:110,(anonymous_8)
FN:119,(anonymous_9)
FN:123,(anonymous_10)
FN:136,(anonymous_11)
FN:146,(anonymous_12)
FNF:13
FNH:0
FNDA:0,Select
FNDA:0,CreateTierRuleModal
FNDA:0,(anonymous_2)
FNDA:0,(anonymous_3)
FNDA:0,(anonymous_4)
FNDA:0,(anonymous_5)
FNDA:0,(anonymous_6)
FNDA:0,(anonymous_7)
FNDA:0,(anonymous_8)
FNDA:0,(anonymous_9)
FNDA:0,(anonymous_10)
FNDA:0,(anonymous_11)
FNDA:0,(anonymous_12)
DA:9,0
DA:13,0
DA:24,0
DA:34,0
DA:35,0
DA:36,0
DA:37,0
DA:38,0
DA:39,0
DA:40,0
DA:42,0
DA:44,0
DA:45,0
DA:46,0
DA:47,0
DA:48,0
DA:49,0
DA:50,0
DA:51,0
DA:52,0
DA:58,0
DA:60,0
DA:61,0
DA:62,0
DA:65,0
DA:66,0
DA:67,0
DA:68,0
DA:69,0
DA:70,0
DA:71,0
DA:73,0
DA:74,0
DA:75,0
DA:77,0
DA:78,0
DA:79,0
DA:81,0
DA:82,0
DA:83,0
DA:90,0
DA:96,0
DA:104,0
DA:106,0
DA:110,0
DA:119,0
DA:124,0
DA:136,0
DA:146,0
DA:166,0
LF:50
LH:0
BRDA:12,0,0,0
BRDA:19,1,0,0
BRDA:19,1,1,0
BRDA:33,2,0,0
BRDA:45,3,0,0
BRDA:45,3,1,0
BRDA:46,4,0,0
BRDA:46,4,1,0
BRDA:58,5,0,0
BRDA:58,5,1,0
BRDA:69,6,0,0
BRDA:69,6,1,0
BRDA:73,7,0,0
BRDA:73,7,1,0
BRDA:73,8,0,0
BRDA:73,8,1,0
BRDA:77,9,0,0
BRDA:77,9,1,0
BRDA:77,10,0,0
BRDA:77,10,1,0
BRDA:86,11,0,0
BRDA:86,11,1,0
BRDA:150,12,0,0
BRDA:150,12,1,0
BRDA:151,13,0,0
BRDA:151,13,1,0
BRF:26
BRH:0
end_of_record
TN:
SF:src/components/profiles/ProfileCard.jsx
FN:10,RateRow
FN:36,formatValidityDays
FN:40,ValidityRow
FN:63,ProfileCard
FN:107,(anonymous_4)
FNF:5
FNH:5
FNDA:32,RateRow
FNDA:16,formatValidityDays
FNDA:16,ValidityRow
FNDA:16,ProfileCard
FNDA:1,(anonymous_4)
DA:11,32
DA:12,32
DA:29,1
DA:37,16
DA:41,16
DA:42,16
DA:43,16
DA:58,1
DA:64,16
DA:66,16
DA:107,1
DA:117,1
LF:12
LH:12
BRDA:10,0,0,0
BRDA:11,1,0,32
BRDA:11,1,1,30
BRDA:17,2,0,30
BRDA:17,2,1,2
BRDA:19,3,0,30
BRDA:19,3,1,2
BRDA:37,4,0,2
BRDA:37,4,1,14
BRDA:40,5,0,0
BRDA:41,6,0,16
BRDA:41,6,1,15
BRDA:42,7,0,15
BRDA:42,7,1,1
BRDA:48,8,0,15
BRDA:48,8,1,1
BRDA:64,9,0,16
BRDA:64,9,1,16
BRDA:80,10,0,16
BRDA:80,10,1,1
BRDA:86,11,0,16
BRDA:86,11,1,1
BRDA:92,12,0,16
BRDA:92,12,1,1
BRDA:97,13,0,16
BRDA:97,13,1,1
BRF:26
BRH:24
end_of_record
TN:
SF:src/components/profiles/ProfileGrid.jsx
FN:8,ProfileGrid
FN:25,(anonymous_1)
FNF:2
FNH:2
FNDA:9,ProfileGrid
FNDA:14,(anonymous_1)
DA:9,9
DA:10,1
DA:13,8
DA:14,1
DA:23,7
DA:26,14
DA:38,1
LF:7
LH:7
BRDA:8,0,0,8
BRDA:8,1,0,0
BRDA:9,2,0,1
BRDA:9,2,1,8
BRDA:9,3,0,9
BRDA:9,3,1,2
BRDA:13,4,0,1
BRDA:13,4,1,7
BRDA:13,5,0,8
BRDA:13,5,1,7
BRF:10
BRH:9
end_of_record
TN:
SF:src/components/profiles/RateConfigModal.jsx
FNF:0
FNH:0
LF:0
LH:0
BRF:0
BRH:0
end_of_record
TN:
SF:src/components/profiles/TierRulesSection.jsx
FN:15,profileName
FN:16,(anonymous_1)
FN:19,partnerName
FN:21,(anonymous_3)
FN:24,TierRulesSection
FN:30,(anonymous_5)
FN:40,(anonymous_6)
FN:44,(anonymous_7)
FN:49,(anonymous_8)
FN:58,(anonymous_9)
FN:71,(anonymous_10)
FN:87,(anonymous_11)
FN:100,(anonymous_12)
FNF:13
FNH:0
FNDA:0,profileName
FNDA:0,(anonymous_1)
FNDA:0,partnerName
FNDA:0,(anonymous_3)
FNDA:0,TierRulesSection
FNDA:0,(anonymous_5)
FNDA:0,(anonymous_6)
FNDA:0,(anonymous_7)
FNDA:0,(anonymous_8)
FNDA:0,(anonymous_9)
FNDA:0,(anonymous_10)
FNDA:0,(anonymous_11)
FNDA:0,(anonymous_12)
DA:10,0
DA:16,0
DA:20,0
DA:21,0
DA:25,0
DA:26,0
DA:27,0
DA:28,0
DA:30,0
DA:31,0
DA:32,0
DA:33,0
DA:34,0
DA:36,0
DA:40,0
DA:41,0
DA:44,0
DA:45,0
DA:46,0
DA:49,0
DA:50,0
DA:51,0
DA:54,0
DA:58,0
DA:72,0
DA:87,0
DA:100,0
DA:110,0
LF:28
LH:0
BRDA:16,0,0,0
BRDA:16,0,1,0
BRDA:20,1,0,0
BRDA:20,1,1,0
BRDA:21,2,0,0
BRDA:21,2,1,0
BRDA:63,3,0,0
BRDA:63,3,1,0
BRDA:65,4,0,0
BRDA:65,4,1,0
BRDA:101,5,0,0
BRDA:101,5,1,0
BRF:12
BRH:0
end_of_record
TN:
SF:src/components/wallets/WalletHistoryTable.jsx
FN:18,WalletHistoryTable
FN:38,(anonymous_1)
FNF:2
FNH:2
FNDA:21,WalletHistoryTable
FNDA:52,(anonymous_1)
DA:12,1
DA:19,21
DA:20,21
DA:22,21
DA:39,52
DA:40,52
DA:41,52
DA:86,1
LF:8
LH:8
BRDA:18,0,0,20
BRDA:19,1,0,21
BRDA:19,1,1,1
BRDA:20,2,0,21
BRDA:20,2,1,1
BRDA:39,3,0,52
BRDA:39,3,1,0
BRDA:58,4,0,18
BRDA:58,4,1,34
BRDA:68,5,0,21
BRDA:68,5,1,1
BRDA:69,6,0,21
BRDA:69,6,1,20
BRDA:69,6,2,3
BRDA:73,7,0,21
BRDA:73,7,1,18
BRF:16
BRH:15
end_of_record
TN:
SF:src/components/wallets/WalletsTable.jsx
FN:18,SortableHeader
FN:25,(anonymous_1)
FN:46,WalletsTable
FN:68,(anonymous_3)
FN:81,(anonymous_4)
FN:86,(anonymous_5)
FNF:6
FNH:5
FNDA:36,SortableHeader
FNDA:1,(anonymous_1)
FNDA:12,WalletsTable
FNDA:36,(anonymous_3)
FNDA:20,(anonymous_4)
FNDA:0,(anonymous_5)
DA:12,1
DA:19,36
DA:20,36
DA:21,36
DA:25,1
DA:38,1
DA:54,12
DA:55,12
DA:56,12
DA:58,12
DA:69,36
DA:82,20
DA:83,20
DA:86,0
DA:124,1
LF:15
LH:14
BRDA:20,0,0,12
BRDA:20,0,1,24
BRDA:20,1,0,12
BRDA:20,1,1,0
BRDA:28,2,0,12
BRDA:28,2,1,24
BRDA:48,3,0,12
BRDA:50,4,0,9
BRDA:51,5,0,9
BRDA:52,6,0,9
BRDA:55,7,0,12
BRDA:55,7,1,1
BRDA:56,8,0,12
BRDA:56,8,1,1
BRDA:82,9,0,20
BRDA:82,9,1,20
BRDA:106,10,0,12
BRDA:106,10,1,0
BRDA:107,11,0,12
BRDA:107,11,1,12
BRDA:107,11,2,2
BRDA:111,12,0,12
BRDA:111,12,1,10
BRF:23
BRH:21
end_of_record
TN:
SF:src/constants/index.js
FNF:0
FNH:0
DA:1,6
DA:11,6
DA:16,6
DA:30,6
DA:36,6
DA:42,6
DA:48,6
DA:54,6
DA:61,6
DA:67,6
DA:68,6
LF:11
LH:11
BRF:0
BRH:0
end_of_record
TN:
SF:src/context/AdminContext.jsx
FN:9,AdminProvider
FN:43,(anonymous_1)
FN:53,(anonymous_2)
FN:64,(anonymous_3)
FN:66,(anonymous_4)
FN:66,(anonymous_5)
FN:72,(anonymous_6)
FN:85,(anonymous_7)
FN:85,(anonymous_8)
FN:89,(anonymous_9)
FN:99,(anonymous_10)
FN:110,(anonymous_11)
FNF:12
FNH:0
FNDA:0,AdminProvider
FNDA:0,(anonymous_1)
FNDA:0,(anonymous_2)
FNDA:0,(anonymous_3)
FNDA:0,(anonymous_4)
FNDA:0,(anonymous_5)
FNDA:0,(anonymous_6)
FNDA:0,(anonymous_7)
FNDA:0,(anonymous_8)
FNDA:0,(anonymous_9)
FNDA:0,(anonymous_10)
FNDA:0,(anonymous_11)
DA:7,0
DA:16,0
DA:17,0
DA:19,0
DA:20,0
DA:22,0
DA:23,0
DA:25,0
DA:26,0
DA:28,0
DA:35,0
DA:37,0
DA:41,0
DA:43,0
DA:44,0
DA:45,0
DA:46,0
DA:47,0
DA:49,0
DA:53,0
DA:54,0
DA:55,0
DA:56,0
DA:57,0
DA:59,0
DA:63,0
DA:65,0
DA:66,0
DA:67,0
DA:72,0
DA:73,0
DA:74,0
DA:75,0
DA:76,0
DA:78,0
DA:85,0
DA:89,0
DA:90,0
DA:91,0
DA:92,0
DA:93,0
DA:95,0
DA:99,0
DA:100,0
DA:101,0
DA:102,0
DA:103,0
DA:105,0
DA:109,0
DA:110,0
DA:152,0
DA:155,0
LF:52
LH:0
BRDA:66,0,0,0
BRDA:66,0,1,0
BRDA:85,1,0,0
BRDA:85,1,1,0
BRDA:89,2,0,0
BRDA:99,3,0,0
BRDA:99,4,0,0
BRF:7
BRH:0
end_of_record
TN:
SF:src/context/AuthContext.jsx
FN:9,AuthProvider
FN:16,(anonymous_1)
FN:35,(anonymous_2)
FN:44,(anonymous_3)
FN:51,(anonymous_4)
FN:53,(anonymous_5)
FN:53,(anonymous_6)
FN:56,(anonymous_7)
FN:59,(anonymous_8)
FNF:9
FNH:4
FNDA:12,AuthProvider
FNDA:0,(anonymous_1)
FNDA:0,(anonymous_2)
FNDA:0,(anonymous_3)
FNDA:12,(anonymous_4)
FNDA:12,(anonymous_5)
FNDA:0,(anonymous_6)
FNDA:0,(anonymous_7)
FNDA:12,(anonymous_8)
DA:7,4
DA:13,12
DA:14,12
DA:16,12
DA:17,0
DA:18,0
DA:19,0
DA:22,0
DA:30,0
DA:31,0
DA:32,0
DA:35,12
DA:36,0
DA:37,0
DA:38,0
DA:44,12
DA:45,0
DA:46,0
DA:47,0
DA:48,0
DA:51,12
DA:52,12
DA:53,12
DA:56,12
DA:58,12
DA:59,12
DA:70,12
DA:73,4
LF:28
LH:14
BRF:0
BRH:0
end_of_record
TN:
SF:src/context/CampaignContext.jsx
FN:8,CampaignProvider
FN:15,(anonymous_1)
FN:26,(anonymous_2)
FN:28,(anonymous_3)
FN:28,(anonymous_4)
FN:35,(anonymous_5)
FNF:6
FNH:2
FNDA:3,CampaignProvider
FNDA:0,(anonymous_1)
FNDA:0,(anonymous_2)
FNDA:0,(anonymous_3)
FNDA:0,(anonymous_4)
FNDA:3,(anonymous_5)
DA:6,1
DA:9,3
DA:10,3
DA:12,3
DA:13,3
DA:15,3
DA:16,0
DA:17,0
DA:18,0
DA:19,0
DA:21,0
DA:25,3
DA:27,0
DA:28,0
DA:29,0
DA:34,3
DA:35,3
DA:44,3
DA:47,1
LF:19
LH:11
BRF:0
BRH:0
end_of_record
TN:
SF:src/context/ExchangeContext.jsx
FN:8,ExchangeProvider
FN:21,(anonymous_1)
FN:31,(anonymous_2)
FN:42,(anonymous_3)
FN:44,(anonymous_4)
FN:44,(anonymous_5)
FN:51,(anonymous_6)
FN:53,(anonymous_7)
FN:53,(anonymous_8)
FN:60,(anonymous_9)
FNF:10
FNH:2
FNDA:3,ExchangeProvider
FNDA:0,(anonymous_1)
FNDA:0,(anonymous_2)
FNDA:0,(anonymous_3)
FNDA:0,(anonymous_4)
FNDA:0,(anonymous_5)
FNDA:0,(anonymous_6)
FNDA:0,(anonymous_7)
FNDA:0,(anonymous_8)
FNDA:3,(anonymous_9)
DA:6,1
DA:9,3
DA:10,3
DA:12,3
DA:13,3
DA:15,3
DA:19,3
DA:21,3
DA:22,0
DA:23,0
DA:24,0
DA:25,0
DA:27,0
DA:31,3
DA:32,0
DA:33,0
DA:34,0
DA:35,0
DA:37,0
DA:41,3
DA:43,0
DA:44,0
DA:45,0
DA:50,3
DA:52,0
DA:53,0
DA:54,0
DA:59,3
DA:60,3
DA:82,3
DA:85,1
LF:31
LH:15
BRDA:31,0,0,0
BRDA:31,1,0,0
BRDA:53,2,0,0
BRDA:53,2,1,0
BRF:4
BRH:0
end_of_record
TN:
SF:src/context/PartnerContext.jsx
FN:8,PartnerProvider
FN:15,(anonymous_1)
FN:26,(anonymous_2)
FN:28,(anonymous_3)
FN:28,(anonymous_4)
FN:35,(anonymous_5)
FN:37,(anonymous_6)
FN:37,(anonymous_7)
FN:44,(anonymous_8)
FN:51,(anonymous_9)
FNF:10
FNH:2
FNDA:3,PartnerProvider
FNDA:0,(anonymous_1)
FNDA:0,(anonymous_2)
FNDA:0,(anonymous_3)
FNDA:0,(anonymous_4)
FNDA:0,(anonymous_5)
FNDA:0,(anonymous_6)
FNDA:0,(anonymous_7)
FNDA:0,(anonymous_8)
FNDA:3,(anonymous_9)
DA:6,1
DA:9,3
DA:10,3
DA:12,3
DA:13,3
DA:15,3
DA:16,0
DA:17,0
DA:18,0
DA:19,0
DA:21,0
DA:25,3
DA:27,0
DA:28,0
DA:29,0
DA:34,3
DA:36,0
DA:37,0
DA:38,0
DA:43,3
DA:45,0
DA:50,3
DA:51,3
DA:62,3
DA:65,1
LF:25
LH:13
BRDA:37,0,0,0
BRDA:37,0,1,0
BRF:2
BRH:0
end_of_record
TN:
SF:src/context/ProfileContext.jsx
FN:8,ProfileProvider
FN:15,(anonymous_1)
FN:26,(anonymous_2)
FN:28,(anonymous_3)
FN:28,(anonymous_4)
FN:35,(anonymous_5)
FN:37,(anonymous_6)
FN:37,(anonymous_7)
FN:44,(anonymous_8)
FNF:9
FNH:2
FNDA:3,ProfileProvider
FNDA:0,(anonymous_1)
FNDA:0,(anonymous_2)
FNDA:0,(anonymous_3)
FNDA:0,(anonymous_4)
FNDA:0,(anonymous_5)
FNDA:0,(anonymous_6)
FNDA:0,(anonymous_7)
FNDA:3,(anonymous_8)
DA:6,1
DA:9,3
DA:10,3
DA:12,3
DA:13,3
DA:15,3
DA:16,0
DA:17,0
DA:18,0
DA:19,0
DA:21,0
DA:25,3
DA:27,0
DA:28,0
DA:29,0
DA:34,3
DA:36,0
DA:37,0
DA:38,0
DA:43,3
DA:44,3
DA:54,3
DA:57,1
LF:23
LH:12
BRDA:37,0,0,0
BRDA:37,0,1,0
BRF:2
BRH:0
end_of_record
TN:
SF:src/hooks/useAdminContext.js
FN:4,useAdminContext
FNF:1
FNH:0
FNDA:0,useAdminContext
DA:5,0
DA:6,0
DA:7,0
DA:9,0
LF:4
LH:0
BRDA:6,0,0,0
BRDA:6,0,1,0
BRF:2
BRH:0
end_of_record
TN:
SF:src/hooks/useAsyncAction.js
FN:7,useAsyncAction
FN:13,(anonymous_1)
FN:31,(anonymous_2)
FNF:3
FNH:3
FNDA:1402,useAsyncAction
FNDA:21,(anonymous_1)
FNDA:24,(anonymous_2)
DA:8,1402
DA:9,1402
DA:10,1402
DA:12,1402
DA:14,21
DA:15,21
DA:16,21
DA:17,21
DA:18,21
DA:19,15
DA:20,15
DA:22,6
DA:23,6
DA:25,21
DA:31,1402
DA:32,24
DA:33,24
DA:36,1402
LF:18
LH:18
BRDA:22,0,0,6
BRDA:22,0,1,2
BRF:2
BRH:2
end_of_record
TN:
SF:src/hooks/useAuth.js
FN:4,useAuth
FNF:1
FNH:1
FNDA:12,useAuth
DA:5,12
DA:6,12
DA:7,0
DA:9,12
LF:4
LH:3
BRDA:6,0,0,0
BRDA:6,0,1,12
BRF:2
BRH:1
end_of_record
TN:
SF:src/hooks/useCampaignContext.js
FN:4,useCampaignContext
FNF:1
FNH:1
FNDA:7,useCampaignContext
DA:5,7
DA:6,7
DA:7,4
DA:9,3
LF:4
LH:4
BRDA:6,0,0,4
BRDA:6,0,1,3
BRF:2
BRH:2
end_of_record
TN:
SF:src/hooks/useExchangeContext.js
FN:4,useExchangeContext
FNF:1
FNH:1
FNDA:7,useExchangeContext
DA:5,7
DA:6,7
DA:7,4
DA:9,3
LF:4
LH:4
BRDA:6,0,0,4
BRDA:6,0,1,3
BRF:2
BRH:2
end_of_record
TN:
SF:src/hooks/usePartnerContext.js
FN:4,usePartnerContext
FNF:1
FNH:1
FNDA:7,usePartnerContext
DA:5,7
DA:6,7
DA:7,4
DA:9,3
LF:4
LH:4
BRDA:6,0,0,4
BRDA:6,0,1,3
BRF:2
BRH:2
end_of_record
TN:
SF:src/hooks/useProfileContext.js
FN:4,useProfileContext
FNF:1
FNH:1
FNDA:7,useProfileContext
DA:5,7
DA:6,7
DA:7,4
DA:9,3
LF:4
LH:4
BRDA:6,0,0,4
BRDA:6,0,1,3
BRF:2
BRH:2
end_of_record
TN:
SF:src/layouts/DashboardLayout.jsx
FN:5,DashboardLayout
FNF:1
FNH:0
FNDA:0,DashboardLayout
DA:6,0
DA:20,0
LF:2
LH:0
BRDA:5,0,0,0
BRDA:12,1,0,0
BRDA:12,1,1,0
BRF:3
BRH:0
end_of_record
TN:
SF:src/layouts/Sidebar.jsx
FN:12,Sidebar
FN:19,(anonymous_1)
FN:27,(anonymous_2)
FN:60,(anonymous_3)
FN:67,(anonymous_4)
FNF:5
FNH:0
FNDA:0,Sidebar
FNDA:0,(anonymous_1)
FNDA:0,(anonymous_2)
FNDA:0,(anonymous_3)
FNDA:0,(anonymous_4)
DA:9,0
DA:10,0
DA:13,0
DA:14,0
DA:19,0
DA:20,0
DA:21,0
DA:26,0
DA:27,0
DA:30,0
DA:61,0
DA:62,0
DA:68,0
LF:13
LH:0
BRDA:10,0,0,0
BRDA:10,0,1,0
BRDA:20,1,0,0
BRDA:20,1,1,0
BRDA:27,2,0,0
BRDA:27,2,1,0
BRDA:27,2,2,0
BRDA:32,3,0,0
BRDA:32,3,1,0
BRDA:35,4,0,0
BRDA:35,4,1,0
BRDA:70,5,0,0
BRDA:70,5,1,0
BRDA:84,6,0,0
BRDA:84,6,1,0
BRDA:93,7,0,0
BRDA:93,7,1,0
BRF:17
BRH:0
end_of_record
TN:
SF:src/utils/dateUtils.js
FN:6,formatDateTime
FN:19,formatRelativeToNow
FN:37,localInputToIso
FN:42,isoToLocalInput
FN:45,(anonymous_4)
FN:53,getCampaignStatus
FN:67,resolveEffectiveCampaigns
FN:68,(anonymous_7)
FN:72,(anonymous_8)
FN:74,(anonymous_9)
FNF:10
FNH:10
FNDA:76,formatDateTime
FNDA:9,formatRelativeToNow
FNDA:5,localInputToIso
FNDA:6,isoToLocalInput
FNDA:12,(anonymous_4)
FNDA:18,getCampaignStatus
FNDA:8,resolveEffectiveCampaigns
FNDA:12,(anonymous_7)
FNDA:10,(anonymous_8)
FNDA:10,(anonymous_9)
DA:7,76
DA:8,72
DA:9,72
DA:10,71
DA:20,9
DA:21,7
DA:22,7
DA:23,7
DA:24,7
DA:26,7
DA:27,6
DA:28,4
DA:29,4
DA:30,2
DA:31,2
DA:38,5
DA:39,2
DA:43,6
DA:44,3
DA:45,12
DA:46,3
DA:54,18
DA:55,18
DA:56,18
DA:57,17
DA:58,14
DA:68,12
DA:69,8
DA:70,2
DA:72,6
DA:73,10
DA:74,6
DA:75,10
DA:76,6
LF:34
LH:34
BRDA:7,0,0,4
BRDA:7,0,1,72
BRDA:9,1,0,1
BRDA:9,1,1,71
BRDA:20,2,0,2
BRDA:20,2,1,7
BRDA:26,3,0,1
BRDA:26,3,1,6
BRDA:27,4,0,2
BRDA:27,4,1,4
BRDA:27,5,0,1
BRDA:27,5,1,1
BRDA:29,6,0,2
BRDA:29,6,1,2
BRDA:29,7,0,1
BRDA:29,7,1,1
BRDA:31,8,0,1
BRDA:31,8,1,1
BRDA:38,9,0,3
BRDA:38,9,1,2
BRDA:43,10,0,3
BRDA:43,10,1,3
BRDA:53,11,0,1
BRDA:56,12,0,1
BRDA:56,12,1,17
BRDA:57,13,0,3
BRDA:57,13,1,14
BRDA:67,14,0,0
BRDA:69,15,0,2
BRDA:69,15,1,6
BRDA:73,16,0,7
BRDA:73,16,1,3
BRDA:73,17,0,10
BRDA:73,17,1,4
BRDA:75,18,0,10
BRDA:75,18,1,0
BRDA:75,19,0,10
BRDA:75,19,1,4
BRF:38
BRH:36
end_of_record
TN:
SF:src/utils/formConverters.js
FN:3,toInputValue
FN:7,toRateOrNull
FNF:2
FNH:2
FNDA:39,toInputValue
FNDA:18,toRateOrNull
DA:4,39
DA:8,18
DA:9,14
LF:3
LH:3
BRDA:4,0,0,2
BRDA:4,0,1,37
BRDA:4,1,0,39
BRDA:4,1,1,38
BRDA:8,2,0,4
BRDA:8,2,1,14
BRDA:8,3,0,18
BRDA:8,3,1,16
BRDA:8,3,2,15
BRF:9
BRH:9
end_of_record
TN:
SF:src/utils/formatters.js
FN:1,formatPoints
FN:9,formatBalance
FN:14,formatCents
FN:19,formatMultiplier
FN:24,formatRate
FN:29,truncate
FN:34,initials
FN:40,(anonymous_7)
FNF:8
FNH:8
FNDA:60,formatPoints
FNDA:25,formatBalance
FNDA:6,formatCents
FNDA:6,formatMultiplier
FNDA:5,formatRate
FNDA:6,truncate
FNDA:10,initials
FNDA:13,(anonymous_7)
DA:2,60
DA:3,60
DA:4,60
DA:10,25
DA:11,25
DA:15,6
DA:16,6
DA:20,6
DA:21,3
DA:25,5
DA:26,2
DA:30,6
DA:31,4
DA:35,10
DA:36,7
DA:40,13
LF:16
LH:16
BRDA:2,0,0,60
BRDA:2,0,1,3
BRDA:3,1,0,22
BRDA:3,1,1,38
BRDA:10,2,0,25
BRDA:10,2,1,3
BRDA:15,3,0,6
BRDA:15,3,1,3
BRDA:20,4,0,3
BRDA:20,4,1,3
BRDA:20,5,0,6
BRDA:20,5,1,5
BRDA:20,5,2,4
BRDA:25,6,0,3
BRDA:25,6,1,2
BRDA:25,7,0,5
BRDA:25,7,1,4
BRDA:25,7,2,3
BRDA:29,8,0,5
BRDA:30,9,0,2
BRDA:30,9,1,4
BRDA:31,10,0,3
BRDA:31,10,1,1
BRDA:35,11,0,3
BRDA:35,11,1,7
BRF:25
BRH:25
end_of_record
TN:
SF:src/utils/theme.js
FN:9,hexToRgb
FN:17,applyBrandTheme
FN:28,resetBrandTheme
FNF:3
FNH:0
FNDA:0,hexToRgb
FNDA:0,applyBrandTheme
FNDA:0,resetBrandTheme
DA:5,4
DA:10,0
DA:11,0
DA:12,0
DA:13,0
DA:14,0
DA:18,0
DA:19,0
DA:20,0
DA:21,0
DA:22,0
DA:23,0
DA:24,0
DA:25,0
DA:29,0
LF:15
LH:1
BRDA:18,0,0,0
BRDA:18,0,1,0
BRDA:18,1,0,0
BRDA:18,1,1,0
BRF:4
BRH:0
end_of_record
TN:
SF:src/views/CampaignEditorView.jsx
FN:8,CampaignEditorView
FN:12,(anonymous_1)
FNF:2
FNH:0
FNDA:0,CampaignEditorView
FNDA:0,(anonymous_1)
DA:9,0
DA:10,0
DA:12,0
DA:13,0
DA:18,0
LF:5
LH:0
BRF:0
BRH:0
end_of_record
TN:
SF:src/views/GlobalSettingsView.jsx
FN:33,ConfigurationRow
FN:39,(anonymous_1)
FN:47,(anonymous_2)
FN:73,(anonymous_3)
FN:94,GlobalSettingsView
FN:97,(anonymous_5)
FN:119,(anonymous_6)
FN:123,(anonymous_7)
FNF:8
FNH:0
FNDA:0,ConfigurationRow
FNDA:0,(anonymous_1)
FNDA:0,(anonymous_2)
FNDA:0,(anonymous_3)
FNDA:0,GlobalSettingsView
FNDA:0,(anonymous_5)
FNDA:0,(anonymous_6)
FNDA:0,(anonymous_7)
DA:15,0
DA:34,0
DA:35,0
DA:36,0
DA:37,0
DA:39,0
DA:40,0
DA:41,0
DA:42,0
DA:47,0
DA:48,0
DA:49,0
DA:50,0
DA:51,0
DA:52,0
DA:54,0
DA:55,0
DA:56,0
DA:62,0
DA:73,0
DA:85,0
DA:95,0
DA:97,0
DA:98,0
DA:103,0
DA:120,0
DA:123,0
LF:27
LH:0
BRDA:34,0,0,0
BRDA:34,0,1,0
BRDA:50,1,0,0
BRDA:50,1,1,0
BRDA:50,2,0,0
BRDA:50,2,1,0
BRDA:75,3,0,0
BRDA:75,3,1,0
BRDA:114,4,0,0
BRDA:114,4,1,0
BRDA:114,5,0,0
BRDA:114,5,1,0
BRF:12
BRH:0
end_of_record
TN:
SF:src/views/InstitutionManagerView.jsx
FN:16,InstitutionManagerView
FN:27,(anonymous_1)
FN:37,(anonymous_2)
FN:41,(anonymous_3)
FN:43,(anonymous_4)
FN:43,(anonymous_5)
FN:47,(anonymous_6)
FN:49,(anonymous_7)
FN:49,(anonymous_8)
FN:53,(anonymous_9)
FN:55,(anonymous_10)
FN:55,(anonymous_11)
FN:59,(anonymous_12)
FN:64,(anonymous_13)
FN:65,(anonymous_14)
FN:83,(anonymous_15)
FN:100,(anonymous_16)
FN:103,(anonymous_17)
FN:109,(anonymous_18)
FN:115,(anonymous_19)
FNF:20
FNH:0
FNDA:0,InstitutionManagerView
FNDA:0,(anonymous_1)
FNDA:0,(anonymous_2)
FNDA:0,(anonymous_3)
FNDA:0,(anonymous_4)
FNDA:0,(anonymous_5)
FNDA:0,(anonymous_6)
FNDA:0,(anonymous_7)
FNDA:0,(anonymous_8)
FNDA:0,(anonymous_9)
FNDA:0,(anonymous_10)
FNDA:0,(anonymous_11)
FNDA:0,(anonymous_12)
FNDA:0,(anonymous_13)
FNDA:0,(anonymous_14)
FNDA:0,(anonymous_15)
FNDA:0,(anonymous_16)
FNDA:0,(anonymous_17)
FNDA:0,(anonymous_18)
FNDA:0,(anonymous_19)
DA:17,0
DA:18,0
DA:19,0
DA:20,0
DA:21,0
DA:22,0
DA:23,0
DA:24,0
DA:25,0
DA:27,0
DA:28,0
DA:29,0
DA:30,0
DA:31,0
DA:33,0
DA:37,0
DA:38,0
DA:41,0
DA:42,0
DA:43,0
DA:44,0
DA:47,0
DA:48,0
DA:49,0
DA:50,0
DA:53,0
DA:54,0
DA:55,0
DA:56,0
DA:59,0
DA:60,0
DA:61,0
DA:62,0
DA:63,0
DA:64,0
DA:65,0
DA:68,0
DA:70,0
DA:74,0
DA:83,0
DA:100,0
DA:103,0
DA:109,0
DA:115,0
LF:44
LH:0
BRDA:49,0,0,0
BRDA:49,0,1,0
BRDA:55,1,0,0
BRDA:55,1,1,0
BRDA:65,2,0,0
BRDA:65,2,1,0
BRDA:68,3,0,0
BRDA:68,3,1,0
BRDA:81,4,0,0
BRDA:81,4,1,0
BRF:10
BRH:0
end_of_record
TN:
SF:src/views/LiveTransactionsView.jsx
FN:8,LiveTransactionsView
FN:12,(anonymous_1)
FNF:2
FNH:0
FNDA:0,LiveTransactionsView
FNDA:0,(anonymous_1)
DA:10,0
DA:12,0
DA:13,0
DA:14,0
DA:19,0
LF:5
LH:0
BRF:0
BRH:0
end_of_record
TN:
SF:src/views/LoginView.jsx
FN:10,LoginView
FN:25,(anonymous_1)
FN:63,(anonymous_2)
FN:75,(anonymous_3)
FNF:4
FNH:4
FNDA:183,LoginView
FNDA:3,(anonymous_1)
FNDA:104,(anonymous_2)
FNDA:55,(anonymous_3)
DA:11,183
DA:12,183
DA:13,183
DA:15,183
DA:16,182
DA:17,182
DA:21,182
DA:22,2
DA:25,180
DA:26,3
DA:27,3
DA:28,3
DA:31,3
DA:32,3
DA:33,3
DA:39,180
DA:64,104
DA:65,104
DA:76,55
DA:77,55
LF:20
LH:20
BRDA:21,0,0,2
BRDA:21,0,1,180
BRDA:31,1,0,1
BRDA:31,1,1,2
BRDA:32,2,0,3
BRDA:32,2,1,3
BRDA:50,3,0,180
BRDA:50,3,1,30
BRDA:65,4,0,16
BRDA:65,4,1,88
BRDA:77,5,0,11
BRDA:77,5,1,44
BRDA:81,6,0,180
BRDA:81,6,1,1
BRF:14
BRH:14
end_of_record
TN:
SF:src/views/PartnerManagerView.jsx
FN:12,PartnerManagerView
FN:20,(anonymous_1)
FN:34,(anonymous_2)
FN:50,(anonymous_3)
FN:57,(anonymous_4)
FN:63,(anonymous_5)
FNF:6
FNH:2
FNDA:15,PartnerManagerView
FNDA:15,(anonymous_1)
FNDA:0,(anonymous_2)
FNDA:0,(anonymous_3)
FNDA:0,(anonymous_4)
FNDA:0,(anonymous_5)
DA:14,15
DA:15,15
DA:16,15
DA:17,15
DA:18,15
DA:20,15
DA:21,15
DA:26,15
DA:34,0
DA:50,0
DA:57,0
DA:63,0
LF:12
LH:8
BRDA:33,0,0,14
BRDA:33,0,1,1
BRF:2
BRH:2
end_of_record
TN:
SF:src/views/PointsExchangeView.jsx
FN:11,PointsExchangeView
FN:25,(anonymous_1)
FN:39,(anonymous_2)
FN:59,(anonymous_3)
FN:65,(anonymous_4)
FNF:5
FNH:0
FNDA:0,PointsExchangeView
FNDA:0,(anonymous_1)
FNDA:0,(anonymous_2)
FNDA:0,(anonymous_3)
FNDA:0,(anonymous_4)
DA:21,0
DA:22,0
DA:23,0
DA:25,0
DA:26,0
DA:27,0
DA:32,0
DA:39,0
DA:59,0
DA:65,0
LF:10
LH:0
BRF:0
BRH:0
end_of_record
TN:
SF:src/views/ProfileManagerView.jsx
FN:11,ProfileManagerView
FN:17,(anonymous_1)
FN:33,(anonymous_2)
FN:48,(anonymous_3)
FN:55,(anonymous_4)
FNF:5
FNH:5
FNDA:31,ProfileManagerView
FNDA:19,(anonymous_1)
FNDA:2,(anonymous_2)
FNDA:1,(anonymous_3)
FNDA:3,(anonymous_4)
DA:12,31
DA:13,31
DA:14,31
DA:15,30
DA:17,30
DA:18,19
DA:22,19
DA:26,30
DA:33,2
DA:48,1
DA:55,3
LF:11
LH:11
BRF:0
BRH:0
end_of_record
TN:
SF:src/views/WalletDetailView.jsx
FN:19,ChangeTierControl
FN:25,(anonymous_1)
FN:33,(anonymous_2)
FN:35,(anonymous_3)
FN:49,(anonymous_4)
FN:53,(anonymous_5)
FN:75,monthName
FN:81,WalletDetailView
FN:94,(anonymous_8)
FN:104,(anonymous_9)
FN:109,(anonymous_10)
FN:113,(anonymous_11)
FN:120,(anonymous_12)
FN:122,(anonymous_13)
FN:131,(anonymous_14)
FN:142,(anonymous_15)
FNF:16
FNH:0
FNDA:0,ChangeTierControl
FNDA:0,(anonymous_1)
FNDA:0,(anonymous_2)
FNDA:0,(anonymous_3)
FNDA:0,(anonymous_4)
FNDA:0,(anonymous_5)
FNDA:0,monthName
FNDA:0,WalletDetailView
FNDA:0,(anonymous_8)
FNDA:0,(anonymous_9)
FNDA:0,(anonymous_10)
FNDA:0,(anonymous_11)
FNDA:0,(anonymous_12)
FNDA:0,(anonymous_13)
FNDA:0,(anonymous_14)
FNDA:0,(anonymous_15)
DA:16,0
DA:20,0
DA:21,0
DA:22,0
DA:23,0
DA:25,0
DA:26,0
DA:27,0
DA:33,0
DA:35,0
DA:36,0
DA:37,0
DA:38,0
DA:39,0
DA:40,0
DA:43,0
DA:45,0
DA:49,0
DA:54,0
DA:72,0
DA:76,0
DA:77,0
DA:78,0
DA:82,0
DA:83,0
DA:85,0
DA:86,0
DA:87,0
DA:89,0
DA:91,0
DA:92,0
DA:94,0
DA:95,0
DA:96,0
DA:97,0
DA:98,0
DA:100,0
DA:104,0
DA:105,0
DA:106,0
DA:109,0
DA:110,0
DA:111,0
DA:112,0
DA:113,0
DA:114,0
DA:115,0
DA:116,0
DA:117,0
DA:120,0
DA:121,0
DA:124,0
DA:125,0
DA:127,0
DA:130,0
DA:131,0
DA:132,0
DA:137,0
DA:139,0
DA:142,0
LF:60
LH:0
BRDA:26,0,0,0
BRDA:26,0,1,0
BRDA:36,1,0,0
BRDA:36,1,1,0
BRDA:43,2,0,0
BRDA:43,2,1,0
BRDA:67,3,0,0
BRDA:67,3,1,0
BRDA:94,4,0,0
BRDA:116,5,0,0
BRDA:116,5,1,0
BRDA:121,6,0,0
BRDA:121,6,1,0
BRDA:124,7,0,0
BRDA:124,7,1,0
BRDA:125,8,0,0
BRDA:125,8,1,0
BRDA:127,9,0,0
BRDA:127,9,1,0
BRDA:137,10,0,0
BRDA:137,10,1,0
BRDA:137,11,0,0
BRDA:137,11,1,0
BRDA:146,12,0,0
BRDA:146,12,1,0
BRDA:148,13,0,0
BRDA:148,13,1,0
BRDA:148,13,2,0
BRDA:150,14,0,0
BRDA:150,14,1,0
BRDA:150,14,2,0
BRDA:150,14,3,0
BRDA:169,15,0,0
BRDA:169,15,1,0
BRDA:169,15,2,0
BRDA:169,15,3,0
BRDA:169,15,4,0
BRDA:169,15,5,0
BRDA:192,16,0,0
BRDA:192,16,1,0
BRDA:192,16,2,0
BRF:41
BRH:0
end_of_record
TN:
SF:src/views/WalletsListView.jsx
FN:14,WalletsListView
FN:19,(anonymous_1)
FN:25,(anonymous_2)
FN:27,(anonymous_3)
FN:34,(anonymous_4)
FNF:5
FNH:5
FNDA:30,WalletsListView
FNDA:29,(anonymous_1)
FNDA:9,(anonymous_2)
FNDA:5,(anonymous_3)
FNDA:2,(anonymous_4)
DA:8,1
DA:15,30
DA:16,30
DA:17,29
DA:19,29
DA:20,29
DA:25,29
DA:26,9
DA:27,5
DA:29,4
DA:30,4
DA:34,29
DA:35,2
DA:38,29
LF:14
LH:14
BRDA:26,0,0,5
BRDA:26,0,1,4
BRDA:27,1,0,4
BRDA:27,1,1,1
BRF:4
BRH:4
end_of_record
